[7.900s] DEBUG:colcon:Command line arguments: ['/usr/bin/colcon', 'build', '--packages-select', 'hello']
[7.900s] DEBUG:colcon:Parsed command line arguments: Namespace(log_base=None, log_level=None, verb_name='build', build_base='build', install_base='install', merge_install=False, symlink_install=False, test_result_base=None, continue_on_error=False, executor='parallel', parallel_workers=4, event_handlers=None, ignore_user_meta=False, metas=['./colcon.meta'], base_paths=['.'], packages_ignore=None, packages_ignore_regex=None, paths=None, packages_up_to=None, packages_up_to_regex=None, packages_above=None, packages_above_and_dependencies=None, packages_above_depth=None, packages_select_by_dep=None, packages_skip_by_dep=None, packages_skip_up_to=None, packages_select_build_failed=False, packages_skip_build_finished=False, packages_select_test_failures=False, packages_skip_test_passed=False, packages_select=['hello'], packages_skip=None, packages_select_regex=None, packages_skip_regex=None, packages_start=None, packages_end=None, allow_overriding=[], cmake_args=None, cmake_target=None, cmake_target_skip_unavailable=False, cmake_clean_cache=False, cmake_clean_first=False, cmake_force_configure=False, ament_cmake_args=None, catkin_cmake_args=None, catkin_skip_building_tests=False, verb_parser=<colcon_defaults.argument_parser.defaults.DefaultArgumentsDecorator object at 0xffffb824c130>, verb_extension=<colcon_core.verb.build.BuildVerb object at 0xffffb824f1c0>, main=<bound method BuildVerb.main of <colcon_core.verb.build.BuildVerb object at 0xffffb824f1c0>>)
[8.327s] Level 1:colcon.colcon_core.package_discovery:discover_packages(colcon_meta) check parameters
[8.328s] Level 1:colcon.colcon_core.package_discovery:discover_packages(recursive) check parameters
[8.328s] Level 1:colcon.colcon_core.package_discovery:discover_packages(ignore) check parameters
[8.329s] Level 1:colcon.colcon_core.package_discovery:discover_packages(path) check parameters
[8.329s] Level 1:colcon.colcon_core.package_discovery:discover_packages(colcon_meta) discover
[8.329s] Level 1:colcon.colcon_core.package_discovery:discover_packages(recursive) discover
[8.330s] INFO:colcon.colcon_core.package_discovery:Crawling recursively for packages in '/home/ubuntu/ros2_ws/src'
[8.331s] Level 1:colcon.colcon_core.package_identification:_identify(.) by extensions ['ignore', 'ignore_ament_install']
[8.331s] Level 1:colcon.colcon_core.package_identification:_identify(.) by extension 'ignore'
[8.332s] Level 1:colcon.colcon_core.package_identification:_identify(.) by extension 'ignore_ament_install'
[8.333s] Level 1:colcon.colcon_core.package_identification:_identify(.) by extensions ['colcon_pkg']
[8.333s] Level 1:colcon.colcon_core.package_identification:_identify(.) by extension 'colcon_pkg'
[8.334s] Level 1:colcon.colcon_core.package_identification:_identify(.) by extensions ['colcon_meta']
[8.334s] Level 1:colcon.colcon_core.package_identification:_identify(.) by extension 'colcon_meta'
[8.334s] Level 1:colcon.colcon_core.package_identification:_identify(.) by extensions ['ros']
[8.335s] Level 1:colcon.colcon_core.package_identification:_identify(.) by extension 'ros'
[8.403s] Level 1:colcon.colcon_core.package_identification:_identify(.) by extensions ['cmake', 'python']
[8.404s] Level 1:colcon.colcon_core.package_identification:_identify(.) by extension 'cmake'
[8.404s] Level 1:colcon.colcon_core.package_identification:_identify(.) by extension 'python'
[8.405s] Level 1:colcon.colcon_core.package_identification:_identify(.) by extensions ['python_setup_py']
[8.405s] Level 1:colcon.colcon_core.package_identification:_identify(.) by extension 'python_setup_py'
[8.407s] Level 1:colcon.colcon_core.package_identification:_identify(build) by extensions ['ignore', 'ignore_ament_install']
[8.407s] Level 1:colcon.colcon_core.package_identification:_identify(build) by extension 'ignore'
[8.408s] Level 1:colcon.colcon_core.package_identification:_identify(build) ignored
[8.410s] Level 1:colcon.colcon_core.package_identification:_identify(hello) by extensions ['ignore', 'ignore_ament_install']
[8.411s] Level 1:colcon.colcon_core.package_identification:_identify(hello) by extension 'ignore'
[8.413s] Level 1:colcon.colcon_core.package_identification:_identify(hello) by extension 'ignore_ament_install'
[8.414s] Level 1:colcon.colcon_core.package_identification:_identify(hello) by extensions ['colcon_pkg']
[8.415s] Level 1:colcon.colcon_core.package_identification:_identify(hello) by extension 'colcon_pkg'
[8.416s] Level 1:colcon.colcon_core.package_identification:_identify(hello) by extensions ['colcon_meta']
[8.417s] Level 1:colcon.colcon_core.package_identification:_identify(hello) by extension 'colcon_meta'
[8.418s] Level 1:colcon.colcon_core.package_identification:_identify(hello) by extensions ['ros']
[8.419s] Level 1:colcon.colcon_core.package_identification:_identify(hello) by extension 'ros'
[8.434s] DEBUG:colcon.colcon_core.package_identification:Package 'hello' with type 'ros.ament_python' and name 'hello'
[8.436s] Level 1:colcon.colcon_core.package_identification:_identify(install) by extensions ['ignore', 'ignore_ament_install']
[8.437s] Level 1:colcon.colcon_core.package_identification:_identify(install) by extension 'ignore'
[8.438s] Level 1:colcon.colcon_core.package_identification:_identify(install) ignored
[8.440s] Level 1:colcon.colcon_core.package_identification:_identify(log) by extensions ['ignore', 'ignore_ament_install']
[8.441s] Level 1:colcon.colcon_core.package_identification:_identify(log) by extension 'ignore'
[8.442s] Level 1:colcon.colcon_core.package_identification:_identify(log) ignored
[8.443s] Level 1:colcon.colcon_core.package_identification:_identify(mr_exp_samples) by extensions ['ignore', 'ignore_ament_install']
[8.445s] Level 1:colcon.colcon_core.package_identification:_identify(mr_exp_samples) by extension 'ignore'
[8.446s] Level 1:colcon.colcon_core.package_identification:_identify(mr_exp_samples) by extension 'ignore_ament_install'
[8.447s] Level 1:colcon.colcon_core.package_identification:_identify(mr_exp_samples) by extensions ['colcon_pkg']
[8.448s] Level 1:colcon.colcon_core.package_identification:_identify(mr_exp_samples) by extension 'colcon_pkg'
[8.449s] Level 1:colcon.colcon_core.package_identification:_identify(mr_exp_samples) by extensions ['colcon_meta']
[8.450s] Level 1:colcon.colcon_core.package_identification:_identify(mr_exp_samples) by extension 'colcon_meta'
[8.451s] Level 1:colcon.colcon_core.package_identification:_identify(mr_exp_samples) by extensions ['ros']
[8.452s] Level 1:colcon.colcon_core.package_identification:_identify(mr_exp_samples) by extension 'ros'
[8.455s] DEBUG:colcon.colcon_core.package_identification:Package 'mr_exp_samples' with type 'ros.ament_python' and name 'mr_exp_samples'
[8.456s] Level 1:colcon.colcon_core.package_identification:_identify(raspimouse2) by extensions ['ignore', 'ignore_ament_install']
[8.458s] Level 1:colcon.colcon_core.package_identification:_identify(raspimouse2) by extension 'ignore'
[8.459s] Level 1:colcon.colcon_core.package_identification:_identify(raspimouse2) by extension 'ignore_ament_install'
[8.460s] Level 1:colcon.colcon_core.package_identification:_identify(raspimouse2) by extensions ['colcon_pkg']
[8.461s] Level 1:colcon.colcon_core.package_identification:_identify(raspimouse2) by extension 'colcon_pkg'
[8.463s] Level 1:colcon.colcon_core.package_identification:_identify(raspimouse2) by extensions ['colcon_meta']
[8.463s] Level 1:colcon.colcon_core.package_identification:_identify(raspimouse2) by extension 'colcon_meta'
[8.463s] Level 1:colcon.colcon_core.package_identification:_identify(raspimouse2) by extensions ['ros']
[8.464s] Level 1:colcon.colcon_core.package_identification:_identify(raspimouse2) by extension 'ros'
[8.465s] Level 1:colcon.colcon_core.package_identification:_identify(raspimouse2) by extensions ['cmake', 'python']
[8.465s] Level 1:colcon.colcon_core.package_identification:_identify(raspimouse2) by extension 'cmake'
[8.465s] Level 1:colcon.colcon_core.package_identification:_identify(raspimouse2) by extension 'python'
[8.466s] Level 1:colcon.colcon_core.package_identification:_identify(raspimouse2) by extensions ['python_setup_py']
[8.467s] Level 1:colcon.colcon_core.package_identification:_identify(raspimouse2) by extension 'python_setup_py'
[8.468s] Level 1:colcon.colcon_core.package_identification:_identify(raspimouse2/raspimouse) by extensions ['ignore', 'ignore_ament_install']
[8.469s] Level 1:colcon.colcon_core.package_identification:_identify(raspimouse2/raspimouse) by extension 'ignore'
[8.470s] Level 1:colcon.colcon_core.package_identification:_identify(raspimouse2/raspimouse) by extension 'ignore_ament_install'
[8.470s] Level 1:colcon.colcon_core.package_identification:_identify(raspimouse2/raspimouse) by extensions ['colcon_pkg']
[8.471s] Level 1:colcon.colcon_core.package_identification:_identify(raspimouse2/raspimouse) by extension 'colcon_pkg'
[8.471s] Level 1:colcon.colcon_core.package_identification:_identify(raspimouse2/raspimouse) by extensions ['colcon_meta']
[8.471s] Level 1:colcon.colcon_core.package_identification:_identify(raspimouse2/raspimouse) by extension 'colcon_meta'
[8.472s] Level 1:colcon.colcon_core.package_identification:_identify(raspimouse2/raspimouse) by extensions ['ros']
[8.472s] Level 1:colcon.colcon_core.package_identification:_identify(raspimouse2/raspimouse) by extension 'ros'
[8.477s] DEBUG:colcon.colcon_core.package_identification:Package 'raspimouse2/raspimouse' with type 'ros.ament_cmake' and name 'raspimouse'
[8.478s] Level 1:colcon.colcon_core.package_identification:_identify(raspimouse2/raspimouse_msgs) by extensions ['ignore', 'ignore_ament_install']
[8.479s] Level 1:colcon.colcon_core.package_identification:_identify(raspimouse2/raspimouse_msgs) by extension 'ignore'
[8.479s] Level 1:colcon.colcon_core.package_identification:_identify(raspimouse2/raspimouse_msgs) by extension 'ignore_ament_install'
[8.480s] Level 1:colcon.colcon_core.package_identification:_identify(raspimouse2/raspimouse_msgs) by extensions ['colcon_pkg']
[8.480s] Level 1:colcon.colcon_core.package_identification:_identify(raspimouse2/raspimouse_msgs) by extension 'colcon_pkg'
[8.481s] Level 1:colcon.colcon_core.package_identification:_identify(raspimouse2/raspimouse_msgs) by extensions ['colcon_meta']
[8.482s] Level 1:colcon.colcon_core.package_identification:_identify(raspimouse2/raspimouse_msgs) by extension 'colcon_meta'
[8.483s] Level 1:colcon.colcon_core.package_identification:_identify(raspimouse2/raspimouse_msgs) by extensions ['ros']
[8.483s] Level 1:colcon.colcon_core.package_identification:_identify(raspimouse2/raspimouse_msgs) by extension 'ros'
[8.487s] DEBUG:colcon.colcon_core.package_identification:Package 'raspimouse2/raspimouse_msgs' with type 'ros.ament_cmake' and name 'raspimouse_msgs'
[8.488s] Level 1:colcon.colcon_core.package_identification:_identify(raspimouse_ros2_examples) by extensions ['ignore', 'ignore_ament_install']
[8.489s] Level 1:colcon.colcon_core.package_identification:_identify(raspimouse_ros2_examples) by extension 'ignore'
[8.490s] Level 1:colcon.colcon_core.package_identification:_identify(raspimouse_ros2_examples) by extension 'ignore_ament_install'
[8.491s] Level 1:colcon.colcon_core.package_identification:_identify(raspimouse_ros2_examples) by extensions ['colcon_pkg']
[8.492s] Level 1:colcon.colcon_core.package_identification:_identify(raspimouse_ros2_examples) by extension 'colcon_pkg'
[8.492s] Level 1:colcon.colcon_core.package_identification:_identify(raspimouse_ros2_examples) by extensions ['colcon_meta']
[8.493s] Level 1:colcon.colcon_core.package_identification:_identify(raspimouse_ros2_examples) by extension 'colcon_meta'
[8.493s] Level 1:colcon.colcon_core.package_identification:_identify(raspimouse_ros2_examples) by extensions ['ros']
[8.493s] Level 1:colcon.colcon_core.package_identification:_identify(raspimouse_ros2_examples) by extension 'ros'
[8.504s] DEBUG:colcon.colcon_core.package_identification:Package 'raspimouse_ros2_examples' with type 'ros.ament_cmake' and name 'raspimouse_ros2_examples'
[8.505s] Level 1:colcon.colcon_core.package_identification:_identify(text_to_speech) by extensions ['ignore', 'ignore_ament_install']
[8.506s] Level 1:colcon.colcon_core.package_identification:_identify(text_to_speech) by extension 'ignore'
[8.506s] Level 1:colcon.colcon_core.package_identification:_identify(text_to_speech) by extension 'ignore_ament_install'
[8.507s] Level 1:colcon.colcon_core.package_identification:_identify(text_to_speech) by extensions ['colcon_pkg']
[8.507s] Level 1:colcon.colcon_core.package_identification:_identify(text_to_speech) by extension 'colcon_pkg'
[8.508s] Level 1:colcon.colcon_core.package_identification:_identify(text_to_speech) by extensions ['colcon_meta']
[8.508s] Level 1:colcon.colcon_core.package_identification:_identify(text_to_speech) by extension 'colcon_meta'
[8.509s] Level 1:colcon.colcon_core.package_identification:_identify(text_to_speech) by extensions ['ros']
[8.509s] Level 1:colcon.colcon_core.package_identification:_identify(text_to_speech) by extension 'ros'
[8.510s] Level 1:colcon.colcon_core.package_identification:_identify(text_to_speech) by extensions ['cmake', 'python']
[8.510s] Level 1:colcon.colcon_core.package_identification:_identify(text_to_speech) by extension 'cmake'
[8.511s] Level 1:colcon.colcon_core.package_identification:_identify(text_to_speech) by extension 'python'
[8.511s] Level 1:colcon.colcon_core.package_identification:_identify(text_to_speech) by extensions ['python_setup_py']
[8.512s] Level 1:colcon.colcon_core.package_identification:_identify(text_to_speech) by extension 'python_setup_py'
[8.513s] Level 1:colcon.colcon_core.package_identification:_identify(text_to_speech/text_to_speech) by extensions ['ignore', 'ignore_ament_install']
[8.514s] Level 1:colcon.colcon_core.package_identification:_identify(text_to_speech/text_to_speech) by extension 'ignore'
[8.514s] Level 1:colcon.colcon_core.package_identification:_identify(text_to_speech/text_to_speech) by extension 'ignore_ament_install'
[8.515s] Level 1:colcon.colcon_core.package_identification:_identify(text_to_speech/text_to_speech) by extensions ['colcon_pkg']
[8.515s] Level 1:colcon.colcon_core.package_identification:_identify(text_to_speech/text_to_speech) by extension 'colcon_pkg'
[8.516s] Level 1:colcon.colcon_core.package_identification:_identify(text_to_speech/text_to_speech) by extensions ['colcon_meta']
[8.516s] Level 1:colcon.colcon_core.package_identification:_identify(text_to_speech/text_to_speech) by extension 'colcon_meta'
[8.516s] Level 1:colcon.colcon_core.package_identification:_identify(text_to_speech/text_to_speech) by extensions ['ros']
[8.517s] Level 1:colcon.colcon_core.package_identification:_identify(text_to_speech/text_to_speech) by extension 'ros'
[8.519s] DEBUG:colcon.colcon_core.package_identification:Package 'text_to_speech/text_to_speech' with type 'ros.ament_python' and name 'text_to_speech'
[8.520s] Level 1:colcon.colcon_core.package_identification:_identify(text_to_speech/text_to_speech_msgs) by extensions ['ignore', 'ignore_ament_install']
[8.521s] Level 1:colcon.colcon_core.package_identification:_identify(text_to_speech/text_to_speech_msgs) by extension 'ignore'
[8.522s] Level 1:colcon.colcon_core.package_identification:_identify(text_to_speech/text_to_speech_msgs) by extension 'ignore_ament_install'
[8.522s] Level 1:colcon.colcon_core.package_identification:_identify(text_to_speech/text_to_speech_msgs) by extensions ['colcon_pkg']
[8.523s] Level 1:colcon.colcon_core.package_identification:_identify(text_to_speech/text_to_speech_msgs) by extension 'colcon_pkg'
[8.523s] Level 1:colcon.colcon_core.package_identification:_identify(text_to_speech/text_to_speech_msgs) by extensions ['colcon_meta']
[8.523s] Level 1:colcon.colcon_core.package_identification:_identify(text_to_speech/text_to_speech_msgs) by extension 'colcon_meta'
[8.524s] Level 1:colcon.colcon_core.package_identification:_identify(text_to_speech/text_to_speech_msgs) by extensions ['ros']
[8.524s] Level 1:colcon.colcon_core.package_identification:_identify(text_to_speech/text_to_speech_msgs) by extension 'ros'
[8.527s] DEBUG:colcon.colcon_core.package_identification:Package 'text_to_speech/text_to_speech_msgs' with type 'ros.ament_cmake' and name 'text_to_speech_msgs'
[8.528s] Level 1:colcon.colcon_core.package_discovery:discover_packages(recursive) using defaults
[8.528s] Level 1:colcon.colcon_core.package_discovery:discover_packages(ignore) discover
[8.529s] Level 1:colcon.colcon_core.package_discovery:discover_packages(ignore) using defaults
[8.529s] Level 1:colcon.colcon_core.package_discovery:discover_packages(path) discover
[8.529s] Level 1:colcon.colcon_core.package_discovery:discover_packages(path) using defaults
[9.185s] INFO:colcon.colcon_core.package_selection:Skipping not selected package 'mr_exp_samples' in 'mr_exp_samples'
[9.186s] INFO:colcon.colcon_core.package_selection:Skipping not selected package 'raspimouse_msgs' in 'raspimouse2/raspimouse_msgs'
[9.186s] INFO:colcon.colcon_core.package_selection:Skipping not selected package 'text_to_speech' in 'text_to_speech/text_to_speech'
[9.187s] INFO:colcon.colcon_core.package_selection:Skipping not selected package 'text_to_speech_msgs' in 'text_to_speech/text_to_speech_msgs'
[9.187s] INFO:colcon.colcon_core.package_selection:Skipping not selected package 'raspimouse' in 'raspimouse2/raspimouse'
[9.187s] INFO:colcon.colcon_core.package_selection:Skipping not selected package 'raspimouse_ros2_examples' in 'raspimouse_ros2_examples'
[9.575s] Level 1:colcon.colcon_core.package_discovery:discover_packages(prefix_path) check parameters
[9.576s] Level 1:colcon.colcon_core.package_discovery:discover_packages(prefix_path) discover
[9.938s] DEBUG:colcon.colcon_installed_package_information.package_discovery:Found 6 installed packages in /home/ubuntu/ros2_ws/install
[10.154s] DEBUG:colcon.colcon_installed_package_information.package_discovery:Found 287 installed packages in /opt/ros/humble
[10.167s] Level 1:colcon.colcon_core.package_discovery:discover_packages(prefix_path) using defaults
[11.050s] Level 5:colcon.colcon_core.verb:set package 'hello' build argument 'cmake_args' from command line to 'None'
[11.050s] Level 5:colcon.colcon_core.verb:set package 'hello' build argument 'cmake_target' from command line to 'None'
[11.050s] Level 5:colcon.colcon_core.verb:set package 'hello' build argument 'cmake_target_skip_unavailable' from command line to 'False'
[11.050s] Level 5:colcon.colcon_core.verb:set package 'hello' build argument 'cmake_clean_cache' from command line to 'False'
[11.051s] Level 5:colcon.colcon_core.verb:set package 'hello' build argument 'cmake_clean_first' from command line to 'False'
[11.051s] Level 5:colcon.colcon_core.verb:set package 'hello' build argument 'cmake_force_configure' from command line to 'False'
[11.052s] Level 5:colcon.colcon_core.verb:set package 'hello' build argument 'ament_cmake_args' from command line to 'None'
[11.053s] Level 5:colcon.colcon_core.verb:set package 'hello' build argument 'catkin_cmake_args' from command line to 'None'
[11.054s] Level 5:colcon.colcon_core.verb:set package 'hello' build argument 'catkin_skip_building_tests' from command line to 'False'
[11.055s] DEBUG:colcon.colcon_core.verb:Building package 'hello' with the following arguments: {'ament_cmake_args': None, 'build_base': '/home/ubuntu/ros2_ws/src/build/hello', 'catkin_cmake_args': None, 'catkin_skip_building_tests': False, 'cmake_args': None, 'cmake_clean_cache': False, 'cmake_clean_first': False, 'cmake_force_configure': False, 'cmake_target': None, 'cmake_target_skip_unavailable': False, 'install_base': '/home/ubuntu/ros2_ws/src/install/hello', 'merge_install': False, 'path': '/home/ubuntu/ros2_ws/src/hello', 'symlink_install': False, 'test_result_base': None}
[11.275s] INFO:colcon.colcon_core.executor:Executing jobs using 'parallel' executor
[11.409s] DEBUG:colcon.colcon_parallel_executor.executor.parallel:run_until_complete
[11.411s] INFO:colcon.colcon_ros.task.ament_python.build:Building ROS package in '/home/ubuntu/ros2_ws/src/hello' with build type 'ament_python'
[11.412s] Level 1:colcon.colcon_core.shell:create_environment_hook('hello', 'ament_prefix_path')
[11.620s] INFO:colcon.colcon_core.plugin_system:Skipping extension 'colcon_core.shell.bat': Not used on non-Windows systems
[11.623s] INFO:colcon.colcon_core.shell:Creating environment hook '/home/ubuntu/ros2_ws/src/install/hello/share/hello/hook/ament_prefix_path.ps1'
[11.630s] INFO:colcon.colcon_core.shell:Creating environment descriptor '/home/ubuntu/ros2_ws/src/install/hello/share/hello/hook/ament_prefix_path.dsv'
[11.639s] INFO:colcon.colcon_core.shell:Creating environment hook '/home/ubuntu/ros2_ws/src/install/hello/share/hello/hook/ament_prefix_path.sh'
[11.890s] INFO:colcon.colcon_core.shell:Skip shell extension 'powershell' for command environment: Not usable outside of PowerShell
[11.891s] DEBUG:colcon.colcon_core.shell:Skip shell extension 'dsv' for command environment
[16.276s] INFO:colcon.colcon_core.task.python.build:Building Python package in '/home/ubuntu/ros2_ws/src/hello'
[16.582s] INFO:colcon.colcon_core.shell:Skip shell extension 'powershell' for command environment: Not usable outside of PowerShell
[16.583s] DEBUG:colcon.colcon_core.shell:Skip shell extension 'dsv' for command environment
[21.542s] DEBUG:colcon.colcon_core.event_handler.log_command:Invoking command in '/home/ubuntu/ros2_ws/src/hello': PYTHONPATH=/home/ubuntu/ros2_ws/src/build/hello/prefix_override:/home/ubuntu/ros2_ws/src/install/hello/lib/python3.10/site-packages:${PYTHONPATH} /usr/bin/python3 setup.py egg_info --egg-base ../build/hello build --build-base /home/ubuntu/ros2_ws/src/build/hello/build install --record /home/ubuntu/ros2_ws/src/build/hello/install.log --single-version-externally-managed
[25.384s] DEBUG:colcon.colcon_core.event_handler.log_command:Invoked command in '/home/ubuntu/ros2_ws/src/hello' returned '0': PYTHONPATH=/home/ubuntu/ros2_ws/src/build/hello/prefix_override:/home/ubuntu/ros2_ws/src/install/hello/lib/python3.10/site-packages:${PYTHONPATH} /usr/bin/python3 setup.py egg_info --egg-base ../build/hello build --build-base /home/ubuntu/ros2_ws/src/build/hello/build install --record /home/ubuntu/ros2_ws/src/build/hello/install.log --single-version-externally-managed
[25.720s] Level 1:colcon.colcon_core.environment:checking '/home/ubuntu/ros2_ws/src/install/hello' for CMake module files
[25.724s] Level 1:colcon.colcon_core.environment:checking '/home/ubuntu/ros2_ws/src/install/hello' for CMake config files
[25.730s] Level 1:colcon.colcon_core.environment:checking '/home/ubuntu/ros2_ws/src/install/hello/lib'
[25.733s] Level 1:colcon.colcon_core.environment:checking '/home/ubuntu/ros2_ws/src/install/hello/bin'
[25.734s] Level 1:colcon.colcon_core.environment:checking '/home/ubuntu/ros2_ws/src/install/hello/lib/pkgconfig/hello.pc'
[25.736s] Level 1:colcon.colcon_core.environment:checking '/home/ubuntu/ros2_ws/src/install/hello/lib/python3.10/site-packages'
[25.738s] Level 1:colcon.colcon_core.shell:create_environment_hook('hello', 'pythonpath')
[25.964s] INFO:colcon.colcon_core.shell:Creating environment hook '/home/ubuntu/ros2_ws/src/install/hello/share/hello/hook/pythonpath.ps1'
[25.969s] INFO:colcon.colcon_core.shell:Creating environment descriptor '/home/ubuntu/ros2_ws/src/install/hello/share/hello/hook/pythonpath.dsv'
[25.972s] INFO:colcon.colcon_core.shell:Creating environment hook '/home/ubuntu/ros2_ws/src/install/hello/share/hello/hook/pythonpath.sh'
[25.977s] Level 1:colcon.colcon_core.environment:checking '/home/ubuntu/ros2_ws/src/install/hello/bin'
[25.978s] Level 1:colcon.colcon_core.environment:create_environment_scripts_only(hello)
[26.201s] INFO:colcon.colcon_core.shell:Creating package script '/home/ubuntu/ros2_ws/src/install/hello/share/hello/package.ps1'
[26.218s] INFO:colcon.colcon_core.shell:Creating package descriptor '/home/ubuntu/ros2_ws/src/install/hello/share/hello/package.dsv'
[26.229s] INFO:colcon.colcon_core.shell:Creating package script '/home/ubuntu/ros2_ws/src/install/hello/share/hello/package.sh'
[26.238s] INFO:colcon.colcon_core.shell:Creating package script '/home/ubuntu/ros2_ws/src/install/hello/share/hello/package.bash'
[26.252s] INFO:colcon.colcon_core.shell:Creating package script '/home/ubuntu/ros2_ws/src/install/hello/share/hello/package.zsh'
[26.256s] Level 1:colcon.colcon_core.environment:create_file_with_runtime_dependencies(/home/ubuntu/ros2_ws/src/install/hello/share/colcon-core/packages/hello)
[26.258s] DEBUG:colcon.colcon_parallel_executor.executor.parallel:closing loop
[26.259s] DEBUG:colcon.colcon_parallel_executor.executor.parallel:loop closed
[26.260s] DEBUG:colcon.colcon_parallel_executor.executor.parallel:run_until_complete finished with '0'
[26.260s] DEBUG:colcon.colcon_core.event_reactor:joining thread
[26.515s] INFO:colcon.colcon_core.plugin_system:Skipping extension 'colcon_notification.desktop_notification.terminal_notifier': Not used on non-Darwin systems
[26.516s] INFO:colcon.colcon_core.plugin_system:Skipping extension 'colcon_notification.desktop_notification.win32': Not used on non-Windows systems
[26.517s] INFO:colcon.colcon_notification.desktop_notification:Sending desktop notification using 'notify2'
[26.812s] DEBUG:colcon.colcon_core.event_reactor:joined thread
[27.179s] INFO:colcon.colcon_core.shell:Creating prefix script '/home/ubuntu/ros2_ws/src/install/local_setup.ps1'
[27.184s] INFO:colcon.colcon_core.shell:Creating prefix util module '/home/ubuntu/ros2_ws/src/install/_local_setup_util_ps1.py'
[27.191s] INFO:colcon.colcon_core.shell:Creating prefix chain script '/home/ubuntu/ros2_ws/src/install/setup.ps1'
[27.387s] INFO:colcon.colcon_core.shell:Creating prefix script '/home/ubuntu/ros2_ws/src/install/local_setup.sh'
[27.391s] INFO:colcon.colcon_core.shell:Creating prefix util module '/home/ubuntu/ros2_ws/src/install/_local_setup_util_sh.py'
[27.394s] INFO:colcon.colcon_core.shell:Creating prefix chain script '/home/ubuntu/ros2_ws/src/install/setup.sh'
[27.687s] INFO:colcon.colcon_core.shell:Creating prefix script '/home/ubuntu/ros2_ws/src/install/local_setup.bash'
[27.695s] INFO:colcon.colcon_core.shell:Creating prefix chain script '/home/ubuntu/ros2_ws/src/install/setup.bash'
[27.954s] INFO:colcon.colcon_core.shell:Creating prefix script '/home/ubuntu/ros2_ws/src/install/local_setup.zsh'
[27.958s] INFO:colcon.colcon_core.shell:Creating prefix chain script '/home/ubuntu/ros2_ws/src/install/setup.zsh'
