[7.905s] Invoking command in '/home/ubuntu/ros2_ws/src/hello': PYTHONPATH=/home/ubuntu/ros2_ws/src/build/hello/prefix_override:/home/ubuntu/ros2_ws/src/install/hello/lib/python3.10/site-packages:${PYTHONPATH} /usr/bin/python3 setup.py egg_info --egg-base ../build/hello build --build-base /home/ubuntu/ros2_ws/src/build/hello/build install --record /home/ubuntu/ros2_ws/src/build/hello/install.log --single-version-externally-managed
[10.413s] running egg_info
[10.419s] writing ../build/hello/hello.egg-info/PKG-INFO
[10.422s] writing dependency_links to ../build/hello/hello.egg-info/dependency_links.txt
[10.424s] writing entry points to ../build/hello/hello.egg-info/entry_points.txt
[10.432s] writing requirements to ../build/hello/hello.egg-info/requires.txt
[10.433s] writing top-level names to ../build/hello/hello.egg-info/top_level.txt
[10.448s] reading manifest file '../build/hello/hello.egg-info/SOURCES.txt'
[10.453s] writing manifest file '../build/hello/hello.egg-info/SOURCES.txt'
[10.454s] running build
[10.455s] running build_py
[10.459s] copying hello/line_follower.py -> /home/ubuntu/ros2_ws/src/build/hello/build/lib/hello
[10.463s] running install
[10.465s] running install_lib
[10.473s] copying /home/ubuntu/ros2_ws/src/build/hello/build/lib/hello/line_follower.py -> /home/ubuntu/ros2_ws/src/install/hello/lib/python3.10/site-packages/hello
[10.481s] byte-compiling /home/ubuntu/ros2_ws/src/install/hello/lib/python3.10/site-packages/hello/line_follower.py to line_follower.cpython-310.pyc
[10.493s] running install_data
[10.499s] running install_egg_info
[10.515s] removing '/home/ubuntu/ros2_ws/src/install/hello/lib/python3.10/site-packages/hello-0.0.0-py3.10.egg-info' (and everything under it)
[10.517s] Copying ../build/hello/hello.egg-info to /home/ubuntu/ros2_ws/src/install/hello/lib/python3.10/site-packages/hello-0.0.0-py3.10.egg-info
[10.532s] running install_scripts
[10.687s] Installing hello_node script to /home/ubuntu/ros2_ws/src/install/hello/lib/hello
[10.690s] Installing hello_publisher script to /home/ubuntu/ros2_ws/src/install/hello/lib/hello
[10.695s] Installing hello_subscriber script to /home/ubuntu/ros2_ws/src/install/hello/lib/hello
[10.696s] Installing joypad_mouse_controller script to /home/ubuntu/ros2_ws/src/install/hello/lib/hello
[10.697s] Installing lightsensor_monitor script to /home/ubuntu/ros2_ws/src/install/hello/lib/hello
[10.698s] Installing line_follower script to /home/ubuntu/ros2_ws/src/install/hello/lib/hello
[10.708s] writing list of installed files to '/home/ubuntu/ros2_ws/src/build/hello/install.log'
[11.048s] Invoked command in '/home/ubuntu/ros2_ws/src/hello' returned '0': PYTHONPATH=/home/ubuntu/ros2_ws/src/build/hello/prefix_override:/home/ubuntu/ros2_ws/src/install/hello/lib/python3.10/site-packages:${PYTHONPATH} /usr/bin/python3 setup.py egg_info --egg-base ../build/hello build --build-base /home/ubuntu/ros2_ws/src/build/hello/build install --record /home/ubuntu/ros2_ws/src/build/hello/install.log --single-version-externally-managed
