[4.453s] DEBUG:colcon:Command line arguments: ['/usr/bin/colcon', 'build', '--packages-select', 'robot2', '--symlink-install']
[4.453s] DEBUG:colcon:Parsed command line arguments: Namespace(log_base=None, log_level=None, verb_name='build', build_base='build', install_base='install', merge_install=False, symlink_install=True, test_result_base=None, continue_on_error=False, executor='parallel', parallel_workers=4, event_handlers=None, ignore_user_meta=False, metas=['./colcon.meta'], base_paths=['.'], packages_ignore=None, packages_ignore_regex=None, paths=None, packages_up_to=None, packages_up_to_regex=None, packages_above=None, packages_above_and_dependencies=None, packages_above_depth=None, packages_select_by_dep=None, packages_skip_by_dep=None, packages_skip_up_to=None, packages_select_build_failed=False, packages_skip_build_finished=False, packages_select_test_failures=False, packages_skip_test_passed=False, packages_select=['robot2'], packages_skip=None, packages_select_regex=None, packages_skip_regex=None, packages_start=None, packages_end=None, allow_overriding=[], cmake_args=None, cmake_target=None, cmake_target_skip_unavailable=False, cmake_clean_cache=False, cmake_clean_first=False, cmake_force_configure=False, ament_cmake_args=None, catkin_cmake_args=None, catkin_skip_building_tests=False, verb_parser=<colcon_defaults.argument_parser.defaults.DefaultArgumentsDecorator object at 0xffffb7890730>, verb_extension=<colcon_core.verb.build.BuildVerb object at 0xffffb78914e0>, main=<bound method BuildVerb.main of <colcon_core.verb.build.BuildVerb object at 0xffffb78914e0>>)
[4.740s] Level 1:colcon.colcon_core.package_discovery:discover_packages(colcon_meta) check parameters
[4.741s] Level 1:colcon.colcon_core.package_discovery:discover_packages(recursive) check parameters
[4.741s] Level 1:colcon.colcon_core.package_discovery:discover_packages(ignore) check parameters
[4.741s] Level 1:colcon.colcon_core.package_discovery:discover_packages(path) check parameters
[4.741s] Level 1:colcon.colcon_core.package_discovery:discover_packages(colcon_meta) discover
[4.741s] Level 1:colcon.colcon_core.package_discovery:discover_packages(recursive) discover
[4.741s] INFO:colcon.colcon_core.package_discovery:Crawling recursively for packages in '/home/ubuntu/ros2_ws/src'
[4.742s] Level 1:colcon.colcon_core.package_identification:_identify(.) by extensions ['ignore', 'ignore_ament_install']
[4.742s] Level 1:colcon.colcon_core.package_identification:_identify(.) by extension 'ignore'
[4.743s] Level 1:colcon.colcon_core.package_identification:_identify(.) by extension 'ignore_ament_install'
[4.743s] Level 1:colcon.colcon_core.package_identification:_identify(.) by extensions ['colcon_pkg']
[4.743s] Level 1:colcon.colcon_core.package_identification:_identify(.) by extension 'colcon_pkg'
[4.743s] Level 1:colcon.colcon_core.package_identification:_identify(.) by extensions ['colcon_meta']
[4.743s] Level 1:colcon.colcon_core.package_identification:_identify(.) by extension 'colcon_meta'
[4.743s] Level 1:colcon.colcon_core.package_identification:_identify(.) by extensions ['ros']
[4.744s] Level 1:colcon.colcon_core.package_identification:_identify(.) by extension 'ros'
[4.792s] Level 1:colcon.colcon_core.package_identification:_identify(.) by extensions ['cmake', 'python']
[4.793s] Level 1:colcon.colcon_core.package_identification:_identify(.) by extension 'cmake'
[4.793s] Level 1:colcon.colcon_core.package_identification:_identify(.) by extension 'python'
[4.793s] Level 1:colcon.colcon_core.package_identification:_identify(.) by extensions ['python_setup_py']
[4.793s] Level 1:colcon.colcon_core.package_identification:_identify(.) by extension 'python_setup_py'
[4.794s] Level 1:colcon.colcon_core.package_identification:_identify(build) by extensions ['ignore', 'ignore_ament_install']
[4.794s] Level 1:colcon.colcon_core.package_identification:_identify(build) by extension 'ignore'
[4.794s] Level 1:colcon.colcon_core.package_identification:_identify(build) ignored
[4.795s] Level 1:colcon.colcon_core.package_identification:_identify(hello) by extensions ['ignore', 'ignore_ament_install']
[4.796s] Level 1:colcon.colcon_core.package_identification:_identify(hello) by extension 'ignore'
[4.796s] Level 1:colcon.colcon_core.package_identification:_identify(hello) by extension 'ignore_ament_install'
[4.796s] Level 1:colcon.colcon_core.package_identification:_identify(hello) by extensions ['colcon_pkg']
[4.796s] Level 1:colcon.colcon_core.package_identification:_identify(hello) by extension 'colcon_pkg'
[4.796s] Level 1:colcon.colcon_core.package_identification:_identify(hello) by extensions ['colcon_meta']
[4.797s] Level 1:colcon.colcon_core.package_identification:_identify(hello) by extension 'colcon_meta'
[4.797s] Level 1:colcon.colcon_core.package_identification:_identify(hello) by extensions ['ros']
[4.797s] Level 1:colcon.colcon_core.package_identification:_identify(hello) by extension 'ros'
[4.806s] DEBUG:colcon.colcon_core.package_identification:Package 'hello' with type 'ros.ament_python' and name 'hello'
[4.806s] Level 1:colcon.colcon_core.package_identification:_identify(install) by extensions ['ignore', 'ignore_ament_install']
[4.807s] Level 1:colcon.colcon_core.package_identification:_identify(install) by extension 'ignore'
[4.807s] Level 1:colcon.colcon_core.package_identification:_identify(install) ignored
[4.808s] Level 1:colcon.colcon_core.package_identification:_identify(log) by extensions ['ignore', 'ignore_ament_install']
[4.809s] Level 1:colcon.colcon_core.package_identification:_identify(log) by extension 'ignore'
[4.809s] Level 1:colcon.colcon_core.package_identification:_identify(log) ignored
[4.809s] Level 1:colcon.colcon_core.package_identification:_identify(raspimouse2) by extensions ['ignore', 'ignore_ament_install']
[4.810s] Level 1:colcon.colcon_core.package_identification:_identify(raspimouse2) by extension 'ignore'
[4.810s] Level 1:colcon.colcon_core.package_identification:_identify(raspimouse2) by extension 'ignore_ament_install'
[4.810s] Level 1:colcon.colcon_core.package_identification:_identify(raspimouse2) by extensions ['colcon_pkg']
[4.810s] Level 1:colcon.colcon_core.package_identification:_identify(raspimouse2) by extension 'colcon_pkg'
[4.810s] Level 1:colcon.colcon_core.package_identification:_identify(raspimouse2) by extensions ['colcon_meta']
[4.811s] Level 1:colcon.colcon_core.package_identification:_identify(raspimouse2) by extension 'colcon_meta'
[4.811s] Level 1:colcon.colcon_core.package_identification:_identify(raspimouse2) by extensions ['ros']
[4.811s] Level 1:colcon.colcon_core.package_identification:_identify(raspimouse2) by extension 'ros'
[4.811s] Level 1:colcon.colcon_core.package_identification:_identify(raspimouse2) by extensions ['cmake', 'python']
[4.811s] Level 1:colcon.colcon_core.package_identification:_identify(raspimouse2) by extension 'cmake'
[4.812s] Level 1:colcon.colcon_core.package_identification:_identify(raspimouse2) by extension 'python'
[4.812s] Level 1:colcon.colcon_core.package_identification:_identify(raspimouse2) by extensions ['python_setup_py']
[4.812s] Level 1:colcon.colcon_core.package_identification:_identify(raspimouse2) by extension 'python_setup_py'
[4.812s] Level 1:colcon.colcon_core.package_identification:_identify(raspimouse2/raspimouse) by extensions ['ignore', 'ignore_ament_install']
[4.813s] Level 1:colcon.colcon_core.package_identification:_identify(raspimouse2/raspimouse) by extension 'ignore'
[4.813s] Level 1:colcon.colcon_core.package_identification:_identify(raspimouse2/raspimouse) by extension 'ignore_ament_install'
[4.813s] Level 1:colcon.colcon_core.package_identification:_identify(raspimouse2/raspimouse) by extensions ['colcon_pkg']
[4.814s] Level 1:colcon.colcon_core.package_identification:_identify(raspimouse2/raspimouse) by extension 'colcon_pkg'
[4.814s] Level 1:colcon.colcon_core.package_identification:_identify(raspimouse2/raspimouse) by extensions ['colcon_meta']
[4.814s] Level 1:colcon.colcon_core.package_identification:_identify(raspimouse2/raspimouse) by extension 'colcon_meta'
[4.814s] Level 1:colcon.colcon_core.package_identification:_identify(raspimouse2/raspimouse) by extensions ['ros']
[4.814s] Level 1:colcon.colcon_core.package_identification:_identify(raspimouse2/raspimouse) by extension 'ros'
[4.818s] DEBUG:colcon.colcon_core.package_identification:Package 'raspimouse2/raspimouse' with type 'ros.ament_cmake' and name 'raspimouse'
[4.818s] Level 1:colcon.colcon_core.package_identification:_identify(raspimouse2/raspimouse_msgs) by extensions ['ignore', 'ignore_ament_install']
[4.819s] Level 1:colcon.colcon_core.package_identification:_identify(raspimouse2/raspimouse_msgs) by extension 'ignore'
[4.819s] Level 1:colcon.colcon_core.package_identification:_identify(raspimouse2/raspimouse_msgs) by extension 'ignore_ament_install'
[4.819s] Level 1:colcon.colcon_core.package_identification:_identify(raspimouse2/raspimouse_msgs) by extensions ['colcon_pkg']
[4.819s] Level 1:colcon.colcon_core.package_identification:_identify(raspimouse2/raspimouse_msgs) by extension 'colcon_pkg'
[4.820s] Level 1:colcon.colcon_core.package_identification:_identify(raspimouse2/raspimouse_msgs) by extensions ['colcon_meta']
[4.820s] Level 1:colcon.colcon_core.package_identification:_identify(raspimouse2/raspimouse_msgs) by extension 'colcon_meta'
[4.820s] Level 1:colcon.colcon_core.package_identification:_identify(raspimouse2/raspimouse_msgs) by extensions ['ros']
[4.820s] Level 1:colcon.colcon_core.package_identification:_identify(raspimouse2/raspimouse_msgs) by extension 'ros'
[4.822s] DEBUG:colcon.colcon_core.package_identification:Package 'raspimouse2/raspimouse_msgs' with type 'ros.ament_cmake' and name 'raspimouse_msgs'
[4.823s] Level 1:colcon.colcon_core.package_identification:_identify(robot) by extensions ['ignore', 'ignore_ament_install']
[4.823s] Level 1:colcon.colcon_core.package_identification:_identify(robot) by extension 'ignore'
[4.824s] Level 1:colcon.colcon_core.package_identification:_identify(robot) by extension 'ignore_ament_install'
[4.824s] Level 1:colcon.colcon_core.package_identification:_identify(robot) by extensions ['colcon_pkg']
[4.824s] Level 1:colcon.colcon_core.package_identification:_identify(robot) by extension 'colcon_pkg'
[4.824s] Level 1:colcon.colcon_core.package_identification:_identify(robot) by extensions ['colcon_meta']
[4.824s] Level 1:colcon.colcon_core.package_identification:_identify(robot) by extension 'colcon_meta'
[4.825s] Level 1:colcon.colcon_core.package_identification:_identify(robot) by extensions ['ros']
[4.825s] Level 1:colcon.colcon_core.package_identification:_identify(robot) by extension 'ros'
[4.827s] DEBUG:colcon.colcon_core.package_identification:Package 'robot' with type 'ros.ament_python' and name 'robot'
[4.827s] Level 1:colcon.colcon_core.package_identification:_identify(robot2) by extensions ['ignore', 'ignore_ament_install']
[4.828s] Level 1:colcon.colcon_core.package_identification:_identify(robot2) by extension 'ignore'
[4.828s] Level 1:colcon.colcon_core.package_identification:_identify(robot2) by extension 'ignore_ament_install'
[4.828s] Level 1:colcon.colcon_core.package_identification:_identify(robot2) by extensions ['colcon_pkg']
[4.828s] Level 1:colcon.colcon_core.package_identification:_identify(robot2) by extension 'colcon_pkg'
[4.828s] Level 1:colcon.colcon_core.package_identification:_identify(robot2) by extensions ['colcon_meta']
[4.829s] Level 1:colcon.colcon_core.package_identification:_identify(robot2) by extension 'colcon_meta'
[4.829s] Level 1:colcon.colcon_core.package_identification:_identify(robot2) by extensions ['ros']
[4.829s] Level 1:colcon.colcon_core.package_identification:_identify(robot2) by extension 'ros'
[4.831s] DEBUG:colcon.colcon_core.package_identification:Package 'robot2' with type 'ros.ament_python' and name 'robot2'
[4.832s] Level 1:colcon.colcon_core.package_discovery:discover_packages(recursive) using defaults
[4.832s] Level 1:colcon.colcon_core.package_discovery:discover_packages(ignore) discover
[4.832s] Level 1:colcon.colcon_core.package_discovery:discover_packages(ignore) using defaults
[4.832s] Level 1:colcon.colcon_core.package_discovery:discover_packages(path) discover
[4.832s] Level 1:colcon.colcon_core.package_discovery:discover_packages(path) using defaults
[5.098s] INFO:colcon.colcon_core.package_selection:Skipping not selected package 'hello' in 'hello'
[5.099s] INFO:colcon.colcon_core.package_selection:Skipping not selected package 'raspimouse_msgs' in 'raspimouse2/raspimouse_msgs'
[5.099s] INFO:colcon.colcon_core.package_selection:Skipping not selected package 'robot' in 'robot'
[5.099s] INFO:colcon.colcon_core.package_selection:Skipping not selected package 'raspimouse' in 'raspimouse2/raspimouse'
[5.331s] Level 1:colcon.colcon_core.package_discovery:discover_packages(prefix_path) check parameters
[5.332s] Level 1:colcon.colcon_core.package_discovery:discover_packages(prefix_path) discover
[5.553s] DEBUG:colcon.colcon_installed_package_information.package_discovery:Found 4 installed packages in /home/ubuntu/ros2_ws/install
[5.622s] DEBUG:colcon.colcon_installed_package_information.package_discovery:Found 287 installed packages in /opt/ros/humble
[5.629s] Level 1:colcon.colcon_core.package_discovery:discover_packages(prefix_path) using defaults
[6.041s] Level 5:colcon.colcon_core.verb:set package 'robot2' build argument 'cmake_args' from command line to 'None'
[6.041s] Level 5:colcon.colcon_core.verb:set package 'robot2' build argument 'cmake_target' from command line to 'None'
[6.041s] Level 5:colcon.colcon_core.verb:set package 'robot2' build argument 'cmake_target_skip_unavailable' from command line to 'False'
[6.042s] Level 5:colcon.colcon_core.verb:set package 'robot2' build argument 'cmake_clean_cache' from command line to 'False'
[6.042s] Level 5:colcon.colcon_core.verb:set package 'robot2' build argument 'cmake_clean_first' from command line to 'False'
[6.042s] Level 5:colcon.colcon_core.verb:set package 'robot2' build argument 'cmake_force_configure' from command line to 'False'
[6.042s] Level 5:colcon.colcon_core.verb:set package 'robot2' build argument 'ament_cmake_args' from command line to 'None'
[6.042s] Level 5:colcon.colcon_core.verb:set package 'robot2' build argument 'catkin_cmake_args' from command line to 'None'
[6.042s] Level 5:colcon.colcon_core.verb:set package 'robot2' build argument 'catkin_skip_building_tests' from command line to 'False'
[6.042s] DEBUG:colcon.colcon_core.verb:Building package 'robot2' with the following arguments: {'ament_cmake_args': None, 'build_base': '/home/ubuntu/ros2_ws/src/build/robot2', 'catkin_cmake_args': None, 'catkin_skip_building_tests': False, 'cmake_args': None, 'cmake_clean_cache': False, 'cmake_clean_first': False, 'cmake_force_configure': False, 'cmake_target': None, 'cmake_target_skip_unavailable': False, 'install_base': '/home/ubuntu/ros2_ws/src/install/robot2', 'merge_install': False, 'path': '/home/ubuntu/ros2_ws/src/robot2', 'symlink_install': True, 'test_result_base': None}
[6.103s] INFO:colcon.colcon_core.executor:Executing jobs using 'parallel' executor
[6.166s] DEBUG:colcon.colcon_parallel_executor.executor.parallel:run_until_complete
[6.167s] INFO:colcon.colcon_ros.task.ament_python.build:Building ROS package in '/home/ubuntu/ros2_ws/src/robot2' with build type 'ament_python'
[6.168s] Level 1:colcon.colcon_core.shell:create_environment_hook('robot2', 'ament_prefix_path')
[6.345s] INFO:colcon.colcon_core.plugin_system:Skipping extension 'colcon_core.shell.bat': Not used on non-Windows systems
[6.347s] INFO:colcon.colcon_core.shell:Creating environment hook '/home/ubuntu/ros2_ws/src/install/robot2/share/robot2/hook/ament_prefix_path.ps1'
[6.351s] INFO:colcon.colcon_core.shell:Creating environment descriptor '/home/ubuntu/ros2_ws/src/install/robot2/share/robot2/hook/ament_prefix_path.dsv'
[6.355s] INFO:colcon.colcon_core.shell:Creating environment hook '/home/ubuntu/ros2_ws/src/install/robot2/share/robot2/hook/ament_prefix_path.sh'
[6.546s] INFO:colcon.colcon_core.shell:Skip shell extension 'powershell' for command environment: Not usable outside of PowerShell
[6.548s] DEBUG:colcon.colcon_core.shell:Skip shell extension 'dsv' for command environment
[10.697s] INFO:colcon.colcon_core.task.python.build:Building Python package in '/home/ubuntu/ros2_ws/src/robot2'
[10.956s] INFO:colcon.colcon_core.shell:Skip shell extension 'powershell' for command environment: Not usable outside of PowerShell
[10.957s] DEBUG:colcon.colcon_core.shell:Skip shell extension 'dsv' for command environment
[16.029s] DEBUG:colcon.colcon_core.event_handler.log_command:Invoking command in '/home/ubuntu/ros2_ws/src/build/robot2': PYTHONPATH=/home/ubuntu/ros2_ws/src/build/robot2/prefix_override:/home/ubuntu/ros2_ws/src/install/robot2/lib/python3.10/site-packages:${PYTHONPATH} /usr/bin/python3 setup.py develop --editable --build-directory /home/ubuntu/ros2_ws/src/build/robot2/build --no-deps install_data
[22.408s] Level 1:colcon.colcon_core.shell:create_environment_hook('robot2', 'pythonpath_develop')
[22.412s] DEBUG:colcon.colcon_core.event_handler.log_command:Invoked command in '/home/ubuntu/ros2_ws/src/build/robot2' returned '0': PYTHONPATH=/home/ubuntu/ros2_ws/src/build/robot2/prefix_override:/home/ubuntu/ros2_ws/src/install/robot2/lib/python3.10/site-packages:${PYTHONPATH} /usr/bin/python3 setup.py develop --editable --build-directory /home/ubuntu/ros2_ws/src/build/robot2/build --no-deps install_data
[22.616s] INFO:colcon.colcon_core.shell:Creating environment hook '/home/ubuntu/ros2_ws/src/build/robot2/share/robot2/hook/pythonpath_develop.ps1'
[22.621s] INFO:colcon.colcon_core.shell:Creating environment descriptor '/home/ubuntu/ros2_ws/src/build/robot2/share/robot2/hook/pythonpath_develop.dsv'
[22.624s] INFO:colcon.colcon_core.shell:Creating environment hook '/home/ubuntu/ros2_ws/src/build/robot2/share/robot2/hook/pythonpath_develop.sh'
[22.843s] Level 1:colcon.colcon_core.environment:checking '/home/ubuntu/ros2_ws/src/install/robot2' for CMake module files
[22.846s] Level 1:colcon.colcon_core.environment:checking '/home/ubuntu/ros2_ws/src/install/robot2' for CMake config files
[22.850s] Level 1:colcon.colcon_core.environment:checking '/home/ubuntu/ros2_ws/src/install/robot2/lib'
[22.851s] Level 1:colcon.colcon_core.environment:checking '/home/ubuntu/ros2_ws/src/install/robot2/bin'
[22.852s] Level 1:colcon.colcon_core.environment:checking '/home/ubuntu/ros2_ws/src/install/robot2/lib/pkgconfig/robot2.pc'
[22.854s] Level 1:colcon.colcon_core.environment:checking '/home/ubuntu/ros2_ws/src/install/robot2/lib/python3.10/site-packages'
[22.856s] Level 1:colcon.colcon_core.shell:create_environment_hook('robot2', 'pythonpath')
[23.047s] INFO:colcon.colcon_core.shell:Creating environment hook '/home/ubuntu/ros2_ws/src/install/robot2/share/robot2/hook/pythonpath.ps1'
[23.050s] INFO:colcon.colcon_core.shell:Creating environment descriptor '/home/ubuntu/ros2_ws/src/install/robot2/share/robot2/hook/pythonpath.dsv'
[23.053s] INFO:colcon.colcon_core.shell:Creating environment hook '/home/ubuntu/ros2_ws/src/install/robot2/share/robot2/hook/pythonpath.sh'
[23.057s] Level 1:colcon.colcon_core.environment:checking '/home/ubuntu/ros2_ws/src/install/robot2/bin'
[23.059s] Level 1:colcon.colcon_core.environment:create_environment_scripts_only(robot2)
[23.251s] INFO:colcon.colcon_core.shell:Creating package script '/home/ubuntu/ros2_ws/src/install/robot2/share/robot2/package.ps1'
[23.258s] INFO:colcon.colcon_core.shell:Creating package descriptor '/home/ubuntu/ros2_ws/src/install/robot2/share/robot2/package.dsv'
[23.264s] INFO:colcon.colcon_core.shell:Creating package script '/home/ubuntu/ros2_ws/src/install/robot2/share/robot2/package.sh'
[23.270s] INFO:colcon.colcon_core.shell:Creating package script '/home/ubuntu/ros2_ws/src/install/robot2/share/robot2/package.bash'
[23.275s] INFO:colcon.colcon_core.shell:Creating package script '/home/ubuntu/ros2_ws/src/install/robot2/share/robot2/package.zsh'
[23.282s] Level 1:colcon.colcon_core.environment:create_file_with_runtime_dependencies(/home/ubuntu/ros2_ws/src/install/robot2/share/colcon-core/packages/robot2)
[23.286s] DEBUG:colcon.colcon_parallel_executor.executor.parallel:closing loop
[23.289s] DEBUG:colcon.colcon_parallel_executor.executor.parallel:loop closed
[23.291s] DEBUG:colcon.colcon_parallel_executor.executor.parallel:run_until_complete finished with '0'
[23.294s] DEBUG:colcon.colcon_core.event_reactor:joining thread
[23.553s] INFO:colcon.colcon_core.plugin_system:Skipping extension 'colcon_notification.desktop_notification.terminal_notifier': Not used on non-Darwin systems
[23.554s] INFO:colcon.colcon_core.plugin_system:Skipping extension 'colcon_notification.desktop_notification.win32': Not used on non-Windows systems
[23.555s] INFO:colcon.colcon_notification.desktop_notification:Sending desktop notification using 'notify2'
[23.627s] DEBUG:colcon.colcon_core.event_reactor:joined thread
[23.725s] INFO:colcon.colcon_core.shell:Creating prefix script '/home/ubuntu/ros2_ws/src/install/local_setup.ps1'
[23.730s] INFO:colcon.colcon_core.shell:Creating prefix util module '/home/ubuntu/ros2_ws/src/install/_local_setup_util_ps1.py'
[23.739s] INFO:colcon.colcon_core.shell:Creating prefix chain script '/home/ubuntu/ros2_ws/src/install/setup.ps1'
[23.867s] INFO:colcon.colcon_core.shell:Creating prefix script '/home/ubuntu/ros2_ws/src/install/local_setup.sh'
[23.871s] INFO:colcon.colcon_core.shell:Creating prefix util module '/home/ubuntu/ros2_ws/src/install/_local_setup_util_sh.py'
[23.874s] INFO:colcon.colcon_core.shell:Creating prefix chain script '/home/ubuntu/ros2_ws/src/install/setup.sh'
[23.942s] INFO:colcon.colcon_core.shell:Creating prefix script '/home/ubuntu/ros2_ws/src/install/local_setup.bash'
[23.944s] INFO:colcon.colcon_core.shell:Creating prefix chain script '/home/ubuntu/ros2_ws/src/install/setup.bash'
[24.013s] INFO:colcon.colcon_core.shell:Creating prefix script '/home/ubuntu/ros2_ws/src/install/local_setup.zsh'
[24.016s] INFO:colcon.colcon_core.shell:Creating prefix chain script '/home/ubuntu/ros2_ws/src/install/setup.zsh'
