[1.147s] DEBUG:colcon:Command line arguments: ['/usr/bin/colcon', 'build', '--packages-select', 'hello', '--symlink-install']
[1.147s] DEBUG:colcon:Parsed command line arguments: Namespace(log_base=None, log_level=None, verb_name='build', build_base='build', install_base='install', merge_install=False, symlink_install=True, test_result_base=None, continue_on_error=False, executor='parallel', parallel_workers=2, event_handlers=None, ignore_user_meta=False, metas=['./colcon.meta'], base_paths=['.'], packages_ignore=None, packages_ignore_regex=None, paths=None, packages_up_to=None, packages_up_to_regex=None, packages_above=None, packages_above_and_dependencies=None, packages_above_depth=None, packages_select_by_dep=None, packages_skip_by_dep=None, packages_skip_up_to=None, packages_select_build_failed=False, packages_skip_build_finished=False, packages_select_test_failures=False, packages_skip_test_passed=False, packages_select=['hello'], packages_skip=None, packages_select_regex=None, packages_skip_regex=None, packages_start=None, packages_end=None, allow_overriding=[], cmake_args=None, cmake_target=None, cmake_target_skip_unavailable=False, cmake_clean_cache=False, cmake_clean_first=False, cmake_force_configure=False, ament_cmake_args=None, catkin_cmake_args=None, catkin_skip_building_tests=False, verb_parser=<colcon_defaults.argument_parser.defaults.DefaultArgumentsDecorator object at 0x7fce4b217c70>, verb_extension=<colcon_core.verb.build.BuildVerb object at 0x7fce4b215840>, main=<bound method BuildVerb.main of <colcon_core.verb.build.BuildVerb object at 0x7fce4b215840>>)
[1.260s] Level 1:colcon.colcon_core.package_discovery:discover_packages(colcon_meta) check parameters
[1.260s] Level 1:colcon.colcon_core.package_discovery:discover_packages(recursive) check parameters
[1.260s] Level 1:colcon.colcon_core.package_discovery:discover_packages(ignore) check parameters
[1.260s] Level 1:colcon.colcon_core.package_discovery:discover_packages(path) check parameters
[1.260s] Level 1:colcon.colcon_core.package_discovery:discover_packages(colcon_meta) discover
[1.261s] Level 1:colcon.colcon_core.package_discovery:discover_packages(recursive) discover
[1.261s] INFO:colcon.colcon_core.package_discovery:Crawling recursively for packages in '/home/ricbolz/ros2_ws/src'
[1.261s] Level 1:colcon.colcon_core.package_identification:_identify(.) by extensions ['ignore', 'ignore_ament_install']
[1.261s] Level 1:colcon.colcon_core.package_identification:_identify(.) by extension 'ignore'
[1.261s] Level 1:colcon.colcon_core.package_identification:_identify(.) by extension 'ignore_ament_install'
[1.261s] Level 1:colcon.colcon_core.package_identification:_identify(.) by extensions ['colcon_pkg']
[1.261s] Level 1:colcon.colcon_core.package_identification:_identify(.) by extension 'colcon_pkg'
[1.261s] Level 1:colcon.colcon_core.package_identification:_identify(.) by extensions ['colcon_meta']
[1.261s] Level 1:colcon.colcon_core.package_identification:_identify(.) by extension 'colcon_meta'
[1.261s] Level 1:colcon.colcon_core.package_identification:_identify(.) by extensions ['ros']
[1.261s] Level 1:colcon.colcon_core.package_identification:_identify(.) by extension 'ros'
[1.275s] Level 1:colcon.colcon_core.package_identification:_identify(.) by extensions ['cmake', 'python']
[1.275s] Level 1:colcon.colcon_core.package_identification:_identify(.) by extension 'cmake'
[1.275s] Level 1:colcon.colcon_core.package_identification:_identify(.) by extension 'python'
[1.275s] Level 1:colcon.colcon_core.package_identification:_identify(.) by extensions ['python_setup_py']
[1.275s] Level 1:colcon.colcon_core.package_identification:_identify(.) by extension 'python_setup_py'
[1.275s] Level 1:colcon.colcon_core.package_identification:_identify(build) by extensions ['ignore', 'ignore_ament_install']
[1.276s] Level 1:colcon.colcon_core.package_identification:_identify(build) by extension 'ignore'
[1.276s] Level 1:colcon.colcon_core.package_identification:_identify(build) ignored
[1.276s] Level 1:colcon.colcon_core.package_identification:_identify(hello) by extensions ['ignore', 'ignore_ament_install']
[1.276s] Level 1:colcon.colcon_core.package_identification:_identify(hello) by extension 'ignore'
[1.276s] Level 1:colcon.colcon_core.package_identification:_identify(hello) by extension 'ignore_ament_install'
[1.276s] Level 1:colcon.colcon_core.package_identification:_identify(hello) by extensions ['colcon_pkg']
[1.276s] Level 1:colcon.colcon_core.package_identification:_identify(hello) by extension 'colcon_pkg'
[1.276s] Level 1:colcon.colcon_core.package_identification:_identify(hello) by extensions ['colcon_meta']
[1.276s] Level 1:colcon.colcon_core.package_identification:_identify(hello) by extension 'colcon_meta'
[1.276s] Level 1:colcon.colcon_core.package_identification:_identify(hello) by extensions ['ros']
[1.276s] Level 1:colcon.colcon_core.package_identification:_identify(hello) by extension 'ros'
[1.282s] DEBUG:colcon.colcon_core.package_identification:Package 'hello' with type 'ros.ament_python' and name 'hello'
[1.283s] Level 1:colcon.colcon_core.package_identification:_identify(install) by extensions ['ignore', 'ignore_ament_install']
[1.283s] Level 1:colcon.colcon_core.package_identification:_identify(install) by extension 'ignore'
[1.283s] Level 1:colcon.colcon_core.package_identification:_identify(install) ignored
[1.283s] Level 1:colcon.colcon_core.package_identification:_identify(log) by extensions ['ignore', 'ignore_ament_install']
[1.283s] Level 1:colcon.colcon_core.package_identification:_identify(log) by extension 'ignore'
[1.283s] Level 1:colcon.colcon_core.package_identification:_identify(log) ignored
[1.283s] Level 1:colcon.colcon_core.package_identification:_identify(mr_exp_samples) by extensions ['ignore', 'ignore_ament_install']
[1.283s] Level 1:colcon.colcon_core.package_identification:_identify(mr_exp_samples) by extension 'ignore'
[1.283s] Level 1:colcon.colcon_core.package_identification:_identify(mr_exp_samples) by extension 'ignore_ament_install'
[1.283s] Level 1:colcon.colcon_core.package_identification:_identify(mr_exp_samples) by extensions ['colcon_pkg']
[1.283s] Level 1:colcon.colcon_core.package_identification:_identify(mr_exp_samples) by extension 'colcon_pkg'
[1.283s] Level 1:colcon.colcon_core.package_identification:_identify(mr_exp_samples) by extensions ['colcon_meta']
[1.283s] Level 1:colcon.colcon_core.package_identification:_identify(mr_exp_samples) by extension 'colcon_meta'
[1.283s] Level 1:colcon.colcon_core.package_identification:_identify(mr_exp_samples) by extensions ['ros']
[1.283s] Level 1:colcon.colcon_core.package_identification:_identify(mr_exp_samples) by extension 'ros'
[1.284s] DEBUG:colcon.colcon_core.package_identification:Package 'mr_exp_samples' with type 'ros.ament_python' and name 'mr_exp_samples'
[1.284s] Level 1:colcon.colcon_core.package_identification:_identify(raspimouse2) by extensions ['ignore', 'ignore_ament_install']
[1.285s] Level 1:colcon.colcon_core.package_identification:_identify(raspimouse2) by extension 'ignore'
[1.285s] Level 1:colcon.colcon_core.package_identification:_identify(raspimouse2) by extension 'ignore_ament_install'
[1.285s] Level 1:colcon.colcon_core.package_identification:_identify(raspimouse2) by extensions ['colcon_pkg']
[1.285s] Level 1:colcon.colcon_core.package_identification:_identify(raspimouse2) by extension 'colcon_pkg'
[1.285s] Level 1:colcon.colcon_core.package_identification:_identify(raspimouse2) by extensions ['colcon_meta']
[1.285s] Level 1:colcon.colcon_core.package_identification:_identify(raspimouse2) by extension 'colcon_meta'
[1.285s] Level 1:colcon.colcon_core.package_identification:_identify(raspimouse2) by extensions ['ros']
[1.285s] Level 1:colcon.colcon_core.package_identification:_identify(raspimouse2) by extension 'ros'
[1.285s] Level 1:colcon.colcon_core.package_identification:_identify(raspimouse2) by extensions ['cmake', 'python']
[1.285s] Level 1:colcon.colcon_core.package_identification:_identify(raspimouse2) by extension 'cmake'
[1.285s] Level 1:colcon.colcon_core.package_identification:_identify(raspimouse2) by extension 'python'
[1.285s] Level 1:colcon.colcon_core.package_identification:_identify(raspimouse2) by extensions ['python_setup_py']
[1.285s] Level 1:colcon.colcon_core.package_identification:_identify(raspimouse2) by extension 'python_setup_py'
[1.285s] Level 1:colcon.colcon_core.package_identification:_identify(raspimouse2/raspimouse) by extensions ['ignore', 'ignore_ament_install']
[1.285s] Level 1:colcon.colcon_core.package_identification:_identify(raspimouse2/raspimouse) by extension 'ignore'
[1.285s] Level 1:colcon.colcon_core.package_identification:_identify(raspimouse2/raspimouse) by extension 'ignore_ament_install'
[1.285s] Level 1:colcon.colcon_core.package_identification:_identify(raspimouse2/raspimouse) by extensions ['colcon_pkg']
[1.285s] Level 1:colcon.colcon_core.package_identification:_identify(raspimouse2/raspimouse) by extension 'colcon_pkg'
[1.286s] Level 1:colcon.colcon_core.package_identification:_identify(raspimouse2/raspimouse) by extensions ['colcon_meta']
[1.286s] Level 1:colcon.colcon_core.package_identification:_identify(raspimouse2/raspimouse) by extension 'colcon_meta'
[1.286s] Level 1:colcon.colcon_core.package_identification:_identify(raspimouse2/raspimouse) by extensions ['ros']
[1.286s] Level 1:colcon.colcon_core.package_identification:_identify(raspimouse2/raspimouse) by extension 'ros'
[1.287s] DEBUG:colcon.colcon_core.package_identification:Package 'raspimouse2/raspimouse' with type 'ros.ament_cmake' and name 'raspimouse'
[1.287s] Level 1:colcon.colcon_core.package_identification:_identify(raspimouse2/raspimouse_msgs) by extensions ['ignore', 'ignore_ament_install']
[1.287s] Level 1:colcon.colcon_core.package_identification:_identify(raspimouse2/raspimouse_msgs) by extension 'ignore'
[1.287s] Level 1:colcon.colcon_core.package_identification:_identify(raspimouse2/raspimouse_msgs) by extension 'ignore_ament_install'
[1.287s] Level 1:colcon.colcon_core.package_identification:_identify(raspimouse2/raspimouse_msgs) by extensions ['colcon_pkg']
[1.287s] Level 1:colcon.colcon_core.package_identification:_identify(raspimouse2/raspimouse_msgs) by extension 'colcon_pkg'
[1.288s] Level 1:colcon.colcon_core.package_identification:_identify(raspimouse2/raspimouse_msgs) by extensions ['colcon_meta']
[1.288s] Level 1:colcon.colcon_core.package_identification:_identify(raspimouse2/raspimouse_msgs) by extension 'colcon_meta'
[1.288s] Level 1:colcon.colcon_core.package_identification:_identify(raspimouse2/raspimouse_msgs) by extensions ['ros']
[1.288s] Level 1:colcon.colcon_core.package_identification:_identify(raspimouse2/raspimouse_msgs) by extension 'ros'
[1.289s] DEBUG:colcon.colcon_core.package_identification:Package 'raspimouse2/raspimouse_msgs' with type 'ros.ament_cmake' and name 'raspimouse_msgs'
[1.289s] Level 1:colcon.colcon_core.package_identification:_identify(raspimouse_ros2_examples) by extensions ['ignore', 'ignore_ament_install']
[1.289s] Level 1:colcon.colcon_core.package_identification:_identify(raspimouse_ros2_examples) by extension 'ignore'
[1.289s] Level 1:colcon.colcon_core.package_identification:_identify(raspimouse_ros2_examples) by extension 'ignore_ament_install'
[1.289s] Level 1:colcon.colcon_core.package_identification:_identify(raspimouse_ros2_examples) by extensions ['colcon_pkg']
[1.289s] Level 1:colcon.colcon_core.package_identification:_identify(raspimouse_ros2_examples) by extension 'colcon_pkg'
[1.289s] Level 1:colcon.colcon_core.package_identification:_identify(raspimouse_ros2_examples) by extensions ['colcon_meta']
[1.289s] Level 1:colcon.colcon_core.package_identification:_identify(raspimouse_ros2_examples) by extension 'colcon_meta'
[1.289s] Level 1:colcon.colcon_core.package_identification:_identify(raspimouse_ros2_examples) by extensions ['ros']
[1.289s] Level 1:colcon.colcon_core.package_identification:_identify(raspimouse_ros2_examples) by extension 'ros'
[1.289s] Level 1:colcon.colcon_core.package_identification:_identify(raspimouse_ros2_examples) by extensions ['cmake', 'python']
[1.289s] Level 1:colcon.colcon_core.package_identification:_identify(raspimouse_ros2_examples) by extension 'cmake'
[1.289s] Level 1:colcon.colcon_core.package_identification:_identify(raspimouse_ros2_examples) by extension 'python'
[1.289s] Level 1:colcon.colcon_core.package_identification:_identify(raspimouse_ros2_examples) by extensions ['python_setup_py']
[1.289s] Level 1:colcon.colcon_core.package_identification:_identify(raspimouse_ros2_examples) by extension 'python_setup_py'
[1.289s] Level 1:colcon.colcon_core.package_identification:_identify(robot) by extensions ['ignore', 'ignore_ament_install']
[1.289s] Level 1:colcon.colcon_core.package_identification:_identify(robot) by extension 'ignore'
[1.289s] Level 1:colcon.colcon_core.package_identification:_identify(robot) by extension 'ignore_ament_install'
[1.289s] Level 1:colcon.colcon_core.package_identification:_identify(robot) by extensions ['colcon_pkg']
[1.290s] Level 1:colcon.colcon_core.package_identification:_identify(robot) by extension 'colcon_pkg'
[1.290s] Level 1:colcon.colcon_core.package_identification:_identify(robot) by extensions ['colcon_meta']
[1.290s] Level 1:colcon.colcon_core.package_identification:_identify(robot) by extension 'colcon_meta'
[1.290s] Level 1:colcon.colcon_core.package_identification:_identify(robot) by extensions ['ros']
[1.290s] Level 1:colcon.colcon_core.package_identification:_identify(robot) by extension 'ros'
[1.291s] DEBUG:colcon.colcon_core.package_identification:Package 'robot' with type 'ros.ament_python' and name 'robot'
[1.291s] Level 1:colcon.colcon_core.package_identification:_identify(text_to_speech) by extensions ['ignore', 'ignore_ament_install']
[1.291s] Level 1:colcon.colcon_core.package_identification:_identify(text_to_speech) by extension 'ignore'
[1.291s] Level 1:colcon.colcon_core.package_identification:_identify(text_to_speech) by extension 'ignore_ament_install'
[1.291s] Level 1:colcon.colcon_core.package_identification:_identify(text_to_speech) by extensions ['colcon_pkg']
[1.291s] Level 1:colcon.colcon_core.package_identification:_identify(text_to_speech) by extension 'colcon_pkg'
[1.291s] Level 1:colcon.colcon_core.package_identification:_identify(text_to_speech) by extensions ['colcon_meta']
[1.291s] Level 1:colcon.colcon_core.package_identification:_identify(text_to_speech) by extension 'colcon_meta'
[1.291s] Level 1:colcon.colcon_core.package_identification:_identify(text_to_speech) by extensions ['ros']
[1.291s] Level 1:colcon.colcon_core.package_identification:_identify(text_to_speech) by extension 'ros'
[1.291s] Level 1:colcon.colcon_core.package_identification:_identify(text_to_speech) by extensions ['cmake', 'python']
[1.291s] Level 1:colcon.colcon_core.package_identification:_identify(text_to_speech) by extension 'cmake'
[1.291s] Level 1:colcon.colcon_core.package_identification:_identify(text_to_speech) by extension 'python'
[1.291s] Level 1:colcon.colcon_core.package_identification:_identify(text_to_speech) by extensions ['python_setup_py']
[1.291s] Level 1:colcon.colcon_core.package_identification:_identify(text_to_speech) by extension 'python_setup_py'
[1.291s] Level 1:colcon.colcon_core.package_discovery:discover_packages(recursive) using defaults
[1.291s] Level 1:colcon.colcon_core.package_discovery:discover_packages(ignore) discover
[1.291s] Level 1:colcon.colcon_core.package_discovery:discover_packages(ignore) using defaults
[1.291s] Level 1:colcon.colcon_core.package_discovery:discover_packages(path) discover
[1.291s] Level 1:colcon.colcon_core.package_discovery:discover_packages(path) using defaults
[1.370s] INFO:colcon.colcon_core.package_selection:Skipping not selected package 'mr_exp_samples' in 'mr_exp_samples'
[1.370s] INFO:colcon.colcon_core.package_selection:Skipping not selected package 'raspimouse_msgs' in 'raspimouse2/raspimouse_msgs'
[1.370s] INFO:colcon.colcon_core.package_selection:Skipping not selected package 'robot' in 'robot'
[1.370s] INFO:colcon.colcon_core.package_selection:Skipping not selected package 'raspimouse' in 'raspimouse2/raspimouse'
[1.391s] Level 1:colcon.colcon_core.package_discovery:discover_packages(prefix_path) check parameters
[1.391s] Level 1:colcon.colcon_core.package_discovery:discover_packages(prefix_path) discover
[1.416s] DEBUG:colcon.colcon_installed_package_information.package_discovery:Found 2 installed packages in /home/ricbolz/ros2_ws/install
[1.435s] DEBUG:colcon.colcon_installed_package_information.package_discovery:Found 272 installed packages in /opt/ros/humble
[1.436s] Level 1:colcon.colcon_core.package_discovery:discover_packages(prefix_path) using defaults
[1.507s] Level 5:colcon.colcon_core.verb:set package 'hello' build argument 'cmake_args' from command line to 'None'
[1.507s] Level 5:colcon.colcon_core.verb:set package 'hello' build argument 'cmake_target' from command line to 'None'
[1.507s] Level 5:colcon.colcon_core.verb:set package 'hello' build argument 'cmake_target_skip_unavailable' from command line to 'False'
[1.507s] Level 5:colcon.colcon_core.verb:set package 'hello' build argument 'cmake_clean_cache' from command line to 'False'
[1.507s] Level 5:colcon.colcon_core.verb:set package 'hello' build argument 'cmake_clean_first' from command line to 'False'
[1.507s] Level 5:colcon.colcon_core.verb:set package 'hello' build argument 'cmake_force_configure' from command line to 'False'
[1.507s] Level 5:colcon.colcon_core.verb:set package 'hello' build argument 'ament_cmake_args' from command line to 'None'
[1.507s] Level 5:colcon.colcon_core.verb:set package 'hello' build argument 'catkin_cmake_args' from command line to 'None'
[1.507s] Level 5:colcon.colcon_core.verb:set package 'hello' build argument 'catkin_skip_building_tests' from command line to 'False'
[1.507s] DEBUG:colcon.colcon_core.verb:Building package 'hello' with the following arguments: {'ament_cmake_args': None, 'build_base': '/home/ricbolz/ros2_ws/src/build/hello', 'catkin_cmake_args': None, 'catkin_skip_building_tests': False, 'cmake_args': None, 'cmake_clean_cache': False, 'cmake_clean_first': False, 'cmake_force_configure': False, 'cmake_target': None, 'cmake_target_skip_unavailable': False, 'install_base': '/home/ricbolz/ros2_ws/src/install/hello', 'merge_install': False, 'path': '/home/ricbolz/ros2_ws/src/hello', 'symlink_install': True, 'test_result_base': None}
[1.516s] INFO:colcon.colcon_core.executor:Executing jobs using 'parallel' executor
[1.527s] DEBUG:colcon.colcon_parallel_executor.executor.parallel:run_until_complete
[1.527s] INFO:colcon.colcon_ros.task.ament_python.build:Building ROS package in '/home/ricbolz/ros2_ws/src/hello' with build type 'ament_python'
[1.527s] Level 1:colcon.colcon_core.shell:create_environment_hook('hello', 'ament_prefix_path')
[1.561s] INFO:colcon.colcon_core.plugin_system:Skipping extension 'colcon_core.shell.bat': Not used on non-Windows systems
[1.561s] INFO:colcon.colcon_core.shell:Creating environment hook '/home/ricbolz/ros2_ws/src/install/hello/share/hello/hook/ament_prefix_path.ps1'
[1.563s] INFO:colcon.colcon_core.shell:Creating environment descriptor '/home/ricbolz/ros2_ws/src/install/hello/share/hello/hook/ament_prefix_path.dsv'
[1.565s] INFO:colcon.colcon_core.shell:Creating environment hook '/home/ricbolz/ros2_ws/src/install/hello/share/hello/hook/ament_prefix_path.sh'
[1.576s] INFO:colcon.colcon_core.shell:Skip shell extension 'powershell' for command environment: Not usable outside of PowerShell
[1.576s] DEBUG:colcon.colcon_core.shell:Skip shell extension 'dsv' for command environment
[1.911s] INFO:colcon.colcon_core.task.python.build:Building Python package in '/home/ricbolz/ros2_ws/src/hello'
[1.927s] INFO:colcon.colcon_core.shell:Skip shell extension 'powershell' for command environment: Not usable outside of PowerShell
[1.928s] DEBUG:colcon.colcon_core.shell:Skip shell extension 'dsv' for command environment
[2.559s] DEBUG:colcon.colcon_core.event_handler.log_command:Invoking command in '/home/ricbolz/ros2_ws/src/build/hello': PYTHONPATH=/home/ricbolz/ros2_ws/src/build/hello/prefix_override:/home/ricbolz/ros2_ws/src/install/hello/lib/python3.10/site-packages:${PYTHONPATH} /usr/bin/python3 setup.py develop --editable --build-directory /home/ricbolz/ros2_ws/src/build/hello/build --no-deps install_data
[2.981s] Level 1:colcon.colcon_core.shell:create_environment_hook('hello', 'pythonpath_develop')
[2.998s] DEBUG:colcon.colcon_core.event_handler.log_command:Invoked command in '/home/ricbolz/ros2_ws/src/build/hello' returned '0': PYTHONPATH=/home/ricbolz/ros2_ws/src/build/hello/prefix_override:/home/ricbolz/ros2_ws/src/install/hello/lib/python3.10/site-packages:${PYTHONPATH} /usr/bin/python3 setup.py develop --editable --build-directory /home/ricbolz/ros2_ws/src/build/hello/build --no-deps install_data
[3.010s] INFO:colcon.colcon_core.shell:Creating environment hook '/home/ricbolz/ros2_ws/src/build/hello/share/hello/hook/pythonpath_develop.ps1'
[3.011s] INFO:colcon.colcon_core.shell:Creating environment descriptor '/home/ricbolz/ros2_ws/src/build/hello/share/hello/hook/pythonpath_develop.dsv'
[3.011s] INFO:colcon.colcon_core.shell:Creating environment hook '/home/ricbolz/ros2_ws/src/build/hello/share/hello/hook/pythonpath_develop.sh'
[3.041s] Level 1:colcon.colcon_core.environment:checking '/home/ricbolz/ros2_ws/src/install/hello' for CMake module files
[3.042s] Level 1:colcon.colcon_core.environment:checking '/home/ricbolz/ros2_ws/src/install/hello' for CMake config files
[3.042s] Level 1:colcon.colcon_core.environment:checking '/home/ricbolz/ros2_ws/src/install/hello/lib'
[3.043s] Level 1:colcon.colcon_core.environment:checking '/home/ricbolz/ros2_ws/src/install/hello/bin'
[3.043s] Level 1:colcon.colcon_core.environment:checking '/home/ricbolz/ros2_ws/src/install/hello/lib/pkgconfig/hello.pc'
[3.043s] Level 1:colcon.colcon_core.environment:checking '/home/ricbolz/ros2_ws/src/install/hello/lib/python3.10/site-packages'
[3.043s] Level 1:colcon.colcon_core.shell:create_environment_hook('hello', 'pythonpath')
[3.054s] INFO:colcon.colcon_core.shell:Creating environment hook '/home/ricbolz/ros2_ws/src/install/hello/share/hello/hook/pythonpath.ps1'
[3.055s] INFO:colcon.colcon_core.shell:Creating environment descriptor '/home/ricbolz/ros2_ws/src/install/hello/share/hello/hook/pythonpath.dsv'
[3.056s] INFO:colcon.colcon_core.shell:Creating environment hook '/home/ricbolz/ros2_ws/src/install/hello/share/hello/hook/pythonpath.sh'
[3.057s] Level 1:colcon.colcon_core.environment:checking '/home/ricbolz/ros2_ws/src/install/hello/bin'
[3.057s] Level 1:colcon.colcon_core.environment:create_environment_scripts_only(hello)
[3.069s] INFO:colcon.colcon_core.shell:Creating package script '/home/ricbolz/ros2_ws/src/install/hello/share/hello/package.ps1'
[3.072s] INFO:colcon.colcon_core.shell:Creating package descriptor '/home/ricbolz/ros2_ws/src/install/hello/share/hello/package.dsv'
[3.074s] INFO:colcon.colcon_core.shell:Creating package script '/home/ricbolz/ros2_ws/src/install/hello/share/hello/package.sh'
[3.076s] INFO:colcon.colcon_core.shell:Creating package script '/home/ricbolz/ros2_ws/src/install/hello/share/hello/package.bash'
[3.080s] INFO:colcon.colcon_core.shell:Creating package script '/home/ricbolz/ros2_ws/src/install/hello/share/hello/package.zsh'
[3.086s] Level 1:colcon.colcon_core.environment:create_file_with_runtime_dependencies(/home/ricbolz/ros2_ws/src/install/hello/share/colcon-core/packages/hello)
[3.090s] DEBUG:colcon.colcon_parallel_executor.executor.parallel:closing loop
[3.090s] DEBUG:colcon.colcon_parallel_executor.executor.parallel:loop closed
[3.090s] DEBUG:colcon.colcon_parallel_executor.executor.parallel:run_until_complete finished with '0'
[3.090s] DEBUG:colcon.colcon_core.event_reactor:joining thread
[3.162s] INFO:colcon.colcon_core.plugin_system:Skipping extension 'colcon_notification.desktop_notification.terminal_notifier': Not used on non-Darwin systems
[3.162s] INFO:colcon.colcon_core.plugin_system:Skipping extension 'colcon_notification.desktop_notification.win32': Not used on non-Windows systems
[3.163s] INFO:colcon.colcon_notification.desktop_notification:Sending desktop notification using 'notify2'
[3.213s] DEBUG:colcon.colcon_core.event_reactor:joined thread
[3.235s] INFO:colcon.colcon_core.shell:Creating prefix script '/home/ricbolz/ros2_ws/src/install/local_setup.ps1'
[3.244s] INFO:colcon.colcon_core.shell:Creating prefix util module '/home/ricbolz/ros2_ws/src/install/_local_setup_util_ps1.py'
[3.248s] INFO:colcon.colcon_core.shell:Creating prefix chain script '/home/ricbolz/ros2_ws/src/install/setup.ps1'
[3.269s] INFO:colcon.colcon_core.shell:Creating prefix script '/home/ricbolz/ros2_ws/src/install/local_setup.sh'
[3.271s] INFO:colcon.colcon_core.shell:Creating prefix util module '/home/ricbolz/ros2_ws/src/install/_local_setup_util_sh.py'
[3.271s] INFO:colcon.colcon_core.shell:Creating prefix chain script '/home/ricbolz/ros2_ws/src/install/setup.sh'
[3.295s] INFO:colcon.colcon_core.shell:Creating prefix script '/home/ricbolz/ros2_ws/src/install/local_setup.bash'
[3.297s] INFO:colcon.colcon_core.shell:Creating prefix chain script '/home/ricbolz/ros2_ws/src/install/setup.bash'
[3.318s] INFO:colcon.colcon_core.shell:Creating prefix script '/home/ricbolz/ros2_ws/src/install/local_setup.zsh'
[3.320s] INFO:colcon.colcon_core.shell:Creating prefix chain script '/home/ricbolz/ros2_ws/src/install/setup.zsh'
