[0.781s] Invoking command in '/home/ricbolz/ros2_ws/src/build/hello': PYTHONPATH=/home/ricbolz/ros2_ws/src/build/hello/prefix_override:/home/ricbolz/ros2_ws/src/install/hello/lib/python3.10/site-packages:${PYTHONPATH} /usr/bin/python3 setup.py develop --editable --build-directory /home/ricbolz/ros2_ws/src/build/hello/build --no-deps install_data
[1.003s] running develop
[1.147s] running egg_info
[1.147s] writing hello.egg-info/PKG-INFO
[1.147s] writing dependency_links to hello.egg-info/dependency_links.txt
[1.148s] writing entry points to hello.egg-info/entry_points.txt
[1.152s] writing requirements to hello.egg-info/requires.txt
[1.152s] writing top-level names to hello.egg-info/top_level.txt
[1.152s] reading manifest file 'hello.egg-info/SOURCES.txt'
[1.153s] writing manifest file 'hello.egg-info/SOURCES.txt'
[1.154s] running build_ext
[1.154s] Creating /home/ricbolz/ros2_ws/src/install/hello/lib/python3.10/site-packages/hello.egg-link (link to .)
[1.155s] Installing hello_node script to /home/ricbolz/ros2_ws/src/install/hello/lib/hello
[1.156s] Installing hello_publisher script to /home/ricbolz/ros2_ws/src/install/hello/lib/hello
[1.156s] Installing hello_subscriber script to /home/ricbolz/ros2_ws/src/install/hello/lib/hello
[1.156s] Installing joypad_mouse_controller script to /home/ricbolz/ros2_ws/src/install/hello/lib/hello
[1.156s] Installing lifecycle_node_manager script to /home/ricbolz/ros2_ws/src/install/hello/lib/hello
[1.156s] Installing lightsensor_monitor script to /home/ricbolz/ros2_ws/src/install/hello/lib/hello
[1.156s] Installing line_follower script to /home/ricbolz/ros2_ws/src/install/hello/lib/hello
[1.157s] 
[1.157s] Installed /home/ricbolz/ros2_ws/src/build/hello
[1.157s] running install_data
[1.185s] Invoked command in '/home/ricbolz/ros2_ws/src/build/hello' returned '0': PYTHONPATH=/home/ricbolz/ros2_ws/src/build/hello/prefix_override:/home/ricbolz/ros2_ws/src/install/hello/lib/python3.10/site-packages:${PYTHONPATH} /usr/bin/python3 setup.py develop --editable --build-directory /home/ricbolz/ros2_ws/src/build/hello/build --no-deps install_data
