[0.710s] Invoking command in '/home/ricbolz/ros2_ws/src/build/hello': PYTHONPATH=/home/ricbolz/ros2_ws/src/build/hello/prefix_override:/home/ricbolz/ros2_ws/src/install/hello/lib/python3.10/site-packages:${PYTHONPATH} /usr/bin/python3 setup.py develop --uninstall --editable --build-directory /home/ricbolz/ros2_ws/src/build/hello/build
[1.740s] running develop
[1.893s] Removing /home/ricbolz/ros2_ws/src/install/hello/lib/python3.10/site-packages/hello.egg-link (link to .)
[1.924s] Invoked command in '/home/ricbolz/ros2_ws/src/build/hello' returned '0': PYTHONPATH=/home/ricbolz/ros2_ws/src/build/hello/prefix_override:/home/ricbolz/ros2_ws/src/install/hello/lib/python3.10/site-packages:${PYTHONPATH} /usr/bin/python3 setup.py develop --uninstall --editable --build-directory /home/ricbolz/ros2_ws/src/build/hello/build
[1.927s] Invoking command in '/home/ricbolz/ros2_ws/src/hello': PYTHONPATH=/home/ricbolz/ros2_ws/src/build/hello/prefix_override:/home/ricbolz/ros2_ws/src/install/hello/lib/python3.10/site-packages:${PYTHONPATH} /usr/bin/python3 setup.py egg_info --egg-base ../build/hello build --build-base /home/ricbolz/ros2_ws/src/build/hello/build install --record /home/ricbolz/ros2_ws/src/build/hello/install.log --single-version-externally-managed
[2.298s] running egg_info
[2.299s] writing ../build/hello/hello.egg-info/PKG-INFO
[2.299s] writing dependency_links to ../build/hello/hello.egg-info/dependency_links.txt
[2.300s] writing entry points to ../build/hello/hello.egg-info/entry_points.txt
[2.301s] writing requirements to ../build/hello/hello.egg-info/requires.txt
[2.301s] writing top-level names to ../build/hello/hello.egg-info/top_level.txt
[2.305s] reading manifest file '../build/hello/hello.egg-info/SOURCES.txt'
[2.306s] writing manifest file '../build/hello/hello.egg-info/SOURCES.txt'
[2.307s] running build
[2.307s] running build_py
[2.307s] copying hello/robot_node.py -> /home/ricbolz/ros2_ws/src/build/hello/build/lib/hello
[2.308s] running install
[2.309s] running install_lib
[2.310s] copying /home/ricbolz/ros2_ws/src/build/hello/build/lib/hello/__init__.py -> /home/ricbolz/ros2_ws/src/install/hello/lib/python3.10/site-packages/hello
[2.310s] copying /home/ricbolz/ros2_ws/src/build/hello/build/lib/hello/hello_node.py -> /home/ricbolz/ros2_ws/src/install/hello/lib/python3.10/site-packages/hello
[2.312s] copying /home/ricbolz/ros2_ws/src/build/hello/build/lib/hello/line_follower.py -> /home/ricbolz/ros2_ws/src/install/hello/lib/python3.10/site-packages/hello
[2.313s] copying /home/ricbolz/ros2_ws/src/build/hello/build/lib/hello/JoypadMouseController.py -> /home/ricbolz/ros2_ws/src/install/hello/lib/python3.10/site-packages/hello
[2.314s] copying /home/ricbolz/ros2_ws/src/build/hello/build/lib/hello/hello_subscriber.py -> /home/ricbolz/ros2_ws/src/install/hello/lib/python3.10/site-packages/hello
[2.315s] copying /home/ricbolz/ros2_ws/src/build/hello/build/lib/hello/hello_publisher.py -> /home/ricbolz/ros2_ws/src/install/hello/lib/python3.10/site-packages/hello
[2.315s] copying /home/ricbolz/ros2_ws/src/build/hello/build/lib/hello/robot_node.py -> /home/ricbolz/ros2_ws/src/install/hello/lib/python3.10/site-packages/hello
[2.315s] copying /home/ricbolz/ros2_ws/src/build/hello/build/lib/hello/sound_play.py -> /home/ricbolz/ros2_ws/src/install/hello/lib/python3.10/site-packages/hello
[2.317s] copying /home/ricbolz/ros2_ws/src/build/hello/build/lib/hello/lightsensor_monitor.py -> /home/ricbolz/ros2_ws/src/install/hello/lib/python3.10/site-packages/hello
[2.317s] copying /home/ricbolz/ros2_ws/src/build/hello/build/lib/hello/image_capture.py -> /home/ricbolz/ros2_ws/src/install/hello/lib/python3.10/site-packages/hello
[2.318s] copying /home/ricbolz/ros2_ws/src/build/hello/build/lib/hello/keyboard.py -> /home/ricbolz/ros2_ws/src/install/hello/lib/python3.10/site-packages/hello
[2.319s] copying /home/ricbolz/ros2_ws/src/build/hello/build/lib/hello/key_monitor.py -> /home/ricbolz/ros2_ws/src/install/hello/lib/python3.10/site-packages/hello
[2.319s] copying /home/ricbolz/ros2_ws/src/build/hello/build/lib/hello/image_monitor.py -> /home/ricbolz/ros2_ws/src/install/hello/lib/python3.10/site-packages/hello
[2.320s] copying /home/ricbolz/ros2_ws/src/build/hello/build/lib/hello/lifecycle_node_manager.py -> /home/ricbolz/ros2_ws/src/install/hello/lib/python3.10/site-packages/hello
[2.322s] byte-compiling /home/ricbolz/ros2_ws/src/install/hello/lib/python3.10/site-packages/hello/__init__.py to __init__.cpython-310.pyc
[2.322s] byte-compiling /home/ricbolz/ros2_ws/src/install/hello/lib/python3.10/site-packages/hello/hello_node.py to hello_node.cpython-310.pyc
[2.323s] byte-compiling /home/ricbolz/ros2_ws/src/install/hello/lib/python3.10/site-packages/hello/line_follower.py to line_follower.cpython-310.pyc
[2.324s] byte-compiling /home/ricbolz/ros2_ws/src/install/hello/lib/python3.10/site-packages/hello/JoypadMouseController.py to JoypadMouseController.cpython-310.pyc
[2.325s] byte-compiling /home/ricbolz/ros2_ws/src/install/hello/lib/python3.10/site-packages/hello/hello_subscriber.py to hello_subscriber.cpython-310.pyc
[2.325s] byte-compiling /home/ricbolz/ros2_ws/src/install/hello/lib/python3.10/site-packages/hello/hello_publisher.py to hello_publisher.cpython-310.pyc
[2.325s] byte-compiling /home/ricbolz/ros2_ws/src/install/hello/lib/python3.10/site-packages/hello/robot_node.py to robot_node.cpython-310.pyc
[2.327s] byte-compiling /home/ricbolz/ros2_ws/src/install/hello/lib/python3.10/site-packages/hello/sound_play.py to sound_play.cpython-310.pyc
[2.327s] byte-compiling /home/ricbolz/ros2_ws/src/install/hello/lib/python3.10/site-packages/hello/lightsensor_monitor.py to lightsensor_monitor.cpython-310.pyc
[2.328s] byte-compiling /home/ricbolz/ros2_ws/src/install/hello/lib/python3.10/site-packages/hello/image_capture.py to image_capture.cpython-310.pyc
[2.328s] byte-compiling /home/ricbolz/ros2_ws/src/install/hello/lib/python3.10/site-packages/hello/keyboard.py to keyboard.cpython-310.pyc
[2.329s] byte-compiling /home/ricbolz/ros2_ws/src/install/hello/lib/python3.10/site-packages/hello/key_monitor.py to key_monitor.cpython-310.pyc
[2.329s] byte-compiling /home/ricbolz/ros2_ws/src/install/hello/lib/python3.10/site-packages/hello/image_monitor.py to image_monitor.cpython-310.pyc
[2.330s] byte-compiling /home/ricbolz/ros2_ws/src/install/hello/lib/python3.10/site-packages/hello/lifecycle_node_manager.py to lifecycle_node_manager.cpython-310.pyc
[2.331s] running install_data
[2.332s] running install_egg_info
[2.334s] Copying ../build/hello/hello.egg-info to /home/ricbolz/ros2_ws/src/install/hello/lib/python3.10/site-packages/hello-0.0.0-py3.10.egg-info
[2.335s] running install_scripts
[2.352s] Installing hello_node script to /home/ricbolz/ros2_ws/src/install/hello/lib/hello
[2.354s] Installing hello_publisher script to /home/ricbolz/ros2_ws/src/install/hello/lib/hello
[2.354s] Installing hello_subscriber script to /home/ricbolz/ros2_ws/src/install/hello/lib/hello
[2.355s] Installing joypad_mouse_controller script to /home/ricbolz/ros2_ws/src/install/hello/lib/hello
[2.356s] Installing lifecycle_node_manager script to /home/ricbolz/ros2_ws/src/install/hello/lib/hello
[2.357s] Installing lightsensor_monitor script to /home/ricbolz/ros2_ws/src/install/hello/lib/hello
[2.358s] Installing line_follower script to /home/ricbolz/ros2_ws/src/install/hello/lib/hello
[2.359s] Installing robot_node script to /home/ricbolz/ros2_ws/src/install/hello/lib/hello
[2.360s] writing list of installed files to '/home/ricbolz/ros2_ws/src/build/hello/install.log'
[2.389s] Invoked command in '/home/ricbolz/ros2_ws/src/hello' returned '0': PYTHONPATH=/home/ricbolz/ros2_ws/src/build/hello/prefix_override:/home/ricbolz/ros2_ws/src/install/hello/lib/python3.10/site-packages:${PYTHONPATH} /usr/bin/python3 setup.py egg_info --egg-base ../build/hello build --build-base /home/ricbolz/ros2_ws/src/build/hello/build install --record /home/ricbolz/ros2_ws/src/build/hello/install.log --single-version-externally-managed
