[0.813s] DEBUG:colcon:Command line arguments: ['/usr/bin/colcon', 'build', '--packages-select', 'hello', '--symlink-install']
[0.813s] DEBUG:colcon:Parsed command line arguments: Namespace(log_base=None, log_level=None, verb_name='build', build_base='build', install_base='install', merge_install=False, symlink_install=True, test_result_base=None, continue_on_error=False, executor='parallel', parallel_workers=2, event_handlers=None, ignore_user_meta=False, metas=['./colcon.meta'], base_paths=['.'], packages_ignore=None, packages_ignore_regex=None, paths=None, packages_up_to=None, packages_up_to_regex=None, packages_above=None, packages_above_and_dependencies=None, packages_above_depth=None, packages_select_by_dep=None, packages_skip_by_dep=None, packages_skip_up_to=None, packages_select_build_failed=False, packages_skip_build_finished=False, packages_select_test_failures=False, packages_skip_test_passed=False, packages_select=['hello'], packages_skip=None, packages_select_regex=None, packages_skip_regex=None, packages_start=None, packages_end=None, allow_overriding=[], cmake_args=None, cmake_target=None, cmake_target_skip_unavailable=False, cmake_clean_cache=False, cmake_clean_first=False, cmake_force_configure=False, ament_cmake_args=None, catkin_cmake_args=None, catkin_skip_building_tests=False, verb_parser=<colcon_defaults.argument_parser.defaults.DefaultArgumentsDecorator object at 0x7f8457f2db40>, verb_extension=<colcon_core.verb.build.BuildVerb object at 0x7f8457f2eda0>, main=<bound method BuildVerb.main of <colcon_core.verb.build.BuildVerb object at 0x7f8457f2eda0>>)
[0.850s] Level 1:colcon.colcon_core.package_discovery:discover_packages(colcon_meta) check parameters
[0.850s] Level 1:colcon.colcon_core.package_discovery:discover_packages(recursive) check parameters
[0.850s] Level 1:colcon.colcon_core.package_discovery:discover_packages(ignore) check parameters
[0.850s] Level 1:colcon.colcon_core.package_discovery:discover_packages(path) check parameters
[0.850s] Level 1:colcon.colcon_core.package_discovery:discover_packages(colcon_meta) discover
[0.851s] Level 1:colcon.colcon_core.package_discovery:discover_packages(recursive) discover
[0.851s] INFO:colcon.colcon_core.package_discovery:Crawling recursively for packages in '/home/ricbolz/ros2_ws/src'
[0.851s] Level 1:colcon.colcon_core.package_identification:_identify(.) by extensions ['ignore', 'ignore_ament_install']
[0.851s] Level 1:colcon.colcon_core.package_identification:_identify(.) by extension 'ignore'
[0.851s] Level 1:colcon.colcon_core.package_identification:_identify(.) by extension 'ignore_ament_install'
[0.851s] Level 1:colcon.colcon_core.package_identification:_identify(.) by extensions ['colcon_pkg']
[0.851s] Level 1:colcon.colcon_core.package_identification:_identify(.) by extension 'colcon_pkg'
[0.851s] Level 1:colcon.colcon_core.package_identification:_identify(.) by extensions ['colcon_meta']
[0.851s] Level 1:colcon.colcon_core.package_identification:_identify(.) by extension 'colcon_meta'
[0.851s] Level 1:colcon.colcon_core.package_identification:_identify(.) by extensions ['ros']
[0.851s] Level 1:colcon.colcon_core.package_identification:_identify(.) by extension 'ros'
[0.862s] Level 1:colcon.colcon_core.package_identification:_identify(.) by extensions ['cmake', 'python']
[0.862s] Level 1:colcon.colcon_core.package_identification:_identify(.) by extension 'cmake'
[0.862s] Level 1:colcon.colcon_core.package_identification:_identify(.) by extension 'python'
[0.862s] Level 1:colcon.colcon_core.package_identification:_identify(.) by extensions ['python_setup_py']
[0.862s] Level 1:colcon.colcon_core.package_identification:_identify(.) by extension 'python_setup_py'
[0.863s] Level 1:colcon.colcon_core.package_identification:_identify(build) by extensions ['ignore', 'ignore_ament_install']
[0.863s] Level 1:colcon.colcon_core.package_identification:_identify(build) by extension 'ignore'
[0.863s] Level 1:colcon.colcon_core.package_identification:_identify(build) ignored
[0.863s] Level 1:colcon.colcon_core.package_identification:_identify(hello) by extensions ['ignore', 'ignore_ament_install']
[0.863s] Level 1:colcon.colcon_core.package_identification:_identify(hello) by extension 'ignore'
[0.863s] Level 1:colcon.colcon_core.package_identification:_identify(hello) by extension 'ignore_ament_install'
[0.863s] Level 1:colcon.colcon_core.package_identification:_identify(hello) by extensions ['colcon_pkg']
[0.863s] Level 1:colcon.colcon_core.package_identification:_identify(hello) by extension 'colcon_pkg'
[0.863s] Level 1:colcon.colcon_core.package_identification:_identify(hello) by extensions ['colcon_meta']
[0.863s] Level 1:colcon.colcon_core.package_identification:_identify(hello) by extension 'colcon_meta'
[0.863s] Level 1:colcon.colcon_core.package_identification:_identify(hello) by extensions ['ros']
[0.863s] Level 1:colcon.colcon_core.package_identification:_identify(hello) by extension 'ros'
[0.866s] DEBUG:colcon.colcon_core.package_identification:Package 'hello' with type 'ros.ament_python' and name 'hello'
[0.866s] Level 1:colcon.colcon_core.package_identification:_identify(install) by extensions ['ignore', 'ignore_ament_install']
[0.866s] Level 1:colcon.colcon_core.package_identification:_identify(install) by extension 'ignore'
[0.866s] Level 1:colcon.colcon_core.package_identification:_identify(install) ignored
[0.866s] Level 1:colcon.colcon_core.package_identification:_identify(log) by extensions ['ignore', 'ignore_ament_install']
[0.867s] Level 1:colcon.colcon_core.package_identification:_identify(log) by extension 'ignore'
[0.867s] Level 1:colcon.colcon_core.package_identification:_identify(log) ignored
[0.867s] Level 1:colcon.colcon_core.package_identification:_identify(mr_exp_samples) by extensions ['ignore', 'ignore_ament_install']
[0.867s] Level 1:colcon.colcon_core.package_identification:_identify(mr_exp_samples) by extension 'ignore'
[0.867s] Level 1:colcon.colcon_core.package_identification:_identify(mr_exp_samples) by extension 'ignore_ament_install'
[0.867s] Level 1:colcon.colcon_core.package_identification:_identify(mr_exp_samples) by extensions ['colcon_pkg']
[0.867s] Level 1:colcon.colcon_core.package_identification:_identify(mr_exp_samples) by extension 'colcon_pkg'
[0.867s] Level 1:colcon.colcon_core.package_identification:_identify(mr_exp_samples) by extensions ['colcon_meta']
[0.867s] Level 1:colcon.colcon_core.package_identification:_identify(mr_exp_samples) by extension 'colcon_meta'
[0.867s] Level 1:colcon.colcon_core.package_identification:_identify(mr_exp_samples) by extensions ['ros']
[0.867s] Level 1:colcon.colcon_core.package_identification:_identify(mr_exp_samples) by extension 'ros'
[0.867s] DEBUG:colcon.colcon_core.package_identification:Package 'mr_exp_samples' with type 'ros.ament_python' and name 'mr_exp_samples'
[0.868s] Level 1:colcon.colcon_core.package_identification:_identify(raspimouse2) by extensions ['ignore', 'ignore_ament_install']
[0.868s] Level 1:colcon.colcon_core.package_identification:_identify(raspimouse2) by extension 'ignore'
[0.868s] Level 1:colcon.colcon_core.package_identification:_identify(raspimouse2) by extension 'ignore_ament_install'
[0.868s] Level 1:colcon.colcon_core.package_identification:_identify(raspimouse2) by extensions ['colcon_pkg']
[0.868s] Level 1:colcon.colcon_core.package_identification:_identify(raspimouse2) by extension 'colcon_pkg'
[0.868s] Level 1:colcon.colcon_core.package_identification:_identify(raspimouse2) by extensions ['colcon_meta']
[0.868s] Level 1:colcon.colcon_core.package_identification:_identify(raspimouse2) by extension 'colcon_meta'
[0.868s] Level 1:colcon.colcon_core.package_identification:_identify(raspimouse2) by extensions ['ros']
[0.868s] Level 1:colcon.colcon_core.package_identification:_identify(raspimouse2) by extension 'ros'
[0.868s] Level 1:colcon.colcon_core.package_identification:_identify(raspimouse2) by extensions ['cmake', 'python']
[0.868s] Level 1:colcon.colcon_core.package_identification:_identify(raspimouse2) by extension 'cmake'
[0.869s] Level 1:colcon.colcon_core.package_identification:_identify(raspimouse2) by extension 'python'
[0.869s] Level 1:colcon.colcon_core.package_identification:_identify(raspimouse2) by extensions ['python_setup_py']
[0.869s] Level 1:colcon.colcon_core.package_identification:_identify(raspimouse2) by extension 'python_setup_py'
[0.869s] Level 1:colcon.colcon_core.package_identification:_identify(raspimouse2/raspimouse) by extensions ['ignore', 'ignore_ament_install']
[0.869s] Level 1:colcon.colcon_core.package_identification:_identify(raspimouse2/raspimouse) by extension 'ignore'
[0.869s] Level 1:colcon.colcon_core.package_identification:_identify(raspimouse2/raspimouse) by extension 'ignore_ament_install'
[0.869s] Level 1:colcon.colcon_core.package_identification:_identify(raspimouse2/raspimouse) by extensions ['colcon_pkg']
[0.869s] Level 1:colcon.colcon_core.package_identification:_identify(raspimouse2/raspimouse) by extension 'colcon_pkg'
[0.869s] Level 1:colcon.colcon_core.package_identification:_identify(raspimouse2/raspimouse) by extensions ['colcon_meta']
[0.869s] Level 1:colcon.colcon_core.package_identification:_identify(raspimouse2/raspimouse) by extension 'colcon_meta'
[0.869s] Level 1:colcon.colcon_core.package_identification:_identify(raspimouse2/raspimouse) by extensions ['ros']
[0.869s] Level 1:colcon.colcon_core.package_identification:_identify(raspimouse2/raspimouse) by extension 'ros'
[0.870s] DEBUG:colcon.colcon_core.package_identification:Package 'raspimouse2/raspimouse' with type 'ros.ament_cmake' and name 'raspimouse'
[0.870s] Level 1:colcon.colcon_core.package_identification:_identify(raspimouse2/raspimouse_msgs) by extensions ['ignore', 'ignore_ament_install']
[0.870s] Level 1:colcon.colcon_core.package_identification:_identify(raspimouse2/raspimouse_msgs) by extension 'ignore'
[0.870s] Level 1:colcon.colcon_core.package_identification:_identify(raspimouse2/raspimouse_msgs) by extension 'ignore_ament_install'
[0.870s] Level 1:colcon.colcon_core.package_identification:_identify(raspimouse2/raspimouse_msgs) by extensions ['colcon_pkg']
[0.870s] Level 1:colcon.colcon_core.package_identification:_identify(raspimouse2/raspimouse_msgs) by extension 'colcon_pkg'
[0.870s] Level 1:colcon.colcon_core.package_identification:_identify(raspimouse2/raspimouse_msgs) by extensions ['colcon_meta']
[0.870s] Level 1:colcon.colcon_core.package_identification:_identify(raspimouse2/raspimouse_msgs) by extension 'colcon_meta'
[0.870s] Level 1:colcon.colcon_core.package_identification:_identify(raspimouse2/raspimouse_msgs) by extensions ['ros']
[0.870s] Level 1:colcon.colcon_core.package_identification:_identify(raspimouse2/raspimouse_msgs) by extension 'ros'
[0.871s] DEBUG:colcon.colcon_core.package_identification:Package 'raspimouse2/raspimouse_msgs' with type 'ros.ament_cmake' and name 'raspimouse_msgs'
[0.871s] Level 1:colcon.colcon_core.package_identification:_identify(raspimouse_ros2_examples) by extensions ['ignore', 'ignore_ament_install']
[0.871s] Level 1:colcon.colcon_core.package_identification:_identify(raspimouse_ros2_examples) by extension 'ignore'
[0.871s] Level 1:colcon.colcon_core.package_identification:_identify(raspimouse_ros2_examples) by extension 'ignore_ament_install'
[0.871s] Level 1:colcon.colcon_core.package_identification:_identify(raspimouse_ros2_examples) by extensions ['colcon_pkg']
[0.871s] Level 1:colcon.colcon_core.package_identification:_identify(raspimouse_ros2_examples) by extension 'colcon_pkg'
[0.871s] Level 1:colcon.colcon_core.package_identification:_identify(raspimouse_ros2_examples) by extensions ['colcon_meta']
[0.871s] Level 1:colcon.colcon_core.package_identification:_identify(raspimouse_ros2_examples) by extension 'colcon_meta'
[0.871s] Level 1:colcon.colcon_core.package_identification:_identify(raspimouse_ros2_examples) by extensions ['ros']
[0.871s] Level 1:colcon.colcon_core.package_identification:_identify(raspimouse_ros2_examples) by extension 'ros'
[0.871s] Level 1:colcon.colcon_core.package_identification:_identify(raspimouse_ros2_examples) by extensions ['cmake', 'python']
[0.871s] Level 1:colcon.colcon_core.package_identification:_identify(raspimouse_ros2_examples) by extension 'cmake'
[0.871s] Level 1:colcon.colcon_core.package_identification:_identify(raspimouse_ros2_examples) by extension 'python'
[0.871s] Level 1:colcon.colcon_core.package_identification:_identify(raspimouse_ros2_examples) by extensions ['python_setup_py']
[0.871s] Level 1:colcon.colcon_core.package_identification:_identify(raspimouse_ros2_examples) by extension 'python_setup_py'
[0.872s] Level 1:colcon.colcon_core.package_identification:_identify(text_to_speech) by extensions ['ignore', 'ignore_ament_install']
[0.872s] Level 1:colcon.colcon_core.package_identification:_identify(text_to_speech) by extension 'ignore'
[0.872s] Level 1:colcon.colcon_core.package_identification:_identify(text_to_speech) by extension 'ignore_ament_install'
[0.872s] Level 1:colcon.colcon_core.package_identification:_identify(text_to_speech) by extensions ['colcon_pkg']
[0.872s] Level 1:colcon.colcon_core.package_identification:_identify(text_to_speech) by extension 'colcon_pkg'
[0.872s] Level 1:colcon.colcon_core.package_identification:_identify(text_to_speech) by extensions ['colcon_meta']
[0.872s] Level 1:colcon.colcon_core.package_identification:_identify(text_to_speech) by extension 'colcon_meta'
[0.872s] Level 1:colcon.colcon_core.package_identification:_identify(text_to_speech) by extensions ['ros']
[0.872s] Level 1:colcon.colcon_core.package_identification:_identify(text_to_speech) by extension 'ros'
[0.872s] Level 1:colcon.colcon_core.package_identification:_identify(text_to_speech) by extensions ['cmake', 'python']
[0.872s] Level 1:colcon.colcon_core.package_identification:_identify(text_to_speech) by extension 'cmake'
[0.872s] Level 1:colcon.colcon_core.package_identification:_identify(text_to_speech) by extension 'python'
[0.872s] Level 1:colcon.colcon_core.package_identification:_identify(text_to_speech) by extensions ['python_setup_py']
[0.873s] Level 1:colcon.colcon_core.package_identification:_identify(text_to_speech) by extension 'python_setup_py'
[0.873s] Level 1:colcon.colcon_core.package_discovery:discover_packages(recursive) using defaults
[0.873s] Level 1:colcon.colcon_core.package_discovery:discover_packages(ignore) discover
[0.873s] Level 1:colcon.colcon_core.package_discovery:discover_packages(ignore) using defaults
[0.873s] Level 1:colcon.colcon_core.package_discovery:discover_packages(path) discover
[0.873s] Level 1:colcon.colcon_core.package_discovery:discover_packages(path) using defaults
[0.938s] INFO:colcon.colcon_core.package_selection:Skipping not selected package 'mr_exp_samples' in 'mr_exp_samples'
[0.939s] INFO:colcon.colcon_core.package_selection:Skipping not selected package 'raspimouse_msgs' in 'raspimouse2/raspimouse_msgs'
[0.939s] INFO:colcon.colcon_core.package_selection:Skipping not selected package 'raspimouse' in 'raspimouse2/raspimouse'
[0.962s] Level 1:colcon.colcon_core.package_discovery:discover_packages(prefix_path) check parameters
[0.962s] Level 1:colcon.colcon_core.package_discovery:discover_packages(prefix_path) discover
[0.985s] DEBUG:colcon.colcon_installed_package_information.package_discovery:Found 2 installed packages in /home/ricbolz/ros2_ws/install
[0.998s] DEBUG:colcon.colcon_installed_package_information.package_discovery:Found 272 installed packages in /opt/ros/humble
[0.999s] Level 1:colcon.colcon_core.package_discovery:discover_packages(prefix_path) using defaults
[1.078s] Level 5:colcon.colcon_core.verb:set package 'hello' build argument 'cmake_args' from command line to 'None'
[1.078s] Level 5:colcon.colcon_core.verb:set package 'hello' build argument 'cmake_target' from command line to 'None'
[1.078s] Level 5:colcon.colcon_core.verb:set package 'hello' build argument 'cmake_target_skip_unavailable' from command line to 'False'
[1.078s] Level 5:colcon.colcon_core.verb:set package 'hello' build argument 'cmake_clean_cache' from command line to 'False'
[1.078s] Level 5:colcon.colcon_core.verb:set package 'hello' build argument 'cmake_clean_first' from command line to 'False'
[1.078s] Level 5:colcon.colcon_core.verb:set package 'hello' build argument 'cmake_force_configure' from command line to 'False'
[1.078s] Level 5:colcon.colcon_core.verb:set package 'hello' build argument 'ament_cmake_args' from command line to 'None'
[1.078s] Level 5:colcon.colcon_core.verb:set package 'hello' build argument 'catkin_cmake_args' from command line to 'None'
[1.078s] Level 5:colcon.colcon_core.verb:set package 'hello' build argument 'catkin_skip_building_tests' from command line to 'False'
[1.078s] DEBUG:colcon.colcon_core.verb:Building package 'hello' with the following arguments: {'ament_cmake_args': None, 'build_base': '/home/ricbolz/ros2_ws/src/build/hello', 'catkin_cmake_args': None, 'catkin_skip_building_tests': False, 'cmake_args': None, 'cmake_clean_cache': False, 'cmake_clean_first': False, 'cmake_force_configure': False, 'cmake_target': None, 'cmake_target_skip_unavailable': False, 'install_base': '/home/ricbolz/ros2_ws/src/install/hello', 'merge_install': False, 'path': '/home/ricbolz/ros2_ws/src/hello', 'symlink_install': True, 'test_result_base': None}
[1.089s] INFO:colcon.colcon_core.executor:Executing jobs using 'parallel' executor
[1.101s] DEBUG:colcon.colcon_parallel_executor.executor.parallel:run_until_complete
[1.101s] INFO:colcon.colcon_ros.task.ament_python.build:Building ROS package in '/home/ricbolz/ros2_ws/src/hello' with build type 'ament_python'
[1.102s] Level 1:colcon.colcon_core.shell:create_environment_hook('hello', 'ament_prefix_path')
[1.123s] INFO:colcon.colcon_core.plugin_system:Skipping extension 'colcon_core.shell.bat': Not used on non-Windows systems
[1.135s] INFO:colcon.colcon_core.shell:Creating environment hook '/home/ricbolz/ros2_ws/src/install/hello/share/hello/hook/ament_prefix_path.ps1'
[1.138s] INFO:colcon.colcon_core.shell:Creating environment descriptor '/home/ricbolz/ros2_ws/src/install/hello/share/hello/hook/ament_prefix_path.dsv'
[1.139s] INFO:colcon.colcon_core.shell:Creating environment hook '/home/ricbolz/ros2_ws/src/install/hello/share/hello/hook/ament_prefix_path.sh'
[1.169s] INFO:colcon.colcon_core.shell:Skip shell extension 'powershell' for command environment: Not usable outside of PowerShell
[1.171s] DEBUG:colcon.colcon_core.shell:Skip shell extension 'dsv' for command environment
[1.427s] INFO:colcon.colcon_core.task.python.build:Building Python package in '/home/ricbolz/ros2_ws/src/hello'
[1.437s] INFO:colcon.colcon_core.shell:Skip shell extension 'powershell' for command environment: Not usable outside of PowerShell
[1.437s] DEBUG:colcon.colcon_core.shell:Skip shell extension 'dsv' for command environment
[1.806s] DEBUG:colcon.colcon_core.task.python.build:While undoing a previous installation files outside the Python library path are being ignored: /home/ricbolz/ros2_ws/src/install/hello/share/ament_index/resource_index/packages/hello
[1.806s] DEBUG:colcon.colcon_core.task.python.build:While undoing a previous installation files outside the Python library path are being ignored: /home/ricbolz/ros2_ws/src/install/hello/share/hello/package.xml
[1.806s] DEBUG:colcon.colcon_core.task.python.build:While undoing a previous installation files outside the Python library path are being ignored: /home/ricbolz/ros2_ws/src/install/hello/share/hello/topic_launch.py
[1.806s] DEBUG:colcon.colcon_core.task.python.build:While undoing a previous installation files outside the Python library path are being ignored: /home/ricbolz/ros2_ws/src/install/hello/share/hello/text_to_speech_launch.py
[1.806s] DEBUG:colcon.colcon_core.task.python.build:While undoing a previous installation files outside the Python library path are being ignored: /home/ricbolz/ros2_ws/src/install/hello/share/hello/line_follower_launch.py
[1.806s] DEBUG:colcon.colcon_core.task.python.build:While undoing a previous installation files outside the Python library path are being ignored: /home/ricbolz/ros2_ws/src/install/hello/share/hello/follow_launch.py
[1.806s] DEBUG:colcon.colcon_core.task.python.build:While undoing a previous installation files outside the Python library path are being ignored: /home/ricbolz/ros2_ws/src/install/hello/lib/hello/hello_node
[1.806s] DEBUG:colcon.colcon_core.task.python.build:While undoing a previous installation files outside the Python library path are being ignored: /home/ricbolz/ros2_ws/src/install/hello/lib/hello/hello_publisher
[1.806s] DEBUG:colcon.colcon_core.task.python.build:While undoing a previous installation files outside the Python library path are being ignored: /home/ricbolz/ros2_ws/src/install/hello/lib/hello/hello_subscriber
[1.806s] DEBUG:colcon.colcon_core.task.python.build:While undoing a previous installation files outside the Python library path are being ignored: /home/ricbolz/ros2_ws/src/install/hello/lib/hello/joypad_mouse_controller
[1.806s] DEBUG:colcon.colcon_core.task.python.build:While undoing a previous installation files outside the Python library path are being ignored: /home/ricbolz/ros2_ws/src/install/hello/lib/hello/lifecycle_node_manager
[1.806s] DEBUG:colcon.colcon_core.task.python.build:While undoing a previous installation files outside the Python library path are being ignored: /home/ricbolz/ros2_ws/src/install/hello/lib/hello/lightsensor_monitor
[1.806s] DEBUG:colcon.colcon_core.task.python.build:While undoing a previous installation files outside the Python library path are being ignored: /home/ricbolz/ros2_ws/src/install/hello/lib/hello/line_follower
[1.816s] DEBUG:colcon.colcon_core.event_handler.log_command:Invoking command in '/home/ricbolz/ros2_ws/src/build/hello': PYTHONPATH=/home/ricbolz/ros2_ws/src/build/hello/prefix_override:/home/ricbolz/ros2_ws/src/install/hello/lib/python3.10/site-packages:${PYTHONPATH} /usr/bin/python3 setup.py develop --editable --build-directory /home/ricbolz/ros2_ws/src/build/hello/build --no-deps install_data
[2.154s] Level 1:colcon.colcon_core.shell:create_environment_hook('hello', 'pythonpath_develop')
[2.155s] DEBUG:colcon.colcon_core.event_handler.log_command:Invoked command in '/home/ricbolz/ros2_ws/src/build/hello' returned '0': PYTHONPATH=/home/ricbolz/ros2_ws/src/build/hello/prefix_override:/home/ricbolz/ros2_ws/src/install/hello/lib/python3.10/site-packages:${PYTHONPATH} /usr/bin/python3 setup.py develop --editable --build-directory /home/ricbolz/ros2_ws/src/build/hello/build --no-deps install_data
[2.174s] INFO:colcon.colcon_core.shell:Creating environment hook '/home/ricbolz/ros2_ws/src/build/hello/share/hello/hook/pythonpath_develop.ps1'
[2.175s] INFO:colcon.colcon_core.shell:Creating environment descriptor '/home/ricbolz/ros2_ws/src/build/hello/share/hello/hook/pythonpath_develop.dsv'
[2.175s] INFO:colcon.colcon_core.shell:Creating environment hook '/home/ricbolz/ros2_ws/src/build/hello/share/hello/hook/pythonpath_develop.sh'
[2.191s] Level 1:colcon.colcon_core.environment:checking '/home/ricbolz/ros2_ws/src/install/hello' for CMake module files
[2.193s] Level 1:colcon.colcon_core.environment:checking '/home/ricbolz/ros2_ws/src/install/hello' for CMake config files
[2.194s] Level 1:colcon.colcon_core.environment:checking '/home/ricbolz/ros2_ws/src/install/hello/lib'
[2.194s] Level 1:colcon.colcon_core.environment:checking '/home/ricbolz/ros2_ws/src/install/hello/bin'
[2.194s] Level 1:colcon.colcon_core.environment:checking '/home/ricbolz/ros2_ws/src/install/hello/lib/pkgconfig/hello.pc'
[2.194s] Level 1:colcon.colcon_core.environment:checking '/home/ricbolz/ros2_ws/src/install/hello/lib/python3.10/site-packages'
[2.194s] Level 1:colcon.colcon_core.shell:create_environment_hook('hello', 'pythonpath')
[2.219s] INFO:colcon.colcon_core.shell:Creating environment hook '/home/ricbolz/ros2_ws/src/install/hello/share/hello/hook/pythonpath.ps1'
[2.221s] INFO:colcon.colcon_core.shell:Creating environment descriptor '/home/ricbolz/ros2_ws/src/install/hello/share/hello/hook/pythonpath.dsv'
[2.222s] INFO:colcon.colcon_core.shell:Creating environment hook '/home/ricbolz/ros2_ws/src/install/hello/share/hello/hook/pythonpath.sh'
[2.223s] Level 1:colcon.colcon_core.environment:checking '/home/ricbolz/ros2_ws/src/install/hello/bin'
[2.223s] Level 1:colcon.colcon_core.environment:create_environment_scripts_only(hello)
[2.233s] INFO:colcon.colcon_core.shell:Creating package script '/home/ricbolz/ros2_ws/src/install/hello/share/hello/package.ps1'
[2.235s] INFO:colcon.colcon_core.shell:Creating package descriptor '/home/ricbolz/ros2_ws/src/install/hello/share/hello/package.dsv'
[2.241s] INFO:colcon.colcon_core.shell:Creating package script '/home/ricbolz/ros2_ws/src/install/hello/share/hello/package.sh'
[2.242s] INFO:colcon.colcon_core.shell:Creating package script '/home/ricbolz/ros2_ws/src/install/hello/share/hello/package.bash'
[2.243s] INFO:colcon.colcon_core.shell:Creating package script '/home/ricbolz/ros2_ws/src/install/hello/share/hello/package.zsh'
[2.244s] Level 1:colcon.colcon_core.environment:create_file_with_runtime_dependencies(/home/ricbolz/ros2_ws/src/install/hello/share/colcon-core/packages/hello)
[2.244s] DEBUG:colcon.colcon_parallel_executor.executor.parallel:closing loop
[2.246s] DEBUG:colcon.colcon_parallel_executor.executor.parallel:loop closed
[2.246s] DEBUG:colcon.colcon_parallel_executor.executor.parallel:run_until_complete finished with '0'
[2.246s] DEBUG:colcon.colcon_core.event_reactor:joining thread
[2.270s] INFO:colcon.colcon_core.plugin_system:Skipping extension 'colcon_notification.desktop_notification.terminal_notifier': Not used on non-Darwin systems
[2.270s] INFO:colcon.colcon_core.plugin_system:Skipping extension 'colcon_notification.desktop_notification.win32': Not used on non-Windows systems
[2.270s] INFO:colcon.colcon_notification.desktop_notification:Sending desktop notification using 'notify2'
[2.341s] DEBUG:colcon.colcon_core.event_reactor:joined thread
[2.356s] INFO:colcon.colcon_core.shell:Creating prefix script '/home/ricbolz/ros2_ws/src/install/local_setup.ps1'
[2.358s] INFO:colcon.colcon_core.shell:Creating prefix util module '/home/ricbolz/ros2_ws/src/install/_local_setup_util_ps1.py'
[2.359s] INFO:colcon.colcon_core.shell:Creating prefix chain script '/home/ricbolz/ros2_ws/src/install/setup.ps1'
[2.377s] INFO:colcon.colcon_core.shell:Creating prefix script '/home/ricbolz/ros2_ws/src/install/local_setup.sh'
[2.378s] INFO:colcon.colcon_core.shell:Creating prefix util module '/home/ricbolz/ros2_ws/src/install/_local_setup_util_sh.py'
[2.378s] INFO:colcon.colcon_core.shell:Creating prefix chain script '/home/ricbolz/ros2_ws/src/install/setup.sh'
[2.391s] INFO:colcon.colcon_core.shell:Creating prefix script '/home/ricbolz/ros2_ws/src/install/local_setup.bash'
[2.392s] INFO:colcon.colcon_core.shell:Creating prefix chain script '/home/ricbolz/ros2_ws/src/install/setup.bash'
[2.407s] INFO:colcon.colcon_core.shell:Creating prefix script '/home/ricbolz/ros2_ws/src/install/local_setup.zsh'
[2.408s] INFO:colcon.colcon_core.shell:Creating prefix chain script '/home/ricbolz/ros2_ws/src/install/setup.zsh'
