-- Found ament_cmake: 1.3.6 (/opt/ros/humble/share/ament_cmake/cmake)
-- Override CMake install command with custom implementation using symlinks instead of copying resources
-- Found rclcpp: 16.0.7 (/opt/ros/humble/share/rclcpp/cmake)
-- Found rosidl_generator_c: 3.1.5 (/opt/ros/humble/share/rosidl_generator_c/cmake)
-- Found rosidl_adapter: 3.1.5 (/opt/ros/humble/share/rosidl_adapter/cmake)
-- Found rosidl_generator_cpp: 3.1.5 (/opt/ros/humble/share/rosidl_generator_cpp/cmake)
-- Using all available rosidl_typesupport_c: rosidl_typesupport_fastrtps_c;rosidl_typesupport_introspection_c
-- Using all available rosidl_typesupport_cpp: rosidl_typesupport_fastrtps_cpp;rosidl_typesupport_introspection_cpp
-- Found rmw_implementation_cmake: 6.1.1 (/opt/ros/humble/share/rmw_implementation_cmake/cmake)
-- Found rmw_fastrtps_cpp: 6.2.5 (/opt/ros/humble/share/rmw_fastrtps_cpp/cmake)
-- Using RMW implementation 'rmw_fastrtps_cpp' as default
-- Found rclcpp_lifecycle: 16.0.7 (/opt/ros/humble/share/rclcpp_lifecycle/cmake)
-- Found rclcpp_components: 16.0.7 (/opt/ros/humble/share/rclcpp_components/cmake)
-- Found std_srvs: 4.2.3 (/opt/ros/humble/share/std_srvs/cmake)
-- Found geometry_msgs: 4.2.3 (/opt/ros/humble/share/geometry_msgs/cmake)
-- Found nav_msgs: 4.2.3 (/opt/ros/humble/share/nav_msgs/cmake)
-- Found tf2: 0.25.5 (/opt/ros/humble/share/tf2/cmake)
-- Found tf2_ros: 0.25.5 (/opt/ros/humble/share/tf2_ros/cmake)
-- Found raspimouse_msgs: 1.1.2 (/home/ricbolz/ros2_ws/src/install/raspimouse_msgs/share/raspimouse_msgs/cmake)
-- Found ament_lint_auto: 0.12.9 (/opt/ros/humble/share/ament_lint_auto/cmake)
-- Added test 'copyright' to check source files copyright and LICENSE
-- Added test 'cppcheck' to perform static code analysis on C / C++ code
-- Configured cppcheck include dirs: /home/ricbolz/ros2_ws/src/raspimouse2/raspimouse/include
-- Configured cppcheck exclude dirs and/or files: 
-- Added test 'cpplint' to check C / C++ code against the Google style
-- Configured cpplint exclude dirs and/or files: 
-- Added test 'flake8' to check Python code syntax and style conventions
-- Added test 'lint_cmake' to check CMake code style
-- Added test 'pep257' to check Python code against some of the docstring style conventions in PEP 257
-- Added test 'uncrustify' to check C / C++ code style
-- Configured uncrustify additional arguments: 
-- Added test 'xmllint' to check XML markup files
-- Configuring done
-- Generating done
-- Build files have been written to: /home/ricbolz/ros2_ws/src/build/raspimouse
[35m[1mConsolidate compiler generated dependencies of target raspimouse_component[0m
[ 50%] Built target raspimouse_component
[35m[1mConsolidate compiler generated dependencies of target raspimouse[0m
[100%] Built target raspimouse
-- Install configuration: ""
-- Execute custom install script
-- Up-to-date symlink: /home/ricbolz/ros2_ws/src/install/raspimouse/share/raspimouse/environment/library_path.sh
-- Up-to-date symlink: /home/ricbolz/ros2_ws/src/install/raspimouse/share/raspimouse/environment/library_path.dsv
-- Up-to-date symlink: /home/ricbolz/ros2_ws/src/install/raspimouse/include/raspimouse/raspimouse_component.hpp
-- Up-to-date symlink: /home/ricbolz/ros2_ws/src/install/raspimouse/share/raspimouse//launch/raspimouse.launch.py
-- Up-to-date symlink: /home/ricbolz/ros2_ws/src/install/raspimouse/share/raspimouse//config/params.yaml
-- Up-to-date symlink: /home/ricbolz/ros2_ws/src/install/raspimouse/lib/raspimouse/raspimouse
-- Up-to-date symlink: /home/ricbolz/ros2_ws/src/install/raspimouse/share/ament_index/resource_index/package_run_dependencies/raspimouse
-- Up-to-date symlink: /home/ricbolz/ros2_ws/src/install/raspimouse/share/ament_index/resource_index/parent_prefix_path/raspimouse
-- Up-to-date symlink: /home/ricbolz/ros2_ws/src/install/raspimouse/share/raspimouse/environment/ament_prefix_path.sh
-- Up-to-date symlink: /home/ricbolz/ros2_ws/src/install/raspimouse/share/raspimouse/environment/ament_prefix_path.dsv
-- Up-to-date symlink: /home/ricbolz/ros2_ws/src/install/raspimouse/share/raspimouse/environment/path.sh
-- Up-to-date symlink: /home/ricbolz/ros2_ws/src/install/raspimouse/share/raspimouse/environment/path.dsv
-- Up-to-date symlink: /home/ricbolz/ros2_ws/src/install/raspimouse/share/raspimouse/local_setup.bash
-- Up-to-date symlink: /home/ricbolz/ros2_ws/src/install/raspimouse/share/raspimouse/local_setup.sh
-- Up-to-date symlink: /home/ricbolz/ros2_ws/src/install/raspimouse/share/raspimouse/local_setup.zsh
-- Up-to-date symlink: /home/ricbolz/ros2_ws/src/install/raspimouse/share/raspimouse/local_setup.dsv
-- Symlinking: /home/ricbolz/ros2_ws/src/install/raspimouse/share/raspimouse/package.dsv
-- Up-to-date symlink: /home/ricbolz/ros2_ws/src/install/raspimouse/share/ament_index/resource_index/packages/raspimouse
-- Up-to-date symlink: /home/ricbolz/ros2_ws/src/install/raspimouse/share/ament_index/resource_index/rclcpp_components/raspimouse
-- Up-to-date symlink: /home/ricbolz/ros2_ws/src/install/raspimouse/share/raspimouse/cmake/ament_cmake_export_targets-extras.cmake
-- Up-to-date symlink: /home/ricbolz/ros2_ws/src/install/raspimouse/share/raspimouse/cmake/ament_cmake_export_dependencies-extras.cmake
-- Up-to-date symlink: /home/ricbolz/ros2_ws/src/install/raspimouse/share/raspimouse/cmake/ament_cmake_export_include_directories-extras.cmake
-- Up-to-date symlink: /home/ricbolz/ros2_ws/src/install/raspimouse/share/raspimouse/cmake/ament_cmake_export_libraries-extras.cmake
-- Up-to-date symlink: /home/ricbolz/ros2_ws/src/install/raspimouse/share/raspimouse/cmake/raspimouseConfig.cmake
-- Up-to-date symlink: /home/ricbolz/ros2_ws/src/install/raspimouse/share/raspimouse/cmake/raspimouseConfig-version.cmake
-- Up-to-date symlink: /home/ricbolz/ros2_ws/src/install/raspimouse/share/raspimouse/package.xml
-- Up-to-date: /home/ricbolz/ros2_ws/src/install/raspimouse/lib/libraspimouse_component.so
-- Up-to-date: /home/ricbolz/ros2_ws/src/install/raspimouse/share/raspimouse/cmake/export_raspimouse_componentExport.cmake
-- Up-to-date: /home/ricbolz/ros2_ws/src/install/raspimouse/share/raspimouse/cmake/export_raspimouse_componentExport-noconfig.cmake
