[0.078s] Invoking command in '/home/ricbolz/ros2_ws/src/build/raspimouse': AMENT_PREFIX_PATH=/home/ricbolz/ros2_ws/src/install/raspimouse_msgs:${AMENT_PREFIX_PATH} CMAKE_PREFIX_PATH=/home/ricbolz/ros2_ws/src/install/raspimouse_msgs:/home/ricbolz/ros2_ws/install/raspimouse:/home/ricbolz/ros2_ws/install/raspimouse_msgs:/opt/ros/humble LD_LIBRARY_PATH=/home/ricbolz/ros2_ws/src/install/raspimouse_msgs/lib:${LD_LIBRARY_PATH} PYTHONPATH=/home/ricbolz/ros2_ws/src/install/raspimouse_msgs/local/lib/python3.10/dist-packages:${PYTHONPATH} /usr/bin/cmake /home/ricbolz/ros2_ws/src/raspimouse2/raspimouse -DCMAKE_INSTALL_PREFIX=/home/ricbolz/ros2_ws/src/install/raspimouse
[0.128s] -- Found ament_cmake: 1.3.6 (/opt/ros/humble/share/ament_cmake/cmake)
[0.285s] -- Override CMake install command with custom implementation using symlinks instead of copying resources
[0.289s] -- Found rclcpp: 16.0.7 (/opt/ros/humble/share/rclcpp/cmake)
[0.331s] -- Found rosidl_generator_c: 3.1.5 (/opt/ros/humble/share/rosidl_generator_c/cmake)
[0.333s] -- Found rosidl_adapter: 3.1.5 (/opt/ros/humble/share/rosidl_adapter/cmake)
[0.345s] -- Found rosidl_generator_cpp: 3.1.5 (/opt/ros/humble/share/rosidl_generator_cpp/cmake)
[0.357s] -- Using all available rosidl_typesupport_c: rosidl_typesupport_fastrtps_c;rosidl_typesupport_introspection_c
[0.376s] -- Using all available rosidl_typesupport_cpp: rosidl_typesupport_fastrtps_cpp;rosidl_typesupport_introspection_cpp
[0.432s] -- Found rmw_implementation_cmake: 6.1.1 (/opt/ros/humble/share/rmw_implementation_cmake/cmake)
[0.434s] -- Found rmw_fastrtps_cpp: 6.2.5 (/opt/ros/humble/share/rmw_fastrtps_cpp/cmake)
[0.555s] -- Using RMW implementation 'rmw_fastrtps_cpp' as default
[0.692s] -- Found rclcpp_lifecycle: 16.0.7 (/opt/ros/humble/share/rclcpp_lifecycle/cmake)
[0.727s] -- Found rclcpp_components: 16.0.7 (/opt/ros/humble/share/rclcpp_components/cmake)
[0.777s] -- Found std_srvs: 4.2.3 (/opt/ros/humble/share/std_srvs/cmake)
[0.792s] -- Found geometry_msgs: 4.2.3 (/opt/ros/humble/share/geometry_msgs/cmake)
[0.830s] -- Found nav_msgs: 4.2.3 (/opt/ros/humble/share/nav_msgs/cmake)
[0.904s] -- Found tf2: 0.25.5 (/opt/ros/humble/share/tf2/cmake)
[0.911s] -- Found tf2_ros: 0.25.5 (/opt/ros/humble/share/tf2_ros/cmake)
[1.132s] -- Found raspimouse_msgs: 1.1.2 (/home/ricbolz/ros2_ws/src/install/raspimouse_msgs/share/raspimouse_msgs/cmake)
[1.155s] -- Found ament_lint_auto: 0.12.9 (/opt/ros/humble/share/ament_lint_auto/cmake)
[1.215s] -- Added test 'copyright' to check source files copyright and LICENSE
[1.215s] -- Added test 'cppcheck' to perform static code analysis on C / C++ code
[1.216s] -- Configured cppcheck include dirs: /home/ricbolz/ros2_ws/src/raspimouse2/raspimouse/include
[1.216s] -- Configured cppcheck exclude dirs and/or files: 
[1.216s] -- Added test 'cpplint' to check C / C++ code against the Google style
[1.216s] -- Configured cpplint exclude dirs and/or files: 
[1.217s] -- Added test 'flake8' to check Python code syntax and style conventions
[1.217s] -- Added test 'lint_cmake' to check CMake code style
[1.217s] -- Added test 'pep257' to check Python code against some of the docstring style conventions in PEP 257
[1.218s] -- Added test 'uncrustify' to check C / C++ code style
[1.218s] -- Configured uncrustify additional arguments: 
[1.218s] -- Added test 'xmllint' to check XML markup files
[1.220s] -- Configuring done
[1.253s] -- Generating done
[1.257s] -- Build files have been written to: /home/ricbolz/ros2_ws/src/build/raspimouse
[1.288s] Invoked command in '/home/ricbolz/ros2_ws/src/build/raspimouse' returned '0': AMENT_PREFIX_PATH=/home/ricbolz/ros2_ws/src/install/raspimouse_msgs:${AMENT_PREFIX_PATH} CMAKE_PREFIX_PATH=/home/ricbolz/ros2_ws/src/install/raspimouse_msgs:/home/ricbolz/ros2_ws/install/raspimouse:/home/ricbolz/ros2_ws/install/raspimouse_msgs:/opt/ros/humble LD_LIBRARY_PATH=/home/ricbolz/ros2_ws/src/install/raspimouse_msgs/lib:${LD_LIBRARY_PATH} PYTHONPATH=/home/ricbolz/ros2_ws/src/install/raspimouse_msgs/local/lib/python3.10/dist-packages:${PYTHONPATH} /usr/bin/cmake /home/ricbolz/ros2_ws/src/raspimouse2/raspimouse -DCMAKE_INSTALL_PREFIX=/home/ricbolz/ros2_ws/src/install/raspimouse
[1.288s] Invoking command in '/home/ricbolz/ros2_ws/src/build/raspimouse': AMENT_PREFIX_PATH=/home/ricbolz/ros2_ws/src/install/raspimouse_msgs:${AMENT_PREFIX_PATH} CMAKE_PREFIX_PATH=/home/ricbolz/ros2_ws/src/install/raspimouse_msgs:/home/ricbolz/ros2_ws/install/raspimouse:/home/ricbolz/ros2_ws/install/raspimouse_msgs:/opt/ros/humble LD_LIBRARY_PATH=/home/ricbolz/ros2_ws/src/install/raspimouse_msgs/lib:${LD_LIBRARY_PATH} PYTHONPATH=/home/ricbolz/ros2_ws/src/install/raspimouse_msgs/local/lib/python3.10/dist-packages:${PYTHONPATH} /usr/bin/cmake --build /home/ricbolz/ros2_ws/src/build/raspimouse -- -j2 -l2
[1.351s] [35m[1mConsolidate compiler generated dependencies of target raspimouse_component[0m
[1.386s] [ 50%] Built target raspimouse_component
[1.405s] [35m[1mConsolidate compiler generated dependencies of target raspimouse[0m
[1.430s] [100%] Built target raspimouse
[1.457s] Invoked command in '/home/ricbolz/ros2_ws/src/build/raspimouse' returned '0': AMENT_PREFIX_PATH=/home/ricbolz/ros2_ws/src/install/raspimouse_msgs:${AMENT_PREFIX_PATH} CMAKE_PREFIX_PATH=/home/ricbolz/ros2_ws/src/install/raspimouse_msgs:/home/ricbolz/ros2_ws/install/raspimouse:/home/ricbolz/ros2_ws/install/raspimouse_msgs:/opt/ros/humble LD_LIBRARY_PATH=/home/ricbolz/ros2_ws/src/install/raspimouse_msgs/lib:${LD_LIBRARY_PATH} PYTHONPATH=/home/ricbolz/ros2_ws/src/install/raspimouse_msgs/local/lib/python3.10/dist-packages:${PYTHONPATH} /usr/bin/cmake --build /home/ricbolz/ros2_ws/src/build/raspimouse -- -j2 -l2
[1.556s] Invoking command in '/home/ricbolz/ros2_ws/src/build/raspimouse': AMENT_PREFIX_PATH=/home/ricbolz/ros2_ws/src/install/raspimouse_msgs:${AMENT_PREFIX_PATH} CMAKE_PREFIX_PATH=/home/ricbolz/ros2_ws/src/install/raspimouse_msgs:/home/ricbolz/ros2_ws/install/raspimouse:/home/ricbolz/ros2_ws/install/raspimouse_msgs:/opt/ros/humble LD_LIBRARY_PATH=/home/ricbolz/ros2_ws/src/install/raspimouse_msgs/lib:${LD_LIBRARY_PATH} PYTHONPATH=/home/ricbolz/ros2_ws/src/install/raspimouse_msgs/local/lib/python3.10/dist-packages:${PYTHONPATH} /usr/bin/cmake --install /home/ricbolz/ros2_ws/src/build/raspimouse
[1.571s] -- Install configuration: ""
[1.572s] -- Execute custom install script
[1.572s] -- Up-to-date symlink: /home/ricbolz/ros2_ws/src/install/raspimouse/share/raspimouse/environment/library_path.sh
[1.572s] -- Up-to-date symlink: /home/ricbolz/ros2_ws/src/install/raspimouse/share/raspimouse/environment/library_path.dsv
[1.572s] -- Up-to-date symlink: /home/ricbolz/ros2_ws/src/install/raspimouse/include/raspimouse/raspimouse_component.hpp
[1.573s] -- Up-to-date symlink: /home/ricbolz/ros2_ws/src/install/raspimouse/share/raspimouse//launch/raspimouse.launch.py
[1.573s] -- Up-to-date symlink: /home/ricbolz/ros2_ws/src/install/raspimouse/share/raspimouse//config/params.yaml
[1.573s] -- Up-to-date symlink: /home/ricbolz/ros2_ws/src/install/raspimouse/lib/raspimouse/raspimouse
[1.576s] -- Up-to-date symlink: /home/ricbolz/ros2_ws/src/install/raspimouse/share/ament_index/resource_index/package_run_dependencies/raspimouse
[1.576s] -- Up-to-date symlink: /home/ricbolz/ros2_ws/src/install/raspimouse/share/ament_index/resource_index/parent_prefix_path/raspimouse
[1.576s] -- Up-to-date symlink: /home/ricbolz/ros2_ws/src/install/raspimouse/share/raspimouse/environment/ament_prefix_path.sh
[1.576s] -- Up-to-date symlink: /home/ricbolz/ros2_ws/src/install/raspimouse/share/raspimouse/environment/ament_prefix_path.dsv
[1.576s] -- Up-to-date symlink: /home/ricbolz/ros2_ws/src/install/raspimouse/share/raspimouse/environment/path.sh
[1.577s] -- Up-to-date symlink: /home/ricbolz/ros2_ws/src/install/raspimouse/share/raspimouse/environment/path.dsv
[1.577s] -- Up-to-date symlink: /home/ricbolz/ros2_ws/src/install/raspimouse/share/raspimouse/local_setup.bash
[1.577s] -- Up-to-date symlink: /home/ricbolz/ros2_ws/src/install/raspimouse/share/raspimouse/local_setup.sh
[1.577s] -- Up-to-date symlink: /home/ricbolz/ros2_ws/src/install/raspimouse/share/raspimouse/local_setup.zsh
[1.577s] -- Up-to-date symlink: /home/ricbolz/ros2_ws/src/install/raspimouse/share/raspimouse/local_setup.dsv
[1.578s] -- Symlinking: /home/ricbolz/ros2_ws/src/install/raspimouse/share/raspimouse/package.dsv
[1.588s] -- Up-to-date symlink: /home/ricbolz/ros2_ws/src/install/raspimouse/share/ament_index/resource_index/packages/raspimouse
[1.588s] -- Up-to-date symlink: /home/ricbolz/ros2_ws/src/install/raspimouse/share/ament_index/resource_index/rclcpp_components/raspimouse
[1.588s] -- Up-to-date symlink: /home/ricbolz/ros2_ws/src/install/raspimouse/share/raspimouse/cmake/ament_cmake_export_targets-extras.cmake
[1.588s] -- Up-to-date symlink: /home/ricbolz/ros2_ws/src/install/raspimouse/share/raspimouse/cmake/ament_cmake_export_dependencies-extras.cmake
[1.588s] -- Up-to-date symlink: /home/ricbolz/ros2_ws/src/install/raspimouse/share/raspimouse/cmake/ament_cmake_export_include_directories-extras.cmake
[1.588s] -- Up-to-date symlink: /home/ricbolz/ros2_ws/src/install/raspimouse/share/raspimouse/cmake/ament_cmake_export_libraries-extras.cmake
[1.588s] -- Up-to-date symlink: /home/ricbolz/ros2_ws/src/install/raspimouse/share/raspimouse/cmake/raspimouseConfig.cmake
[1.588s] -- Up-to-date symlink: /home/ricbolz/ros2_ws/src/install/raspimouse/share/raspimouse/cmake/raspimouseConfig-version.cmake
[1.588s] -- Up-to-date symlink: /home/ricbolz/ros2_ws/src/install/raspimouse/share/raspimouse/package.xml
[1.589s] -- Up-to-date: /home/ricbolz/ros2_ws/src/install/raspimouse/lib/libraspimouse_component.so
[1.589s] -- Up-to-date: /home/ricbolz/ros2_ws/src/install/raspimouse/share/raspimouse/cmake/export_raspimouse_componentExport.cmake
[1.589s] -- Up-to-date: /home/ricbolz/ros2_ws/src/install/raspimouse/share/raspimouse/cmake/export_raspimouse_componentExport-noconfig.cmake
[1.596s] Invoked command in '/home/ricbolz/ros2_ws/src/build/raspimouse' returned '0': AMENT_PREFIX_PATH=/home/ricbolz/ros2_ws/src/install/raspimouse_msgs:${AMENT_PREFIX_PATH} CMAKE_PREFIX_PATH=/home/ricbolz/ros2_ws/src/install/raspimouse_msgs:/home/ricbolz/ros2_ws/install/raspimouse:/home/ricbolz/ros2_ws/install/raspimouse_msgs:/opt/ros/humble LD_LIBRARY_PATH=/home/ricbolz/ros2_ws/src/install/raspimouse_msgs/lib:${LD_LIBRARY_PATH} PYTHONPATH=/home/ricbolz/ros2_ws/src/install/raspimouse_msgs/local/lib/python3.10/dist-packages:${PYTHONPATH} /usr/bin/cmake --install /home/ricbolz/ros2_ws/src/build/raspimouse
