-- Found ament_cmake: 1.3.6 (/opt/ros/humble/share/ament_cmake/cmake)
-- Override CMake install command with custom implementation using symlinks instead of copying resources
-- Found rosidl_default_generators: 1.2.0 (/opt/ros/humble/share/rosidl_default_generators/cmake)
-- Using all available rosidl_typesupport_c: rosidl_typesupport_fastrtps_c;rosidl_typesupport_introspection_c
-- Found rosidl_adapter: 3.1.5 (/opt/ros/humble/share/rosidl_adapter/cmake)
-- Using all available rosidl_typesupport_cpp: rosidl_typesupport_fastrtps_cpp;rosidl_typesupport_introspection_cpp
-- Found ament_cmake_ros: 0.10.0 (/opt/ros/humble/share/ament_cmake_ros/cmake)
-- Using all available rosidl_typesupport_c: rosidl_typesupport_fastrtps_c;rosidl_typesupport_introspection_c
-- Using all available rosidl_typesupport_cpp: rosidl_typesupport_fastrtps_cpp;rosidl_typesupport_introspection_cpp
-- Found python_cmake_module: 0.10.0 (/opt/ros/humble/share/python_cmake_module/cmake)
-- Using PYTHON_EXECUTABLE: /usr/bin/python3
-- Using PYTHON_INCLUDE_DIRS: /usr/include/python3.10
-- Using PYTHON_LIBRARIES: /usr/lib/x86_64-linux-gnu/libpython3.10.so
-- Found ament_lint_auto: 0.12.9 (/opt/ros/humble/share/ament_lint_auto/cmake)
-- Added test 'copyright' to check source files copyright and LICENSE
-- Added test 'lint_cmake' to check CMake code style
-- Added test 'xmllint' to check XML markup files
-- Configuring done
-- Generating done
-- Build files have been written to: /home/ricbolz/ros2_ws/src/build/raspimouse_msgs
[35m[1mConsolidate compiler generated dependencies of target raspimouse_msgs__rosidl_generator_c[0m
[  4%] Built target raspimouse_msgs__cpp
[ 12%] Built target raspimouse_msgs__rosidl_generator_c
[ 12%] Built target ament_cmake_python_symlink_raspimouse_msgs
[35m[1mConsolidate compiler generated dependencies of target raspimouse_msgs__rosidl_typesupport_fastrtps_cpp[0m
[ 23%] Built target raspimouse_msgs__rosidl_typesupport_fastrtps_cpp
[35m[1mConsolidate compiler generated dependencies of target raspimouse_msgs__rosidl_typesupport_cpp[0m
[ 34%] Built target raspimouse_msgs__rosidl_typesupport_cpp
[35m[1mConsolidate compiler generated dependencies of target raspimouse_msgs__rosidl_typesupport_introspection_cpp[0m
[35m[1mConsolidate compiler generated dependencies of target raspimouse_msgs__rosidl_typesupport_fastrtps_c[0m
[ 44%] Built target raspimouse_msgs__rosidl_typesupport_introspection_cpp
[ 55%] Built target raspimouse_msgs__rosidl_typesupport_fastrtps_c
[35m[1mConsolidate compiler generated dependencies of target raspimouse_msgs__rosidl_typesupport_c[0m
[ 65%] Built target raspimouse_msgs__rosidl_typesupport_c
[35m[1mConsolidate compiler generated dependencies of target raspimouse_msgs__rosidl_typesupport_introspection_c[0m
[ 76%] Built target raspimouse_msgs__rosidl_typesupport_introspection_c
[ 76%] Built target raspimouse_msgs
[ 78%] Built target raspimouse_msgs__py
[35m[1mConsolidate compiler generated dependencies of target raspimouse_msgs__rosidl_generator_py[0m
[ 87%] Built target raspimouse_msgs__rosidl_generator_py
[35m[1mConsolidate compiler generated dependencies of target raspimouse_msgs__rosidl_typesupport_fastrtps_c__pyext[0m
[ 91%] Built target raspimouse_msgs__rosidl_typesupport_fastrtps_c__pyext
[35m[1mConsolidate compiler generated dependencies of target raspimouse_msgs__rosidl_typesupport_introspection_c__pyext[0m
[ 95%] Built target raspimouse_msgs__rosidl_typesupport_introspection_c__pyext
running egg_info
writing raspimouse_msgs.egg-info/PKG-INFO
writing dependency_links to raspimouse_msgs.egg-info/dependency_links.txt
writing top-level names to raspimouse_msgs.egg-info/top_level.txt
reading manifest file 'raspimouse_msgs.egg-info/SOURCES.txt'
writing manifest file 'raspimouse_msgs.egg-info/SOURCES.txt'
[35m[1mConsolidate compiler generated dependencies of target raspimouse_msgs__rosidl_typesupport_c__pyext[0m
[ 95%] Built target ament_cmake_python_build_raspimouse_msgs_egg
[100%] Built target raspimouse_msgs__rosidl_typesupport_c__pyext
-- Install configuration: ""
-- Execute custom install script
-- Up-to-date symlink: /home/ricbolz/ros2_ws/src/install/raspimouse_msgs/share/ament_index/resource_index/rosidl_interfaces/raspimouse_msgs
-- Up-to-date symlink: /home/ricbolz/ros2_ws/src/install/raspimouse_msgs/include/raspimouse_msgs/raspimouse_msgs/msg/detail/leds__functions.h
-- Up-to-date symlink: /home/ricbolz/ros2_ws/src/install/raspimouse_msgs/include/raspimouse_msgs/raspimouse_msgs/msg/detail/leds__struct.h
-- Up-to-date symlink: /home/ricbolz/ros2_ws/src/install/raspimouse_msgs/include/raspimouse_msgs/raspimouse_msgs/msg/detail/leds__type_support.h
-- Up-to-date symlink: /home/ricbolz/ros2_ws/src/install/raspimouse_msgs/include/raspimouse_msgs/raspimouse_msgs/msg/detail/light_sensors__functions.h
-- Up-to-date symlink: /home/ricbolz/ros2_ws/src/install/raspimouse_msgs/include/raspimouse_msgs/raspimouse_msgs/msg/detail/light_sensors__struct.h
-- Up-to-date symlink: /home/ricbolz/ros2_ws/src/install/raspimouse_msgs/include/raspimouse_msgs/raspimouse_msgs/msg/detail/light_sensors__type_support.h
-- Up-to-date symlink: /home/ricbolz/ros2_ws/src/install/raspimouse_msgs/include/raspimouse_msgs/raspimouse_msgs/msg/detail/switches__functions.h
-- Up-to-date symlink: /home/ricbolz/ros2_ws/src/install/raspimouse_msgs/include/raspimouse_msgs/raspimouse_msgs/msg/detail/switches__struct.h
-- Up-to-date symlink: /home/ricbolz/ros2_ws/src/install/raspimouse_msgs/include/raspimouse_msgs/raspimouse_msgs/msg/detail/switches__type_support.h
-- Up-to-date symlink: /home/ricbolz/ros2_ws/src/install/raspimouse_msgs/include/raspimouse_msgs/raspimouse_msgs/msg/leds.h
-- Up-to-date symlink: /home/ricbolz/ros2_ws/src/install/raspimouse_msgs/include/raspimouse_msgs/raspimouse_msgs/msg/light_sensors.h
-- Up-to-date symlink: /home/ricbolz/ros2_ws/src/install/raspimouse_msgs/include/raspimouse_msgs/raspimouse_msgs/msg/rosidl_generator_c__visibility_control.h
-- Up-to-date symlink: /home/ricbolz/ros2_ws/src/install/raspimouse_msgs/include/raspimouse_msgs/raspimouse_msgs/msg/switches.h
-- Up-to-date symlink: /home/ricbolz/ros2_ws/src/install/raspimouse_msgs/share/raspimouse_msgs/environment/library_path.sh
-- Up-to-date symlink: /home/ricbolz/ros2_ws/src/install/raspimouse_msgs/share/raspimouse_msgs/environment/library_path.dsv
-- Up-to-date symlink: /home/ricbolz/ros2_ws/src/install/raspimouse_msgs/include/raspimouse_msgs/raspimouse_msgs/msg/detail/leds__rosidl_typesupport_fastrtps_c.h
-- Up-to-date symlink: /home/ricbolz/ros2_ws/src/install/raspimouse_msgs/include/raspimouse_msgs/raspimouse_msgs/msg/detail/light_sensors__rosidl_typesupport_fastrtps_c.h
-- Up-to-date symlink: /home/ricbolz/ros2_ws/src/install/raspimouse_msgs/include/raspimouse_msgs/raspimouse_msgs/msg/detail/switches__rosidl_typesupport_fastrtps_c.h
-- Up-to-date symlink: /home/ricbolz/ros2_ws/src/install/raspimouse_msgs/include/raspimouse_msgs/raspimouse_msgs/msg/rosidl_typesupport_fastrtps_c__visibility_control.h
-- Up-to-date symlink: /home/ricbolz/ros2_ws/src/install/raspimouse_msgs/include/raspimouse_msgs/raspimouse_msgs/msg/detail/leds__rosidl_typesupport_introspection_c.h
-- Up-to-date symlink: /home/ricbolz/ros2_ws/src/install/raspimouse_msgs/include/raspimouse_msgs/raspimouse_msgs/msg/detail/light_sensors__rosidl_typesupport_introspection_c.h
-- Up-to-date symlink: /home/ricbolz/ros2_ws/src/install/raspimouse_msgs/include/raspimouse_msgs/raspimouse_msgs/msg/detail/switches__rosidl_typesupport_introspection_c.h
-- Up-to-date symlink: /home/ricbolz/ros2_ws/src/install/raspimouse_msgs/include/raspimouse_msgs/raspimouse_msgs/msg/rosidl_typesupport_introspection_c__visibility_control.h
-- Up-to-date symlink: /home/ricbolz/ros2_ws/src/install/raspimouse_msgs/include/raspimouse_msgs/raspimouse_msgs/msg/detail/leds__builder.hpp
-- Up-to-date symlink: /home/ricbolz/ros2_ws/src/install/raspimouse_msgs/include/raspimouse_msgs/raspimouse_msgs/msg/detail/leds__struct.hpp
-- Up-to-date symlink: /home/ricbolz/ros2_ws/src/install/raspimouse_msgs/include/raspimouse_msgs/raspimouse_msgs/msg/detail/leds__traits.hpp
-- Up-to-date symlink: /home/ricbolz/ros2_ws/src/install/raspimouse_msgs/include/raspimouse_msgs/raspimouse_msgs/msg/detail/light_sensors__builder.hpp
-- Up-to-date symlink: /home/ricbolz/ros2_ws/src/install/raspimouse_msgs/include/raspimouse_msgs/raspimouse_msgs/msg/detail/light_sensors__struct.hpp
-- Up-to-date symlink: /home/ricbolz/ros2_ws/src/install/raspimouse_msgs/include/raspimouse_msgs/raspimouse_msgs/msg/detail/light_sensors__traits.hpp
-- Up-to-date symlink: /home/ricbolz/ros2_ws/src/install/raspimouse_msgs/include/raspimouse_msgs/raspimouse_msgs/msg/detail/switches__builder.hpp
-- Up-to-date symlink: /home/ricbolz/ros2_ws/src/install/raspimouse_msgs/include/raspimouse_msgs/raspimouse_msgs/msg/detail/switches__struct.hpp
-- Up-to-date symlink: /home/ricbolz/ros2_ws/src/install/raspimouse_msgs/include/raspimouse_msgs/raspimouse_msgs/msg/detail/switches__traits.hpp
-- Up-to-date symlink: /home/ricbolz/ros2_ws/src/install/raspimouse_msgs/include/raspimouse_msgs/raspimouse_msgs/msg/leds.hpp
-- Up-to-date symlink: /home/ricbolz/ros2_ws/src/install/raspimouse_msgs/include/raspimouse_msgs/raspimouse_msgs/msg/light_sensors.hpp
-- Up-to-date symlink: /home/ricbolz/ros2_ws/src/install/raspimouse_msgs/include/raspimouse_msgs/raspimouse_msgs/msg/switches.hpp
-- Up-to-date symlink: /home/ricbolz/ros2_ws/src/install/raspimouse_msgs/include/raspimouse_msgs/raspimouse_msgs/msg/detail/leds__rosidl_typesupport_fastrtps_cpp.hpp
-- Up-to-date symlink: /home/ricbolz/ros2_ws/src/install/raspimouse_msgs/include/raspimouse_msgs/raspimouse_msgs/msg/detail/light_sensors__rosidl_typesupport_fastrtps_cpp.hpp
-- Up-to-date symlink: /home/ricbolz/ros2_ws/src/install/raspimouse_msgs/include/raspimouse_msgs/raspimouse_msgs/msg/detail/switches__rosidl_typesupport_fastrtps_cpp.hpp
-- Up-to-date symlink: /home/ricbolz/ros2_ws/src/install/raspimouse_msgs/include/raspimouse_msgs/raspimouse_msgs/msg/rosidl_typesupport_fastrtps_cpp__visibility_control.h
-- Up-to-date symlink: /home/ricbolz/ros2_ws/src/install/raspimouse_msgs/include/raspimouse_msgs/raspimouse_msgs/msg/detail/leds__rosidl_typesupport_introspection_cpp.hpp
-- Up-to-date symlink: /home/ricbolz/ros2_ws/src/install/raspimouse_msgs/include/raspimouse_msgs/raspimouse_msgs/msg/detail/light_sensors__rosidl_typesupport_introspection_cpp.hpp
-- Up-to-date symlink: /home/ricbolz/ros2_ws/src/install/raspimouse_msgs/include/raspimouse_msgs/raspimouse_msgs/msg/detail/switches__rosidl_typesupport_introspection_cpp.hpp
-- Up-to-date symlink: /home/ricbolz/ros2_ws/src/install/raspimouse_msgs/share/raspimouse_msgs/environment/pythonpath.sh
-- Up-to-date symlink: /home/ricbolz/ros2_ws/src/install/raspimouse_msgs/share/raspimouse_msgs/environment/pythonpath.dsv
-- Up-to-date symlink: /home/ricbolz/ros2_ws/src/install/raspimouse_msgs/local/lib/python3.10/dist-packages/raspimouse_msgs-1.1.2-py3.10.egg-info/PKG-INFO
-- Up-to-date symlink: /home/ricbolz/ros2_ws/src/install/raspimouse_msgs/local/lib/python3.10/dist-packages/raspimouse_msgs-1.1.2-py3.10.egg-info/SOURCES.txt
-- Up-to-date symlink: /home/ricbolz/ros2_ws/src/install/raspimouse_msgs/local/lib/python3.10/dist-packages/raspimouse_msgs-1.1.2-py3.10.egg-info/dependency_links.txt
-- Up-to-date symlink: /home/ricbolz/ros2_ws/src/install/raspimouse_msgs/local/lib/python3.10/dist-packages/raspimouse_msgs-1.1.2-py3.10.egg-info/top_level.txt
-- Up-to-date symlink: /home/ricbolz/ros2_ws/src/install/raspimouse_msgs/local/lib/python3.10/dist-packages/raspimouse_msgs/__init__.py
-- Up-to-date symlink: /home/ricbolz/ros2_ws/src/install/raspimouse_msgs/local/lib/python3.10/dist-packages/raspimouse_msgs/_raspimouse_msgs_s.ep.rosidl_typesupport_c.c
-- Up-to-date symlink: /home/ricbolz/ros2_ws/src/install/raspimouse_msgs/local/lib/python3.10/dist-packages/raspimouse_msgs/_raspimouse_msgs_s.ep.rosidl_typesupport_fastrtps_c.c
-- Up-to-date symlink: /home/ricbolz/ros2_ws/src/install/raspimouse_msgs/local/lib/python3.10/dist-packages/raspimouse_msgs/_raspimouse_msgs_s.ep.rosidl_typesupport_introspection_c.c
-- Up-to-date symlink: /home/ricbolz/ros2_ws/src/install/raspimouse_msgs/local/lib/python3.10/dist-packages/raspimouse_msgs/libraspimouse_msgs__rosidl_generator_py.so
-- Up-to-date symlink: /home/ricbolz/ros2_ws/src/install/raspimouse_msgs/local/lib/python3.10/dist-packages/raspimouse_msgs/msg/__init__.py
-- Up-to-date symlink: /home/ricbolz/ros2_ws/src/install/raspimouse_msgs/local/lib/python3.10/dist-packages/raspimouse_msgs/msg/_leds.py
-- Up-to-date symlink: /home/ricbolz/ros2_ws/src/install/raspimouse_msgs/local/lib/python3.10/dist-packages/raspimouse_msgs/msg/_leds_s.c
-- Up-to-date symlink: /home/ricbolz/ros2_ws/src/install/raspimouse_msgs/local/lib/python3.10/dist-packages/raspimouse_msgs/msg/_light_sensors.py
-- Up-to-date symlink: /home/ricbolz/ros2_ws/src/install/raspimouse_msgs/local/lib/python3.10/dist-packages/raspimouse_msgs/msg/_light_sensors_s.c
-- Up-to-date symlink: /home/ricbolz/ros2_ws/src/install/raspimouse_msgs/local/lib/python3.10/dist-packages/raspimouse_msgs/msg/_switches.py
-- Up-to-date symlink: /home/ricbolz/ros2_ws/src/install/raspimouse_msgs/local/lib/python3.10/dist-packages/raspimouse_msgs/msg/_switches_s.c
-- Up-to-date symlink: /home/ricbolz/ros2_ws/src/install/raspimouse_msgs/local/lib/python3.10/dist-packages/raspimouse_msgs/raspimouse_msgs_s__rosidl_typesupport_c.cpython-310-x86_64-linux-gnu.so
-- Up-to-date symlink: /home/ricbolz/ros2_ws/src/install/raspimouse_msgs/local/lib/python3.10/dist-packages/raspimouse_msgs/raspimouse_msgs_s__rosidl_typesupport_fastrtps_c.cpython-310-x86_64-linux-gnu.so
-- Up-to-date symlink: /home/ricbolz/ros2_ws/src/install/raspimouse_msgs/local/lib/python3.10/dist-packages/raspimouse_msgs/raspimouse_msgs_s__rosidl_typesupport_introspection_c.cpython-310-x86_64-linux-gnu.so
-- Up-to-date symlink: /home/ricbolz/ros2_ws/src/install/raspimouse_msgs/local/lib/python3.10/dist-packages/raspimouse_msgs/raspimouse_msgs_s__rosidl_typesupport_fastrtps_c.cpython-310-x86_64-linux-gnu.so
-- Up-to-date symlink: /home/ricbolz/ros2_ws/src/install/raspimouse_msgs/local/lib/python3.10/dist-packages/raspimouse_msgs/raspimouse_msgs_s__rosidl_typesupport_introspection_c.cpython-310-x86_64-linux-gnu.so
-- Up-to-date symlink: /home/ricbolz/ros2_ws/src/install/raspimouse_msgs/local/lib/python3.10/dist-packages/raspimouse_msgs/raspimouse_msgs_s__rosidl_typesupport_c.cpython-310-x86_64-linux-gnu.so
-- Up-to-date symlink: /home/ricbolz/ros2_ws/src/install/raspimouse_msgs/share/raspimouse_msgs/msg/Leds.idl
-- Up-to-date symlink: /home/ricbolz/ros2_ws/src/install/raspimouse_msgs/share/raspimouse_msgs/msg/Switches.idl
-- Up-to-date symlink: /home/ricbolz/ros2_ws/src/install/raspimouse_msgs/share/raspimouse_msgs/msg/LightSensors.idl
-- Up-to-date symlink: /home/ricbolz/ros2_ws/src/install/raspimouse_msgs/share/raspimouse_msgs/msg/Leds.msg
-- Up-to-date symlink: /home/ricbolz/ros2_ws/src/install/raspimouse_msgs/share/raspimouse_msgs/msg/Switches.msg
-- Up-to-date symlink: /home/ricbolz/ros2_ws/src/install/raspimouse_msgs/share/raspimouse_msgs/msg/LightSensors.msg
-- Up-to-date symlink: /home/ricbolz/ros2_ws/src/install/raspimouse_msgs/share/ament_index/resource_index/package_run_dependencies/raspimouse_msgs
-- Up-to-date symlink: /home/ricbolz/ros2_ws/src/install/raspimouse_msgs/share/ament_index/resource_index/parent_prefix_path/raspimouse_msgs
-- Up-to-date symlink: /home/ricbolz/ros2_ws/src/install/raspimouse_msgs/share/raspimouse_msgs/environment/ament_prefix_path.sh
-- Up-to-date symlink: /home/ricbolz/ros2_ws/src/install/raspimouse_msgs/share/raspimouse_msgs/environment/ament_prefix_path.dsv
-- Up-to-date symlink: /home/ricbolz/ros2_ws/src/install/raspimouse_msgs/share/raspimouse_msgs/environment/path.sh
-- Up-to-date symlink: /home/ricbolz/ros2_ws/src/install/raspimouse_msgs/share/raspimouse_msgs/environment/path.dsv
-- Up-to-date symlink: /home/ricbolz/ros2_ws/src/install/raspimouse_msgs/share/raspimouse_msgs/local_setup.bash
-- Up-to-date symlink: /home/ricbolz/ros2_ws/src/install/raspimouse_msgs/share/raspimouse_msgs/local_setup.sh
-- Up-to-date symlink: /home/ricbolz/ros2_ws/src/install/raspimouse_msgs/share/raspimouse_msgs/local_setup.zsh
-- Up-to-date symlink: /home/ricbolz/ros2_ws/src/install/raspimouse_msgs/share/raspimouse_msgs/local_setup.dsv
-- Symlinking: /home/ricbolz/ros2_ws/src/install/raspimouse_msgs/share/raspimouse_msgs/package.dsv
-- Up-to-date symlink: /home/ricbolz/ros2_ws/src/install/raspimouse_msgs/share/ament_index/resource_index/packages/raspimouse_msgs
-- Up-to-date symlink: /home/ricbolz/ros2_ws/src/install/raspimouse_msgs/share/raspimouse_msgs/cmake/rosidl_cmake-extras.cmake
-- Up-to-date symlink: /home/ricbolz/ros2_ws/src/install/raspimouse_msgs/share/raspimouse_msgs/cmake/ament_cmake_export_include_directories-extras.cmake
-- Up-to-date symlink: /home/ricbolz/ros2_ws/src/install/raspimouse_msgs/share/raspimouse_msgs/cmake/ament_cmake_export_libraries-extras.cmake
-- Up-to-date symlink: /home/ricbolz/ros2_ws/src/install/raspimouse_msgs/share/raspimouse_msgs/cmake/ament_cmake_export_targets-extras.cmake
-- Up-to-date symlink: /home/ricbolz/ros2_ws/src/install/raspimouse_msgs/share/raspimouse_msgs/cmake/rosidl_cmake_export_typesupport_targets-extras.cmake
-- Up-to-date symlink: /home/ricbolz/ros2_ws/src/install/raspimouse_msgs/share/raspimouse_msgs/cmake/ament_cmake_export_dependencies-extras.cmake
-- Up-to-date symlink: /home/ricbolz/ros2_ws/src/install/raspimouse_msgs/share/raspimouse_msgs/cmake/rosidl_cmake_export_typesupport_libraries-extras.cmake
-- Up-to-date symlink: /home/ricbolz/ros2_ws/src/install/raspimouse_msgs/share/raspimouse_msgs/cmake/raspimouse_msgsConfig.cmake
-- Up-to-date symlink: /home/ricbolz/ros2_ws/src/install/raspimouse_msgs/share/raspimouse_msgs/cmake/raspimouse_msgsConfig-version.cmake
-- Up-to-date symlink: /home/ricbolz/ros2_ws/src/install/raspimouse_msgs/share/raspimouse_msgs/package.xml
-- Up-to-date: /home/ricbolz/ros2_ws/src/install/raspimouse_msgs/lib/libraspimouse_msgs__rosidl_generator_c.so
-- Up-to-date: /home/ricbolz/ros2_ws/src/install/raspimouse_msgs/lib/libraspimouse_msgs__rosidl_typesupport_fastrtps_c.so
-- Up-to-date: /home/ricbolz/ros2_ws/src/install/raspimouse_msgs/lib/libraspimouse_msgs__rosidl_typesupport_introspection_c.so
-- Up-to-date: /home/ricbolz/ros2_ws/src/install/raspimouse_msgs/lib/libraspimouse_msgs__rosidl_typesupport_c.so
-- Up-to-date: /home/ricbolz/ros2_ws/src/install/raspimouse_msgs/lib/libraspimouse_msgs__rosidl_typesupport_fastrtps_cpp.so
-- Up-to-date: /home/ricbolz/ros2_ws/src/install/raspimouse_msgs/lib/libraspimouse_msgs__rosidl_typesupport_introspection_cpp.so
-- Up-to-date: /home/ricbolz/ros2_ws/src/install/raspimouse_msgs/lib/libraspimouse_msgs__rosidl_typesupport_cpp.so
Listing '/home/ricbolz/ros2_ws/src/install/raspimouse_msgs/local/lib/python3.10/dist-packages/raspimouse_msgs'...
Compiling '/home/ricbolz/ros2_ws/src/install/raspimouse_msgs/local/lib/python3.10/dist-packages/raspimouse_msgs/__init__.py'...
Listing '/home/ricbolz/ros2_ws/src/install/raspimouse_msgs/local/lib/python3.10/dist-packages/raspimouse_msgs/msg'...
-- Up-to-date: /home/ricbolz/ros2_ws/src/install/raspimouse_msgs/lib/libraspimouse_msgs__rosidl_generator_py.so
-- Up-to-date: /home/ricbolz/ros2_ws/src/install/raspimouse_msgs/share/raspimouse_msgs/cmake/export_raspimouse_msgs__rosidl_generator_cExport.cmake
-- Up-to-date: /home/ricbolz/ros2_ws/src/install/raspimouse_msgs/share/raspimouse_msgs/cmake/export_raspimouse_msgs__rosidl_generator_cExport-noconfig.cmake
-- Up-to-date: /home/ricbolz/ros2_ws/src/install/raspimouse_msgs/share/raspimouse_msgs/cmake/export_raspimouse_msgs__rosidl_typesupport_fastrtps_cExport.cmake
-- Up-to-date: /home/ricbolz/ros2_ws/src/install/raspimouse_msgs/share/raspimouse_msgs/cmake/export_raspimouse_msgs__rosidl_typesupport_fastrtps_cExport-noconfig.cmake
-- Up-to-date: /home/ricbolz/ros2_ws/src/install/raspimouse_msgs/share/raspimouse_msgs/cmake/raspimouse_msgs__rosidl_typesupport_introspection_cExport.cmake
-- Up-to-date: /home/ricbolz/ros2_ws/src/install/raspimouse_msgs/share/raspimouse_msgs/cmake/raspimouse_msgs__rosidl_typesupport_introspection_cExport-noconfig.cmake
-- Up-to-date: /home/ricbolz/ros2_ws/src/install/raspimouse_msgs/share/raspimouse_msgs/cmake/raspimouse_msgs__rosidl_typesupport_cExport.cmake
-- Up-to-date: /home/ricbolz/ros2_ws/src/install/raspimouse_msgs/share/raspimouse_msgs/cmake/raspimouse_msgs__rosidl_typesupport_cExport-noconfig.cmake
-- Up-to-date: /home/ricbolz/ros2_ws/src/install/raspimouse_msgs/share/raspimouse_msgs/cmake/export_raspimouse_msgs__rosidl_generator_cppExport.cmake
-- Up-to-date: /home/ricbolz/ros2_ws/src/install/raspimouse_msgs/share/raspimouse_msgs/cmake/export_raspimouse_msgs__rosidl_typesupport_fastrtps_cppExport.cmake
-- Up-to-date: /home/ricbolz/ros2_ws/src/install/raspimouse_msgs/share/raspimouse_msgs/cmake/export_raspimouse_msgs__rosidl_typesupport_fastrtps_cppExport-noconfig.cmake
-- Up-to-date: /home/ricbolz/ros2_ws/src/install/raspimouse_msgs/share/raspimouse_msgs/cmake/raspimouse_msgs__rosidl_typesupport_introspection_cppExport.cmake
-- Up-to-date: /home/ricbolz/ros2_ws/src/install/raspimouse_msgs/share/raspimouse_msgs/cmake/raspimouse_msgs__rosidl_typesupport_introspection_cppExport-noconfig.cmake
-- Up-to-date: /home/ricbolz/ros2_ws/src/install/raspimouse_msgs/share/raspimouse_msgs/cmake/raspimouse_msgs__rosidl_typesupport_cppExport.cmake
-- Up-to-date: /home/ricbolz/ros2_ws/src/install/raspimouse_msgs/share/raspimouse_msgs/cmake/raspimouse_msgs__rosidl_typesupport_cppExport-noconfig.cmake
-- Up-to-date: /home/ricbolz/ros2_ws/src/install/raspimouse_msgs/share/raspimouse_msgs/cmake/export_raspimouse_msgs__rosidl_generator_pyExport.cmake
-- Up-to-date: /home/ricbolz/ros2_ws/src/install/raspimouse_msgs/share/raspimouse_msgs/cmake/export_raspimouse_msgs__rosidl_generator_pyExport-noconfig.cmake
