[0.171s] Invoking command in '/home/ricbolz/ros2_ws/src/build/raspimouse_msgs': CMAKE_PREFIX_PATH=${CMAKE_PREFIX_PATH}:/opt/ros/humble /usr/bin/cmake /home/ricbolz/ros2_ws/src/raspimouse2/raspimouse_msgs -DCMAKE_INSTALL_PREFIX=/home/ricbolz/ros2_ws/src/install/raspimouse_msgs
[0.235s] -- Found ament_cmake: 1.3.6 (/opt/ros/humble/share/ament_cmake/cmake)
[0.446s] -- Override CMake install command with custom implementation using symlinks instead of copying resources
[0.448s] -- Found rosidl_default_generators: 1.2.0 (/opt/ros/humble/share/rosidl_default_generators/cmake)
[0.451s] -- Using all available rosidl_typesupport_c: rosidl_typesupport_fastrtps_c;rosidl_typesupport_introspection_c
[0.461s] -- Found rosidl_adapter: 3.1.5 (/opt/ros/humble/share/rosidl_adapter/cmake)
[0.544s] -- Using all available rosidl_typesupport_cpp: rosidl_typesupport_fastrtps_cpp;rosidl_typesupport_introspection_cpp
[0.979s] -- Found ament_cmake_ros: 0.10.0 (/opt/ros/humble/share/ament_cmake_ros/cmake)
[1.302s] -- Using all available rosidl_typesupport_c: rosidl_typesupport_fastrtps_c;rosidl_typesupport_introspection_c
[1.708s] -- Using all available rosidl_typesupport_cpp: rosidl_typesupport_fastrtps_cpp;rosidl_typesupport_introspection_cpp
[1.750s] -- Found python_cmake_module: 0.10.0 (/opt/ros/humble/share/python_cmake_module/cmake)
[1.805s] -- Using PYTHON_EXECUTABLE: /usr/bin/python3
[1.806s] -- Using PYTHON_INCLUDE_DIRS: /usr/include/python3.10
[1.806s] -- Using PYTHON_LIBRARIES: /usr/lib/x86_64-linux-gnu/libpython3.10.so
[1.826s] -- Found ament_lint_auto: 0.12.9 (/opt/ros/humble/share/ament_lint_auto/cmake)
[1.847s] -- Added test 'copyright' to check source files copyright and LICENSE
[1.861s] -- Added test 'lint_cmake' to check CMake code style
[1.862s] -- Added test 'xmllint' to check XML markup files
[1.865s] -- Configuring done
[2.011s] -- Generating done
[2.023s] -- Build files have been written to: /home/ricbolz/ros2_ws/src/build/raspimouse_msgs
[2.055s] Invoked command in '/home/ricbolz/ros2_ws/src/build/raspimouse_msgs' returned '0': CMAKE_PREFIX_PATH=${CMAKE_PREFIX_PATH}:/opt/ros/humble /usr/bin/cmake /home/ricbolz/ros2_ws/src/raspimouse2/raspimouse_msgs -DCMAKE_INSTALL_PREFIX=/home/ricbolz/ros2_ws/src/install/raspimouse_msgs
[2.056s] Invoking command in '/home/ricbolz/ros2_ws/src/build/raspimouse_msgs': CMAKE_PREFIX_PATH=${CMAKE_PREFIX_PATH}:/opt/ros/humble /usr/bin/cmake --build /home/ricbolz/ros2_ws/src/build/raspimouse_msgs -- -j2 -l2
[2.154s] [35m[1mConsolidate compiler generated dependencies of target raspimouse_msgs__rosidl_generator_c[0m
[2.189s] [  4%] Built target raspimouse_msgs__cpp
[2.189s] [ 12%] Built target raspimouse_msgs__rosidl_generator_c
[2.246s] [ 12%] Built target ament_cmake_python_symlink_raspimouse_msgs
[2.247s] [35m[1mConsolidate compiler generated dependencies of target raspimouse_msgs__rosidl_typesupport_fastrtps_cpp[0m
[2.268s] [ 23%] Built target raspimouse_msgs__rosidl_typesupport_fastrtps_cpp
[2.280s] [35m[1mConsolidate compiler generated dependencies of target raspimouse_msgs__rosidl_typesupport_cpp[0m
[2.318s] [ 34%] Built target raspimouse_msgs__rosidl_typesupport_cpp
[2.321s] [35m[1mConsolidate compiler generated dependencies of target raspimouse_msgs__rosidl_typesupport_introspection_cpp[0m
[2.357s] [35m[1mConsolidate compiler generated dependencies of target raspimouse_msgs__rosidl_typesupport_fastrtps_c[0m
[2.405s] [ 44%] Built target raspimouse_msgs__rosidl_typesupport_introspection_cpp
[2.421s] [ 55%] Built target raspimouse_msgs__rosidl_typesupport_fastrtps_c
[2.455s] [35m[1mConsolidate compiler generated dependencies of target raspimouse_msgs__rosidl_typesupport_c[0m
[2.486s] [ 65%] Built target raspimouse_msgs__rosidl_typesupport_c
[2.580s] [35m[1mConsolidate compiler generated dependencies of target raspimouse_msgs__rosidl_typesupport_introspection_c[0m
[2.677s] [ 76%] Built target raspimouse_msgs__rosidl_typesupport_introspection_c
[2.736s] [ 76%] Built target raspimouse_msgs
[2.814s] [ 78%] Built target raspimouse_msgs__py
[2.839s] [35m[1mConsolidate compiler generated dependencies of target raspimouse_msgs__rosidl_generator_py[0m
[2.944s] [ 87%] Built target raspimouse_msgs__rosidl_generator_py
[2.981s] [35m[1mConsolidate compiler generated dependencies of target raspimouse_msgs__rosidl_typesupport_fastrtps_c__pyext[0m
[3.024s] [ 91%] Built target raspimouse_msgs__rosidl_typesupport_fastrtps_c__pyext
[3.074s] [35m[1mConsolidate compiler generated dependencies of target raspimouse_msgs__rosidl_typesupport_introspection_c__pyext[0m
[3.223s] [ 95%] Built target raspimouse_msgs__rosidl_typesupport_introspection_c__pyext
[3.227s] running egg_info
[3.229s] writing raspimouse_msgs.egg-info/PKG-INFO
[3.234s] writing dependency_links to raspimouse_msgs.egg-info/dependency_links.txt
[3.234s] writing top-level names to raspimouse_msgs.egg-info/top_level.txt
[3.238s] reading manifest file 'raspimouse_msgs.egg-info/SOURCES.txt'
[3.245s] writing manifest file 'raspimouse_msgs.egg-info/SOURCES.txt'
[3.266s] [35m[1mConsolidate compiler generated dependencies of target raspimouse_msgs__rosidl_typesupport_c__pyext[0m
[3.331s] [ 95%] Built target ament_cmake_python_build_raspimouse_msgs_egg
[3.341s] [100%] Built target raspimouse_msgs__rosidl_typesupport_c__pyext
[3.592s] Invoked command in '/home/ricbolz/ros2_ws/src/build/raspimouse_msgs' returned '0': CMAKE_PREFIX_PATH=${CMAKE_PREFIX_PATH}:/opt/ros/humble /usr/bin/cmake --build /home/ricbolz/ros2_ws/src/build/raspimouse_msgs -- -j2 -l2
[4.613s] Invoking command in '/home/ricbolz/ros2_ws/src/build/raspimouse_msgs': CMAKE_PREFIX_PATH=${CMAKE_PREFIX_PATH}:/opt/ros/humble /usr/bin/cmake --install /home/ricbolz/ros2_ws/src/build/raspimouse_msgs
[4.629s] -- Install configuration: ""
[4.647s] -- Execute custom install script
[4.652s] -- Up-to-date symlink: /home/ricbolz/ros2_ws/src/install/raspimouse_msgs/share/ament_index/resource_index/rosidl_interfaces/raspimouse_msgs
[4.652s] -- Up-to-date symlink: /home/ricbolz/ros2_ws/src/install/raspimouse_msgs/include/raspimouse_msgs/raspimouse_msgs/msg/detail/leds__functions.h
[4.652s] -- Up-to-date symlink: /home/ricbolz/ros2_ws/src/install/raspimouse_msgs/include/raspimouse_msgs/raspimouse_msgs/msg/detail/leds__struct.h
[4.652s] -- Up-to-date symlink: /home/ricbolz/ros2_ws/src/install/raspimouse_msgs/include/raspimouse_msgs/raspimouse_msgs/msg/detail/leds__type_support.h
[4.652s] -- Up-to-date symlink: /home/ricbolz/ros2_ws/src/install/raspimouse_msgs/include/raspimouse_msgs/raspimouse_msgs/msg/detail/light_sensors__functions.h
[4.652s] -- Up-to-date symlink: /home/ricbolz/ros2_ws/src/install/raspimouse_msgs/include/raspimouse_msgs/raspimouse_msgs/msg/detail/light_sensors__struct.h
[4.652s] -- Up-to-date symlink: /home/ricbolz/ros2_ws/src/install/raspimouse_msgs/include/raspimouse_msgs/raspimouse_msgs/msg/detail/light_sensors__type_support.h
[4.652s] -- Up-to-date symlink: /home/ricbolz/ros2_ws/src/install/raspimouse_msgs/include/raspimouse_msgs/raspimouse_msgs/msg/detail/switches__functions.h
[4.652s] -- Up-to-date symlink: /home/ricbolz/ros2_ws/src/install/raspimouse_msgs/include/raspimouse_msgs/raspimouse_msgs/msg/detail/switches__struct.h
[4.652s] -- Up-to-date symlink: /home/ricbolz/ros2_ws/src/install/raspimouse_msgs/include/raspimouse_msgs/raspimouse_msgs/msg/detail/switches__type_support.h
[4.652s] -- Up-to-date symlink: /home/ricbolz/ros2_ws/src/install/raspimouse_msgs/include/raspimouse_msgs/raspimouse_msgs/msg/leds.h
[4.653s] -- Up-to-date symlink: /home/ricbolz/ros2_ws/src/install/raspimouse_msgs/include/raspimouse_msgs/raspimouse_msgs/msg/light_sensors.h
[4.653s] -- Up-to-date symlink: /home/ricbolz/ros2_ws/src/install/raspimouse_msgs/include/raspimouse_msgs/raspimouse_msgs/msg/rosidl_generator_c__visibility_control.h
[4.653s] -- Up-to-date symlink: /home/ricbolz/ros2_ws/src/install/raspimouse_msgs/include/raspimouse_msgs/raspimouse_msgs/msg/switches.h
[4.653s] -- Up-to-date symlink: /home/ricbolz/ros2_ws/src/install/raspimouse_msgs/share/raspimouse_msgs/environment/library_path.sh
[4.653s] -- Up-to-date symlink: /home/ricbolz/ros2_ws/src/install/raspimouse_msgs/share/raspimouse_msgs/environment/library_path.dsv
[4.653s] -- Up-to-date symlink: /home/ricbolz/ros2_ws/src/install/raspimouse_msgs/include/raspimouse_msgs/raspimouse_msgs/msg/detail/leds__rosidl_typesupport_fastrtps_c.h
[4.653s] -- Up-to-date symlink: /home/ricbolz/ros2_ws/src/install/raspimouse_msgs/include/raspimouse_msgs/raspimouse_msgs/msg/detail/light_sensors__rosidl_typesupport_fastrtps_c.h
[4.653s] -- Up-to-date symlink: /home/ricbolz/ros2_ws/src/install/raspimouse_msgs/include/raspimouse_msgs/raspimouse_msgs/msg/detail/switches__rosidl_typesupport_fastrtps_c.h
[4.653s] -- Up-to-date symlink: /home/ricbolz/ros2_ws/src/install/raspimouse_msgs/include/raspimouse_msgs/raspimouse_msgs/msg/rosidl_typesupport_fastrtps_c__visibility_control.h
[4.653s] -- Up-to-date symlink: /home/ricbolz/ros2_ws/src/install/raspimouse_msgs/include/raspimouse_msgs/raspimouse_msgs/msg/detail/leds__rosidl_typesupport_introspection_c.h
[4.653s] -- Up-to-date symlink: /home/ricbolz/ros2_ws/src/install/raspimouse_msgs/include/raspimouse_msgs/raspimouse_msgs/msg/detail/light_sensors__rosidl_typesupport_introspection_c.h
[4.675s] -- Up-to-date symlink: /home/ricbolz/ros2_ws/src/install/raspimouse_msgs/include/raspimouse_msgs/raspimouse_msgs/msg/detail/switches__rosidl_typesupport_introspection_c.h
[4.675s] -- Up-to-date symlink: /home/ricbolz/ros2_ws/src/install/raspimouse_msgs/include/raspimouse_msgs/raspimouse_msgs/msg/rosidl_typesupport_introspection_c__visibility_control.h
[4.675s] -- Up-to-date symlink: /home/ricbolz/ros2_ws/src/install/raspimouse_msgs/include/raspimouse_msgs/raspimouse_msgs/msg/detail/leds__builder.hpp
[4.676s] -- Up-to-date symlink: /home/ricbolz/ros2_ws/src/install/raspimouse_msgs/include/raspimouse_msgs/raspimouse_msgs/msg/detail/leds__struct.hpp
[4.676s] -- Up-to-date symlink: /home/ricbolz/ros2_ws/src/install/raspimouse_msgs/include/raspimouse_msgs/raspimouse_msgs/msg/detail/leds__traits.hpp
[4.677s] -- Up-to-date symlink: /home/ricbolz/ros2_ws/src/install/raspimouse_msgs/include/raspimouse_msgs/raspimouse_msgs/msg/detail/light_sensors__builder.hpp
[4.677s] -- Up-to-date symlink: /home/ricbolz/ros2_ws/src/install/raspimouse_msgs/include/raspimouse_msgs/raspimouse_msgs/msg/detail/light_sensors__struct.hpp
[4.677s] -- Up-to-date symlink: /home/ricbolz/ros2_ws/src/install/raspimouse_msgs/include/raspimouse_msgs/raspimouse_msgs/msg/detail/light_sensors__traits.hpp
[4.678s] -- Up-to-date symlink: /home/ricbolz/ros2_ws/src/install/raspimouse_msgs/include/raspimouse_msgs/raspimouse_msgs/msg/detail/switches__builder.hpp
[4.678s] -- Up-to-date symlink: /home/ricbolz/ros2_ws/src/install/raspimouse_msgs/include/raspimouse_msgs/raspimouse_msgs/msg/detail/switches__struct.hpp
[4.678s] -- Up-to-date symlink: /home/ricbolz/ros2_ws/src/install/raspimouse_msgs/include/raspimouse_msgs/raspimouse_msgs/msg/detail/switches__traits.hpp
[4.678s] -- Up-to-date symlink: /home/ricbolz/ros2_ws/src/install/raspimouse_msgs/include/raspimouse_msgs/raspimouse_msgs/msg/leds.hpp
[4.678s] -- Up-to-date symlink: /home/ricbolz/ros2_ws/src/install/raspimouse_msgs/include/raspimouse_msgs/raspimouse_msgs/msg/light_sensors.hpp
[4.689s] -- Up-to-date symlink: /home/ricbolz/ros2_ws/src/install/raspimouse_msgs/include/raspimouse_msgs/raspimouse_msgs/msg/switches.hpp
[4.689s] -- Up-to-date symlink: /home/ricbolz/ros2_ws/src/install/raspimouse_msgs/include/raspimouse_msgs/raspimouse_msgs/msg/detail/leds__rosidl_typesupport_fastrtps_cpp.hpp
[4.689s] -- Up-to-date symlink: /home/ricbolz/ros2_ws/src/install/raspimouse_msgs/include/raspimouse_msgs/raspimouse_msgs/msg/detail/light_sensors__rosidl_typesupport_fastrtps_cpp.hpp
[4.689s] -- Up-to-date symlink: /home/ricbolz/ros2_ws/src/install/raspimouse_msgs/include/raspimouse_msgs/raspimouse_msgs/msg/detail/switches__rosidl_typesupport_fastrtps_cpp.hpp
[4.690s] -- Up-to-date symlink: /home/ricbolz/ros2_ws/src/install/raspimouse_msgs/include/raspimouse_msgs/raspimouse_msgs/msg/rosidl_typesupport_fastrtps_cpp__visibility_control.h
[4.690s] -- Up-to-date symlink: /home/ricbolz/ros2_ws/src/install/raspimouse_msgs/include/raspimouse_msgs/raspimouse_msgs/msg/detail/leds__rosidl_typesupport_introspection_cpp.hpp
[4.690s] -- Up-to-date symlink: /home/ricbolz/ros2_ws/src/install/raspimouse_msgs/include/raspimouse_msgs/raspimouse_msgs/msg/detail/light_sensors__rosidl_typesupport_introspection_cpp.hpp
[4.690s] -- Up-to-date symlink: /home/ricbolz/ros2_ws/src/install/raspimouse_msgs/include/raspimouse_msgs/raspimouse_msgs/msg/detail/switches__rosidl_typesupport_introspection_cpp.hpp
[4.690s] -- Up-to-date symlink: /home/ricbolz/ros2_ws/src/install/raspimouse_msgs/share/raspimouse_msgs/environment/pythonpath.sh
[4.690s] -- Up-to-date symlink: /home/ricbolz/ros2_ws/src/install/raspimouse_msgs/share/raspimouse_msgs/environment/pythonpath.dsv
[4.690s] -- Up-to-date symlink: /home/ricbolz/ros2_ws/src/install/raspimouse_msgs/local/lib/python3.10/dist-packages/raspimouse_msgs-1.1.2-py3.10.egg-info/PKG-INFO
[4.690s] -- Up-to-date symlink: /home/ricbolz/ros2_ws/src/install/raspimouse_msgs/local/lib/python3.10/dist-packages/raspimouse_msgs-1.1.2-py3.10.egg-info/SOURCES.txt
[4.690s] -- Up-to-date symlink: /home/ricbolz/ros2_ws/src/install/raspimouse_msgs/local/lib/python3.10/dist-packages/raspimouse_msgs-1.1.2-py3.10.egg-info/dependency_links.txt
[4.690s] -- Up-to-date symlink: /home/ricbolz/ros2_ws/src/install/raspimouse_msgs/local/lib/python3.10/dist-packages/raspimouse_msgs-1.1.2-py3.10.egg-info/top_level.txt
[4.690s] -- Up-to-date symlink: /home/ricbolz/ros2_ws/src/install/raspimouse_msgs/local/lib/python3.10/dist-packages/raspimouse_msgs/__init__.py
[4.704s] -- Up-to-date symlink: /home/ricbolz/ros2_ws/src/install/raspimouse_msgs/local/lib/python3.10/dist-packages/raspimouse_msgs/_raspimouse_msgs_s.ep.rosidl_typesupport_c.c
[4.704s] -- Up-to-date symlink: /home/ricbolz/ros2_ws/src/install/raspimouse_msgs/local/lib/python3.10/dist-packages/raspimouse_msgs/_raspimouse_msgs_s.ep.rosidl_typesupport_fastrtps_c.c
[4.705s] -- Up-to-date symlink: /home/ricbolz/ros2_ws/src/install/raspimouse_msgs/local/lib/python3.10/dist-packages/raspimouse_msgs/_raspimouse_msgs_s.ep.rosidl_typesupport_introspection_c.c
[4.705s] -- Up-to-date symlink: /home/ricbolz/ros2_ws/src/install/raspimouse_msgs/local/lib/python3.10/dist-packages/raspimouse_msgs/libraspimouse_msgs__rosidl_generator_py.so
[4.706s] -- Up-to-date symlink: /home/ricbolz/ros2_ws/src/install/raspimouse_msgs/local/lib/python3.10/dist-packages/raspimouse_msgs/msg/__init__.py
[4.707s] -- Up-to-date symlink: /home/ricbolz/ros2_ws/src/install/raspimouse_msgs/local/lib/python3.10/dist-packages/raspimouse_msgs/msg/_leds.py
[4.707s] -- Up-to-date symlink: /home/ricbolz/ros2_ws/src/install/raspimouse_msgs/local/lib/python3.10/dist-packages/raspimouse_msgs/msg/_leds_s.c
[4.707s] -- Up-to-date symlink: /home/ricbolz/ros2_ws/src/install/raspimouse_msgs/local/lib/python3.10/dist-packages/raspimouse_msgs/msg/_light_sensors.py
[4.707s] -- Up-to-date symlink: /home/ricbolz/ros2_ws/src/install/raspimouse_msgs/local/lib/python3.10/dist-packages/raspimouse_msgs/msg/_light_sensors_s.c
[4.707s] -- Up-to-date symlink: /home/ricbolz/ros2_ws/src/install/raspimouse_msgs/local/lib/python3.10/dist-packages/raspimouse_msgs/msg/_switches.py
[4.709s] -- Up-to-date symlink: /home/ricbolz/ros2_ws/src/install/raspimouse_msgs/local/lib/python3.10/dist-packages/raspimouse_msgs/msg/_switches_s.c
[4.709s] -- Up-to-date symlink: /home/ricbolz/ros2_ws/src/install/raspimouse_msgs/local/lib/python3.10/dist-packages/raspimouse_msgs/raspimouse_msgs_s__rosidl_typesupport_c.cpython-310-x86_64-linux-gnu.so
[4.710s] -- Up-to-date symlink: /home/ricbolz/ros2_ws/src/install/raspimouse_msgs/local/lib/python3.10/dist-packages/raspimouse_msgs/raspimouse_msgs_s__rosidl_typesupport_fastrtps_c.cpython-310-x86_64-linux-gnu.so
[4.710s] -- Up-to-date symlink: /home/ricbolz/ros2_ws/src/install/raspimouse_msgs/local/lib/python3.10/dist-packages/raspimouse_msgs/raspimouse_msgs_s__rosidl_typesupport_introspection_c.cpython-310-x86_64-linux-gnu.so
[4.711s] -- Up-to-date symlink: /home/ricbolz/ros2_ws/src/install/raspimouse_msgs/local/lib/python3.10/dist-packages/raspimouse_msgs/raspimouse_msgs_s__rosidl_typesupport_fastrtps_c.cpython-310-x86_64-linux-gnu.so
[4.713s] -- Up-to-date symlink: /home/ricbolz/ros2_ws/src/install/raspimouse_msgs/local/lib/python3.10/dist-packages/raspimouse_msgs/raspimouse_msgs_s__rosidl_typesupport_introspection_c.cpython-310-x86_64-linux-gnu.so
[4.713s] -- Up-to-date symlink: /home/ricbolz/ros2_ws/src/install/raspimouse_msgs/local/lib/python3.10/dist-packages/raspimouse_msgs/raspimouse_msgs_s__rosidl_typesupport_c.cpython-310-x86_64-linux-gnu.so
[4.713s] -- Up-to-date symlink: /home/ricbolz/ros2_ws/src/install/raspimouse_msgs/share/raspimouse_msgs/msg/Leds.idl
[4.713s] -- Up-to-date symlink: /home/ricbolz/ros2_ws/src/install/raspimouse_msgs/share/raspimouse_msgs/msg/Switches.idl
[4.713s] -- Up-to-date symlink: /home/ricbolz/ros2_ws/src/install/raspimouse_msgs/share/raspimouse_msgs/msg/LightSensors.idl
[4.713s] -- Up-to-date symlink: /home/ricbolz/ros2_ws/src/install/raspimouse_msgs/share/raspimouse_msgs/msg/Leds.msg
[4.713s] -- Up-to-date symlink: /home/ricbolz/ros2_ws/src/install/raspimouse_msgs/share/raspimouse_msgs/msg/Switches.msg
[4.719s] -- Up-to-date symlink: /home/ricbolz/ros2_ws/src/install/raspimouse_msgs/share/raspimouse_msgs/msg/LightSensors.msg
[4.719s] -- Up-to-date symlink: /home/ricbolz/ros2_ws/src/install/raspimouse_msgs/share/ament_index/resource_index/package_run_dependencies/raspimouse_msgs
[4.720s] -- Up-to-date symlink: /home/ricbolz/ros2_ws/src/install/raspimouse_msgs/share/ament_index/resource_index/parent_prefix_path/raspimouse_msgs
[4.720s] -- Up-to-date symlink: /home/ricbolz/ros2_ws/src/install/raspimouse_msgs/share/raspimouse_msgs/environment/ament_prefix_path.sh
[4.720s] -- Up-to-date symlink: /home/ricbolz/ros2_ws/src/install/raspimouse_msgs/share/raspimouse_msgs/environment/ament_prefix_path.dsv
[4.720s] -- Up-to-date symlink: /home/ricbolz/ros2_ws/src/install/raspimouse_msgs/share/raspimouse_msgs/environment/path.sh
[4.720s] -- Up-to-date symlink: /home/ricbolz/ros2_ws/src/install/raspimouse_msgs/share/raspimouse_msgs/environment/path.dsv
[4.720s] -- Up-to-date symlink: /home/ricbolz/ros2_ws/src/install/raspimouse_msgs/share/raspimouse_msgs/local_setup.bash
[4.720s] -- Up-to-date symlink: /home/ricbolz/ros2_ws/src/install/raspimouse_msgs/share/raspimouse_msgs/local_setup.sh
[4.720s] -- Up-to-date symlink: /home/ricbolz/ros2_ws/src/install/raspimouse_msgs/share/raspimouse_msgs/local_setup.zsh
[4.720s] -- Up-to-date symlink: /home/ricbolz/ros2_ws/src/install/raspimouse_msgs/share/raspimouse_msgs/local_setup.dsv
[4.720s] -- Symlinking: /home/ricbolz/ros2_ws/src/install/raspimouse_msgs/share/raspimouse_msgs/package.dsv
[4.758s] -- Up-to-date symlink: /home/ricbolz/ros2_ws/src/install/raspimouse_msgs/share/ament_index/resource_index/packages/raspimouse_msgs
[4.758s] -- Up-to-date symlink: /home/ricbolz/ros2_ws/src/install/raspimouse_msgs/share/raspimouse_msgs/cmake/rosidl_cmake-extras.cmake
[4.758s] -- Up-to-date symlink: /home/ricbolz/ros2_ws/src/install/raspimouse_msgs/share/raspimouse_msgs/cmake/ament_cmake_export_include_directories-extras.cmake
[4.758s] -- Up-to-date symlink: /home/ricbolz/ros2_ws/src/install/raspimouse_msgs/share/raspimouse_msgs/cmake/ament_cmake_export_libraries-extras.cmake
[4.758s] -- Up-to-date symlink: /home/ricbolz/ros2_ws/src/install/raspimouse_msgs/share/raspimouse_msgs/cmake/ament_cmake_export_targets-extras.cmake
[4.758s] -- Up-to-date symlink: /home/ricbolz/ros2_ws/src/install/raspimouse_msgs/share/raspimouse_msgs/cmake/rosidl_cmake_export_typesupport_targets-extras.cmake
[4.758s] -- Up-to-date symlink: /home/ricbolz/ros2_ws/src/install/raspimouse_msgs/share/raspimouse_msgs/cmake/ament_cmake_export_dependencies-extras.cmake
[4.758s] -- Up-to-date symlink: /home/ricbolz/ros2_ws/src/install/raspimouse_msgs/share/raspimouse_msgs/cmake/rosidl_cmake_export_typesupport_libraries-extras.cmake
[4.758s] -- Up-to-date symlink: /home/ricbolz/ros2_ws/src/install/raspimouse_msgs/share/raspimouse_msgs/cmake/raspimouse_msgsConfig.cmake
[4.758s] -- Up-to-date symlink: /home/ricbolz/ros2_ws/src/install/raspimouse_msgs/share/raspimouse_msgs/cmake/raspimouse_msgsConfig-version.cmake
[4.759s] -- Up-to-date symlink: /home/ricbolz/ros2_ws/src/install/raspimouse_msgs/share/raspimouse_msgs/package.xml
[4.759s] -- Up-to-date: /home/ricbolz/ros2_ws/src/install/raspimouse_msgs/lib/libraspimouse_msgs__rosidl_generator_c.so
[4.759s] -- Up-to-date: /home/ricbolz/ros2_ws/src/install/raspimouse_msgs/lib/libraspimouse_msgs__rosidl_typesupport_fastrtps_c.so
[4.759s] -- Up-to-date: /home/ricbolz/ros2_ws/src/install/raspimouse_msgs/lib/libraspimouse_msgs__rosidl_typesupport_introspection_c.so
[4.759s] -- Up-to-date: /home/ricbolz/ros2_ws/src/install/raspimouse_msgs/lib/libraspimouse_msgs__rosidl_typesupport_c.so
[4.759s] -- Up-to-date: /home/ricbolz/ros2_ws/src/install/raspimouse_msgs/lib/libraspimouse_msgs__rosidl_typesupport_fastrtps_cpp.so
[4.759s] -- Up-to-date: /home/ricbolz/ros2_ws/src/install/raspimouse_msgs/lib/libraspimouse_msgs__rosidl_typesupport_introspection_cpp.so
[4.759s] -- Up-to-date: /home/ricbolz/ros2_ws/src/install/raspimouse_msgs/lib/libraspimouse_msgs__rosidl_typesupport_cpp.so
[4.839s] Listing '/home/ricbolz/ros2_ws/src/install/raspimouse_msgs/local/lib/python3.10/dist-packages/raspimouse_msgs'...
[4.839s] Compiling '/home/ricbolz/ros2_ws/src/install/raspimouse_msgs/local/lib/python3.10/dist-packages/raspimouse_msgs/__init__.py'...
[4.839s] Listing '/home/ricbolz/ros2_ws/src/install/raspimouse_msgs/local/lib/python3.10/dist-packages/raspimouse_msgs/msg'...
[4.860s] -- Up-to-date: /home/ricbolz/ros2_ws/src/install/raspimouse_msgs/lib/libraspimouse_msgs__rosidl_generator_py.so
[4.860s] -- Up-to-date: /home/ricbolz/ros2_ws/src/install/raspimouse_msgs/share/raspimouse_msgs/cmake/export_raspimouse_msgs__rosidl_generator_cExport.cmake
[4.861s] -- Up-to-date: /home/ricbolz/ros2_ws/src/install/raspimouse_msgs/share/raspimouse_msgs/cmake/export_raspimouse_msgs__rosidl_generator_cExport-noconfig.cmake
[4.873s] -- Up-to-date: /home/ricbolz/ros2_ws/src/install/raspimouse_msgs/share/raspimouse_msgs/cmake/export_raspimouse_msgs__rosidl_typesupport_fastrtps_cExport.cmake
[4.873s] -- Up-to-date: /home/ricbolz/ros2_ws/src/install/raspimouse_msgs/share/raspimouse_msgs/cmake/export_raspimouse_msgs__rosidl_typesupport_fastrtps_cExport-noconfig.cmake
[4.873s] -- Up-to-date: /home/ricbolz/ros2_ws/src/install/raspimouse_msgs/share/raspimouse_msgs/cmake/raspimouse_msgs__rosidl_typesupport_introspection_cExport.cmake
[4.873s] -- Up-to-date: /home/ricbolz/ros2_ws/src/install/raspimouse_msgs/share/raspimouse_msgs/cmake/raspimouse_msgs__rosidl_typesupport_introspection_cExport-noconfig.cmake
[4.873s] -- Up-to-date: /home/ricbolz/ros2_ws/src/install/raspimouse_msgs/share/raspimouse_msgs/cmake/raspimouse_msgs__rosidl_typesupport_cExport.cmake
[4.873s] -- Up-to-date: /home/ricbolz/ros2_ws/src/install/raspimouse_msgs/share/raspimouse_msgs/cmake/raspimouse_msgs__rosidl_typesupport_cExport-noconfig.cmake
[4.873s] -- Up-to-date: /home/ricbolz/ros2_ws/src/install/raspimouse_msgs/share/raspimouse_msgs/cmake/export_raspimouse_msgs__rosidl_generator_cppExport.cmake
[4.873s] -- Up-to-date: /home/ricbolz/ros2_ws/src/install/raspimouse_msgs/share/raspimouse_msgs/cmake/export_raspimouse_msgs__rosidl_typesupport_fastrtps_cppExport.cmake
[4.873s] -- Up-to-date: /home/ricbolz/ros2_ws/src/install/raspimouse_msgs/share/raspimouse_msgs/cmake/export_raspimouse_msgs__rosidl_typesupport_fastrtps_cppExport-noconfig.cmake
[4.873s] -- Up-to-date: /home/ricbolz/ros2_ws/src/install/raspimouse_msgs/share/raspimouse_msgs/cmake/raspimouse_msgs__rosidl_typesupport_introspection_cppExport.cmake
[4.873s] -- Up-to-date: /home/ricbolz/ros2_ws/src/install/raspimouse_msgs/share/raspimouse_msgs/cmake/raspimouse_msgs__rosidl_typesupport_introspection_cppExport-noconfig.cmake
[4.873s] -- Up-to-date: /home/ricbolz/ros2_ws/src/install/raspimouse_msgs/share/raspimouse_msgs/cmake/raspimouse_msgs__rosidl_typesupport_cppExport.cmake
[4.874s] -- Up-to-date: /home/ricbolz/ros2_ws/src/install/raspimouse_msgs/share/raspimouse_msgs/cmake/raspimouse_msgs__rosidl_typesupport_cppExport-noconfig.cmake
[4.874s] -- Up-to-date: /home/ricbolz/ros2_ws/src/install/raspimouse_msgs/share/raspimouse_msgs/cmake/export_raspimouse_msgs__rosidl_generator_pyExport.cmake
[4.874s] -- Up-to-date: /home/ricbolz/ros2_ws/src/install/raspimouse_msgs/share/raspimouse_msgs/cmake/export_raspimouse_msgs__rosidl_generator_pyExport-noconfig.cmake
[4.910s] Invoked command in '/home/ricbolz/ros2_ws/src/build/raspimouse_msgs' returned '0': CMAKE_PREFIX_PATH=${CMAKE_PREFIX_PATH}:/opt/ros/humble /usr/bin/cmake --install /home/ricbolz/ros2_ws/src/build/raspimouse_msgs
