[5.576s] Invoking command in '/home/ubuntu/ros2_ws/src/hello': PYTHONPATH=/home/ubuntu/ros2_ws/src/build/hello/prefix_override:/home/ubuntu/ros2_ws/src/install/hello/lib/python3.10/site-packages:${PYTHONPATH} /usr/bin/python3 setup.py egg_info --egg-base ../build/hello build --build-base /home/ubuntu/ros2_ws/src/build/hello/build install --record /home/ubuntu/ros2_ws/src/build/hello/install.log --single-version-externally-managed
[8.425s] running egg_info
[8.430s] writing ../build/hello/hello.egg-info/PKG-INFO
[8.432s] writing dependency_links to ../build/hello/hello.egg-info/dependency_links.txt
[8.434s] writing entry points to ../build/hello/hello.egg-info/entry_points.txt
[8.435s] writing requirements to ../build/hello/hello.egg-info/requires.txt
[8.436s] writing top-level names to ../build/hello/hello.egg-info/top_level.txt
[8.453s] reading manifest file '../build/hello/hello.egg-info/SOURCES.txt'
[8.461s] writing manifest file '../build/hello/hello.egg-info/SOURCES.txt'
[8.462s] running build
[8.462s] running build_py
[8.469s] copying hello/lifecycle_node_manager.py -> /home/ubuntu/ros2_ws/src/build/hello/build/lib/hello
[8.470s] running install
[8.472s] running install_lib
[8.482s] copying /home/ubuntu/ros2_ws/src/build/hello/build/lib/hello/lifecycle_node_manager.py -> /home/ubuntu/ros2_ws/src/install/hello/lib/python3.10/site-packages/hello
[8.494s] byte-compiling /home/ubuntu/ros2_ws/src/install/hello/lib/python3.10/site-packages/hello/lifecycle_node_manager.py to lifecycle_node_manager.cpython-310.pyc
[8.504s] running install_data
[8.510s] running install_egg_info
[8.527s] removing '/home/ubuntu/ros2_ws/src/install/hello/lib/python3.10/site-packages/hello-0.0.0-py3.10.egg-info' (and everything under it)
[8.529s] Copying ../build/hello/hello.egg-info to /home/ubuntu/ros2_ws/src/install/hello/lib/python3.10/site-packages/hello-0.0.0-py3.10.egg-info
[8.536s] running install_scripts
[8.697s] Installing hello_node script to /home/ubuntu/ros2_ws/src/install/hello/lib/hello
[8.698s] Installing hello_publisher script to /home/ubuntu/ros2_ws/src/install/hello/lib/hello
[8.703s] Installing hello_subscriber script to /home/ubuntu/ros2_ws/src/install/hello/lib/hello
[8.703s] Installing joypad_mouse_controller script to /home/ubuntu/ros2_ws/src/install/hello/lib/hello
[8.704s] Installing lightsensor_monitor script to /home/ubuntu/ros2_ws/src/install/hello/lib/hello
[8.705s] Installing line_follower script to /home/ubuntu/ros2_ws/src/install/hello/lib/hello
[8.710s] writing list of installed files to '/home/ubuntu/ros2_ws/src/build/hello/install.log'
[9.070s] Invoked command in '/home/ubuntu/ros2_ws/src/hello' returned '0': PYTHONPATH=/home/ubuntu/ros2_ws/src/build/hello/prefix_override:/home/ubuntu/ros2_ws/src/install/hello/lib/python3.10/site-packages:${PYTHONPATH} /usr/bin/python3 setup.py egg_info --egg-base ../build/hello build --build-base /home/ubuntu/ros2_ws/src/build/hello/build install --record /home/ubuntu/ros2_ws/src/build/hello/install.log --single-version-externally-managed
