[11.116s] Invoking command in '/home/ubuntu/ros2_ws/src/hello': PYTHONPATH=/home/ubuntu/ros2_ws/src/build/hello/prefix_override:/home/ubuntu/ros2_ws/src/install/hello/lib/python3.10/site-packages:${PYTHONPATH} /usr/bin/python3 setup.py egg_info --egg-base ../build/hello build --build-base /home/ubuntu/ros2_ws/src/build/hello/build install --record /home/ubuntu/ros2_ws/src/build/hello/install.log --single-version-externally-managed
[14.920s] running egg_info
[14.934s] writing ../build/hello/hello.egg-info/PKG-INFO
[14.939s] writing dependency_links to ../build/hello/hello.egg-info/dependency_links.txt
[14.945s] writing entry points to ../build/hello/hello.egg-info/entry_points.txt
[14.946s] writing requirements to ../build/hello/hello.egg-info/requires.txt
[14.946s] writing top-level names to ../build/hello/hello.egg-info/top_level.txt
[14.955s] reading manifest file '../build/hello/hello.egg-info/SOURCES.txt'
[14.961s] writing manifest file '../build/hello/hello.egg-info/SOURCES.txt'
[14.962s] running build
[14.962s] running build_py
[14.966s] copying hello/line_follower.py -> /home/ubuntu/ros2_ws/src/build/hello/build/lib/hello
[14.971s] running install
[14.974s] running install_lib
[14.985s] copying /home/ubuntu/ros2_ws/src/build/hello/build/lib/hello/line_follower.py -> /home/ubuntu/ros2_ws/src/install/hello/lib/python3.10/site-packages/hello
[14.994s] byte-compiling /home/ubuntu/ros2_ws/src/install/hello/lib/python3.10/site-packages/hello/line_follower.py to line_follower.cpython-310.pyc
[15.012s] running install_data
[15.018s] running install_egg_info
[15.028s] removing '/home/ubuntu/ros2_ws/src/install/hello/lib/python3.10/site-packages/hello-0.0.0-py3.10.egg-info' (and everything under it)
[15.032s] Copying ../build/hello/hello.egg-info to /home/ubuntu/ros2_ws/src/install/hello/lib/python3.10/site-packages/hello-0.0.0-py3.10.egg-info
[15.048s] running install_scripts
[15.254s] Installing hello_node script to /home/ubuntu/ros2_ws/src/install/hello/lib/hello
[15.256s] Installing hello_publisher script to /home/ubuntu/ros2_ws/src/install/hello/lib/hello
[15.257s] Installing hello_subscriber script to /home/ubuntu/ros2_ws/src/install/hello/lib/hello
[15.260s] Installing joypad_mouse_controller script to /home/ubuntu/ros2_ws/src/install/hello/lib/hello
[15.262s] Installing lightsensor_monitor script to /home/ubuntu/ros2_ws/src/install/hello/lib/hello
[15.273s] Installing line_follower script to /home/ubuntu/ros2_ws/src/install/hello/lib/hello
[15.276s] writing list of installed files to '/home/ubuntu/ros2_ws/src/build/hello/install.log'
[15.549s] Invoked command in '/home/ubuntu/ros2_ws/src/hello' returned '0': PYTHONPATH=/home/ubuntu/ros2_ws/src/build/hello/prefix_override:/home/ubuntu/ros2_ws/src/install/hello/lib/python3.10/site-packages:${PYTHONPATH} /usr/bin/python3 setup.py egg_info --egg-base ../build/hello build --build-base /home/ubuntu/ros2_ws/src/build/hello/build install --record /home/ubuntu/ros2_ws/src/build/hello/install.log --single-version-externally-managed
