/home/ubuntu/ros2_ws/src/install/mr_exp_samples/lib/python3.10/site-packages/mr_exp_samples/joy_teleop.py
/home/ubuntu/ros2_ws/src/install/mr_exp_samples/lib/python3.10/site-packages/mr_exp_samples/watermark_node.py
/home/ubuntu/ros2_ws/src/install/mr_exp_samples/lib/python3.10/site-packages/mr_exp_samples/__init__.py
/home/ubuntu/ros2_ws/src/install/mr_exp_samples/lib/python3.10/site-packages/mr_exp_samples/hello_sub_and_pub.py
/home/ubuntu/ros2_ws/src/install/mr_exp_samples/lib/python3.10/site-packages/mr_exp_samples/__pycache__/joy_teleop.cpython-310.pyc
/home/ubuntu/ros2_ws/src/install/mr_exp_samples/lib/python3.10/site-packages/mr_exp_samples/__pycache__/watermark_node.cpython-310.pyc
/home/ubuntu/ros2_ws/src/install/mr_exp_samples/lib/python3.10/site-packages/mr_exp_samples/__pycache__/__init__.cpython-310.pyc
/home/ubuntu/ros2_ws/src/install/mr_exp_samples/lib/python3.10/site-packages/mr_exp_samples/__pycache__/hello_sub_and_pub.cpython-310.pyc
/home/ubuntu/ros2_ws/src/install/mr_exp_samples/share/ament_index/resource_index/packages/mr_exp_samples
/home/ubuntu/ros2_ws/src/install/mr_exp_samples/share/mr_exp_samples/package.xml
/home/ubuntu/ros2_ws/src/install/mr_exp_samples/lib/python3.10/site-packages/mr_exp_samples-0.0.0-py3.10.egg-info/dependency_links.txt
/home/ubuntu/ros2_ws/src/install/mr_exp_samples/lib/python3.10/site-packages/mr_exp_samples-0.0.0-py3.10.egg-info/SOURCES.txt
/home/ubuntu/ros2_ws/src/install/mr_exp_samples/lib/python3.10/site-packages/mr_exp_samples-0.0.0-py3.10.egg-info/entry_points.txt
/home/ubuntu/ros2_ws/src/install/mr_exp_samples/lib/python3.10/site-packages/mr_exp_samples-0.0.0-py3.10.egg-info/top_level.txt
/home/ubuntu/ros2_ws/src/install/mr_exp_samples/lib/python3.10/site-packages/mr_exp_samples-0.0.0-py3.10.egg-info/requires.txt
/home/ubuntu/ros2_ws/src/install/mr_exp_samples/lib/python3.10/site-packages/mr_exp_samples-0.0.0-py3.10.egg-info/PKG-INFO
/home/ubuntu/ros2_ws/src/install/mr_exp_samples/lib/python3.10/site-packages/mr_exp_samples-0.0.0-py3.10.egg-info/zip-safe
/home/ubuntu/ros2_ws/src/install/mr_exp_samples/lib/mr_exp_samples/hello_sub_and_pub
/home/ubuntu/ros2_ws/src/install/mr_exp_samples/lib/mr_exp_samples/joy_teleop
/home/ubuntu/ros2_ws/src/install/mr_exp_samples/lib/mr_exp_samples/watermark_node
