[0.746s] Invoking command in '/home/ricbolz/ros2_ws/src/build/hello': PYTHONPATH=/home/ricbolz/ros2_ws/src/build/hello/prefix_override:/home/ricbolz/ros2_ws/src/install/hello/lib/python3.10/site-packages:${PYTHONPATH} /usr/bin/python3 setup.py develop --editable --build-directory /home/ricbolz/ros2_ws/src/build/hello/build --no-deps install_data
[0.952s] running develop
[1.095s] running egg_info
[1.095s] writing hello.egg-info/PKG-INFO
[1.096s] writing dependency_links to hello.egg-info/dependency_links.txt
[1.096s] writing entry points to hello.egg-info/entry_points.txt
[1.097s] writing requirements to hello.egg-info/requires.txt
[1.098s] writing top-level names to hello.egg-info/top_level.txt
[1.100s] reading manifest file 'hello.egg-info/SOURCES.txt'
[1.101s] writing manifest file 'hello.egg-info/SOURCES.txt'
[1.103s] running build_ext
[1.103s] Creating /home/ricbolz/ros2_ws/src/install/hello/lib/python3.10/site-packages/hello.egg-link (link to .)
[1.104s] Installing hello_node script to /home/ricbolz/ros2_ws/src/install/hello/lib/hello
[1.105s] Installing hello_publisher script to /home/ricbolz/ros2_ws/src/install/hello/lib/hello
[1.105s] Installing hello_subscriber script to /home/ricbolz/ros2_ws/src/install/hello/lib/hello
[1.106s] Installing joypad_mouse_controller script to /home/ricbolz/ros2_ws/src/install/hello/lib/hello
[1.106s] Installing lifecycle_node_manager script to /home/ricbolz/ros2_ws/src/install/hello/lib/hello
[1.107s] Installing lightsensor_monitor script to /home/ricbolz/ros2_ws/src/install/hello/lib/hello
[1.108s] Installing line_follower script to /home/ricbolz/ros2_ws/src/install/hello/lib/hello
[1.108s] Installing robot_node script to /home/ricbolz/ros2_ws/src/install/hello/lib/hello
[1.108s] 
[1.109s] Installed /home/ricbolz/ros2_ws/src/build/hello
[1.109s] running install_data
[1.130s] Invoked command in '/home/ricbolz/ros2_ws/src/build/hello' returned '0': PYTHONPATH=/home/ricbolz/ros2_ws/src/build/hello/prefix_override:/home/ricbolz/ros2_ws/src/install/hello/lib/python3.10/site-packages:${PYTHONPATH} /usr/bin/python3 setup.py develop --editable --build-directory /home/ricbolz/ros2_ws/src/build/hello/build --no-deps install_data
