running egg_info
creating ../build/mr_exp_samples/mr_exp_samples.egg-info
writing ../build/mr_exp_samples/mr_exp_samples.egg-info/PKG-INFO
writing dependency_links to ../build/mr_exp_samples/mr_exp_samples.egg-info/dependency_links.txt
writing entry points to ../build/mr_exp_samples/mr_exp_samples.egg-info/entry_points.txt
writing requirements to ../build/mr_exp_samples/mr_exp_samples.egg-info/requires.txt
writing top-level names to ../build/mr_exp_samples/mr_exp_samples.egg-info/top_level.txt
writing manifest file '../build/mr_exp_samples/mr_exp_samples.egg-info/SOURCES.txt'
reading manifest file '../build/mr_exp_samples/mr_exp_samples.egg-info/SOURCES.txt'
writing manifest file '../build/mr_exp_samples/mr_exp_samples.egg-info/SOURCES.txt'
running build
running build_py
creating /home/ubuntu/ros2_ws/src/build/mr_exp_samples/build
creating /home/ubuntu/ros2_ws/src/build/mr_exp_samples/build/lib
creating /home/ubuntu/ros2_ws/src/build/mr_exp_samples/build/lib/mr_exp_samples
copying mr_exp_samples/joy_teleop.py -> /home/ubuntu/ros2_ws/src/build/mr_exp_samples/build/lib/mr_exp_samples
copying mr_exp_samples/watermark_node.py -> /home/ubuntu/ros2_ws/src/build/mr_exp_samples/build/lib/mr_exp_samples
copying mr_exp_samples/__init__.py -> /home/ubuntu/ros2_ws/src/build/mr_exp_samples/build/lib/mr_exp_samples
copying mr_exp_samples/hello_sub_and_pub.py -> /home/ubuntu/ros2_ws/src/build/mr_exp_samples/build/lib/mr_exp_samples
running install
running install_lib
creating /home/ubuntu/ros2_ws/src/install/mr_exp_samples/lib/python3.10/site-packages/mr_exp_samples
copying /home/ubuntu/ros2_ws/src/build/mr_exp_samples/build/lib/mr_exp_samples/joy_teleop.py -> /home/ubuntu/ros2_ws/src/install/mr_exp_samples/lib/python3.10/site-packages/mr_exp_samples
copying /home/ubuntu/ros2_ws/src/build/mr_exp_samples/build/lib/mr_exp_samples/watermark_node.py -> /home/ubuntu/ros2_ws/src/install/mr_exp_samples/lib/python3.10/site-packages/mr_exp_samples
copying /home/ubuntu/ros2_ws/src/build/mr_exp_samples/build/lib/mr_exp_samples/__init__.py -> /home/ubuntu/ros2_ws/src/install/mr_exp_samples/lib/python3.10/site-packages/mr_exp_samples
copying /home/ubuntu/ros2_ws/src/build/mr_exp_samples/build/lib/mr_exp_samples/hello_sub_and_pub.py -> /home/ubuntu/ros2_ws/src/install/mr_exp_samples/lib/python3.10/site-packages/mr_exp_samples
byte-compiling /home/ubuntu/ros2_ws/src/install/mr_exp_samples/lib/python3.10/site-packages/mr_exp_samples/joy_teleop.py to joy_teleop.cpython-310.pyc
byte-compiling /home/ubuntu/ros2_ws/src/install/mr_exp_samples/lib/python3.10/site-packages/mr_exp_samples/watermark_node.py to watermark_node.cpython-310.pyc
byte-compiling /home/ubuntu/ros2_ws/src/install/mr_exp_samples/lib/python3.10/site-packages/mr_exp_samples/__init__.py to __init__.cpython-310.pyc
byte-compiling /home/ubuntu/ros2_ws/src/install/mr_exp_samples/lib/python3.10/site-packages/mr_exp_samples/hello_sub_and_pub.py to hello_sub_and_pub.cpython-310.pyc
running install_data
creating /home/ubuntu/ros2_ws/src/install/mr_exp_samples/share/ament_index
creating /home/ubuntu/ros2_ws/src/install/mr_exp_samples/share/ament_index/resource_index
creating /home/ubuntu/ros2_ws/src/install/mr_exp_samples/share/ament_index/resource_index/packages
copying resource/mr_exp_samples -> /home/ubuntu/ros2_ws/src/install/mr_exp_samples/share/ament_index/resource_index/packages
copying package.xml -> /home/ubuntu/ros2_ws/src/install/mr_exp_samples/share/mr_exp_samples
running install_egg_info
Copying ../build/mr_exp_samples/mr_exp_samples.egg-info to /home/ubuntu/ros2_ws/src/install/mr_exp_samples/lib/python3.10/site-packages/mr_exp_samples-0.0.0-py3.10.egg-info
running install_scripts
Installing hello_sub_and_pub script to /home/ubuntu/ros2_ws/src/install/mr_exp_samples/lib/mr_exp_samples
Installing joy_teleop script to /home/ubuntu/ros2_ws/src/install/mr_exp_samples/lib/mr_exp_samples
Installing watermark_node script to /home/ubuntu/ros2_ws/src/install/mr_exp_samples/lib/mr_exp_samples
writing list of installed files to '/home/ubuntu/ros2_ws/src/build/mr_exp_samples/install.log'
