[0.142s] Invoking command in '/home/ricbolz/ros2_ws/src/build/raspimouse_msgs': CMAKE_PREFIX_PATH=${CMAKE_PREFIX_PATH}:/opt/ros/humble /usr/bin/cmake /home/ricbolz/ros2_ws/src/raspimouse2/raspimouse_msgs -DAMENT_CMAKE_SYMLINK_INSTALL=1 -DCMAKE_INSTALL_PREFIX=/home/ricbolz/ros2_ws/src/install/raspimouse_msgs
[0.399s] -- The C compiler identification is GNU 11.4.0
[0.471s] -- The CXX compiler identification is GNU 11.4.0
[0.497s] -- Detecting C compiler ABI info
[0.592s] -- Detecting C compiler ABI info - done
[0.598s] -- Check for working C compiler: /usr/bin/cc - skipped
[0.599s] -- Detecting C compile features
[0.600s] -- Detecting C compile features - done
[0.603s] -- Detecting CXX compiler ABI info
[0.695s] -- Detecting CXX compiler ABI info - done
[0.701s] -- Check for working CXX compiler: /usr/bin/c++ - skipped
[0.702s] -- Detecting CXX compile features
[0.702s] -- Detecting CXX compile features - done
[0.714s] -- Found ament_cmake: 1.3.6 (/opt/ros/humble/share/ament_cmake/cmake)
[0.913s] -- Found Python3: /usr/bin/python3.10 (found version "3.10.12") found components: Interpreter 
[0.975s] -- Override CMake install command with custom implementation using symlinks instead of copying resources
[1.001s] -- Found rosidl_default_generators: 1.2.0 (/opt/ros/humble/share/rosidl_default_generators/cmake)
[1.007s] -- Using all available rosidl_typesupport_c: rosidl_typesupport_fastrtps_c;rosidl_typesupport_introspection_c
[1.017s] -- Found rosidl_adapter: 3.1.5 (/opt/ros/humble/share/rosidl_adapter/cmake)
[1.082s] -- Using all available rosidl_typesupport_cpp: rosidl_typesupport_fastrtps_cpp;rosidl_typesupport_introspection_cpp
[1.377s] -- Found ament_cmake_ros: 0.10.0 (/opt/ros/humble/share/ament_cmake_ros/cmake)
[1.588s] -- Using all available rosidl_typesupport_c: rosidl_typesupport_fastrtps_c;rosidl_typesupport_introspection_c
[1.783s] -- Using all available rosidl_typesupport_cpp: rosidl_typesupport_fastrtps_cpp;rosidl_typesupport_introspection_cpp
[1.810s] -- Found PythonInterp: /usr/bin/python3 (found suitable version "3.10.12", minimum required is "3.6") 
[1.814s] -- Found python_cmake_module: 0.10.0 (/opt/ros/humble/share/python_cmake_module/cmake)
[1.836s] -- Found PythonLibs: /usr/lib/x86_64-linux-gnu/libpython3.10.so (found suitable version "3.10.12", minimum required is "3.5") 
[1.837s] -- Using PYTHON_EXECUTABLE: /usr/bin/python3
[1.837s] -- Using PYTHON_INCLUDE_DIRS: /usr/include/python3.10
[1.837s] -- Using PYTHON_LIBRARIES: /usr/lib/x86_64-linux-gnu/libpython3.10.so
[1.857s] -- Found PythonExtra: .so  
[1.885s] -- Found ament_lint_auto: 0.12.9 (/opt/ros/humble/share/ament_lint_auto/cmake)
[1.907s] -- Added test 'copyright' to check source files copyright and LICENSE
[1.918s] -- Added test 'lint_cmake' to check CMake code style
[1.918s] -- Added test 'xmllint' to check XML markup files
[1.921s] -- Configuring done
[1.951s] -- Generating done
[1.954s] -- Build files have been written to: /home/ricbolz/ros2_ws/src/build/raspimouse_msgs
[1.963s] Invoked command in '/home/ricbolz/ros2_ws/src/build/raspimouse_msgs' returned '0': CMAKE_PREFIX_PATH=${CMAKE_PREFIX_PATH}:/opt/ros/humble /usr/bin/cmake /home/ricbolz/ros2_ws/src/raspimouse2/raspimouse_msgs -DAMENT_CMAKE_SYMLINK_INSTALL=1 -DCMAKE_INSTALL_PREFIX=/home/ricbolz/ros2_ws/src/install/raspimouse_msgs
[1.963s] Invoking command in '/home/ricbolz/ros2_ws/src/build/raspimouse_msgs': CMAKE_PREFIX_PATH=${CMAKE_PREFIX_PATH}:/opt/ros/humble /usr/bin/cmake --build /home/ricbolz/ros2_ws/src/build/raspimouse_msgs -- -j2 -l2
[2.090s] [  2%] [34m[1mGenerating C code for ROS interfaces[0m
[2.131s] [  4%] [34m[1mGenerating C++ code for ROS interfaces[0m
[2.604s] [  4%] Built target raspimouse_msgs__cpp
[2.629s] [  4%] Built target ament_cmake_python_symlink_raspimouse_msgs
[2.639s] [  6%] [34m[1mGenerating C++ type support dispatch for ROS interfaces[0m
[2.944s] [  8%] [32mBuilding C object CMakeFiles/raspimouse_msgs__rosidl_generator_c.dir/rosidl_generator_c/raspimouse_msgs/msg/detail/leds__functions.c.o[0m
[2.969s] [ 10%] [32mBuilding CXX object CMakeFiles/raspimouse_msgs__rosidl_typesupport_cpp.dir/rosidl_typesupport_cpp/raspimouse_msgs/msg/leds__type_support.cpp.o[0m
[3.009s] [ 12%] [32mBuilding C object CMakeFiles/raspimouse_msgs__rosidl_generator_c.dir/rosidl_generator_c/raspimouse_msgs/msg/detail/switches__functions.c.o[0m
[3.047s] [ 14%] [32mBuilding C object CMakeFiles/raspimouse_msgs__rosidl_generator_c.dir/rosidl_generator_c/raspimouse_msgs/msg/detail/light_sensors__functions.c.o[0m
[3.099s] [ 17%] [32m[1mLinking C shared library libraspimouse_msgs__rosidl_generator_c.so[0m
[3.136s] [ 17%] Built target raspimouse_msgs__rosidl_generator_c
[3.150s] [ 19%] [34m[1mGenerating C++ type support for eProsima Fast-RTPS[0m
[3.203s] [ 21%] [32mBuilding CXX object CMakeFiles/raspimouse_msgs__rosidl_typesupport_cpp.dir/rosidl_typesupport_cpp/raspimouse_msgs/msg/switches__type_support.cpp.o[0m
[3.452s] [ 23%] [32mBuilding CXX object CMakeFiles/raspimouse_msgs__rosidl_typesupport_cpp.dir/rosidl_typesupport_cpp/raspimouse_msgs/msg/light_sensors__type_support.cpp.o[0m
[3.507s] [ 25%] [32mBuilding CXX object CMakeFiles/raspimouse_msgs__rosidl_typesupport_fastrtps_cpp.dir/rosidl_typesupport_fastrtps_cpp/raspimouse_msgs/msg/detail/dds_fastrtps/leds__type_support.cpp.o[0m
[3.683s] [ 27%] [32m[1mLinking CXX shared library libraspimouse_msgs__rosidl_typesupport_cpp.so[0m
[3.728s] [ 27%] Built target raspimouse_msgs__rosidl_typesupport_cpp
[3.743s] [ 29%] [34m[1mGenerating C++ introspection for ROS interfaces[0m
[3.867s] [ 31%] [32mBuilding CXX object CMakeFiles/raspimouse_msgs__rosidl_typesupport_fastrtps_cpp.dir/rosidl_typesupport_fastrtps_cpp/raspimouse_msgs/msg/detail/dds_fastrtps/switches__type_support.cpp.o[0m
[4.091s] [ 34%] [32mBuilding CXX object CMakeFiles/raspimouse_msgs__rosidl_typesupport_introspection_cpp.dir/rosidl_typesupport_introspection_cpp/raspimouse_msgs/msg/detail/leds__type_support.cpp.o[0m
[4.210s] [ 36%] [32mBuilding CXX object CMakeFiles/raspimouse_msgs__rosidl_typesupport_fastrtps_cpp.dir/rosidl_typesupport_fastrtps_cpp/raspimouse_msgs/msg/detail/dds_fastrtps/light_sensors__type_support.cpp.o[0m
[4.424s] [ 38%] [32mBuilding CXX object CMakeFiles/raspimouse_msgs__rosidl_typesupport_introspection_cpp.dir/rosidl_typesupport_introspection_cpp/raspimouse_msgs/msg/detail/switches__type_support.cpp.o[0m
[4.532s] [ 40%] [32m[1mLinking CXX shared library libraspimouse_msgs__rosidl_typesupport_fastrtps_cpp.so[0m
[4.613s] [ 40%] Built target raspimouse_msgs__rosidl_typesupport_fastrtps_cpp
[4.746s] [ 42%] [32mBuilding CXX object CMakeFiles/raspimouse_msgs__rosidl_typesupport_introspection_cpp.dir/rosidl_typesupport_introspection_cpp/raspimouse_msgs/msg/detail/light_sensors__type_support.cpp.o[0m
[4.817s] running egg_info
[4.818s] creating raspimouse_msgs.egg-info
[4.818s] writing raspimouse_msgs.egg-info/PKG-INFO
[4.818s] writing dependency_links to raspimouse_msgs.egg-info/dependency_links.txt
[4.818s] writing top-level names to raspimouse_msgs.egg-info/top_level.txt
[4.818s] writing manifest file 'raspimouse_msgs.egg-info/SOURCES.txt'
[4.820s] reading manifest file 'raspimouse_msgs.egg-info/SOURCES.txt'
[4.820s] writing manifest file 'raspimouse_msgs.egg-info/SOURCES.txt'
[4.841s] [ 42%] Built target ament_cmake_python_build_raspimouse_msgs_egg
[4.852s] [ 44%] [34m[1mGenerating C type support for eProsima Fast-RTPS[0m
[5.053s] [ 46%] [32m[1mLinking CXX shared library libraspimouse_msgs__rosidl_typesupport_introspection_cpp.so[0m
[5.101s] [ 46%] Built target raspimouse_msgs__rosidl_typesupport_introspection_cpp
[5.114s] [ 48%] [34m[1mGenerating C introspection for ROS interfaces[0m
[5.164s] [ 51%] [32mBuilding CXX object CMakeFiles/raspimouse_msgs__rosidl_typesupport_fastrtps_c.dir/rosidl_typesupport_fastrtps_c/raspimouse_msgs/msg/detail/leds__type_support_c.cpp.o[0m
[5.428s] [ 53%] [32mBuilding C object CMakeFiles/raspimouse_msgs__rosidl_typesupport_introspection_c.dir/rosidl_typesupport_introspection_c/raspimouse_msgs/msg/detail/leds__type_support.c.o[0m
[5.460s] [ 55%] [32mBuilding C object CMakeFiles/raspimouse_msgs__rosidl_typesupport_introspection_c.dir/rosidl_typesupport_introspection_c/raspimouse_msgs/msg/detail/switches__type_support.c.o[0m
[5.469s] [ 57%] [32mBuilding CXX object CMakeFiles/raspimouse_msgs__rosidl_typesupport_fastrtps_c.dir/rosidl_typesupport_fastrtps_c/raspimouse_msgs/msg/detail/switches__type_support_c.cpp.o[0m
[5.496s] [ 59%] [32mBuilding C object CMakeFiles/raspimouse_msgs__rosidl_typesupport_introspection_c.dir/rosidl_typesupport_introspection_c/raspimouse_msgs/msg/detail/light_sensors__type_support.c.o[0m
[5.529s] [ 61%] [32m[1mLinking C shared library libraspimouse_msgs__rosidl_typesupport_introspection_c.so[0m
[5.560s] [ 61%] Built target raspimouse_msgs__rosidl_typesupport_introspection_c
[5.572s] [ 63%] [34m[1mGenerating C type support dispatch for ROS interfaces[0m
[5.768s] [ 65%] [32mBuilding CXX object CMakeFiles/raspimouse_msgs__rosidl_typesupport_fastrtps_c.dir/rosidl_typesupport_fastrtps_c/raspimouse_msgs/msg/detail/light_sensors__type_support_c.cpp.o[0m
[5.850s] [ 68%] [32mBuilding CXX object CMakeFiles/raspimouse_msgs__rosidl_typesupport_c.dir/rosidl_typesupport_c/raspimouse_msgs/msg/leds__type_support.cpp.o[0m
[5.888s] [ 70%] [32mBuilding CXX object CMakeFiles/raspimouse_msgs__rosidl_typesupport_c.dir/rosidl_typesupport_c/raspimouse_msgs/msg/switches__type_support.cpp.o[0m
[5.927s] [ 72%] [32mBuilding CXX object CMakeFiles/raspimouse_msgs__rosidl_typesupport_c.dir/rosidl_typesupport_c/raspimouse_msgs/msg/light_sensors__type_support.cpp.o[0m
[5.972s] [ 74%] [32m[1mLinking CXX shared library libraspimouse_msgs__rosidl_typesupport_c.so[0m
[6.024s] [ 74%] Built target raspimouse_msgs__rosidl_typesupport_c
[6.078s] [ 76%] [32m[1mLinking CXX shared library libraspimouse_msgs__rosidl_typesupport_fastrtps_c.so[0m
[6.147s] [ 76%] Built target raspimouse_msgs__rosidl_typesupport_fastrtps_c
[6.171s] [ 76%] Built target raspimouse_msgs
[6.194s] [ 78%] [34m[1mGenerating Python code for ROS interfaces[0m
[6.573s] [ 78%] Built target raspimouse_msgs__py
[6.595s] [ 82%] [32mBuilding C object CMakeFiles/raspimouse_msgs__rosidl_generator_py.dir/rosidl_generator_py/raspimouse_msgs/msg/_leds_s.c.o[0m
[6.595s] [ 80%] [32mBuilding C object CMakeFiles/raspimouse_msgs__rosidl_generator_py.dir/rosidl_generator_py/raspimouse_msgs/msg/_switches_s.c.o[0m
[6.687s] [ 85%] [32mBuilding C object CMakeFiles/raspimouse_msgs__rosidl_generator_py.dir/rosidl_generator_py/raspimouse_msgs/msg/_light_sensors_s.c.o[0m
[6.773s] [ 87%] [32m[1mLinking C shared library rosidl_generator_py/raspimouse_msgs/libraspimouse_msgs__rosidl_generator_py.so[0m
[6.819s] [ 87%] Built target raspimouse_msgs__rosidl_generator_py
[6.849s] [ 91%] [32mBuilding C object CMakeFiles/raspimouse_msgs__rosidl_typesupport_introspection_c__pyext.dir/rosidl_generator_py/raspimouse_msgs/_raspimouse_msgs_s.ep.rosidl_typesupport_introspection_c.c.o[0m
[6.849s] [ 91%] [32mBuilding C object CMakeFiles/raspimouse_msgs__rosidl_typesupport_fastrtps_c__pyext.dir/rosidl_generator_py/raspimouse_msgs/_raspimouse_msgs_s.ep.rosidl_typesupport_fastrtps_c.c.o[0m
[6.933s] [ 93%] [32m[1mLinking C shared library rosidl_generator_py/raspimouse_msgs/raspimouse_msgs_s__rosidl_typesupport_introspection_c.cpython-310-x86_64-linux-gnu.so[0m
[6.937s] [ 95%] [32m[1mLinking C shared library rosidl_generator_py/raspimouse_msgs/raspimouse_msgs_s__rosidl_typesupport_fastrtps_c.cpython-310-x86_64-linux-gnu.so[0m
[6.971s] [ 95%] Built target raspimouse_msgs__rosidl_typesupport_introspection_c__pyext
[6.977s] [ 95%] Built target raspimouse_msgs__rosidl_typesupport_fastrtps_c__pyext
[7.000s] [ 97%] [32mBuilding C object CMakeFiles/raspimouse_msgs__rosidl_typesupport_c__pyext.dir/rosidl_generator_py/raspimouse_msgs/_raspimouse_msgs_s.ep.rosidl_typesupport_c.c.o[0m
[7.081s] [100%] [32m[1mLinking C shared library rosidl_generator_py/raspimouse_msgs/raspimouse_msgs_s__rosidl_typesupport_c.cpython-310-x86_64-linux-gnu.so[0m
[7.114s] [100%] Built target raspimouse_msgs__rosidl_typesupport_c__pyext
[7.125s] Invoked command in '/home/ricbolz/ros2_ws/src/build/raspimouse_msgs' returned '0': CMAKE_PREFIX_PATH=${CMAKE_PREFIX_PATH}:/opt/ros/humble /usr/bin/cmake --build /home/ricbolz/ros2_ws/src/build/raspimouse_msgs -- -j2 -l2
[7.333s] Invoking command in '/home/ricbolz/ros2_ws/src/build/raspimouse_msgs': CMAKE_PREFIX_PATH=${CMAKE_PREFIX_PATH}:/opt/ros/humble /usr/bin/cmake --install /home/ricbolz/ros2_ws/src/build/raspimouse_msgs
[7.340s] -- Install configuration: ""
[7.340s] -- Execute custom install script
[7.340s] -- Symlinking: /home/ricbolz/ros2_ws/src/install/raspimouse_msgs/share/ament_index/resource_index/rosidl_interfaces/raspimouse_msgs
[7.349s] -- Symlinking: /home/ricbolz/ros2_ws/src/install/raspimouse_msgs/include/raspimouse_msgs/raspimouse_msgs/msg/detail/leds__functions.h
[7.358s] -- Symlinking: /home/ricbolz/ros2_ws/src/install/raspimouse_msgs/include/raspimouse_msgs/raspimouse_msgs/msg/detail/leds__struct.h
[7.366s] -- Symlinking: /home/ricbolz/ros2_ws/src/install/raspimouse_msgs/include/raspimouse_msgs/raspimouse_msgs/msg/detail/leds__type_support.h
[7.374s] -- Symlinking: /home/ricbolz/ros2_ws/src/install/raspimouse_msgs/include/raspimouse_msgs/raspimouse_msgs/msg/detail/light_sensors__functions.h
[7.388s] -- Symlinking: /home/ricbolz/ros2_ws/src/install/raspimouse_msgs/include/raspimouse_msgs/raspimouse_msgs/msg/detail/light_sensors__struct.h
[7.397s] -- Symlinking: /home/ricbolz/ros2_ws/src/install/raspimouse_msgs/include/raspimouse_msgs/raspimouse_msgs/msg/detail/light_sensors__type_support.h
[7.407s] -- Symlinking: /home/ricbolz/ros2_ws/src/install/raspimouse_msgs/include/raspimouse_msgs/raspimouse_msgs/msg/detail/switches__functions.h
[7.416s] -- Symlinking: /home/ricbolz/ros2_ws/src/install/raspimouse_msgs/include/raspimouse_msgs/raspimouse_msgs/msg/detail/switches__struct.h
[7.424s] -- Symlinking: /home/ricbolz/ros2_ws/src/install/raspimouse_msgs/include/raspimouse_msgs/raspimouse_msgs/msg/detail/switches__type_support.h
[7.431s] -- Symlinking: /home/ricbolz/ros2_ws/src/install/raspimouse_msgs/include/raspimouse_msgs/raspimouse_msgs/msg/leds.h
[7.439s] -- Symlinking: /home/ricbolz/ros2_ws/src/install/raspimouse_msgs/include/raspimouse_msgs/raspimouse_msgs/msg/light_sensors.h
[7.447s] -- Symlinking: /home/ricbolz/ros2_ws/src/install/raspimouse_msgs/include/raspimouse_msgs/raspimouse_msgs/msg/rosidl_generator_c__visibility_control.h
[7.455s] -- Symlinking: /home/ricbolz/ros2_ws/src/install/raspimouse_msgs/include/raspimouse_msgs/raspimouse_msgs/msg/switches.h
[7.463s] -- Symlinking: /home/ricbolz/ros2_ws/src/install/raspimouse_msgs/share/raspimouse_msgs/environment/library_path.sh
[7.471s] -- Symlinking: /home/ricbolz/ros2_ws/src/install/raspimouse_msgs/share/raspimouse_msgs/environment/library_path.dsv
[7.483s] -- Symlinking: /home/ricbolz/ros2_ws/src/install/raspimouse_msgs/include/raspimouse_msgs/raspimouse_msgs/msg/detail/leds__rosidl_typesupport_fastrtps_c.h
[7.492s] -- Symlinking: /home/ricbolz/ros2_ws/src/install/raspimouse_msgs/include/raspimouse_msgs/raspimouse_msgs/msg/detail/light_sensors__rosidl_typesupport_fastrtps_c.h
[7.501s] -- Symlinking: /home/ricbolz/ros2_ws/src/install/raspimouse_msgs/include/raspimouse_msgs/raspimouse_msgs/msg/detail/switches__rosidl_typesupport_fastrtps_c.h
[7.509s] -- Symlinking: /home/ricbolz/ros2_ws/src/install/raspimouse_msgs/include/raspimouse_msgs/raspimouse_msgs/msg/rosidl_typesupport_fastrtps_c__visibility_control.h
[7.516s] -- Symlinking: /home/ricbolz/ros2_ws/src/install/raspimouse_msgs/include/raspimouse_msgs/raspimouse_msgs/msg/detail/leds__rosidl_typesupport_introspection_c.h
[7.524s] -- Symlinking: /home/ricbolz/ros2_ws/src/install/raspimouse_msgs/include/raspimouse_msgs/raspimouse_msgs/msg/detail/light_sensors__rosidl_typesupport_introspection_c.h
[7.531s] -- Symlinking: /home/ricbolz/ros2_ws/src/install/raspimouse_msgs/include/raspimouse_msgs/raspimouse_msgs/msg/detail/switches__rosidl_typesupport_introspection_c.h
[7.540s] -- Symlinking: /home/ricbolz/ros2_ws/src/install/raspimouse_msgs/include/raspimouse_msgs/raspimouse_msgs/msg/rosidl_typesupport_introspection_c__visibility_control.h
[7.549s] -- Symlinking: /home/ricbolz/ros2_ws/src/install/raspimouse_msgs/include/raspimouse_msgs/raspimouse_msgs/msg/detail/leds__builder.hpp
[7.557s] -- Symlinking: /home/ricbolz/ros2_ws/src/install/raspimouse_msgs/include/raspimouse_msgs/raspimouse_msgs/msg/detail/leds__struct.hpp
[7.565s] -- Symlinking: /home/ricbolz/ros2_ws/src/install/raspimouse_msgs/include/raspimouse_msgs/raspimouse_msgs/msg/detail/leds__traits.hpp
[7.574s] -- Symlinking: /home/ricbolz/ros2_ws/src/install/raspimouse_msgs/include/raspimouse_msgs/raspimouse_msgs/msg/detail/light_sensors__builder.hpp
[7.582s] -- Symlinking: /home/ricbolz/ros2_ws/src/install/raspimouse_msgs/include/raspimouse_msgs/raspimouse_msgs/msg/detail/light_sensors__struct.hpp
[7.597s] -- Symlinking: /home/ricbolz/ros2_ws/src/install/raspimouse_msgs/include/raspimouse_msgs/raspimouse_msgs/msg/detail/light_sensors__traits.hpp
[7.606s] -- Symlinking: /home/ricbolz/ros2_ws/src/install/raspimouse_msgs/include/raspimouse_msgs/raspimouse_msgs/msg/detail/switches__builder.hpp
[7.613s] -- Symlinking: /home/ricbolz/ros2_ws/src/install/raspimouse_msgs/include/raspimouse_msgs/raspimouse_msgs/msg/detail/switches__struct.hpp
[7.621s] -- Symlinking: /home/ricbolz/ros2_ws/src/install/raspimouse_msgs/include/raspimouse_msgs/raspimouse_msgs/msg/detail/switches__traits.hpp
[7.629s] -- Symlinking: /home/ricbolz/ros2_ws/src/install/raspimouse_msgs/include/raspimouse_msgs/raspimouse_msgs/msg/leds.hpp
[7.637s] -- Symlinking: /home/ricbolz/ros2_ws/src/install/raspimouse_msgs/include/raspimouse_msgs/raspimouse_msgs/msg/light_sensors.hpp
[7.645s] -- Symlinking: /home/ricbolz/ros2_ws/src/install/raspimouse_msgs/include/raspimouse_msgs/raspimouse_msgs/msg/switches.hpp
[7.653s] -- Symlinking: /home/ricbolz/ros2_ws/src/install/raspimouse_msgs/include/raspimouse_msgs/raspimouse_msgs/msg/detail/leds__rosidl_typesupport_fastrtps_cpp.hpp
[7.661s] -- Symlinking: /home/ricbolz/ros2_ws/src/install/raspimouse_msgs/include/raspimouse_msgs/raspimouse_msgs/msg/detail/light_sensors__rosidl_typesupport_fastrtps_cpp.hpp
[7.668s] -- Symlinking: /home/ricbolz/ros2_ws/src/install/raspimouse_msgs/include/raspimouse_msgs/raspimouse_msgs/msg/detail/switches__rosidl_typesupport_fastrtps_cpp.hpp
[7.677s] -- Symlinking: /home/ricbolz/ros2_ws/src/install/raspimouse_msgs/include/raspimouse_msgs/raspimouse_msgs/msg/rosidl_typesupport_fastrtps_cpp__visibility_control.h
[7.691s] -- Symlinking: /home/ricbolz/ros2_ws/src/install/raspimouse_msgs/include/raspimouse_msgs/raspimouse_msgs/msg/detail/leds__rosidl_typesupport_introspection_cpp.hpp
[7.700s] -- Symlinking: /home/ricbolz/ros2_ws/src/install/raspimouse_msgs/include/raspimouse_msgs/raspimouse_msgs/msg/detail/light_sensors__rosidl_typesupport_introspection_cpp.hpp
[7.708s] -- Symlinking: /home/ricbolz/ros2_ws/src/install/raspimouse_msgs/include/raspimouse_msgs/raspimouse_msgs/msg/detail/switches__rosidl_typesupport_introspection_cpp.hpp
[7.717s] -- Symlinking: /home/ricbolz/ros2_ws/src/install/raspimouse_msgs/share/raspimouse_msgs/environment/pythonpath.sh
[7.725s] -- Symlinking: /home/ricbolz/ros2_ws/src/install/raspimouse_msgs/share/raspimouse_msgs/environment/pythonpath.dsv
[7.734s] -- Symlinking: /home/ricbolz/ros2_ws/src/install/raspimouse_msgs/local/lib/python3.10/dist-packages/raspimouse_msgs-1.1.2-py3.10.egg-info/PKG-INFO
[7.748s] -- Symlinking: /home/ricbolz/ros2_ws/src/install/raspimouse_msgs/local/lib/python3.10/dist-packages/raspimouse_msgs-1.1.2-py3.10.egg-info/SOURCES.txt
[7.758s] -- Symlinking: /home/ricbolz/ros2_ws/src/install/raspimouse_msgs/local/lib/python3.10/dist-packages/raspimouse_msgs-1.1.2-py3.10.egg-info/dependency_links.txt
[7.766s] -- Symlinking: /home/ricbolz/ros2_ws/src/install/raspimouse_msgs/local/lib/python3.10/dist-packages/raspimouse_msgs-1.1.2-py3.10.egg-info/top_level.txt
[7.775s] -- Symlinking: /home/ricbolz/ros2_ws/src/install/raspimouse_msgs/local/lib/python3.10/dist-packages/raspimouse_msgs/__init__.py
[7.784s] -- Symlinking: /home/ricbolz/ros2_ws/src/install/raspimouse_msgs/local/lib/python3.10/dist-packages/raspimouse_msgs/_raspimouse_msgs_s.ep.rosidl_typesupport_c.c
[7.795s] -- Symlinking: /home/ricbolz/ros2_ws/src/install/raspimouse_msgs/local/lib/python3.10/dist-packages/raspimouse_msgs/_raspimouse_msgs_s.ep.rosidl_typesupport_fastrtps_c.c
[7.806s] -- Symlinking: /home/ricbolz/ros2_ws/src/install/raspimouse_msgs/local/lib/python3.10/dist-packages/raspimouse_msgs/_raspimouse_msgs_s.ep.rosidl_typesupport_introspection_c.c
[7.815s] -- Symlinking: /home/ricbolz/ros2_ws/src/install/raspimouse_msgs/local/lib/python3.10/dist-packages/raspimouse_msgs/libraspimouse_msgs__rosidl_generator_py.so
[7.822s] -- Symlinking: /home/ricbolz/ros2_ws/src/install/raspimouse_msgs/local/lib/python3.10/dist-packages/raspimouse_msgs/msg/__init__.py
[7.830s] -- Symlinking: /home/ricbolz/ros2_ws/src/install/raspimouse_msgs/local/lib/python3.10/dist-packages/raspimouse_msgs/msg/_leds.py
[7.838s] -- Symlinking: /home/ricbolz/ros2_ws/src/install/raspimouse_msgs/local/lib/python3.10/dist-packages/raspimouse_msgs/msg/_leds_s.c
[7.846s] -- Symlinking: /home/ricbolz/ros2_ws/src/install/raspimouse_msgs/local/lib/python3.10/dist-packages/raspimouse_msgs/msg/_light_sensors.py
[7.853s] -- Symlinking: /home/ricbolz/ros2_ws/src/install/raspimouse_msgs/local/lib/python3.10/dist-packages/raspimouse_msgs/msg/_light_sensors_s.c
[7.861s] -- Symlinking: /home/ricbolz/ros2_ws/src/install/raspimouse_msgs/local/lib/python3.10/dist-packages/raspimouse_msgs/msg/_switches.py
[7.869s] -- Symlinking: /home/ricbolz/ros2_ws/src/install/raspimouse_msgs/local/lib/python3.10/dist-packages/raspimouse_msgs/msg/_switches_s.c
[7.883s] -- Symlinking: /home/ricbolz/ros2_ws/src/install/raspimouse_msgs/local/lib/python3.10/dist-packages/raspimouse_msgs/raspimouse_msgs_s__rosidl_typesupport_c.cpython-310-x86_64-linux-gnu.so
[7.893s] -- Symlinking: /home/ricbolz/ros2_ws/src/install/raspimouse_msgs/local/lib/python3.10/dist-packages/raspimouse_msgs/raspimouse_msgs_s__rosidl_typesupport_fastrtps_c.cpython-310-x86_64-linux-gnu.so
[7.901s] -- Symlinking: /home/ricbolz/ros2_ws/src/install/raspimouse_msgs/local/lib/python3.10/dist-packages/raspimouse_msgs/raspimouse_msgs_s__rosidl_typesupport_introspection_c.cpython-310-x86_64-linux-gnu.so
[7.909s] -- Up-to-date symlink: /home/ricbolz/ros2_ws/src/install/raspimouse_msgs/local/lib/python3.10/dist-packages/raspimouse_msgs/raspimouse_msgs_s__rosidl_typesupport_fastrtps_c.cpython-310-x86_64-linux-gnu.so
[7.909s] -- Up-to-date symlink: /home/ricbolz/ros2_ws/src/install/raspimouse_msgs/local/lib/python3.10/dist-packages/raspimouse_msgs/raspimouse_msgs_s__rosidl_typesupport_introspection_c.cpython-310-x86_64-linux-gnu.so
[7.909s] -- Up-to-date symlink: /home/ricbolz/ros2_ws/src/install/raspimouse_msgs/local/lib/python3.10/dist-packages/raspimouse_msgs/raspimouse_msgs_s__rosidl_typesupport_c.cpython-310-x86_64-linux-gnu.so
[7.909s] -- Symlinking: /home/ricbolz/ros2_ws/src/install/raspimouse_msgs/share/raspimouse_msgs/msg/Leds.idl
[7.917s] -- Symlinking: /home/ricbolz/ros2_ws/src/install/raspimouse_msgs/share/raspimouse_msgs/msg/Switches.idl
[7.925s] -- Symlinking: /home/ricbolz/ros2_ws/src/install/raspimouse_msgs/share/raspimouse_msgs/msg/LightSensors.idl
[7.932s] -- Symlinking: /home/ricbolz/ros2_ws/src/install/raspimouse_msgs/share/raspimouse_msgs/msg/Leds.msg
[7.940s] -- Symlinking: /home/ricbolz/ros2_ws/src/install/raspimouse_msgs/share/raspimouse_msgs/msg/Switches.msg
[7.948s] -- Symlinking: /home/ricbolz/ros2_ws/src/install/raspimouse_msgs/share/raspimouse_msgs/msg/LightSensors.msg
[7.956s] -- Symlinking: /home/ricbolz/ros2_ws/src/install/raspimouse_msgs/share/ament_index/resource_index/package_run_dependencies/raspimouse_msgs
[7.965s] -- Symlinking: /home/ricbolz/ros2_ws/src/install/raspimouse_msgs/share/ament_index/resource_index/parent_prefix_path/raspimouse_msgs
[7.974s] -- Symlinking: /home/ricbolz/ros2_ws/src/install/raspimouse_msgs/share/raspimouse_msgs/environment/ament_prefix_path.sh
[7.981s] -- Symlinking: /home/ricbolz/ros2_ws/src/install/raspimouse_msgs/share/raspimouse_msgs/environment/ament_prefix_path.dsv
[7.991s] -- Symlinking: /home/ricbolz/ros2_ws/src/install/raspimouse_msgs/share/raspimouse_msgs/environment/path.sh
[8.005s] -- Symlinking: /home/ricbolz/ros2_ws/src/install/raspimouse_msgs/share/raspimouse_msgs/environment/path.dsv
[8.013s] -- Symlinking: /home/ricbolz/ros2_ws/src/install/raspimouse_msgs/share/raspimouse_msgs/local_setup.bash
[8.022s] -- Symlinking: /home/ricbolz/ros2_ws/src/install/raspimouse_msgs/share/raspimouse_msgs/local_setup.sh
[8.030s] -- Symlinking: /home/ricbolz/ros2_ws/src/install/raspimouse_msgs/share/raspimouse_msgs/local_setup.zsh
[8.037s] -- Symlinking: /home/ricbolz/ros2_ws/src/install/raspimouse_msgs/share/raspimouse_msgs/local_setup.dsv
[8.045s] -- Symlinking: /home/ricbolz/ros2_ws/src/install/raspimouse_msgs/share/raspimouse_msgs/package.dsv
[8.053s] -- Symlinking: /home/ricbolz/ros2_ws/src/install/raspimouse_msgs/share/ament_index/resource_index/packages/raspimouse_msgs
[8.061s] -- Symlinking: /home/ricbolz/ros2_ws/src/install/raspimouse_msgs/share/raspimouse_msgs/cmake/rosidl_cmake-extras.cmake
[8.069s] -- Symlinking: /home/ricbolz/ros2_ws/src/install/raspimouse_msgs/share/raspimouse_msgs/cmake/ament_cmake_export_include_directories-extras.cmake
[8.079s] -- Symlinking: /home/ricbolz/ros2_ws/src/install/raspimouse_msgs/share/raspimouse_msgs/cmake/ament_cmake_export_libraries-extras.cmake
[8.096s] -- Symlinking: /home/ricbolz/ros2_ws/src/install/raspimouse_msgs/share/raspimouse_msgs/cmake/ament_cmake_export_targets-extras.cmake
[8.105s] -- Symlinking: /home/ricbolz/ros2_ws/src/install/raspimouse_msgs/share/raspimouse_msgs/cmake/rosidl_cmake_export_typesupport_targets-extras.cmake
[8.114s] -- Symlinking: /home/ricbolz/ros2_ws/src/install/raspimouse_msgs/share/raspimouse_msgs/cmake/ament_cmake_export_dependencies-extras.cmake
[8.122s] -- Symlinking: /home/ricbolz/ros2_ws/src/install/raspimouse_msgs/share/raspimouse_msgs/cmake/rosidl_cmake_export_typesupport_libraries-extras.cmake
[8.129s] -- Symlinking: /home/ricbolz/ros2_ws/src/install/raspimouse_msgs/share/raspimouse_msgs/cmake/raspimouse_msgsConfig.cmake
[8.137s] -- Symlinking: /home/ricbolz/ros2_ws/src/install/raspimouse_msgs/share/raspimouse_msgs/cmake/raspimouse_msgsConfig-version.cmake
[8.145s] -- Symlinking: /home/ricbolz/ros2_ws/src/install/raspimouse_msgs/share/raspimouse_msgs/package.xml
[8.155s] -- Installing: /home/ricbolz/ros2_ws/src/install/raspimouse_msgs/lib/libraspimouse_msgs__rosidl_generator_c.so
[8.155s] -- Set runtime path of "/home/ricbolz/ros2_ws/src/install/raspimouse_msgs/lib/libraspimouse_msgs__rosidl_generator_c.so" to ""
[8.155s] -- Installing: /home/ricbolz/ros2_ws/src/install/raspimouse_msgs/lib/libraspimouse_msgs__rosidl_typesupport_fastrtps_c.so
[8.156s] -- Set runtime path of "/home/ricbolz/ros2_ws/src/install/raspimouse_msgs/lib/libraspimouse_msgs__rosidl_typesupport_fastrtps_c.so" to ""
[8.156s] -- Installing: /home/ricbolz/ros2_ws/src/install/raspimouse_msgs/lib/libraspimouse_msgs__rosidl_typesupport_introspection_c.so
[8.156s] -- Set runtime path of "/home/ricbolz/ros2_ws/src/install/raspimouse_msgs/lib/libraspimouse_msgs__rosidl_typesupport_introspection_c.so" to ""
[8.156s] -- Installing: /home/ricbolz/ros2_ws/src/install/raspimouse_msgs/lib/libraspimouse_msgs__rosidl_typesupport_c.so
[8.156s] -- Set runtime path of "/home/ricbolz/ros2_ws/src/install/raspimouse_msgs/lib/libraspimouse_msgs__rosidl_typesupport_c.so" to ""
[8.156s] -- Installing: /home/ricbolz/ros2_ws/src/install/raspimouse_msgs/lib/libraspimouse_msgs__rosidl_typesupport_fastrtps_cpp.so
[8.157s] -- Set runtime path of "/home/ricbolz/ros2_ws/src/install/raspimouse_msgs/lib/libraspimouse_msgs__rosidl_typesupport_fastrtps_cpp.so" to ""
[8.157s] -- Installing: /home/ricbolz/ros2_ws/src/install/raspimouse_msgs/lib/libraspimouse_msgs__rosidl_typesupport_introspection_cpp.so
[8.157s] -- Set runtime path of "/home/ricbolz/ros2_ws/src/install/raspimouse_msgs/lib/libraspimouse_msgs__rosidl_typesupport_introspection_cpp.so" to ""
[8.157s] -- Installing: /home/ricbolz/ros2_ws/src/install/raspimouse_msgs/lib/libraspimouse_msgs__rosidl_typesupport_cpp.so
[8.157s] -- Set runtime path of "/home/ricbolz/ros2_ws/src/install/raspimouse_msgs/lib/libraspimouse_msgs__rosidl_typesupport_cpp.so" to ""
[8.191s] Listing '/home/ricbolz/ros2_ws/src/install/raspimouse_msgs/local/lib/python3.10/dist-packages/raspimouse_msgs'...
[8.191s] Compiling '/home/ricbolz/ros2_ws/src/install/raspimouse_msgs/local/lib/python3.10/dist-packages/raspimouse_msgs/__init__.py'...
[8.191s] Listing '/home/ricbolz/ros2_ws/src/install/raspimouse_msgs/local/lib/python3.10/dist-packages/raspimouse_msgs/msg'...
[8.191s] Compiling '/home/ricbolz/ros2_ws/src/install/raspimouse_msgs/local/lib/python3.10/dist-packages/raspimouse_msgs/msg/__init__.py'...
[8.191s] Compiling '/home/ricbolz/ros2_ws/src/install/raspimouse_msgs/local/lib/python3.10/dist-packages/raspimouse_msgs/msg/_leds.py'...
[8.191s] Compiling '/home/ricbolz/ros2_ws/src/install/raspimouse_msgs/local/lib/python3.10/dist-packages/raspimouse_msgs/msg/_light_sensors.py'...
[8.191s] Compiling '/home/ricbolz/ros2_ws/src/install/raspimouse_msgs/local/lib/python3.10/dist-packages/raspimouse_msgs/msg/_switches.py'...
[8.194s] -- Installing: /home/ricbolz/ros2_ws/src/install/raspimouse_msgs/lib/libraspimouse_msgs__rosidl_generator_py.so
[8.194s] -- Set runtime path of "/home/ricbolz/ros2_ws/src/install/raspimouse_msgs/lib/libraspimouse_msgs__rosidl_generator_py.so" to ""
[8.194s] -- Installing: /home/ricbolz/ros2_ws/src/install/raspimouse_msgs/share/raspimouse_msgs/cmake/export_raspimouse_msgs__rosidl_generator_cExport.cmake
[8.195s] -- Installing: /home/ricbolz/ros2_ws/src/install/raspimouse_msgs/share/raspimouse_msgs/cmake/export_raspimouse_msgs__rosidl_generator_cExport-noconfig.cmake
[8.195s] -- Installing: /home/ricbolz/ros2_ws/src/install/raspimouse_msgs/share/raspimouse_msgs/cmake/export_raspimouse_msgs__rosidl_typesupport_fastrtps_cExport.cmake
[8.195s] -- Installing: /home/ricbolz/ros2_ws/src/install/raspimouse_msgs/share/raspimouse_msgs/cmake/export_raspimouse_msgs__rosidl_typesupport_fastrtps_cExport-noconfig.cmake
[8.195s] -- Installing: /home/ricbolz/ros2_ws/src/install/raspimouse_msgs/share/raspimouse_msgs/cmake/raspimouse_msgs__rosidl_typesupport_introspection_cExport.cmake
[8.195s] -- Installing: /home/ricbolz/ros2_ws/src/install/raspimouse_msgs/share/raspimouse_msgs/cmake/raspimouse_msgs__rosidl_typesupport_introspection_cExport-noconfig.cmake
[8.195s] -- Installing: /home/ricbolz/ros2_ws/src/install/raspimouse_msgs/share/raspimouse_msgs/cmake/raspimouse_msgs__rosidl_typesupport_cExport.cmake
[8.195s] -- Installing: /home/ricbolz/ros2_ws/src/install/raspimouse_msgs/share/raspimouse_msgs/cmake/raspimouse_msgs__rosidl_typesupport_cExport-noconfig.cmake
[8.196s] -- Installing: /home/ricbolz/ros2_ws/src/install/raspimouse_msgs/share/raspimouse_msgs/cmake/export_raspimouse_msgs__rosidl_generator_cppExport.cmake
[8.196s] -- Installing: /home/ricbolz/ros2_ws/src/install/raspimouse_msgs/share/raspimouse_msgs/cmake/export_raspimouse_msgs__rosidl_typesupport_fastrtps_cppExport.cmake
[8.196s] -- Installing: /home/ricbolz/ros2_ws/src/install/raspimouse_msgs/share/raspimouse_msgs/cmake/export_raspimouse_msgs__rosidl_typesupport_fastrtps_cppExport-noconfig.cmake
[8.196s] -- Installing: /home/ricbolz/ros2_ws/src/install/raspimouse_msgs/share/raspimouse_msgs/cmake/raspimouse_msgs__rosidl_typesupport_introspection_cppExport.cmake
[8.196s] -- Installing: /home/ricbolz/ros2_ws/src/install/raspimouse_msgs/share/raspimouse_msgs/cmake/raspimouse_msgs__rosidl_typesupport_introspection_cppExport-noconfig.cmake
[8.197s] -- Installing: /home/ricbolz/ros2_ws/src/install/raspimouse_msgs/share/raspimouse_msgs/cmake/raspimouse_msgs__rosidl_typesupport_cppExport.cmake
[8.197s] -- Installing: /home/ricbolz/ros2_ws/src/install/raspimouse_msgs/share/raspimouse_msgs/cmake/raspimouse_msgs__rosidl_typesupport_cppExport-noconfig.cmake
[8.197s] -- Installing: /home/ricbolz/ros2_ws/src/install/raspimouse_msgs/share/raspimouse_msgs/cmake/export_raspimouse_msgs__rosidl_generator_pyExport.cmake
[8.197s] -- Installing: /home/ricbolz/ros2_ws/src/install/raspimouse_msgs/share/raspimouse_msgs/cmake/export_raspimouse_msgs__rosidl_generator_pyExport-noconfig.cmake
[8.203s] Invoked command in '/home/ricbolz/ros2_ws/src/build/raspimouse_msgs' returned '0': CMAKE_PREFIX_PATH=${CMAKE_PREFIX_PATH}:/opt/ros/humble /usr/bin/cmake --install /home/ricbolz/ros2_ws/src/build/raspimouse_msgs
