running develop
Removing /home/ricbolz/ros2_ws/src/install/robot/lib/python3.10/site-packages/robot.egg-link (link to .)
running egg_info
writing ../build/robot/robot.egg-info/PKG-INFO
writing dependency_links to ../build/robot/robot.egg-info/dependency_links.txt
writing entry points to ../build/robot/robot.egg-info/entry_points.txt
writing requirements to ../build/robot/robot.egg-info/requires.txt
writing top-level names to ../build/robot/robot.egg-info/top_level.txt
reading manifest file '../build/robot/robot.egg-info/SOURCES.txt'
writing manifest file '../build/robot/robot.egg-info/SOURCES.txt'
running build
running build_py
creating /home/ricbolz/ros2_ws/src/build/robot/build
creating /home/ricbolz/ros2_ws/src/build/robot/build/lib
creating /home/ricbolz/ros2_ws/src/build/robot/build/lib/robot
copying robot/__init__.py -> /home/ricbolz/ros2_ws/src/build/robot/build/lib/robot
copying robot/joypad_node.py -> /home/ricbolz/ros2_ws/src/build/robot/build/lib/robot
running install
running install_lib
creating /home/ricbolz/ros2_ws/src/install/robot/lib/python3.10/site-packages/robot
copying /home/ricbolz/ros2_ws/src/build/robot/build/lib/robot/__init__.py -> /home/ricbolz/ros2_ws/src/install/robot/lib/python3.10/site-packages/robot
copying /home/ricbolz/ros2_ws/src/build/robot/build/lib/robot/joypad_node.py -> /home/ricbolz/ros2_ws/src/install/robot/lib/python3.10/site-packages/robot
byte-compiling /home/ricbolz/ros2_ws/src/install/robot/lib/python3.10/site-packages/robot/__init__.py to __init__.cpython-310.pyc
byte-compiling /home/ricbolz/ros2_ws/src/install/robot/lib/python3.10/site-packages/robot/joypad_node.py to joypad_node.cpython-310.pyc
running install_data
copying launch/robot_launch.py -> /home/ricbolz/ros2_ws/src/install/robot/share/robot
running install_egg_info
Copying ../build/robot/robot.egg-info to /home/ricbolz/ros2_ws/src/install/robot/lib/python3.10/site-packages/robot-0.0.0-py3.10.egg-info
running install_scripts
Installing joypad_node script to /home/ricbolz/ros2_ws/src/install/robot/lib/robot
writing list of installed files to '/home/ricbolz/ros2_ws/src/build/robot/install.log'
