[0.759s] Invoking command in '/home/ricbolz/ros2_ws/src/build/robot': PYTHONPATH=/home/ricbolz/ros2_ws/src/build/robot/prefix_override:/home/ricbolz/ros2_ws/src/install/robot/lib/python3.10/site-packages:${PYTHONPATH} /usr/bin/python3 setup.py develop --uninstall --editable --build-directory /home/ricbolz/ros2_ws/src/build/robot/build
[0.991s] running develop
[1.141s] Removing /home/ricbolz/ros2_ws/src/install/robot/lib/python3.10/site-packages/robot.egg-link (link to .)
[1.171s] Invoked command in '/home/ricbolz/ros2_ws/src/build/robot' returned '0': PYTHONPATH=/home/ricbolz/ros2_ws/src/build/robot/prefix_override:/home/ricbolz/ros2_ws/src/install/robot/lib/python3.10/site-packages:${PYTHONPATH} /usr/bin/python3 setup.py develop --uninstall --editable --build-directory /home/ricbolz/ros2_ws/src/build/robot/build
[1.172s] Invoking command in '/home/ricbolz/ros2_ws/src/robot': PYTHONPATH=/home/ricbolz/ros2_ws/src/build/robot/prefix_override:/home/ricbolz/ros2_ws/src/install/robot/lib/python3.10/site-packages:${PYTHONPATH} /usr/bin/python3 setup.py egg_info --egg-base ../build/robot build --build-base /home/ricbolz/ros2_ws/src/build/robot/build install --record /home/ricbolz/ros2_ws/src/build/robot/install.log --single-version-externally-managed
[1.380s] running egg_info
[1.381s] writing ../build/robot/robot.egg-info/PKG-INFO
[1.382s] writing dependency_links to ../build/robot/robot.egg-info/dependency_links.txt
[1.383s] writing entry points to ../build/robot/robot.egg-info/entry_points.txt
[1.384s] writing requirements to ../build/robot/robot.egg-info/requires.txt
[1.385s] writing top-level names to ../build/robot/robot.egg-info/top_level.txt
[1.387s] reading manifest file '../build/robot/robot.egg-info/SOURCES.txt'
[1.388s] writing manifest file '../build/robot/robot.egg-info/SOURCES.txt'
[1.388s] running build
[1.388s] running build_py
[1.388s] creating /home/ricbolz/ros2_ws/src/build/robot/build
[1.389s] creating /home/ricbolz/ros2_ws/src/build/robot/build/lib
[1.389s] creating /home/ricbolz/ros2_ws/src/build/robot/build/lib/robot
[1.390s] copying robot/__init__.py -> /home/ricbolz/ros2_ws/src/build/robot/build/lib/robot
[1.391s] copying robot/joypad_node.py -> /home/ricbolz/ros2_ws/src/build/robot/build/lib/robot
[1.391s] running install
[1.392s] running install_lib
[1.393s] creating /home/ricbolz/ros2_ws/src/install/robot/lib/python3.10/site-packages/robot
[1.393s] copying /home/ricbolz/ros2_ws/src/build/robot/build/lib/robot/__init__.py -> /home/ricbolz/ros2_ws/src/install/robot/lib/python3.10/site-packages/robot
[1.393s] copying /home/ricbolz/ros2_ws/src/build/robot/build/lib/robot/joypad_node.py -> /home/ricbolz/ros2_ws/src/install/robot/lib/python3.10/site-packages/robot
[1.393s] byte-compiling /home/ricbolz/ros2_ws/src/install/robot/lib/python3.10/site-packages/robot/__init__.py to __init__.cpython-310.pyc
[1.393s] byte-compiling /home/ricbolz/ros2_ws/src/install/robot/lib/python3.10/site-packages/robot/joypad_node.py to joypad_node.cpython-310.pyc
[1.394s] running install_data
[1.395s] copying launch/robot_launch.py -> /home/ricbolz/ros2_ws/src/install/robot/share/robot
[1.395s] running install_egg_info
[1.395s] Copying ../build/robot/robot.egg-info to /home/ricbolz/ros2_ws/src/install/robot/lib/python3.10/site-packages/robot-0.0.0-py3.10.egg-info
[1.397s] running install_scripts
[1.411s] Installing joypad_node script to /home/ricbolz/ros2_ws/src/install/robot/lib/robot
[1.411s] writing list of installed files to '/home/ricbolz/ros2_ws/src/build/robot/install.log'
[1.461s] Invoked command in '/home/ricbolz/ros2_ws/src/robot' returned '0': PYTHONPATH=/home/ricbolz/ros2_ws/src/build/robot/prefix_override:/home/ricbolz/ros2_ws/src/install/robot/lib/python3.10/site-packages:${PYTHONPATH} /usr/bin/python3 setup.py egg_info --egg-base ../build/robot build --build-base /home/ricbolz/ros2_ws/src/build/robot/build install --record /home/ricbolz/ros2_ws/src/build/robot/install.log --single-version-externally-managed
