[8.073s] Invoking command in '/home/ubuntu/ros2_ws/src/hello': PYTHONPATH=/home/ubuntu/ros2_ws/src/build/hello/prefix_override:/home/ubuntu/ros2_ws/src/install/hello/lib/python3.10/site-packages:${PYTHONPATH} /usr/bin/python3 setup.py egg_info --egg-base ../build/hello build --build-base /home/ubuntu/ros2_ws/src/build/hello/build install --record /home/ubuntu/ros2_ws/src/build/hello/install.log --single-version-externally-managed
[10.594s] running egg_info
[10.599s] writing ../build/hello/hello.egg-info/PKG-INFO
[10.601s] writing dependency_links to ../build/hello/hello.egg-info/dependency_links.txt
[10.603s] writing entry points to ../build/hello/hello.egg-info/entry_points.txt
[10.604s] writing requirements to ../build/hello/hello.egg-info/requires.txt
[10.606s] writing top-level names to ../build/hello/hello.egg-info/top_level.txt
[10.621s] reading manifest file '../build/hello/hello.egg-info/SOURCES.txt'
[10.628s] writing manifest file '../build/hello/hello.egg-info/SOURCES.txt'
[10.629s] running build
[10.630s] running build_py
[10.634s] copying hello/line_follower.py -> /home/ubuntu/ros2_ws/src/build/hello/build/lib/hello
[10.649s] running install
[10.650s] running install_lib
[10.655s] copying /home/ubuntu/ros2_ws/src/build/hello/build/lib/hello/line_follower.py -> /home/ubuntu/ros2_ws/src/install/hello/lib/python3.10/site-packages/hello
[10.664s] byte-compiling /home/ubuntu/ros2_ws/src/install/hello/lib/python3.10/site-packages/hello/line_follower.py to line_follower.cpython-310.pyc
[10.672s] running install_data
[10.676s] running install_egg_info
[10.691s] removing '/home/ubuntu/ros2_ws/src/install/hello/lib/python3.10/site-packages/hello-0.0.0-py3.10.egg-info' (and everything under it)
[10.695s] Copying ../build/hello/hello.egg-info to /home/ubuntu/ros2_ws/src/install/hello/lib/python3.10/site-packages/hello-0.0.0-py3.10.egg-info
[10.708s] running install_scripts
[10.861s] Installing hello_node script to /home/ubuntu/ros2_ws/src/install/hello/lib/hello
[10.864s] Installing hello_publisher script to /home/ubuntu/ros2_ws/src/install/hello/lib/hello
[10.867s] Installing hello_subscriber script to /home/ubuntu/ros2_ws/src/install/hello/lib/hello
[10.870s] Installing joypad_mouse_controller script to /home/ubuntu/ros2_ws/src/install/hello/lib/hello
[10.873s] Installing lightsensor_monitor script to /home/ubuntu/ros2_ws/src/install/hello/lib/hello
[10.874s] Installing line_follower script to /home/ubuntu/ros2_ws/src/install/hello/lib/hello
[10.878s] writing list of installed files to '/home/ubuntu/ros2_ws/src/build/hello/install.log'
[11.224s] Invoked command in '/home/ubuntu/ros2_ws/src/hello' returned '0': PYTHONPATH=/home/ubuntu/ros2_ws/src/build/hello/prefix_override:/home/ubuntu/ros2_ws/src/install/hello/lib/python3.10/site-packages:${PYTHONPATH} /usr/bin/python3 setup.py egg_info --egg-base ../build/hello build --build-base /home/ubuntu/ros2_ws/src/build/hello/build install --record /home/ubuntu/ros2_ws/src/build/hello/install.log --single-version-externally-managed
