[8.336s] Invoking command in '/home/ubuntu/ros2_ws/src/build/hello': PYTHONPATH=/home/ubuntu/ros2_ws/src/build/hello/prefix_override:/home/ubuntu/ros2_ws/src/install/hello/lib/python3.10/site-packages:${PYTHONPATH} /usr/bin/python3 setup.py develop --editable --build-directory /home/ubuntu/ros2_ws/src/build/hello/build --no-deps install_data
[11.165s] running develop
[13.044s] running egg_info
[13.046s] writing hello.egg-info/PKG-INFO
[13.049s] writing dependency_links to hello.egg-info/dependency_links.txt
[13.053s] writing entry points to hello.egg-info/entry_points.txt
[13.056s] writing requirements to hello.egg-info/requires.txt
[13.057s] writing top-level names to hello.egg-info/top_level.txt
[13.073s] reading manifest file 'hello.egg-info/SOURCES.txt'
[13.083s] writing manifest file 'hello.egg-info/SOURCES.txt'
[13.096s] running build_ext
[13.099s] Creating /home/ubuntu/ros2_ws/src/install/hello/lib/python3.10/site-packages/hello.egg-link (link to .)
[13.106s] Installing hello_node script to /home/ubuntu/ros2_ws/src/install/hello/lib/hello
[13.111s] Installing hello_publisher script to /home/ubuntu/ros2_ws/src/install/hello/lib/hello
[13.112s] Installing hello_subscriber script to /home/ubuntu/ros2_ws/src/install/hello/lib/hello
[13.115s] Installing joypad_mouse_controller script to /home/ubuntu/ros2_ws/src/install/hello/lib/hello
[13.117s] Installing lifecycle_node_manager script to /home/ubuntu/ros2_ws/src/install/hello/lib/hello
[13.122s] Installing lightsensor_monitor script to /home/ubuntu/ros2_ws/src/install/hello/lib/hello
[13.123s] Installing line_follower script to /home/ubuntu/ros2_ws/src/install/hello/lib/hello
[13.125s] 
[13.125s] Installed /home/ubuntu/ros2_ws/src/build/hello
[13.127s] running install_data
[13.540s] Invoked command in '/home/ubuntu/ros2_ws/src/build/hello' returned '0': PYTHONPATH=/home/ubuntu/ros2_ws/src/build/hello/prefix_override:/home/ubuntu/ros2_ws/src/install/hello/lib/python3.10/site-packages:${PYTHONPATH} /usr/bin/python3 setup.py develop --editable --build-directory /home/ubuntu/ros2_ws/src/build/hello/build --no-deps install_data
