running develop
Removing /home/ricbolz/ros2_ws/src/install/mr_exp_samples/lib/python3.10/site-packages/mr-exp-samples.egg-link (link to .)
running egg_info
writing ../build/mr_exp_samples/mr_exp_samples.egg-info/PKG-INFO
writing dependency_links to ../build/mr_exp_samples/mr_exp_samples.egg-info/dependency_links.txt
writing entry points to ../build/mr_exp_samples/mr_exp_samples.egg-info/entry_points.txt
writing requirements to ../build/mr_exp_samples/mr_exp_samples.egg-info/requires.txt
writing top-level names to ../build/mr_exp_samples/mr_exp_samples.egg-info/top_level.txt
reading manifest file '../build/mr_exp_samples/mr_exp_samples.egg-info/SOURCES.txt'
writing manifest file '../build/mr_exp_samples/mr_exp_samples.egg-info/SOURCES.txt'
running build
running build_py
running install
running install_lib
running install_data
running install_egg_info
removing '/home/ricbolz/ros2_ws/src/install/mr_exp_samples/lib/python3.10/site-packages/mr_exp_samples-0.0.0-py3.10.egg-info' (and everything under it)
Copying ../build/mr_exp_samples/mr_exp_samples.egg-info to /home/ricbolz/ros2_ws/src/install/mr_exp_samples/lib/python3.10/site-packages/mr_exp_samples-0.0.0-py3.10.egg-info
running install_scripts
Installing hello_sub_and_pub script to /home/ricbolz/ros2_ws/src/install/mr_exp_samples/lib/mr_exp_samples
Installing joy_teleop script to /home/ricbolz/ros2_ws/src/install/mr_exp_samples/lib/mr_exp_samples
Installing watermark_node script to /home/ricbolz/ros2_ws/src/install/mr_exp_samples/lib/mr_exp_samples
writing list of installed files to '/home/ricbolz/ros2_ws/src/build/mr_exp_samples/install.log'
