/home/ricbolz/ros2_ws/src/install/hello/lib/python3.10/site-packages/hello/__init__.py
/home/ricbolz/ros2_ws/src/install/hello/lib/python3.10/site-packages/hello/hello_node.py
/home/ricbolz/ros2_ws/src/install/hello/lib/python3.10/site-packages/hello/line_follower.py
/home/ricbolz/ros2_ws/src/install/hello/lib/python3.10/site-packages/hello/JoypadMouseController.py
/home/ricbolz/ros2_ws/src/install/hello/lib/python3.10/site-packages/hello/hello_subscriber.py
/home/ricbolz/ros2_ws/src/install/hello/lib/python3.10/site-packages/hello/hello_publisher.py
/home/ricbolz/ros2_ws/src/install/hello/lib/python3.10/site-packages/hello/robot_node.py
/home/ricbolz/ros2_ws/src/install/hello/lib/python3.10/site-packages/hello/sound_play.py
/home/ricbolz/ros2_ws/src/install/hello/lib/python3.10/site-packages/hello/lightsensor_monitor.py
/home/ricbolz/ros2_ws/src/install/hello/lib/python3.10/site-packages/hello/keyboard.py
/home/ricbolz/ros2_ws/src/install/hello/lib/python3.10/site-packages/hello/key_monitor.py
/home/ricbolz/ros2_ws/src/install/hello/lib/python3.10/site-packages/hello/lifecycle_node_manager.py
/home/ricbolz/ros2_ws/src/install/hello/lib/python3.10/site-packages/hello/__pycache__/__init__.cpython-310.pyc
/home/ricbolz/ros2_ws/src/install/hello/lib/python3.10/site-packages/hello/__pycache__/hello_node.cpython-310.pyc
/home/ricbolz/ros2_ws/src/install/hello/lib/python3.10/site-packages/hello/__pycache__/line_follower.cpython-310.pyc
/home/ricbolz/ros2_ws/src/install/hello/lib/python3.10/site-packages/hello/__pycache__/JoypadMouseController.cpython-310.pyc
/home/ricbolz/ros2_ws/src/install/hello/lib/python3.10/site-packages/hello/__pycache__/hello_subscriber.cpython-310.pyc
/home/ricbolz/ros2_ws/src/install/hello/lib/python3.10/site-packages/hello/__pycache__/hello_publisher.cpython-310.pyc
/home/ricbolz/ros2_ws/src/install/hello/lib/python3.10/site-packages/hello/__pycache__/robot_node.cpython-310.pyc
/home/ricbolz/ros2_ws/src/install/hello/lib/python3.10/site-packages/hello/__pycache__/sound_play.cpython-310.pyc
/home/ricbolz/ros2_ws/src/install/hello/lib/python3.10/site-packages/hello/__pycache__/lightsensor_monitor.cpython-310.pyc
/home/ricbolz/ros2_ws/src/install/hello/lib/python3.10/site-packages/hello/__pycache__/keyboard.cpython-310.pyc
/home/ricbolz/ros2_ws/src/install/hello/lib/python3.10/site-packages/hello/__pycache__/key_monitor.cpython-310.pyc
/home/ricbolz/ros2_ws/src/install/hello/lib/python3.10/site-packages/hello/__pycache__/lifecycle_node_manager.cpython-310.pyc
/home/ricbolz/ros2_ws/src/install/hello/share/ament_index/resource_index/packages/hello
/home/ricbolz/ros2_ws/src/install/hello/share/hello/package.xml
/home/ricbolz/ros2_ws/src/install/hello/share/hello/launch/topic_launch.py
/home/ricbolz/ros2_ws/src/install/hello/share/hello/launch/robot_launch.py
/home/ricbolz/ros2_ws/src/install/hello/share/hello/launch/text_to_speech_launch.py
/home/ricbolz/ros2_ws/src/install/hello/share/hello/launch/line_follower_launch.py
/home/ricbolz/ros2_ws/src/install/hello/share/hello/launch/follow_launch.py
/home/ricbolz/ros2_ws/src/install/hello/lib/python3.10/site-packages/hello-0.0.0-py3.10.egg-info/requires.txt
/home/ricbolz/ros2_ws/src/install/hello/lib/python3.10/site-packages/hello-0.0.0-py3.10.egg-info/top_level.txt
/home/ricbolz/ros2_ws/src/install/hello/lib/python3.10/site-packages/hello-0.0.0-py3.10.egg-info/SOURCES.txt
/home/ricbolz/ros2_ws/src/install/hello/lib/python3.10/site-packages/hello-0.0.0-py3.10.egg-info/entry_points.txt
/home/ricbolz/ros2_ws/src/install/hello/lib/python3.10/site-packages/hello-0.0.0-py3.10.egg-info/dependency_links.txt
/home/ricbolz/ros2_ws/src/install/hello/lib/python3.10/site-packages/hello-0.0.0-py3.10.egg-info/zip-safe
/home/ricbolz/ros2_ws/src/install/hello/lib/python3.10/site-packages/hello-0.0.0-py3.10.egg-info/PKG-INFO
/home/ricbolz/ros2_ws/src/install/hello/lib/hello/hello_node
/home/ricbolz/ros2_ws/src/install/hello/lib/hello/hello_publisher
/home/ricbolz/ros2_ws/src/install/hello/lib/hello/hello_subscriber
/home/ricbolz/ros2_ws/src/install/hello/lib/hello/joypad_mouse_controller
/home/ricbolz/ros2_ws/src/install/hello/lib/hello/lifecycle_node_manager
/home/ricbolz/ros2_ws/src/install/hello/lib/hello/lightsensor_monitor
/home/ricbolz/ros2_ws/src/install/hello/lib/hello/line_follower
/home/ricbolz/ros2_ws/src/install/hello/lib/hello/robot_node
