[0.000000] (-) TimerEvent: {}
[0.001976] (hello) JobQueued: {'identifier': 'hello', 'dependencies': OrderedDict()}
[0.002564] (raspimouse_msgs) JobQueued: {'identifier': 'raspimouse_msgs', 'dependencies': OrderedDict()}
[0.002983] (robot) JobQueued: {'identifier': 'robot', 'dependencies': OrderedDict()}
[0.003461] (robot2) JobQueued: {'identifier': 'robot2', 'dependencies': OrderedDict()}
[0.003710] (raspimouse) JobQueued: {'identifier': 'raspimouse', 'dependencies': OrderedDict([('raspimouse_msgs', '/home/ubuntu/ros2_ws/src/install/raspimouse_msgs')])}
[0.003937] (raspimouse_ros2_examples) JobQueued: {'identifier': 'raspimouse_ros2_examples', 'dependencies': OrderedDict([('raspimouse_msgs', '/home/ubuntu/ros2_ws/src/install/raspimouse_msgs'), ('raspimouse', '/home/ubuntu/ros2_ws/src/install/raspimouse')])}
[0.004345] (raspimouse_msgs) JobStarted: {'identifier': 'raspimouse_msgs'}
[0.072274] (raspimouse_msgs) JobEnded: {'identifier': 'raspimouse_msgs', 'rc': 0}
[0.076340] (hello) JobStarted: {'identifier': 'hello'}
[0.099256] (-) TimerEvent: {}
[0.200049] (-) TimerEvent: {}
[0.300872] (-) TimerEvent: {}
[0.402078] (-) TimerEvent: {}
[0.497938] (robot) JobStarted: {'identifier': 'robot'}
[0.502265] (-) TimerEvent: {}
[0.603507] (-) TimerEvent: {}
[0.704333] (-) TimerEvent: {}
[0.805236] (-) TimerEvent: {}
[0.904356] (robot2) JobStarted: {'identifier': 'robot2'}
[0.906190] (-) TimerEvent: {}
[1.007001] (-) TimerEvent: {}
[1.146445] (-) TimerEvent: {}
[1.247800] (-) TimerEvent: {}
[1.349796] (-) TimerEvent: {}
[1.351083] (hello) JobEnded: {'identifier': 'hello', 'rc': 'SIGINT'}
[1.354728] (robot) JobEnded: {'identifier': 'robot', 'rc': 'SIGINT'}
[1.356375] (robot2) JobEnded: {'identifier': 'robot2', 'rc': 'SIGINT'}
[1.366337] (raspimouse) JobSkipped: {'identifier': 'raspimouse'}
[1.366626] (raspimouse_ros2_examples) JobSkipped: {'identifier': 'raspimouse_ros2_examples'}
[1.366748] (-) EventReactorShutdown: {}
