[7.525s] DEBUG:colcon:Command line arguments: ['/usr/bin/colcon', 'build']
[7.526s] DEBUG:colcon:Parsed command line arguments: Namespace(log_base=None, log_level=None, verb_name='build', build_base='build', install_base='install', merge_install=False, symlink_install=False, test_result_base=None, continue_on_error=False, executor='parallel', parallel_workers=4, event_handlers=None, ignore_user_meta=False, metas=['./colcon.meta'], base_paths=['.'], packages_ignore=None, packages_ignore_regex=None, paths=None, packages_up_to=None, packages_up_to_regex=None, packages_above=None, packages_above_and_dependencies=None, packages_above_depth=None, packages_select_by_dep=None, packages_skip_by_dep=None, packages_skip_up_to=None, packages_select_build_failed=False, packages_skip_build_finished=False, packages_select_test_failures=False, packages_skip_test_passed=False, packages_select=None, packages_skip=None, packages_select_regex=None, packages_skip_regex=None, packages_start=None, packages_end=None, allow_overriding=[], cmake_args=None, cmake_target=None, cmake_target_skip_unavailable=False, cmake_clean_cache=False, cmake_clean_first=False, cmake_force_configure=False, ament_cmake_args=None, catkin_cmake_args=None, catkin_skip_building_tests=False, verb_parser=<colcon_defaults.argument_parser.defaults.DefaultArgumentsDecorator object at 0xffffa6cefaf0>, verb_extension=<colcon_core.verb.build.BuildVerb object at 0xffffa6ceeb90>, main=<bound method BuildVerb.main of <colcon_core.verb.build.BuildVerb object at 0xffffa6ceeb90>>)
[7.738s] Level 1:colcon.colcon_core.package_discovery:discover_packages(colcon_meta) check parameters
[7.738s] Level 1:colcon.colcon_core.package_discovery:discover_packages(recursive) check parameters
[7.738s] Level 1:colcon.colcon_core.package_discovery:discover_packages(ignore) check parameters
[7.739s] Level 1:colcon.colcon_core.package_discovery:discover_packages(path) check parameters
[7.739s] Level 1:colcon.colcon_core.package_discovery:discover_packages(colcon_meta) discover
[7.739s] Level 1:colcon.colcon_core.package_discovery:discover_packages(recursive) discover
[7.739s] INFO:colcon.colcon_core.package_discovery:Crawling recursively for packages in '/home/ubuntu/ros2_ws/src'
[7.740s] Level 1:colcon.colcon_core.package_identification:_identify(.) by extensions ['ignore', 'ignore_ament_install']
[7.740s] Level 1:colcon.colcon_core.package_identification:_identify(.) by extension 'ignore'
[7.740s] Level 1:colcon.colcon_core.package_identification:_identify(.) by extension 'ignore_ament_install'
[7.741s] Level 1:colcon.colcon_core.package_identification:_identify(.) by extensions ['colcon_pkg']
[7.741s] Level 1:colcon.colcon_core.package_identification:_identify(.) by extension 'colcon_pkg'
[7.741s] Level 1:colcon.colcon_core.package_identification:_identify(.) by extensions ['colcon_meta']
[7.741s] Level 1:colcon.colcon_core.package_identification:_identify(.) by extension 'colcon_meta'
[7.741s] Level 1:colcon.colcon_core.package_identification:_identify(.) by extensions ['ros']
[7.742s] Level 1:colcon.colcon_core.package_identification:_identify(.) by extension 'ros'
[7.789s] Level 1:colcon.colcon_core.package_identification:_identify(.) by extensions ['cmake', 'python']
[7.790s] Level 1:colcon.colcon_core.package_identification:_identify(.) by extension 'cmake'
[7.790s] Level 1:colcon.colcon_core.package_identification:_identify(.) by extension 'python'
[7.790s] Level 1:colcon.colcon_core.package_identification:_identify(.) by extensions ['python_setup_py']
[7.790s] Level 1:colcon.colcon_core.package_identification:_identify(.) by extension 'python_setup_py'
[7.791s] Level 1:colcon.colcon_core.package_identification:_identify(build) by extensions ['ignore', 'ignore_ament_install']
[7.791s] Level 1:colcon.colcon_core.package_identification:_identify(build) by extension 'ignore'
[7.792s] Level 1:colcon.colcon_core.package_identification:_identify(build) ignored
[7.792s] Level 1:colcon.colcon_core.package_identification:_identify(hello) by extensions ['ignore', 'ignore_ament_install']
[7.793s] Level 1:colcon.colcon_core.package_identification:_identify(hello) by extension 'ignore'
[7.793s] Level 1:colcon.colcon_core.package_identification:_identify(hello) by extension 'ignore_ament_install'
[7.793s] Level 1:colcon.colcon_core.package_identification:_identify(hello) by extensions ['colcon_pkg']
[7.794s] Level 1:colcon.colcon_core.package_identification:_identify(hello) by extension 'colcon_pkg'
[7.794s] Level 1:colcon.colcon_core.package_identification:_identify(hello) by extensions ['colcon_meta']
[7.794s] Level 1:colcon.colcon_core.package_identification:_identify(hello) by extension 'colcon_meta'
[7.794s] Level 1:colcon.colcon_core.package_identification:_identify(hello) by extensions ['ros']
[7.794s] Level 1:colcon.colcon_core.package_identification:_identify(hello) by extension 'ros'
[7.803s] DEBUG:colcon.colcon_core.package_identification:Package 'hello' with type 'ros.ament_python' and name 'hello'
[7.804s] Level 1:colcon.colcon_core.package_identification:_identify(install) by extensions ['ignore', 'ignore_ament_install']
[7.804s] Level 1:colcon.colcon_core.package_identification:_identify(install) by extension 'ignore'
[7.805s] Level 1:colcon.colcon_core.package_identification:_identify(install) ignored
[7.806s] Level 1:colcon.colcon_core.package_identification:_identify(log) by extensions ['ignore', 'ignore_ament_install']
[7.806s] Level 1:colcon.colcon_core.package_identification:_identify(log) by extension 'ignore'
[7.806s] Level 1:colcon.colcon_core.package_identification:_identify(log) ignored
[7.807s] Level 1:colcon.colcon_core.package_identification:_identify(raspimouse2) by extensions ['ignore', 'ignore_ament_install']
[7.807s] Level 1:colcon.colcon_core.package_identification:_identify(raspimouse2) by extension 'ignore'
[7.807s] Level 1:colcon.colcon_core.package_identification:_identify(raspimouse2) by extension 'ignore_ament_install'
[7.808s] Level 1:colcon.colcon_core.package_identification:_identify(raspimouse2) by extensions ['colcon_pkg']
[7.808s] Level 1:colcon.colcon_core.package_identification:_identify(raspimouse2) by extension 'colcon_pkg'
[7.808s] Level 1:colcon.colcon_core.package_identification:_identify(raspimouse2) by extensions ['colcon_meta']
[7.808s] Level 1:colcon.colcon_core.package_identification:_identify(raspimouse2) by extension 'colcon_meta'
[7.808s] Level 1:colcon.colcon_core.package_identification:_identify(raspimouse2) by extensions ['ros']
[7.809s] Level 1:colcon.colcon_core.package_identification:_identify(raspimouse2) by extension 'ros'
[7.809s] Level 1:colcon.colcon_core.package_identification:_identify(raspimouse2) by extensions ['cmake', 'python']
[7.809s] Level 1:colcon.colcon_core.package_identification:_identify(raspimouse2) by extension 'cmake'
[7.809s] Level 1:colcon.colcon_core.package_identification:_identify(raspimouse2) by extension 'python'
[7.809s] Level 1:colcon.colcon_core.package_identification:_identify(raspimouse2) by extensions ['python_setup_py']
[7.810s] Level 1:colcon.colcon_core.package_identification:_identify(raspimouse2) by extension 'python_setup_py'
[7.810s] Level 1:colcon.colcon_core.package_identification:_identify(raspimouse2/raspimouse) by extensions ['ignore', 'ignore_ament_install']
[7.811s] Level 1:colcon.colcon_core.package_identification:_identify(raspimouse2/raspimouse) by extension 'ignore'
[7.811s] Level 1:colcon.colcon_core.package_identification:_identify(raspimouse2/raspimouse) by extension 'ignore_ament_install'
[7.811s] Level 1:colcon.colcon_core.package_identification:_identify(raspimouse2/raspimouse) by extensions ['colcon_pkg']
[7.811s] Level 1:colcon.colcon_core.package_identification:_identify(raspimouse2/raspimouse) by extension 'colcon_pkg'
[7.811s] Level 1:colcon.colcon_core.package_identification:_identify(raspimouse2/raspimouse) by extensions ['colcon_meta']
[7.811s] Level 1:colcon.colcon_core.package_identification:_identify(raspimouse2/raspimouse) by extension 'colcon_meta'
[7.812s] Level 1:colcon.colcon_core.package_identification:_identify(raspimouse2/raspimouse) by extensions ['ros']
[7.812s] Level 1:colcon.colcon_core.package_identification:_identify(raspimouse2/raspimouse) by extension 'ros'
[7.816s] DEBUG:colcon.colcon_core.package_identification:Package 'raspimouse2/raspimouse' with type 'ros.ament_cmake' and name 'raspimouse'
[7.816s] Level 1:colcon.colcon_core.package_identification:_identify(raspimouse2/raspimouse_msgs) by extensions ['ignore', 'ignore_ament_install']
[7.817s] Level 1:colcon.colcon_core.package_identification:_identify(raspimouse2/raspimouse_msgs) by extension 'ignore'
[7.817s] Level 1:colcon.colcon_core.package_identification:_identify(raspimouse2/raspimouse_msgs) by extension 'ignore_ament_install'
[7.817s] Level 1:colcon.colcon_core.package_identification:_identify(raspimouse2/raspimouse_msgs) by extensions ['colcon_pkg']
[7.817s] Level 1:colcon.colcon_core.package_identification:_identify(raspimouse2/raspimouse_msgs) by extension 'colcon_pkg'
[7.818s] Level 1:colcon.colcon_core.package_identification:_identify(raspimouse2/raspimouse_msgs) by extensions ['colcon_meta']
[7.818s] Level 1:colcon.colcon_core.package_identification:_identify(raspimouse2/raspimouse_msgs) by extension 'colcon_meta'
[7.818s] Level 1:colcon.colcon_core.package_identification:_identify(raspimouse2/raspimouse_msgs) by extensions ['ros']
[7.818s] Level 1:colcon.colcon_core.package_identification:_identify(raspimouse2/raspimouse_msgs) by extension 'ros'
[7.820s] DEBUG:colcon.colcon_core.package_identification:Package 'raspimouse2/raspimouse_msgs' with type 'ros.ament_cmake' and name 'raspimouse_msgs'
[7.821s] Level 1:colcon.colcon_core.package_identification:_identify(raspimouse_ros2_examples) by extensions ['ignore', 'ignore_ament_install']
[7.822s] Level 1:colcon.colcon_core.package_identification:_identify(raspimouse_ros2_examples) by extension 'ignore'
[7.822s] Level 1:colcon.colcon_core.package_identification:_identify(raspimouse_ros2_examples) by extension 'ignore_ament_install'
[7.822s] Level 1:colcon.colcon_core.package_identification:_identify(raspimouse_ros2_examples) by extensions ['colcon_pkg']
[7.822s] Level 1:colcon.colcon_core.package_identification:_identify(raspimouse_ros2_examples) by extension 'colcon_pkg'
[7.822s] Level 1:colcon.colcon_core.package_identification:_identify(raspimouse_ros2_examples) by extensions ['colcon_meta']
[7.823s] Level 1:colcon.colcon_core.package_identification:_identify(raspimouse_ros2_examples) by extension 'colcon_meta'
[7.823s] Level 1:colcon.colcon_core.package_identification:_identify(raspimouse_ros2_examples) by extensions ['ros']
[7.823s] Level 1:colcon.colcon_core.package_identification:_identify(raspimouse_ros2_examples) by extension 'ros'
[7.830s] DEBUG:colcon.colcon_core.package_identification:Package 'raspimouse_ros2_examples' with type 'ros.ament_cmake' and name 'raspimouse_ros2_examples'
[7.831s] Level 1:colcon.colcon_core.package_identification:_identify(robot) by extensions ['ignore', 'ignore_ament_install']
[7.832s] Level 1:colcon.colcon_core.package_identification:_identify(robot) by extension 'ignore'
[7.832s] Level 1:colcon.colcon_core.package_identification:_identify(robot) by extension 'ignore_ament_install'
[7.832s] Level 1:colcon.colcon_core.package_identification:_identify(robot) by extensions ['colcon_pkg']
[7.832s] Level 1:colcon.colcon_core.package_identification:_identify(robot) by extension 'colcon_pkg'
[7.832s] Level 1:colcon.colcon_core.package_identification:_identify(robot) by extensions ['colcon_meta']
[7.833s] Level 1:colcon.colcon_core.package_identification:_identify(robot) by extension 'colcon_meta'
[7.833s] Level 1:colcon.colcon_core.package_identification:_identify(robot) by extensions ['ros']
[7.833s] Level 1:colcon.colcon_core.package_identification:_identify(robot) by extension 'ros'
[7.835s] DEBUG:colcon.colcon_core.package_identification:Package 'robot' with type 'ros.ament_python' and name 'robot'
[7.836s] Level 1:colcon.colcon_core.package_identification:_identify(robot2) by extensions ['ignore', 'ignore_ament_install']
[7.836s] Level 1:colcon.colcon_core.package_identification:_identify(robot2) by extension 'ignore'
[7.836s] Level 1:colcon.colcon_core.package_identification:_identify(robot2) by extension 'ignore_ament_install'
[7.837s] Level 1:colcon.colcon_core.package_identification:_identify(robot2) by extensions ['colcon_pkg']
[7.837s] Level 1:colcon.colcon_core.package_identification:_identify(robot2) by extension 'colcon_pkg'
[7.837s] Level 1:colcon.colcon_core.package_identification:_identify(robot2) by extensions ['colcon_meta']
[7.837s] Level 1:colcon.colcon_core.package_identification:_identify(robot2) by extension 'colcon_meta'
[7.837s] Level 1:colcon.colcon_core.package_identification:_identify(robot2) by extensions ['ros']
[7.837s] Level 1:colcon.colcon_core.package_identification:_identify(robot2) by extension 'ros'
[7.839s] DEBUG:colcon.colcon_core.package_identification:Package 'robot2' with type 'ros.ament_python' and name 'robot2'
[7.840s] Level 1:colcon.colcon_core.package_discovery:discover_packages(recursive) using defaults
[7.840s] Level 1:colcon.colcon_core.package_discovery:discover_packages(ignore) discover
[7.840s] Level 1:colcon.colcon_core.package_discovery:discover_packages(ignore) using defaults
[7.840s] Level 1:colcon.colcon_core.package_discovery:discover_packages(path) discover
[7.840s] Level 1:colcon.colcon_core.package_discovery:discover_packages(path) using defaults
[8.421s] Level 1:colcon.colcon_core.package_discovery:discover_packages(prefix_path) check parameters
[8.422s] Level 1:colcon.colcon_core.package_discovery:discover_packages(prefix_path) discover
[8.690s] DEBUG:colcon.colcon_installed_package_information.package_discovery:Found 6 installed packages in /home/ubuntu/ros2_ws/install
[8.763s] DEBUG:colcon.colcon_installed_package_information.package_discovery:Found 287 installed packages in /opt/ros/humble
[8.771s] Level 1:colcon.colcon_core.package_discovery:discover_packages(prefix_path) using defaults
[9.203s] Level 5:colcon.colcon_core.verb:set package 'hello' build argument 'cmake_args' from command line to 'None'
[9.203s] Level 5:colcon.colcon_core.verb:set package 'hello' build argument 'cmake_target' from command line to 'None'
[9.203s] Level 5:colcon.colcon_core.verb:set package 'hello' build argument 'cmake_target_skip_unavailable' from command line to 'False'
[9.204s] Level 5:colcon.colcon_core.verb:set package 'hello' build argument 'cmake_clean_cache' from command line to 'False'
[9.204s] Level 5:colcon.colcon_core.verb:set package 'hello' build argument 'cmake_clean_first' from command line to 'False'
[9.204s] Level 5:colcon.colcon_core.verb:set package 'hello' build argument 'cmake_force_configure' from command line to 'False'
[9.204s] Level 5:colcon.colcon_core.verb:set package 'hello' build argument 'ament_cmake_args' from command line to 'None'
[9.204s] Level 5:colcon.colcon_core.verb:set package 'hello' build argument 'catkin_cmake_args' from command line to 'None'
[9.204s] Level 5:colcon.colcon_core.verb:set package 'hello' build argument 'catkin_skip_building_tests' from command line to 'False'
[9.204s] DEBUG:colcon.colcon_core.verb:Building package 'hello' with the following arguments: {'ament_cmake_args': None, 'build_base': '/home/ubuntu/ros2_ws/src/build/hello', 'catkin_cmake_args': None, 'catkin_skip_building_tests': False, 'cmake_args': None, 'cmake_clean_cache': False, 'cmake_clean_first': False, 'cmake_force_configure': False, 'cmake_target': None, 'cmake_target_skip_unavailable': False, 'install_base': '/home/ubuntu/ros2_ws/src/install/hello', 'merge_install': False, 'path': '/home/ubuntu/ros2_ws/src/hello', 'symlink_install': False, 'test_result_base': None}
[9.267s] Level 5:colcon.colcon_core.verb:set package 'raspimouse_msgs' build argument 'cmake_args' from command line to 'None'
[9.267s] Level 5:colcon.colcon_core.verb:set package 'raspimouse_msgs' build argument 'cmake_target' from command line to 'None'
[9.267s] Level 5:colcon.colcon_core.verb:set package 'raspimouse_msgs' build argument 'cmake_target_skip_unavailable' from command line to 'False'
[9.268s] Level 5:colcon.colcon_core.verb:set package 'raspimouse_msgs' build argument 'cmake_clean_cache' from command line to 'False'
[9.268s] Level 5:colcon.colcon_core.verb:set package 'raspimouse_msgs' build argument 'cmake_clean_first' from command line to 'False'
[9.268s] Level 5:colcon.colcon_core.verb:set package 'raspimouse_msgs' build argument 'cmake_force_configure' from command line to 'False'
[9.268s] Level 5:colcon.colcon_core.verb:set package 'raspimouse_msgs' build argument 'ament_cmake_args' from command line to 'None'
[9.268s] Level 5:colcon.colcon_core.verb:set package 'raspimouse_msgs' build argument 'catkin_cmake_args' from command line to 'None'
[9.268s] Level 5:colcon.colcon_core.verb:set package 'raspimouse_msgs' build argument 'catkin_skip_building_tests' from command line to 'False'
[9.268s] DEBUG:colcon.colcon_core.verb:Building package 'raspimouse_msgs' with the following arguments: {'ament_cmake_args': None, 'build_base': '/home/ubuntu/ros2_ws/src/build/raspimouse_msgs', 'catkin_cmake_args': None, 'catkin_skip_building_tests': False, 'cmake_args': None, 'cmake_clean_cache': False, 'cmake_clean_first': False, 'cmake_force_configure': False, 'cmake_target': None, 'cmake_target_skip_unavailable': False, 'install_base': '/home/ubuntu/ros2_ws/src/install/raspimouse_msgs', 'merge_install': False, 'path': '/home/ubuntu/ros2_ws/src/raspimouse2/raspimouse_msgs', 'symlink_install': False, 'test_result_base': None}
[9.333s] Level 5:colcon.colcon_core.verb:set package 'robot' build argument 'cmake_args' from command line to 'None'
[9.333s] Level 5:colcon.colcon_core.verb:set package 'robot' build argument 'cmake_target' from command line to 'None'
[9.333s] Level 5:colcon.colcon_core.verb:set package 'robot' build argument 'cmake_target_skip_unavailable' from command line to 'False'
[9.334s] Level 5:colcon.colcon_core.verb:set package 'robot' build argument 'cmake_clean_cache' from command line to 'False'
[9.334s] Level 5:colcon.colcon_core.verb:set package 'robot' build argument 'cmake_clean_first' from command line to 'False'
[9.334s] Level 5:colcon.colcon_core.verb:set package 'robot' build argument 'cmake_force_configure' from command line to 'False'
[9.334s] Level 5:colcon.colcon_core.verb:set package 'robot' build argument 'ament_cmake_args' from command line to 'None'
[9.334s] Level 5:colcon.colcon_core.verb:set package 'robot' build argument 'catkin_cmake_args' from command line to 'None'
[9.334s] Level 5:colcon.colcon_core.verb:set package 'robot' build argument 'catkin_skip_building_tests' from command line to 'False'
[9.335s] DEBUG:colcon.colcon_core.verb:Building package 'robot' with the following arguments: {'ament_cmake_args': None, 'build_base': '/home/ubuntu/ros2_ws/src/build/robot', 'catkin_cmake_args': None, 'catkin_skip_building_tests': False, 'cmake_args': None, 'cmake_clean_cache': False, 'cmake_clean_first': False, 'cmake_force_configure': False, 'cmake_target': None, 'cmake_target_skip_unavailable': False, 'install_base': '/home/ubuntu/ros2_ws/src/install/robot', 'merge_install': False, 'path': '/home/ubuntu/ros2_ws/src/robot', 'symlink_install': False, 'test_result_base': None}
[9.399s] Level 5:colcon.colcon_core.verb:set package 'robot2' build argument 'cmake_args' from command line to 'None'
[9.399s] Level 5:colcon.colcon_core.verb:set package 'robot2' build argument 'cmake_target' from command line to 'None'
[9.399s] Level 5:colcon.colcon_core.verb:set package 'robot2' build argument 'cmake_target_skip_unavailable' from command line to 'False'
[9.399s] Level 5:colcon.colcon_core.verb:set package 'robot2' build argument 'cmake_clean_cache' from command line to 'False'
[9.399s] Level 5:colcon.colcon_core.verb:set package 'robot2' build argument 'cmake_clean_first' from command line to 'False'
[9.400s] Level 5:colcon.colcon_core.verb:set package 'robot2' build argument 'cmake_force_configure' from command line to 'False'
[9.400s] Level 5:colcon.colcon_core.verb:set package 'robot2' build argument 'ament_cmake_args' from command line to 'None'
[9.400s] Level 5:colcon.colcon_core.verb:set package 'robot2' build argument 'catkin_cmake_args' from command line to 'None'
[9.400s] Level 5:colcon.colcon_core.verb:set package 'robot2' build argument 'catkin_skip_building_tests' from command line to 'False'
[9.400s] DEBUG:colcon.colcon_core.verb:Building package 'robot2' with the following arguments: {'ament_cmake_args': None, 'build_base': '/home/ubuntu/ros2_ws/src/build/robot2', 'catkin_cmake_args': None, 'catkin_skip_building_tests': False, 'cmake_args': None, 'cmake_clean_cache': False, 'cmake_clean_first': False, 'cmake_force_configure': False, 'cmake_target': None, 'cmake_target_skip_unavailable': False, 'install_base': '/home/ubuntu/ros2_ws/src/install/robot2', 'merge_install': False, 'path': '/home/ubuntu/ros2_ws/src/robot2', 'symlink_install': False, 'test_result_base': None}
[9.469s] Level 5:colcon.colcon_core.verb:set package 'raspimouse' build argument 'cmake_args' from command line to 'None'
[9.470s] Level 5:colcon.colcon_core.verb:set package 'raspimouse' build argument 'cmake_target' from command line to 'None'
[9.470s] Level 5:colcon.colcon_core.verb:set package 'raspimouse' build argument 'cmake_target_skip_unavailable' from command line to 'False'
[9.470s] Level 5:colcon.colcon_core.verb:set package 'raspimouse' build argument 'cmake_clean_cache' from command line to 'False'
[9.470s] Level 5:colcon.colcon_core.verb:set package 'raspimouse' build argument 'cmake_clean_first' from command line to 'False'
[9.470s] Level 5:colcon.colcon_core.verb:set package 'raspimouse' build argument 'cmake_force_configure' from command line to 'False'
[9.470s] Level 5:colcon.colcon_core.verb:set package 'raspimouse' build argument 'ament_cmake_args' from command line to 'None'
[9.470s] Level 5:colcon.colcon_core.verb:set package 'raspimouse' build argument 'catkin_cmake_args' from command line to 'None'
[9.470s] Level 5:colcon.colcon_core.verb:set package 'raspimouse' build argument 'catkin_skip_building_tests' from command line to 'False'
[9.471s] DEBUG:colcon.colcon_core.verb:Building package 'raspimouse' with the following arguments: {'ament_cmake_args': None, 'build_base': '/home/ubuntu/ros2_ws/src/build/raspimouse', 'catkin_cmake_args': None, 'catkin_skip_building_tests': False, 'cmake_args': None, 'cmake_clean_cache': False, 'cmake_clean_first': False, 'cmake_force_configure': False, 'cmake_target': None, 'cmake_target_skip_unavailable': False, 'install_base': '/home/ubuntu/ros2_ws/src/install/raspimouse', 'merge_install': False, 'path': '/home/ubuntu/ros2_ws/src/raspimouse2/raspimouse', 'symlink_install': False, 'test_result_base': None}
[9.535s] Level 5:colcon.colcon_core.verb:set package 'raspimouse_ros2_examples' build argument 'cmake_args' from command line to 'None'
[9.535s] Level 5:colcon.colcon_core.verb:set package 'raspimouse_ros2_examples' build argument 'cmake_target' from command line to 'None'
[9.535s] Level 5:colcon.colcon_core.verb:set package 'raspimouse_ros2_examples' build argument 'cmake_target_skip_unavailable' from command line to 'False'
[9.535s] Level 5:colcon.colcon_core.verb:set package 'raspimouse_ros2_examples' build argument 'cmake_clean_cache' from command line to 'False'
[9.535s] Level 5:colcon.colcon_core.verb:set package 'raspimouse_ros2_examples' build argument 'cmake_clean_first' from command line to 'False'
[9.535s] Level 5:colcon.colcon_core.verb:set package 'raspimouse_ros2_examples' build argument 'cmake_force_configure' from command line to 'False'
[9.536s] Level 5:colcon.colcon_core.verb:set package 'raspimouse_ros2_examples' build argument 'ament_cmake_args' from command line to 'None'
[9.536s] Level 5:colcon.colcon_core.verb:set package 'raspimouse_ros2_examples' build argument 'catkin_cmake_args' from command line to 'None'
[9.536s] Level 5:colcon.colcon_core.verb:set package 'raspimouse_ros2_examples' build argument 'catkin_skip_building_tests' from command line to 'False'
[9.536s] DEBUG:colcon.colcon_core.verb:Building package 'raspimouse_ros2_examples' with the following arguments: {'ament_cmake_args': None, 'build_base': '/home/ubuntu/ros2_ws/src/build/raspimouse_ros2_examples', 'catkin_cmake_args': None, 'catkin_skip_building_tests': False, 'cmake_args': None, 'cmake_clean_cache': False, 'cmake_clean_first': False, 'cmake_force_configure': False, 'cmake_target': None, 'cmake_target_skip_unavailable': False, 'install_base': '/home/ubuntu/ros2_ws/src/install/raspimouse_ros2_examples', 'merge_install': False, 'path': '/home/ubuntu/ros2_ws/src/raspimouse_ros2_examples', 'symlink_install': False, 'test_result_base': None}
[9.607s] INFO:colcon.colcon_core.executor:Executing jobs using 'parallel' executor
[9.673s] DEBUG:colcon.colcon_parallel_executor.executor.parallel:run_until_complete
[9.674s] INFO:colcon.colcon_ros.task.ament_cmake.build:Building ROS package in '/home/ubuntu/ros2_ws/src/raspimouse2/raspimouse_msgs' with build type 'ament_cmake'
[9.675s] INFO:colcon.colcon_cmake.task.cmake.build:Building CMake package in '/home/ubuntu/ros2_ws/src/raspimouse2/raspimouse_msgs'
[9.745s] DEBUG:colcon.colcon_parallel_executor.executor.parallel:run_until_complete was interrupted
[9.745s] DEBUG:colcon.colcon_parallel_executor.executor.parallel:run_until_complete again
[9.746s] INFO:colcon.colcon_ros.task.ament_python.build:Building ROS package in '/home/ubuntu/ros2_ws/src/hello' with build type 'ament_python'
[9.747s] Level 1:colcon.colcon_core.shell:create_environment_hook('hello', 'ament_prefix_path')
[9.849s] INFO:colcon.colcon_core.plugin_system:Skipping extension 'colcon_core.shell.bat': Not used on non-Windows systems
[9.850s] INFO:colcon.colcon_core.shell:Creating environment hook '/home/ubuntu/ros2_ws/src/install/hello/share/hello/hook/ament_prefix_path.ps1'
[9.852s] INFO:colcon.colcon_core.shell:Creating environment descriptor '/home/ubuntu/ros2_ws/src/install/hello/share/hello/hook/ament_prefix_path.dsv'
[9.855s] INFO:colcon.colcon_core.shell:Creating environment hook '/home/ubuntu/ros2_ws/src/install/hello/share/hello/hook/ament_prefix_path.sh'
[9.937s] INFO:colcon.colcon_core.shell:Skip shell extension 'powershell' for command environment: Not usable outside of PowerShell
[9.937s] DEBUG:colcon.colcon_core.shell:Skip shell extension 'dsv' for command environment
[10.170s] INFO:colcon.colcon_ros.task.ament_python.build:Building ROS package in '/home/ubuntu/ros2_ws/src/robot' with build type 'ament_python'
[10.171s] Level 1:colcon.colcon_core.shell:create_environment_hook('robot', 'ament_prefix_path')
[10.259s] INFO:colcon.colcon_core.shell:Creating environment hook '/home/ubuntu/ros2_ws/src/install/robot/share/robot/hook/ament_prefix_path.ps1'
[10.261s] INFO:colcon.colcon_core.shell:Creating environment descriptor '/home/ubuntu/ros2_ws/src/install/robot/share/robot/hook/ament_prefix_path.dsv'
[10.263s] INFO:colcon.colcon_core.shell:Creating environment hook '/home/ubuntu/ros2_ws/src/install/robot/share/robot/hook/ament_prefix_path.sh'
[10.341s] INFO:colcon.colcon_core.shell:Skip shell extension 'powershell' for command environment: Not usable outside of PowerShell
[10.342s] DEBUG:colcon.colcon_core.shell:Skip shell extension 'dsv' for command environment
[10.577s] INFO:colcon.colcon_ros.task.ament_python.build:Building ROS package in '/home/ubuntu/ros2_ws/src/robot2' with build type 'ament_python'
[10.577s] Level 1:colcon.colcon_core.shell:create_environment_hook('robot2', 'ament_prefix_path')
[10.662s] INFO:colcon.colcon_core.shell:Creating environment hook '/home/ubuntu/ros2_ws/src/install/robot2/share/robot2/hook/ament_prefix_path.ps1'
[10.665s] INFO:colcon.colcon_core.shell:Creating environment descriptor '/home/ubuntu/ros2_ws/src/install/robot2/share/robot2/hook/ament_prefix_path.dsv'
[10.666s] INFO:colcon.colcon_core.shell:Creating environment hook '/home/ubuntu/ros2_ws/src/install/robot2/share/robot2/hook/ament_prefix_path.sh'
[10.745s] INFO:colcon.colcon_core.shell:Skip shell extension 'powershell' for command environment: Not usable outside of PowerShell
[10.746s] DEBUG:colcon.colcon_core.shell:Skip shell extension 'dsv' for command environment
[11.037s] DEBUG:colcon.colcon_parallel_executor.executor.parallel:run_until_complete finished
[11.038s] DEBUG:colcon.colcon_parallel_executor.executor.parallel:closing loop
[11.038s] DEBUG:colcon.colcon_parallel_executor.executor.parallel:loop closed
[11.039s] DEBUG:colcon.colcon_core.event_reactor:joining thread
[11.150s] INFO:colcon.colcon_core.plugin_system:Skipping extension 'colcon_notification.desktop_notification.terminal_notifier': Not used on non-Darwin systems
[11.151s] INFO:colcon.colcon_core.plugin_system:Skipping extension 'colcon_notification.desktop_notification.win32': Not used on non-Windows systems
[11.151s] INFO:colcon.colcon_notification.desktop_notification:Sending desktop notification using 'notify2'
[11.211s] DEBUG:colcon.colcon_core.event_reactor:joined thread
[11.318s] INFO:colcon.colcon_core.shell:Creating prefix script '/home/ubuntu/ros2_ws/src/install/local_setup.ps1'
[11.322s] INFO:colcon.colcon_core.shell:Creating prefix util module '/home/ubuntu/ros2_ws/src/install/_local_setup_util_ps1.py'
[11.331s] INFO:colcon.colcon_core.shell:Creating prefix chain script '/home/ubuntu/ros2_ws/src/install/setup.ps1'
[11.429s] INFO:colcon.colcon_core.shell:Creating prefix script '/home/ubuntu/ros2_ws/src/install/local_setup.sh'
[11.431s] INFO:colcon.colcon_core.shell:Creating prefix util module '/home/ubuntu/ros2_ws/src/install/_local_setup_util_sh.py'
[11.434s] INFO:colcon.colcon_core.shell:Creating prefix chain script '/home/ubuntu/ros2_ws/src/install/setup.sh'
[11.507s] INFO:colcon.colcon_core.shell:Creating prefix script '/home/ubuntu/ros2_ws/src/install/local_setup.bash'
[11.509s] INFO:colcon.colcon_core.shell:Creating prefix chain script '/home/ubuntu/ros2_ws/src/install/setup.bash'
[11.585s] INFO:colcon.colcon_core.shell:Creating prefix script '/home/ubuntu/ros2_ws/src/install/local_setup.zsh'
[11.589s] INFO:colcon.colcon_core.shell:Creating prefix chain script '/home/ubuntu/ros2_ws/src/install/setup.zsh'
