[4.455s] DEBUG:colcon:Command line arguments: ['/usr/bin/colcon', 'build', '--packages-select', 'hello']
[4.455s] DEBUG:colcon:Parsed command line arguments: Namespace(log_base=None, log_level=None, verb_name='build', build_base='build', install_base='install', merge_install=False, symlink_install=False, test_result_base=None, continue_on_error=False, executor='parallel', parallel_workers=4, event_handlers=None, ignore_user_meta=False, metas=['./colcon.meta'], base_paths=['.'], packages_ignore=None, packages_ignore_regex=None, paths=None, packages_up_to=None, packages_up_to_regex=None, packages_above=None, packages_above_and_dependencies=None, packages_above_depth=None, packages_select_by_dep=None, packages_skip_by_dep=None, packages_skip_up_to=None, packages_select_build_failed=False, packages_skip_build_finished=False, packages_select_test_failures=False, packages_skip_test_passed=False, packages_select=['hello'], packages_skip=None, packages_select_regex=None, packages_skip_regex=None, packages_start=None, packages_end=None, allow_overriding=[], cmake_args=None, cmake_target=None, cmake_target_skip_unavailable=False, cmake_clean_cache=False, cmake_clean_first=False, cmake_force_configure=False, ament_cmake_args=None, catkin_cmake_args=None, catkin_skip_building_tests=False, verb_parser=<colcon_defaults.argument_parser.defaults.DefaultArgumentsDecorator object at 0xffffa3d6ec80>, verb_extension=<colcon_core.verb.build.BuildVerb object at 0xffffa3d6e320>, main=<bound method BuildVerb.main of <colcon_core.verb.build.BuildVerb object at 0xffffa3d6e320>>)
[4.656s] Level 1:colcon.colcon_core.package_discovery:discover_packages(colcon_meta) check parameters
[4.657s] Level 1:colcon.colcon_core.package_discovery:discover_packages(recursive) check parameters
[4.657s] Level 1:colcon.colcon_core.package_discovery:discover_packages(ignore) check parameters
[4.657s] Level 1:colcon.colcon_core.package_discovery:discover_packages(path) check parameters
[4.657s] Level 1:colcon.colcon_core.package_discovery:discover_packages(colcon_meta) discover
[4.658s] Level 1:colcon.colcon_core.package_discovery:discover_packages(recursive) discover
[4.658s] INFO:colcon.colcon_core.package_discovery:Crawling recursively for packages in '/home/ubuntu/ros2_ws/src'
[4.658s] Level 1:colcon.colcon_core.package_identification:_identify(.) by extensions ['ignore', 'ignore_ament_install']
[4.659s] Level 1:colcon.colcon_core.package_identification:_identify(.) by extension 'ignore'
[4.659s] Level 1:colcon.colcon_core.package_identification:_identify(.) by extension 'ignore_ament_install'
[4.659s] Level 1:colcon.colcon_core.package_identification:_identify(.) by extensions ['colcon_pkg']
[4.660s] Level 1:colcon.colcon_core.package_identification:_identify(.) by extension 'colcon_pkg'
[4.660s] Level 1:colcon.colcon_core.package_identification:_identify(.) by extensions ['colcon_meta']
[4.660s] Level 1:colcon.colcon_core.package_identification:_identify(.) by extension 'colcon_meta'
[4.660s] Level 1:colcon.colcon_core.package_identification:_identify(.) by extensions ['ros']
[4.660s] Level 1:colcon.colcon_core.package_identification:_identify(.) by extension 'ros'
[4.713s] Level 1:colcon.colcon_core.package_identification:_identify(.) by extensions ['cmake', 'python']
[4.714s] Level 1:colcon.colcon_core.package_identification:_identify(.) by extension 'cmake'
[4.714s] Level 1:colcon.colcon_core.package_identification:_identify(.) by extension 'python'
[4.714s] Level 1:colcon.colcon_core.package_identification:_identify(.) by extensions ['python_setup_py']
[4.715s] Level 1:colcon.colcon_core.package_identification:_identify(.) by extension 'python_setup_py'
[4.716s] Level 1:colcon.colcon_core.package_identification:_identify(build) by extensions ['ignore', 'ignore_ament_install']
[4.717s] Level 1:colcon.colcon_core.package_identification:_identify(build) by extension 'ignore'
[4.717s] Level 1:colcon.colcon_core.package_identification:_identify(build) ignored
[4.718s] Level 1:colcon.colcon_core.package_identification:_identify(hello) by extensions ['ignore', 'ignore_ament_install']
[4.719s] Level 1:colcon.colcon_core.package_identification:_identify(hello) by extension 'ignore'
[4.719s] Level 1:colcon.colcon_core.package_identification:_identify(hello) by extension 'ignore_ament_install'
[4.720s] Level 1:colcon.colcon_core.package_identification:_identify(hello) by extensions ['colcon_pkg']
[4.720s] Level 1:colcon.colcon_core.package_identification:_identify(hello) by extension 'colcon_pkg'
[4.721s] Level 1:colcon.colcon_core.package_identification:_identify(hello) by extensions ['colcon_meta']
[4.721s] Level 1:colcon.colcon_core.package_identification:_identify(hello) by extension 'colcon_meta'
[4.721s] Level 1:colcon.colcon_core.package_identification:_identify(hello) by extensions ['ros']
[4.721s] Level 1:colcon.colcon_core.package_identification:_identify(hello) by extension 'ros'
[4.731s] DEBUG:colcon.colcon_core.package_identification:Package 'hello' with type 'ros.ament_python' and name 'hello'
[4.732s] Level 1:colcon.colcon_core.package_identification:_identify(install) by extensions ['ignore', 'ignore_ament_install']
[4.732s] Level 1:colcon.colcon_core.package_identification:_identify(install) by extension 'ignore'
[4.732s] Level 1:colcon.colcon_core.package_identification:_identify(install) ignored
[4.733s] Level 1:colcon.colcon_core.package_identification:_identify(log) by extensions ['ignore', 'ignore_ament_install']
[4.733s] Level 1:colcon.colcon_core.package_identification:_identify(log) by extension 'ignore'
[4.734s] Level 1:colcon.colcon_core.package_identification:_identify(log) ignored
[4.734s] Level 1:colcon.colcon_core.package_identification:_identify(mr_exp_samples) by extensions ['ignore', 'ignore_ament_install']
[4.735s] Level 1:colcon.colcon_core.package_identification:_identify(mr_exp_samples) by extension 'ignore'
[4.735s] Level 1:colcon.colcon_core.package_identification:_identify(mr_exp_samples) by extension 'ignore_ament_install'
[4.735s] Level 1:colcon.colcon_core.package_identification:_identify(mr_exp_samples) by extensions ['colcon_pkg']
[4.736s] Level 1:colcon.colcon_core.package_identification:_identify(mr_exp_samples) by extension 'colcon_pkg'
[4.736s] Level 1:colcon.colcon_core.package_identification:_identify(mr_exp_samples) by extensions ['colcon_meta']
[4.736s] Level 1:colcon.colcon_core.package_identification:_identify(mr_exp_samples) by extension 'colcon_meta'
[4.736s] Level 1:colcon.colcon_core.package_identification:_identify(mr_exp_samples) by extensions ['ros']
[4.736s] Level 1:colcon.colcon_core.package_identification:_identify(mr_exp_samples) by extension 'ros'
[4.738s] DEBUG:colcon.colcon_core.package_identification:Package 'mr_exp_samples' with type 'ros.ament_python' and name 'mr_exp_samples'
[4.739s] Level 1:colcon.colcon_core.package_identification:_identify(raspimouse2) by extensions ['ignore', 'ignore_ament_install']
[4.740s] Level 1:colcon.colcon_core.package_identification:_identify(raspimouse2) by extension 'ignore'
[4.740s] Level 1:colcon.colcon_core.package_identification:_identify(raspimouse2) by extension 'ignore_ament_install'
[4.741s] Level 1:colcon.colcon_core.package_identification:_identify(raspimouse2) by extensions ['colcon_pkg']
[4.741s] Level 1:colcon.colcon_core.package_identification:_identify(raspimouse2) by extension 'colcon_pkg'
[4.741s] Level 1:colcon.colcon_core.package_identification:_identify(raspimouse2) by extensions ['colcon_meta']
[4.742s] Level 1:colcon.colcon_core.package_identification:_identify(raspimouse2) by extension 'colcon_meta'
[4.742s] Level 1:colcon.colcon_core.package_identification:_identify(raspimouse2) by extensions ['ros']
[4.742s] Level 1:colcon.colcon_core.package_identification:_identify(raspimouse2) by extension 'ros'
[4.742s] Level 1:colcon.colcon_core.package_identification:_identify(raspimouse2) by extensions ['cmake', 'python']
[4.743s] Level 1:colcon.colcon_core.package_identification:_identify(raspimouse2) by extension 'cmake'
[4.743s] Level 1:colcon.colcon_core.package_identification:_identify(raspimouse2) by extension 'python'
[4.743s] Level 1:colcon.colcon_core.package_identification:_identify(raspimouse2) by extensions ['python_setup_py']
[4.743s] Level 1:colcon.colcon_core.package_identification:_identify(raspimouse2) by extension 'python_setup_py'
[4.744s] Level 1:colcon.colcon_core.package_identification:_identify(raspimouse2/raspimouse) by extensions ['ignore', 'ignore_ament_install']
[4.745s] Level 1:colcon.colcon_core.package_identification:_identify(raspimouse2/raspimouse) by extension 'ignore'
[4.745s] Level 1:colcon.colcon_core.package_identification:_identify(raspimouse2/raspimouse) by extension 'ignore_ament_install'
[4.745s] Level 1:colcon.colcon_core.package_identification:_identify(raspimouse2/raspimouse) by extensions ['colcon_pkg']
[4.745s] Level 1:colcon.colcon_core.package_identification:_identify(raspimouse2/raspimouse) by extension 'colcon_pkg'
[4.746s] Level 1:colcon.colcon_core.package_identification:_identify(raspimouse2/raspimouse) by extensions ['colcon_meta']
[4.746s] Level 1:colcon.colcon_core.package_identification:_identify(raspimouse2/raspimouse) by extension 'colcon_meta'
[4.746s] Level 1:colcon.colcon_core.package_identification:_identify(raspimouse2/raspimouse) by extensions ['ros']
[4.746s] Level 1:colcon.colcon_core.package_identification:_identify(raspimouse2/raspimouse) by extension 'ros'
[4.750s] DEBUG:colcon.colcon_core.package_identification:Package 'raspimouse2/raspimouse' with type 'ros.ament_cmake' and name 'raspimouse'
[4.751s] Level 1:colcon.colcon_core.package_identification:_identify(raspimouse2/raspimouse_msgs) by extensions ['ignore', 'ignore_ament_install']
[4.751s] Level 1:colcon.colcon_core.package_identification:_identify(raspimouse2/raspimouse_msgs) by extension 'ignore'
[4.752s] Level 1:colcon.colcon_core.package_identification:_identify(raspimouse2/raspimouse_msgs) by extension 'ignore_ament_install'
[4.752s] Level 1:colcon.colcon_core.package_identification:_identify(raspimouse2/raspimouse_msgs) by extensions ['colcon_pkg']
[4.752s] Level 1:colcon.colcon_core.package_identification:_identify(raspimouse2/raspimouse_msgs) by extension 'colcon_pkg'
[4.753s] Level 1:colcon.colcon_core.package_identification:_identify(raspimouse2/raspimouse_msgs) by extensions ['colcon_meta']
[4.753s] Level 1:colcon.colcon_core.package_identification:_identify(raspimouse2/raspimouse_msgs) by extension 'colcon_meta'
[4.753s] Level 1:colcon.colcon_core.package_identification:_identify(raspimouse2/raspimouse_msgs) by extensions ['ros']
[4.753s] Level 1:colcon.colcon_core.package_identification:_identify(raspimouse2/raspimouse_msgs) by extension 'ros'
[4.756s] DEBUG:colcon.colcon_core.package_identification:Package 'raspimouse2/raspimouse_msgs' with type 'ros.ament_cmake' and name 'raspimouse_msgs'
[4.757s] Level 1:colcon.colcon_core.package_identification:_identify(raspimouse_ros2_examples) by extensions ['ignore', 'ignore_ament_install']
[4.757s] Level 1:colcon.colcon_core.package_identification:_identify(raspimouse_ros2_examples) by extension 'ignore'
[4.757s] Level 1:colcon.colcon_core.package_identification:_identify(raspimouse_ros2_examples) by extension 'ignore_ament_install'
[4.758s] Level 1:colcon.colcon_core.package_identification:_identify(raspimouse_ros2_examples) by extensions ['colcon_pkg']
[4.758s] Level 1:colcon.colcon_core.package_identification:_identify(raspimouse_ros2_examples) by extension 'colcon_pkg'
[4.758s] Level 1:colcon.colcon_core.package_identification:_identify(raspimouse_ros2_examples) by extensions ['colcon_meta']
[4.758s] Level 1:colcon.colcon_core.package_identification:_identify(raspimouse_ros2_examples) by extension 'colcon_meta'
[4.759s] Level 1:colcon.colcon_core.package_identification:_identify(raspimouse_ros2_examples) by extensions ['ros']
[4.759s] Level 1:colcon.colcon_core.package_identification:_identify(raspimouse_ros2_examples) by extension 'ros'
[4.767s] DEBUG:colcon.colcon_core.package_identification:Package 'raspimouse_ros2_examples' with type 'ros.ament_cmake' and name 'raspimouse_ros2_examples'
[4.768s] Level 1:colcon.colcon_core.package_identification:_identify(text_to_speech) by extensions ['ignore', 'ignore_ament_install']
[4.768s] Level 1:colcon.colcon_core.package_identification:_identify(text_to_speech) by extension 'ignore'
[4.769s] Level 1:colcon.colcon_core.package_identification:_identify(text_to_speech) by extension 'ignore_ament_install'
[4.769s] Level 1:colcon.colcon_core.package_identification:_identify(text_to_speech) by extensions ['colcon_pkg']
[4.769s] Level 1:colcon.colcon_core.package_identification:_identify(text_to_speech) by extension 'colcon_pkg'
[4.769s] Level 1:colcon.colcon_core.package_identification:_identify(text_to_speech) by extensions ['colcon_meta']
[4.770s] Level 1:colcon.colcon_core.package_identification:_identify(text_to_speech) by extension 'colcon_meta'
[4.770s] Level 1:colcon.colcon_core.package_identification:_identify(text_to_speech) by extensions ['ros']
[4.770s] Level 1:colcon.colcon_core.package_identification:_identify(text_to_speech) by extension 'ros'
[4.771s] Level 1:colcon.colcon_core.package_identification:_identify(text_to_speech) by extensions ['cmake', 'python']
[4.771s] Level 1:colcon.colcon_core.package_identification:_identify(text_to_speech) by extension 'cmake'
[4.771s] Level 1:colcon.colcon_core.package_identification:_identify(text_to_speech) by extension 'python'
[4.771s] Level 1:colcon.colcon_core.package_identification:_identify(text_to_speech) by extensions ['python_setup_py']
[4.771s] Level 1:colcon.colcon_core.package_identification:_identify(text_to_speech) by extension 'python_setup_py'
[4.772s] Level 1:colcon.colcon_core.package_identification:_identify(text_to_speech/text_to_speech) by extensions ['ignore', 'ignore_ament_install']
[4.773s] Level 1:colcon.colcon_core.package_identification:_identify(text_to_speech/text_to_speech) by extension 'ignore'
[4.773s] Level 1:colcon.colcon_core.package_identification:_identify(text_to_speech/text_to_speech) by extension 'ignore_ament_install'
[4.774s] Level 1:colcon.colcon_core.package_identification:_identify(text_to_speech/text_to_speech) by extensions ['colcon_pkg']
[4.774s] Level 1:colcon.colcon_core.package_identification:_identify(text_to_speech/text_to_speech) by extension 'colcon_pkg'
[4.774s] Level 1:colcon.colcon_core.package_identification:_identify(text_to_speech/text_to_speech) by extensions ['colcon_meta']
[4.774s] Level 1:colcon.colcon_core.package_identification:_identify(text_to_speech/text_to_speech) by extension 'colcon_meta'
[4.775s] Level 1:colcon.colcon_core.package_identification:_identify(text_to_speech/text_to_speech) by extensions ['ros']
[4.775s] Level 1:colcon.colcon_core.package_identification:_identify(text_to_speech/text_to_speech) by extension 'ros'
[4.777s] DEBUG:colcon.colcon_core.package_identification:Package 'text_to_speech/text_to_speech' with type 'ros.ament_python' and name 'text_to_speech'
[4.778s] Level 1:colcon.colcon_core.package_identification:_identify(text_to_speech/text_to_speech_msgs) by extensions ['ignore', 'ignore_ament_install']
[4.779s] Level 1:colcon.colcon_core.package_identification:_identify(text_to_speech/text_to_speech_msgs) by extension 'ignore'
[4.779s] Level 1:colcon.colcon_core.package_identification:_identify(text_to_speech/text_to_speech_msgs) by extension 'ignore_ament_install'
[4.780s] Level 1:colcon.colcon_core.package_identification:_identify(text_to_speech/text_to_speech_msgs) by extensions ['colcon_pkg']
[4.780s] Level 1:colcon.colcon_core.package_identification:_identify(text_to_speech/text_to_speech_msgs) by extension 'colcon_pkg'
[4.781s] Level 1:colcon.colcon_core.package_identification:_identify(text_to_speech/text_to_speech_msgs) by extensions ['colcon_meta']
[4.781s] Level 1:colcon.colcon_core.package_identification:_identify(text_to_speech/text_to_speech_msgs) by extension 'colcon_meta'
[4.782s] Level 1:colcon.colcon_core.package_identification:_identify(text_to_speech/text_to_speech_msgs) by extensions ['ros']
[4.782s] Level 1:colcon.colcon_core.package_identification:_identify(text_to_speech/text_to_speech_msgs) by extension 'ros'
[4.784s] DEBUG:colcon.colcon_core.package_identification:Package 'text_to_speech/text_to_speech_msgs' with type 'ros.ament_cmake' and name 'text_to_speech_msgs'
[4.785s] Level 1:colcon.colcon_core.package_discovery:discover_packages(recursive) using defaults
[4.786s] Level 1:colcon.colcon_core.package_discovery:discover_packages(ignore) discover
[4.786s] Level 1:colcon.colcon_core.package_discovery:discover_packages(ignore) using defaults
[4.786s] Level 1:colcon.colcon_core.package_discovery:discover_packages(path) discover
[4.786s] Level 1:colcon.colcon_core.package_discovery:discover_packages(path) using defaults
[5.149s] INFO:colcon.colcon_core.package_selection:Skipping not selected package 'mr_exp_samples' in 'mr_exp_samples'
[5.149s] INFO:colcon.colcon_core.package_selection:Skipping not selected package 'raspimouse_msgs' in 'raspimouse2/raspimouse_msgs'
[5.150s] INFO:colcon.colcon_core.package_selection:Skipping not selected package 'text_to_speech' in 'text_to_speech/text_to_speech'
[5.150s] INFO:colcon.colcon_core.package_selection:Skipping not selected package 'text_to_speech_msgs' in 'text_to_speech/text_to_speech_msgs'
[5.150s] INFO:colcon.colcon_core.package_selection:Skipping not selected package 'raspimouse' in 'raspimouse2/raspimouse'
[5.150s] INFO:colcon.colcon_core.package_selection:Skipping not selected package 'raspimouse_ros2_examples' in 'raspimouse_ros2_examples'
[5.398s] Level 1:colcon.colcon_core.package_discovery:discover_packages(prefix_path) check parameters
[5.398s] Level 1:colcon.colcon_core.package_discovery:discover_packages(prefix_path) discover
[5.639s] DEBUG:colcon.colcon_installed_package_information.package_discovery:Found 6 installed packages in /home/ubuntu/ros2_ws/install
[5.708s] DEBUG:colcon.colcon_installed_package_information.package_discovery:Found 287 installed packages in /opt/ros/humble
[5.716s] Level 1:colcon.colcon_core.package_discovery:discover_packages(prefix_path) using defaults
[6.132s] Level 5:colcon.colcon_core.verb:set package 'hello' build argument 'cmake_args' from command line to 'None'
[6.133s] Level 5:colcon.colcon_core.verb:set package 'hello' build argument 'cmake_target' from command line to 'None'
[6.133s] Level 5:colcon.colcon_core.verb:set package 'hello' build argument 'cmake_target_skip_unavailable' from command line to 'False'
[6.133s] Level 5:colcon.colcon_core.verb:set package 'hello' build argument 'cmake_clean_cache' from command line to 'False'
[6.133s] Level 5:colcon.colcon_core.verb:set package 'hello' build argument 'cmake_clean_first' from command line to 'False'
[6.133s] Level 5:colcon.colcon_core.verb:set package 'hello' build argument 'cmake_force_configure' from command line to 'False'
[6.133s] Level 5:colcon.colcon_core.verb:set package 'hello' build argument 'ament_cmake_args' from command line to 'None'
[6.133s] Level 5:colcon.colcon_core.verb:set package 'hello' build argument 'catkin_cmake_args' from command line to 'None'
[6.134s] Level 5:colcon.colcon_core.verb:set package 'hello' build argument 'catkin_skip_building_tests' from command line to 'False'
[6.134s] DEBUG:colcon.colcon_core.verb:Building package 'hello' with the following arguments: {'ament_cmake_args': None, 'build_base': '/home/ubuntu/ros2_ws/src/build/hello', 'catkin_cmake_args': None, 'catkin_skip_building_tests': False, 'cmake_args': None, 'cmake_clean_cache': False, 'cmake_clean_first': False, 'cmake_force_configure': False, 'cmake_target': None, 'cmake_target_skip_unavailable': False, 'install_base': '/home/ubuntu/ros2_ws/src/install/hello', 'merge_install': False, 'path': '/home/ubuntu/ros2_ws/src/hello', 'symlink_install': False, 'test_result_base': None}
[6.195s] INFO:colcon.colcon_core.executor:Executing jobs using 'parallel' executor
[6.259s] DEBUG:colcon.colcon_parallel_executor.executor.parallel:run_until_complete
[6.260s] INFO:colcon.colcon_ros.task.ament_python.build:Building ROS package in '/home/ubuntu/ros2_ws/src/hello' with build type 'ament_python'
[6.261s] Level 1:colcon.colcon_core.shell:create_environment_hook('hello', 'ament_prefix_path')
[6.480s] INFO:colcon.colcon_core.plugin_system:Skipping extension 'colcon_core.shell.bat': Not used on non-Windows systems
[6.483s] INFO:colcon.colcon_core.shell:Creating environment hook '/home/ubuntu/ros2_ws/src/install/hello/share/hello/hook/ament_prefix_path.ps1'
[6.491s] INFO:colcon.colcon_core.shell:Creating environment descriptor '/home/ubuntu/ros2_ws/src/install/hello/share/hello/hook/ament_prefix_path.dsv'
[6.497s] INFO:colcon.colcon_core.shell:Creating environment hook '/home/ubuntu/ros2_ws/src/install/hello/share/hello/hook/ament_prefix_path.sh'
[6.676s] INFO:colcon.colcon_core.shell:Skip shell extension 'powershell' for command environment: Not usable outside of PowerShell
[6.677s] DEBUG:colcon.colcon_core.shell:Skip shell extension 'dsv' for command environment
[9.807s] INFO:colcon.colcon_core.task.python.build:Building Python package in '/home/ubuntu/ros2_ws/src/hello'
[10.053s] INFO:colcon.colcon_core.shell:Skip shell extension 'powershell' for command environment: Not usable outside of PowerShell
[10.054s] DEBUG:colcon.colcon_core.shell:Skip shell extension 'dsv' for command environment
[14.339s] DEBUG:colcon.colcon_core.event_handler.log_command:Invoking command in '/home/ubuntu/ros2_ws/src/hello': PYTHONPATH=/home/ubuntu/ros2_ws/src/build/hello/prefix_override:/home/ubuntu/ros2_ws/src/install/hello/lib/python3.10/site-packages:${PYTHONPATH} /usr/bin/python3 setup.py egg_info --egg-base ../build/hello build --build-base /home/ubuntu/ros2_ws/src/build/hello/build install --record /home/ubuntu/ros2_ws/src/build/hello/install.log --single-version-externally-managed
[17.489s] DEBUG:colcon.colcon_core.event_handler.log_command:Invoked command in '/home/ubuntu/ros2_ws/src/hello' returned '0': PYTHONPATH=/home/ubuntu/ros2_ws/src/build/hello/prefix_override:/home/ubuntu/ros2_ws/src/install/hello/lib/python3.10/site-packages:${PYTHONPATH} /usr/bin/python3 setup.py egg_info --egg-base ../build/hello build --build-base /home/ubuntu/ros2_ws/src/build/hello/build install --record /home/ubuntu/ros2_ws/src/build/hello/install.log --single-version-externally-managed
[17.690s] Level 1:colcon.colcon_core.environment:checking '/home/ubuntu/ros2_ws/src/install/hello' for CMake module files
[17.693s] Level 1:colcon.colcon_core.environment:checking '/home/ubuntu/ros2_ws/src/install/hello' for CMake config files
[17.703s] Level 1:colcon.colcon_core.environment:checking '/home/ubuntu/ros2_ws/src/install/hello/lib'
[17.705s] Level 1:colcon.colcon_core.environment:checking '/home/ubuntu/ros2_ws/src/install/hello/bin'
[17.705s] Level 1:colcon.colcon_core.environment:checking '/home/ubuntu/ros2_ws/src/install/hello/lib/pkgconfig/hello.pc'
[17.707s] Level 1:colcon.colcon_core.environment:checking '/home/ubuntu/ros2_ws/src/install/hello/lib/python3.10/site-packages'
[17.708s] Level 1:colcon.colcon_core.shell:create_environment_hook('hello', 'pythonpath')
[17.880s] INFO:colcon.colcon_core.shell:Creating environment hook '/home/ubuntu/ros2_ws/src/install/hello/share/hello/hook/pythonpath.ps1'
[17.883s] INFO:colcon.colcon_core.shell:Creating environment descriptor '/home/ubuntu/ros2_ws/src/install/hello/share/hello/hook/pythonpath.dsv'
[17.888s] INFO:colcon.colcon_core.shell:Creating environment hook '/home/ubuntu/ros2_ws/src/install/hello/share/hello/hook/pythonpath.sh'
[17.896s] Level 1:colcon.colcon_core.environment:checking '/home/ubuntu/ros2_ws/src/install/hello/bin'
[17.896s] Level 1:colcon.colcon_core.environment:create_environment_scripts_only(hello)
[18.070s] INFO:colcon.colcon_core.shell:Creating package script '/home/ubuntu/ros2_ws/src/install/hello/share/hello/package.ps1'
[18.078s] INFO:colcon.colcon_core.shell:Creating package descriptor '/home/ubuntu/ros2_ws/src/install/hello/share/hello/package.dsv'
[18.084s] INFO:colcon.colcon_core.shell:Creating package script '/home/ubuntu/ros2_ws/src/install/hello/share/hello/package.sh'
[18.090s] INFO:colcon.colcon_core.shell:Creating package script '/home/ubuntu/ros2_ws/src/install/hello/share/hello/package.bash'
[18.095s] INFO:colcon.colcon_core.shell:Creating package script '/home/ubuntu/ros2_ws/src/install/hello/share/hello/package.zsh'
[18.099s] Level 1:colcon.colcon_core.environment:create_file_with_runtime_dependencies(/home/ubuntu/ros2_ws/src/install/hello/share/colcon-core/packages/hello)
[18.102s] DEBUG:colcon.colcon_parallel_executor.executor.parallel:closing loop
[18.104s] DEBUG:colcon.colcon_parallel_executor.executor.parallel:loop closed
[18.105s] DEBUG:colcon.colcon_parallel_executor.executor.parallel:run_until_complete finished with '0'
[18.105s] DEBUG:colcon.colcon_core.event_reactor:joining thread
[18.287s] INFO:colcon.colcon_core.plugin_system:Skipping extension 'colcon_notification.desktop_notification.terminal_notifier': Not used on non-Darwin systems
[18.288s] INFO:colcon.colcon_core.plugin_system:Skipping extension 'colcon_notification.desktop_notification.win32': Not used on non-Windows systems
[18.289s] INFO:colcon.colcon_notification.desktop_notification:Sending desktop notification using 'notify2'
[18.378s] DEBUG:colcon.colcon_core.event_reactor:joined thread
[18.531s] INFO:colcon.colcon_core.shell:Creating prefix script '/home/ubuntu/ros2_ws/src/install/local_setup.ps1'
[18.536s] INFO:colcon.colcon_core.shell:Creating prefix util module '/home/ubuntu/ros2_ws/src/install/_local_setup_util_ps1.py'
[18.542s] INFO:colcon.colcon_core.shell:Creating prefix chain script '/home/ubuntu/ros2_ws/src/install/setup.ps1'
[18.624s] INFO:colcon.colcon_core.shell:Creating prefix script '/home/ubuntu/ros2_ws/src/install/local_setup.sh'
[18.627s] INFO:colcon.colcon_core.shell:Creating prefix util module '/home/ubuntu/ros2_ws/src/install/_local_setup_util_sh.py'
[18.629s] INFO:colcon.colcon_core.shell:Creating prefix chain script '/home/ubuntu/ros2_ws/src/install/setup.sh'
[18.701s] INFO:colcon.colcon_core.shell:Creating prefix script '/home/ubuntu/ros2_ws/src/install/local_setup.bash'
[18.704s] INFO:colcon.colcon_core.shell:Creating prefix chain script '/home/ubuntu/ros2_ws/src/install/setup.bash'
[18.772s] INFO:colcon.colcon_core.shell:Creating prefix script '/home/ubuntu/ros2_ws/src/install/local_setup.zsh'
[18.774s] INFO:colcon.colcon_core.shell:Creating prefix chain script '/home/ubuntu/ros2_ws/src/install/setup.zsh'
