[8.802s] Invoking command in '/home/ubuntu/ros2_ws/src/build/hello': PYTHONPATH=/home/ubuntu/ros2_ws/src/build/hello/prefix_override:/home/ubuntu/ros2_ws/src/install/hello/lib/python3.10/site-packages:${PYTHONPATH} /usr/bin/python3 setup.py develop --editable --build-directory /home/ubuntu/ros2_ws/src/build/hello/build --no-deps install_data
[12.213s] running develop
[14.237s] running egg_info
[14.239s] writing hello.egg-info/PKG-INFO
[14.242s] writing dependency_links to hello.egg-info/dependency_links.txt
[14.246s] writing entry points to hello.egg-info/entry_points.txt
[14.248s] writing requirements to hello.egg-info/requires.txt
[14.250s] writing top-level names to hello.egg-info/top_level.txt
[14.268s] reading manifest file 'hello.egg-info/SOURCES.txt'
[14.275s] writing manifest file 'hello.egg-info/SOURCES.txt'
[14.287s] running build_ext
[14.289s] Creating /home/ubuntu/ros2_ws/src/install/hello/lib/python3.10/site-packages/hello.egg-link (link to .)
[14.304s] Installing hello_node script to /home/ubuntu/ros2_ws/src/install/hello/lib/hello
[14.310s] Installing hello_publisher script to /home/ubuntu/ros2_ws/src/install/hello/lib/hello
[14.313s] Installing hello_subscriber script to /home/ubuntu/ros2_ws/src/install/hello/lib/hello
[14.319s] Installing joypad_mouse_controller script to /home/ubuntu/ros2_ws/src/install/hello/lib/hello
[14.320s] Installing lifecycle_node_manager script to /home/ubuntu/ros2_ws/src/install/hello/lib/hello
[14.331s] Installing lightsensor_monitor script to /home/ubuntu/ros2_ws/src/install/hello/lib/hello
[14.335s] Installing line_follower script to /home/ubuntu/ros2_ws/src/install/hello/lib/hello
[14.344s] Installing robot_node script to /home/ubuntu/ros2_ws/src/install/hello/lib/hello
[14.349s] 
[14.354s] Installed /home/ubuntu/ros2_ws/src/build/hello
[14.359s] running install_data
[14.765s] Invoked command in '/home/ubuntu/ros2_ws/src/build/hello' returned '0': PYTHONPATH=/home/ubuntu/ros2_ws/src/build/hello/prefix_override:/home/ubuntu/ros2_ws/src/install/hello/lib/python3.10/site-packages:${PYTHONPATH} /usr/bin/python3 setup.py develop --editable --build-directory /home/ubuntu/ros2_ws/src/build/hello/build --no-deps install_data
