[12.183s] Invoking command in '/home/ubuntu/ros2_ws/src/hello': PYTHONPATH=/home/ubuntu/ros2_ws/src/build/hello/prefix_override:/home/ubuntu/ros2_ws/src/install/hello/lib/python3.10/site-packages:${PYTHONPATH} /usr/bin/python3 setup.py egg_info --egg-base ../build/hello build --build-base /home/ubuntu/ros2_ws/src/build/hello/build install --record /home/ubuntu/ros2_ws/src/build/hello/install.log --single-version-externally-managed
[15.600s] running egg_info
[15.613s] writing ../build/hello/hello.egg-info/PKG-INFO
[15.620s] writing dependency_links to ../build/hello/hello.egg-info/dependency_links.txt
[15.625s] writing entry points to ../build/hello/hello.egg-info/entry_points.txt
[15.631s] writing requirements to ../build/hello/hello.egg-info/requires.txt
[15.638s] writing top-level names to ../build/hello/hello.egg-info/top_level.txt
[15.662s] reading manifest file '../build/hello/hello.egg-info/SOURCES.txt'
[15.675s] writing manifest file '../build/hello/hello.egg-info/SOURCES.txt'
[15.680s] running build
[15.681s] running build_py
[15.688s] copying hello/line_follower.py -> /home/ubuntu/ros2_ws/src/build/hello/build/lib/hello
[15.695s] running install
[15.699s] running install_lib
[15.714s] copying /home/ubuntu/ros2_ws/src/build/hello/build/lib/hello/line_follower.py -> /home/ubuntu/ros2_ws/src/install/hello/lib/python3.10/site-packages/hello
[15.729s] byte-compiling /home/ubuntu/ros2_ws/src/install/hello/lib/python3.10/site-packages/hello/line_follower.py to line_follower.cpython-310.pyc
[15.744s] running install_data
[15.749s] running install_egg_info
[15.771s] removing '/home/ubuntu/ros2_ws/src/install/hello/lib/python3.10/site-packages/hello-0.0.0-py3.10.egg-info' (and everything under it)
[15.778s] Copying ../build/hello/hello.egg-info to /home/ubuntu/ros2_ws/src/install/hello/lib/python3.10/site-packages/hello-0.0.0-py3.10.egg-info
[15.795s] running install_scripts
[16.022s] Installing hello_node script to /home/ubuntu/ros2_ws/src/install/hello/lib/hello
[16.031s] Installing hello_publisher script to /home/ubuntu/ros2_ws/src/install/hello/lib/hello
[16.034s] Installing hello_subscriber script to /home/ubuntu/ros2_ws/src/install/hello/lib/hello
[16.041s] Installing joypad_mouse_controller script to /home/ubuntu/ros2_ws/src/install/hello/lib/hello
[16.042s] Installing lightsensor_monitor script to /home/ubuntu/ros2_ws/src/install/hello/lib/hello
[16.045s] Installing line_follower script to /home/ubuntu/ros2_ws/src/install/hello/lib/hello
[16.051s] writing list of installed files to '/home/ubuntu/ros2_ws/src/build/hello/install.log'
[16.355s] Invoked command in '/home/ubuntu/ros2_ws/src/hello' returned '0': PYTHONPATH=/home/ubuntu/ros2_ws/src/build/hello/prefix_override:/home/ubuntu/ros2_ws/src/install/hello/lib/python3.10/site-packages:${PYTHONPATH} /usr/bin/python3 setup.py egg_info --egg-base ../build/hello build --build-base /home/ubuntu/ros2_ws/src/build/hello/build install --record /home/ubuntu/ros2_ws/src/build/hello/install.log --single-version-externally-managed
