[0.757s] Invoking command in '/home/ricbolz/ros2_ws/src/hello': PYTHONPATH=/home/ricbolz/ros2_ws/src/build/hello/prefix_override:/home/ricbolz/ros2_ws/src/install/hello/lib/python3.10/site-packages:${PYTHONPATH} /usr/bin/python3 setup.py egg_info --egg-base ../build/hello build --build-base /home/ricbolz/ros2_ws/src/build/hello/build install --record /home/ricbolz/ros2_ws/src/build/hello/install.log --single-version-externally-managed
[0.979s] running egg_info
[0.980s] writing ../build/hello/hello.egg-info/PKG-INFO
[0.982s] writing dependency_links to ../build/hello/hello.egg-info/dependency_links.txt
[0.983s] writing entry points to ../build/hello/hello.egg-info/entry_points.txt
[0.984s] writing requirements to ../build/hello/hello.egg-info/requires.txt
[0.984s] writing top-level names to ../build/hello/hello.egg-info/top_level.txt
[0.985s] reading manifest file '../build/hello/hello.egg-info/SOURCES.txt'
[0.987s] writing manifest file '../build/hello/hello.egg-info/SOURCES.txt'
[0.987s] running build
[0.987s] running build_py
[0.988s] running install
[0.989s] running install_lib
[0.990s] running install_data
[0.991s] running install_egg_info
[0.992s] removing '/home/ricbolz/ros2_ws/src/install/hello/lib/python3.10/site-packages/hello-0.0.0-py3.10.egg-info' (and everything under it)
[0.999s] Copying ../build/hello/hello.egg-info to /home/ricbolz/ros2_ws/src/install/hello/lib/python3.10/site-packages/hello-0.0.0-py3.10.egg-info
[1.002s] running install_scripts
[1.019s] Installing hello_node script to /home/ricbolz/ros2_ws/src/install/hello/lib/hello
[1.022s] Installing hello_publisher script to /home/ricbolz/ros2_ws/src/install/hello/lib/hello
[1.022s] Installing hello_subscriber script to /home/ricbolz/ros2_ws/src/install/hello/lib/hello
[1.022s] Installing joypad_mouse_controller script to /home/ricbolz/ros2_ws/src/install/hello/lib/hello
[1.023s] Installing lifecycle_node_manager script to /home/ricbolz/ros2_ws/src/install/hello/lib/hello
[1.023s] Installing lightsensor_monitor script to /home/ricbolz/ros2_ws/src/install/hello/lib/hello
[1.023s] Installing line_follower script to /home/ricbolz/ros2_ws/src/install/hello/lib/hello
[1.023s] Installing robot_node script to /home/ricbolz/ros2_ws/src/install/hello/lib/hello
[1.023s] writing list of installed files to '/home/ricbolz/ros2_ws/src/build/hello/install.log'
[1.058s] Invoked command in '/home/ricbolz/ros2_ws/src/hello' returned '0': PYTHONPATH=/home/ricbolz/ros2_ws/src/build/hello/prefix_override:/home/ricbolz/ros2_ws/src/install/hello/lib/python3.10/site-packages:${PYTHONPATH} /usr/bin/python3 setup.py egg_info --egg-base ../build/hello build --build-base /home/ricbolz/ros2_ws/src/build/hello/build install --record /home/ricbolz/ros2_ws/src/build/hello/install.log --single-version-externally-managed
