[12.215s] Invoking command in '/home/ubuntu/ros2_ws/src/hello': PYTHONPATH=/home/ubuntu/ros2_ws/src/build/hello/prefix_override:/home/ubuntu/ros2_ws/src/install/hello/lib/python3.10/site-packages:${PYTHONPATH} /usr/bin/python3 setup.py egg_info --egg-base ../build/hello build --build-base /home/ubuntu/ros2_ws/src/build/hello/build install --record /home/ubuntu/ros2_ws/src/build/hello/install.log --single-version-externally-managed
[16.255s] running egg_info
[16.265s] writing ../build/hello/hello.egg-info/PKG-INFO
[16.268s] writing dependency_links to ../build/hello/hello.egg-info/dependency_links.txt
[16.271s] writing entry points to ../build/hello/hello.egg-info/entry_points.txt
[16.275s] writing requirements to ../build/hello/hello.egg-info/requires.txt
[16.282s] writing top-level names to ../build/hello/hello.egg-info/top_level.txt
[16.287s] reading manifest file '../build/hello/hello.egg-info/SOURCES.txt'
[16.293s] writing manifest file '../build/hello/hello.egg-info/SOURCES.txt'
[16.294s] running build
[16.295s] running build_py
[16.299s] copying hello/line_follower.py -> /home/ubuntu/ros2_ws/src/build/hello/build/lib/hello
[16.302s] running install
[16.304s] running install_lib
[16.313s] copying /home/ubuntu/ros2_ws/src/build/hello/build/lib/hello/line_follower.py -> /home/ubuntu/ros2_ws/src/install/hello/lib/python3.10/site-packages/hello
[16.322s] byte-compiling /home/ubuntu/ros2_ws/src/install/hello/lib/python3.10/site-packages/hello/line_follower.py to line_follower.cpython-310.pyc
[16.340s] running install_data
[16.348s] running install_egg_info
[16.364s] removing '/home/ubuntu/ros2_ws/src/install/hello/lib/python3.10/site-packages/hello-0.0.0-py3.10.egg-info' (and everything under it)
[16.366s] Copying ../build/hello/hello.egg-info to /home/ubuntu/ros2_ws/src/install/hello/lib/python3.10/site-packages/hello-0.0.0-py3.10.egg-info
[16.376s] running install_scripts
[16.612s] Installing hello_node script to /home/ubuntu/ros2_ws/src/install/hello/lib/hello
[16.615s] Installing hello_publisher script to /home/ubuntu/ros2_ws/src/install/hello/lib/hello
[16.619s] Installing hello_subscriber script to /home/ubuntu/ros2_ws/src/install/hello/lib/hello
[16.621s] Installing joypad_mouse_controller script to /home/ubuntu/ros2_ws/src/install/hello/lib/hello
[16.623s] Installing lightsensor_monitor script to /home/ubuntu/ros2_ws/src/install/hello/lib/hello
[16.625s] Installing line_follower script to /home/ubuntu/ros2_ws/src/install/hello/lib/hello
[16.631s] writing list of installed files to '/home/ubuntu/ros2_ws/src/build/hello/install.log'
[16.988s] Invoked command in '/home/ubuntu/ros2_ws/src/hello' returned '0': PYTHONPATH=/home/ubuntu/ros2_ws/src/build/hello/prefix_override:/home/ubuntu/ros2_ws/src/install/hello/lib/python3.10/site-packages:${PYTHONPATH} /usr/bin/python3 setup.py egg_info --egg-base ../build/hello build --build-base /home/ubuntu/ros2_ws/src/build/hello/build install --record /home/ubuntu/ros2_ws/src/build/hello/install.log --single-version-externally-managed
