[0.883s] Invoking command in '/home/ricbolz/ros2_ws/src/build/hello': PYTHONPATH=/home/ricbolz/ros2_ws/src/build/hello/prefix_override:/home/ricbolz/ros2_ws/src/install/hello/lib/python3.10/site-packages:${PYTHONPATH} /usr/bin/python3 setup.py develop --editable --build-directory /home/ricbolz/ros2_ws/src/build/hello/build --no-deps install_data
[1.124s] running develop
[1.134s] /usr/lib/python3/dist-packages/setuptools/command/easy_install.py:158: EasyInstallDeprecationWarning: easy_install command is deprecated. Use build and pip and other standards-based tools.
[1.134s]   warnings.warn(
[1.137s] /usr/lib/python3/dist-packages/setuptools/command/install.py:34: SetuptoolsDeprecationWarning: setup.py install is deprecated. Use build and pip and other standards-based tools.
[1.137s]   warnings.warn(
[1.277s] running egg_info
[1.277s] writing hello.egg-info/PKG-INFO
[1.281s] writing dependency_links to hello.egg-info/dependency_links.txt
[1.282s] writing entry points to hello.egg-info/entry_points.txt
[1.283s] writing requirements to hello.egg-info/requires.txt
[1.284s] writing top-level names to hello.egg-info/top_level.txt
[1.287s] reading manifest file 'hello.egg-info/SOURCES.txt'
[1.288s] writing manifest file 'hello.egg-info/SOURCES.txt'
[1.289s] running build_ext
[1.290s] Creating /home/ricbolz/ros2_ws/src/install/hello/lib/python3.10/site-packages/hello.egg-link (link to .)
[1.291s] Installing hello_node script to /home/ricbolz/ros2_ws/src/install/hello/lib/hello
[1.292s] Installing hello_publisher script to /home/ricbolz/ros2_ws/src/install/hello/lib/hello
[1.292s] Installing hello_subscriber script to /home/ricbolz/ros2_ws/src/install/hello/lib/hello
[1.293s] Installing joypad_mouse_controller script to /home/ricbolz/ros2_ws/src/install/hello/lib/hello
[1.293s] Installing lifecycle_node_manager script to /home/ricbolz/ros2_ws/src/install/hello/lib/hello
[1.293s] Installing lightsensor_monitor script to /home/ricbolz/ros2_ws/src/install/hello/lib/hello
[1.294s] Installing line_follower script to /home/ricbolz/ros2_ws/src/install/hello/lib/hello
[1.295s] 
[1.295s] Installed /home/ricbolz/ros2_ws/src/build/hello
[1.295s] running install_data
[1.338s] Invoked command in '/home/ricbolz/ros2_ws/src/build/hello' returned '0': PYTHONPATH=/home/ricbolz/ros2_ws/src/build/hello/prefix_override:/home/ricbolz/ros2_ws/src/install/hello/lib/python3.10/site-packages:${PYTHONPATH} /usr/bin/python3 setup.py develop --editable --build-directory /home/ricbolz/ros2_ws/src/build/hello/build --no-deps install_data
