[0.751s] Invoking command in '/home/ricbolz/ros2_ws/src/robot': PYTHONPATH=/home/ricbolz/ros2_ws/src/build/robot/prefix_override:/home/ricbolz/ros2_ws/src/install/robot/lib/python3.10/site-packages:${PYTHONPATH} /usr/bin/python3 setup.py egg_info --egg-base ../build/robot build --build-base /home/ricbolz/ros2_ws/src/build/robot/build install --record /home/ricbolz/ros2_ws/src/build/robot/install.log --single-version-externally-managed
[0.962s] running egg_info
[0.963s] writing ../build/robot/robot.egg-info/PKG-INFO
[0.966s] writing dependency_links to ../build/robot/robot.egg-info/dependency_links.txt
[0.967s] writing entry points to ../build/robot/robot.egg-info/entry_points.txt
[0.967s] writing requirements to ../build/robot/robot.egg-info/requires.txt
[0.967s] writing top-level names to ../build/robot/robot.egg-info/top_level.txt
[0.967s] reading manifest file '../build/robot/robot.egg-info/SOURCES.txt'
[0.970s] writing manifest file '../build/robot/robot.egg-info/SOURCES.txt'
[0.970s] running build
[0.970s] running build_py
[0.970s] copying robot/joypad_node.py -> /home/ricbolz/ros2_ws/src/build/robot/build/lib/robot
[0.971s] running install
[0.971s] running install_lib
[0.972s] copying /home/ricbolz/ros2_ws/src/build/robot/build/lib/robot/joypad_node.py -> /home/ricbolz/ros2_ws/src/install/robot/lib/python3.10/site-packages/robot
[0.973s] byte-compiling /home/ricbolz/ros2_ws/src/install/robot/lib/python3.10/site-packages/robot/joypad_node.py to joypad_node.cpython-310.pyc
[0.974s] running install_data
[0.975s] running install_egg_info
[0.977s] removing '/home/ricbolz/ros2_ws/src/install/robot/lib/python3.10/site-packages/robot-0.0.0-py3.10.egg-info' (and everything under it)
[0.983s] Copying ../build/robot/robot.egg-info to /home/ricbolz/ros2_ws/src/install/robot/lib/python3.10/site-packages/robot-0.0.0-py3.10.egg-info
[0.984s] running install_scripts
[1.006s] Installing joypad_node script to /home/ricbolz/ros2_ws/src/install/robot/lib/robot
[1.006s] writing list of installed files to '/home/ricbolz/ros2_ws/src/build/robot/install.log'
[1.035s] Invoked command in '/home/ricbolz/ros2_ws/src/robot' returned '0': PYTHONPATH=/home/ricbolz/ros2_ws/src/build/robot/prefix_override:/home/ricbolz/ros2_ws/src/install/robot/lib/python3.10/site-packages:${PYTHONPATH} /usr/bin/python3 setup.py egg_info --egg-base ../build/robot build --build-base /home/ricbolz/ros2_ws/src/build/robot/build install --record /home/ricbolz/ros2_ws/src/build/robot/install.log --single-version-externally-managed
