running egg_info
creating ../build/hello/hello.egg-info
writing ../build/hello/hello.egg-info/PKG-INFO
writing dependency_links to ../build/hello/hello.egg-info/dependency_links.txt
writing entry points to ../build/hello/hello.egg-info/entry_points.txt
writing requirements to ../build/hello/hello.egg-info/requires.txt
writing top-level names to ../build/hello/hello.egg-info/top_level.txt
writing manifest file '../build/hello/hello.egg-info/SOURCES.txt'
reading manifest file '../build/hello/hello.egg-info/SOURCES.txt'
writing manifest file '../build/hello/hello.egg-info/SOURCES.txt'
running build
running build_py
creating /home/ubuntu/ros2_ws/src/build/hello/build
creating /home/ubuntu/ros2_ws/src/build/hello/build/lib
creating /home/ubuntu/ros2_ws/src/build/hello/build/lib/hello
copying hello/lightsensor_monitor.py -> /home/ubuntu/ros2_ws/src/build/hello/build/lib/hello
copying hello/hello_node.py -> /home/ubuntu/ros2_ws/src/build/hello/build/lib/hello
copying hello/keyboard.py -> /home/ubuntu/ros2_ws/src/build/hello/build/lib/hello
copying hello/image_capture.py -> /home/ubuntu/ros2_ws/src/build/hello/build/lib/hello
copying hello/image_monitor.py -> /home/ubuntu/ros2_ws/src/build/hello/build/lib/hello
copying hello/JoypadMouseController.py -> /home/ubuntu/ros2_ws/src/build/hello/build/lib/hello
copying hello/__init__.py -> /home/ubuntu/ros2_ws/src/build/hello/build/lib/hello
copying hello/hello_subscriber.py -> /home/ubuntu/ros2_ws/src/build/hello/build/lib/hello
copying hello/key_monitor.py -> /home/ubuntu/ros2_ws/src/build/hello/build/lib/hello
copying hello/line_follower.py -> /home/ubuntu/ros2_ws/src/build/hello/build/lib/hello
copying hello/sound_play.py -> /home/ubuntu/ros2_ws/src/build/hello/build/lib/hello
copying hello/line_follower_component.py -> /home/ubuntu/ros2_ws/src/build/hello/build/lib/hello
copying hello/hello_publisher.py -> /home/ubuntu/ros2_ws/src/build/hello/build/lib/hello
running install
running install_lib
creating /home/ubuntu/ros2_ws/src/install/hello/lib/python3.10/site-packages/hello
copying /home/ubuntu/ros2_ws/src/build/hello/build/lib/hello/lightsensor_monitor.py -> /home/ubuntu/ros2_ws/src/install/hello/lib/python3.10/site-packages/hello
copying /home/ubuntu/ros2_ws/src/build/hello/build/lib/hello/hello_node.py -> /home/ubuntu/ros2_ws/src/install/hello/lib/python3.10/site-packages/hello
copying /home/ubuntu/ros2_ws/src/build/hello/build/lib/hello/keyboard.py -> /home/ubuntu/ros2_ws/src/install/hello/lib/python3.10/site-packages/hello
copying /home/ubuntu/ros2_ws/src/build/hello/build/lib/hello/image_capture.py -> /home/ubuntu/ros2_ws/src/install/hello/lib/python3.10/site-packages/hello
copying /home/ubuntu/ros2_ws/src/build/hello/build/lib/hello/image_monitor.py -> /home/ubuntu/ros2_ws/src/install/hello/lib/python3.10/site-packages/hello
copying /home/ubuntu/ros2_ws/src/build/hello/build/lib/hello/JoypadMouseController.py -> /home/ubuntu/ros2_ws/src/install/hello/lib/python3.10/site-packages/hello
copying /home/ubuntu/ros2_ws/src/build/hello/build/lib/hello/__init__.py -> /home/ubuntu/ros2_ws/src/install/hello/lib/python3.10/site-packages/hello
copying /home/ubuntu/ros2_ws/src/build/hello/build/lib/hello/hello_subscriber.py -> /home/ubuntu/ros2_ws/src/install/hello/lib/python3.10/site-packages/hello
copying /home/ubuntu/ros2_ws/src/build/hello/build/lib/hello/key_monitor.py -> /home/ubuntu/ros2_ws/src/install/hello/lib/python3.10/site-packages/hello
copying /home/ubuntu/ros2_ws/src/build/hello/build/lib/hello/line_follower.py -> /home/ubuntu/ros2_ws/src/install/hello/lib/python3.10/site-packages/hello
copying /home/ubuntu/ros2_ws/src/build/hello/build/lib/hello/sound_play.py -> /home/ubuntu/ros2_ws/src/install/hello/lib/python3.10/site-packages/hello
copying /home/ubuntu/ros2_ws/src/build/hello/build/lib/hello/line_follower_component.py -> /home/ubuntu/ros2_ws/src/install/hello/lib/python3.10/site-packages/hello
copying /home/ubuntu/ros2_ws/src/build/hello/build/lib/hello/hello_publisher.py -> /home/ubuntu/ros2_ws/src/install/hello/lib/python3.10/site-packages/hello
byte-compiling /home/ubuntu/ros2_ws/src/install/hello/lib/python3.10/site-packages/hello/lightsensor_monitor.py to lightsensor_monitor.cpython-310.pyc
byte-compiling /home/ubuntu/ros2_ws/src/install/hello/lib/python3.10/site-packages/hello/hello_node.py to hello_node.cpython-310.pyc
byte-compiling /home/ubuntu/ros2_ws/src/install/hello/lib/python3.10/site-packages/hello/keyboard.py to keyboard.cpython-310.pyc
byte-compiling /home/ubuntu/ros2_ws/src/install/hello/lib/python3.10/site-packages/hello/image_capture.py to image_capture.cpython-310.pyc
byte-compiling /home/ubuntu/ros2_ws/src/install/hello/lib/python3.10/site-packages/hello/image_monitor.py to image_monitor.cpython-310.pyc
byte-compiling /home/ubuntu/ros2_ws/src/install/hello/lib/python3.10/site-packages/hello/JoypadMouseController.py to JoypadMouseController.cpython-310.pyc
byte-compiling /home/ubuntu/ros2_ws/src/install/hello/lib/python3.10/site-packages/hello/__init__.py to __init__.cpython-310.pyc
byte-compiling /home/ubuntu/ros2_ws/src/install/hello/lib/python3.10/site-packages/hello/hello_subscriber.py to hello_subscriber.cpython-310.pyc
byte-compiling /home/ubuntu/ros2_ws/src/install/hello/lib/python3.10/site-packages/hello/key_monitor.py to key_monitor.cpython-310.pyc
byte-compiling /home/ubuntu/ros2_ws/src/install/hello/lib/python3.10/site-packages/hello/line_follower.py to line_follower.cpython-310.pyc
byte-compiling /home/ubuntu/ros2_ws/src/install/hello/lib/python3.10/site-packages/hello/sound_play.py to sound_play.cpython-310.pyc
byte-compiling /home/ubuntu/ros2_ws/src/install/hello/lib/python3.10/site-packages/hello/line_follower_component.py to line_follower_component.cpython-310.pyc
byte-compiling /home/ubuntu/ros2_ws/src/install/hello/lib/python3.10/site-packages/hello/hello_publisher.py to hello_publisher.cpython-310.pyc
running install_data
creating /home/ubuntu/ros2_ws/src/install/hello/share/ament_index
creating /home/ubuntu/ros2_ws/src/install/hello/share/ament_index/resource_index
creating /home/ubuntu/ros2_ws/src/install/hello/share/ament_index/resource_index/packages
copying resource/hello -> /home/ubuntu/ros2_ws/src/install/hello/share/ament_index/resource_index/packages
copying package.xml -> /home/ubuntu/ros2_ws/src/install/hello/share/hello
copying launch/topic_launch.py -> /home/ubuntu/ros2_ws/src/install/hello/share/hello
copying launch/text_to_speech_launch.py -> /home/ubuntu/ros2_ws/src/install/hello/share/hello
running install_egg_info
Copying ../build/hello/hello.egg-info to /home/ubuntu/ros2_ws/src/install/hello/lib/python3.10/site-packages/hello-0.0.0-py3.10.egg-info
running install_scripts
Installing hello_node script to /home/ubuntu/ros2_ws/src/install/hello/lib/hello
Installing hello_publisher script to /home/ubuntu/ros2_ws/src/install/hello/lib/hello
Installing hello_subscriber script to /home/ubuntu/ros2_ws/src/install/hello/lib/hello
Installing joypad_mouse_controller script to /home/ubuntu/ros2_ws/src/install/hello/lib/hello
Installing lightsensor_monitor script to /home/ubuntu/ros2_ws/src/install/hello/lib/hello
writing list of installed files to '/home/ubuntu/ros2_ws/src/build/hello/install.log'
