[9.983s] Invoking command in '/home/ubuntu/ros2_ws/src/hello': PYTHONPATH=/home/ubuntu/ros2_ws/src/build/hello/prefix_override:/home/ubuntu/ros2_ws/src/install/hello/lib/python3.10/site-packages:${PYTHONPATH} /usr/bin/python3 setup.py egg_info --egg-base ../build/hello build --build-base /home/ubuntu/ros2_ws/src/build/hello/build install --record /home/ubuntu/ros2_ws/src/build/hello/install.log --single-version-externally-managed
[13.441s] running egg_info
[13.445s] creating ../build/hello/hello.egg-info
[13.446s] writing ../build/hello/hello.egg-info/PKG-INFO
[13.448s] writing dependency_links to ../build/hello/hello.egg-info/dependency_links.txt
[13.449s] writing entry points to ../build/hello/hello.egg-info/entry_points.txt
[13.450s] writing requirements to ../build/hello/hello.egg-info/requires.txt
[13.452s] writing top-level names to ../build/hello/hello.egg-info/top_level.txt
[13.452s] writing manifest file '../build/hello/hello.egg-info/SOURCES.txt'
[13.463s] reading manifest file '../build/hello/hello.egg-info/SOURCES.txt'
[13.469s] writing manifest file '../build/hello/hello.egg-info/SOURCES.txt'
[13.472s] running build
[13.476s] running build_py
[13.482s] creating /home/ubuntu/ros2_ws/src/build/hello/build
[13.488s] creating /home/ubuntu/ros2_ws/src/build/hello/build/lib
[13.491s] creating /home/ubuntu/ros2_ws/src/build/hello/build/lib/hello
[13.496s] copying hello/lightsensor_monitor.py -> /home/ubuntu/ros2_ws/src/build/hello/build/lib/hello
[13.497s] copying hello/hello_node.py -> /home/ubuntu/ros2_ws/src/build/hello/build/lib/hello
[13.500s] copying hello/keyboard.py -> /home/ubuntu/ros2_ws/src/build/hello/build/lib/hello
[13.501s] copying hello/image_capture.py -> /home/ubuntu/ros2_ws/src/build/hello/build/lib/hello
[13.504s] copying hello/image_monitor.py -> /home/ubuntu/ros2_ws/src/build/hello/build/lib/hello
[13.505s] copying hello/JoypadMouseController.py -> /home/ubuntu/ros2_ws/src/build/hello/build/lib/hello
[13.508s] copying hello/__init__.py -> /home/ubuntu/ros2_ws/src/build/hello/build/lib/hello
[13.512s] copying hello/hello_subscriber.py -> /home/ubuntu/ros2_ws/src/build/hello/build/lib/hello
[13.516s] copying hello/key_monitor.py -> /home/ubuntu/ros2_ws/src/build/hello/build/lib/hello
[13.519s] copying hello/line_follower.py -> /home/ubuntu/ros2_ws/src/build/hello/build/lib/hello
[13.521s] copying hello/sound_play.py -> /home/ubuntu/ros2_ws/src/build/hello/build/lib/hello
[13.523s] copying hello/line_follower_component.py -> /home/ubuntu/ros2_ws/src/build/hello/build/lib/hello
[13.524s] copying hello/hello_publisher.py -> /home/ubuntu/ros2_ws/src/build/hello/build/lib/hello
[13.537s] running install
[13.538s] running install_lib
[13.541s] creating /home/ubuntu/ros2_ws/src/install/hello/lib/python3.10/site-packages/hello
[13.542s] copying /home/ubuntu/ros2_ws/src/build/hello/build/lib/hello/lightsensor_monitor.py -> /home/ubuntu/ros2_ws/src/install/hello/lib/python3.10/site-packages/hello
[13.543s] copying /home/ubuntu/ros2_ws/src/build/hello/build/lib/hello/hello_node.py -> /home/ubuntu/ros2_ws/src/install/hello/lib/python3.10/site-packages/hello
[13.546s] copying /home/ubuntu/ros2_ws/src/build/hello/build/lib/hello/keyboard.py -> /home/ubuntu/ros2_ws/src/install/hello/lib/python3.10/site-packages/hello
[13.547s] copying /home/ubuntu/ros2_ws/src/build/hello/build/lib/hello/image_capture.py -> /home/ubuntu/ros2_ws/src/install/hello/lib/python3.10/site-packages/hello
[13.549s] copying /home/ubuntu/ros2_ws/src/build/hello/build/lib/hello/image_monitor.py -> /home/ubuntu/ros2_ws/src/install/hello/lib/python3.10/site-packages/hello
[13.553s] copying /home/ubuntu/ros2_ws/src/build/hello/build/lib/hello/JoypadMouseController.py -> /home/ubuntu/ros2_ws/src/install/hello/lib/python3.10/site-packages/hello
[13.554s] copying /home/ubuntu/ros2_ws/src/build/hello/build/lib/hello/__init__.py -> /home/ubuntu/ros2_ws/src/install/hello/lib/python3.10/site-packages/hello
[13.556s] copying /home/ubuntu/ros2_ws/src/build/hello/build/lib/hello/hello_subscriber.py -> /home/ubuntu/ros2_ws/src/install/hello/lib/python3.10/site-packages/hello
[13.559s] copying /home/ubuntu/ros2_ws/src/build/hello/build/lib/hello/key_monitor.py -> /home/ubuntu/ros2_ws/src/install/hello/lib/python3.10/site-packages/hello
[13.561s] copying /home/ubuntu/ros2_ws/src/build/hello/build/lib/hello/line_follower.py -> /home/ubuntu/ros2_ws/src/install/hello/lib/python3.10/site-packages/hello
[13.563s] copying /home/ubuntu/ros2_ws/src/build/hello/build/lib/hello/sound_play.py -> /home/ubuntu/ros2_ws/src/install/hello/lib/python3.10/site-packages/hello
[13.564s] copying /home/ubuntu/ros2_ws/src/build/hello/build/lib/hello/line_follower_component.py -> /home/ubuntu/ros2_ws/src/install/hello/lib/python3.10/site-packages/hello
[13.565s] copying /home/ubuntu/ros2_ws/src/build/hello/build/lib/hello/hello_publisher.py -> /home/ubuntu/ros2_ws/src/install/hello/lib/python3.10/site-packages/hello
[13.567s] byte-compiling /home/ubuntu/ros2_ws/src/install/hello/lib/python3.10/site-packages/hello/lightsensor_monitor.py to lightsensor_monitor.cpython-310.pyc
[13.568s] byte-compiling /home/ubuntu/ros2_ws/src/install/hello/lib/python3.10/site-packages/hello/hello_node.py to hello_node.cpython-310.pyc
[13.569s] byte-compiling /home/ubuntu/ros2_ws/src/install/hello/lib/python3.10/site-packages/hello/keyboard.py to keyboard.cpython-310.pyc
[13.570s] byte-compiling /home/ubuntu/ros2_ws/src/install/hello/lib/python3.10/site-packages/hello/image_capture.py to image_capture.cpython-310.pyc
[13.571s] byte-compiling /home/ubuntu/ros2_ws/src/install/hello/lib/python3.10/site-packages/hello/image_monitor.py to image_monitor.cpython-310.pyc
[13.572s] byte-compiling /home/ubuntu/ros2_ws/src/install/hello/lib/python3.10/site-packages/hello/JoypadMouseController.py to JoypadMouseController.cpython-310.pyc
[13.574s] byte-compiling /home/ubuntu/ros2_ws/src/install/hello/lib/python3.10/site-packages/hello/__init__.py to __init__.cpython-310.pyc
[13.575s] byte-compiling /home/ubuntu/ros2_ws/src/install/hello/lib/python3.10/site-packages/hello/hello_subscriber.py to hello_subscriber.cpython-310.pyc
[13.586s] byte-compiling /home/ubuntu/ros2_ws/src/install/hello/lib/python3.10/site-packages/hello/key_monitor.py to key_monitor.cpython-310.pyc
[13.590s] byte-compiling /home/ubuntu/ros2_ws/src/install/hello/lib/python3.10/site-packages/hello/line_follower.py to line_follower.cpython-310.pyc
[13.591s] byte-compiling /home/ubuntu/ros2_ws/src/install/hello/lib/python3.10/site-packages/hello/sound_play.py to sound_play.cpython-310.pyc
[13.592s] byte-compiling /home/ubuntu/ros2_ws/src/install/hello/lib/python3.10/site-packages/hello/line_follower_component.py to line_follower_component.cpython-310.pyc
[13.593s] byte-compiling /home/ubuntu/ros2_ws/src/install/hello/lib/python3.10/site-packages/hello/hello_publisher.py to hello_publisher.cpython-310.pyc
[13.594s] running install_data
[13.596s] creating /home/ubuntu/ros2_ws/src/install/hello/share/ament_index
[13.597s] creating /home/ubuntu/ros2_ws/src/install/hello/share/ament_index/resource_index
[13.600s] creating /home/ubuntu/ros2_ws/src/install/hello/share/ament_index/resource_index/packages
[13.603s] copying resource/hello -> /home/ubuntu/ros2_ws/src/install/hello/share/ament_index/resource_index/packages
[13.605s] copying package.xml -> /home/ubuntu/ros2_ws/src/install/hello/share/hello
[13.606s] copying launch/topic_launch.py -> /home/ubuntu/ros2_ws/src/install/hello/share/hello
[13.607s] copying launch/text_to_speech_launch.py -> /home/ubuntu/ros2_ws/src/install/hello/share/hello
[13.609s] running install_egg_info
[13.610s] Copying ../build/hello/hello.egg-info to /home/ubuntu/ros2_ws/src/install/hello/lib/python3.10/site-packages/hello-0.0.0-py3.10.egg-info
[13.612s] running install_scripts
[13.766s] Installing hello_node script to /home/ubuntu/ros2_ws/src/install/hello/lib/hello
[13.767s] Installing hello_publisher script to /home/ubuntu/ros2_ws/src/install/hello/lib/hello
[13.770s] Installing hello_subscriber script to /home/ubuntu/ros2_ws/src/install/hello/lib/hello
[13.771s] Installing joypad_mouse_controller script to /home/ubuntu/ros2_ws/src/install/hello/lib/hello
[13.772s] Installing lightsensor_monitor script to /home/ubuntu/ros2_ws/src/install/hello/lib/hello
[13.775s] writing list of installed files to '/home/ubuntu/ros2_ws/src/build/hello/install.log'
[14.051s] Invoked command in '/home/ubuntu/ros2_ws/src/hello' returned '0': PYTHONPATH=/home/ubuntu/ros2_ws/src/build/hello/prefix_override:/home/ubuntu/ros2_ws/src/install/hello/lib/python3.10/site-packages:${PYTHONPATH} /usr/bin/python3 setup.py egg_info --egg-base ../build/hello build --build-base /home/ubuntu/ros2_ws/src/build/hello/build install --record /home/ubuntu/ros2_ws/src/build/hello/install.log --single-version-externally-managed
