[0.706s] Invoking command in '/home/ricbolz/ros2_ws/src/hello': PYTHONPATH=/home/ricbolz/ros2_ws/src/build/hello/prefix_override:/home/ricbolz/ros2_ws/src/install/hello/lib/python3.10/site-packages:${PYTHONPATH} /usr/bin/python3 setup.py egg_info --egg-base ../build/hello build --build-base /home/ricbolz/ros2_ws/src/build/hello/build install --record /home/ricbolz/ros2_ws/src/build/hello/install.log --single-version-externally-managed
[0.891s] running egg_info
[0.891s] writing ../build/hello/hello.egg-info/PKG-INFO
[0.892s] writing dependency_links to ../build/hello/hello.egg-info/dependency_links.txt
[0.895s] writing entry points to ../build/hello/hello.egg-info/entry_points.txt
[0.895s] writing requirements to ../build/hello/hello.egg-info/requires.txt
[0.895s] writing top-level names to ../build/hello/hello.egg-info/top_level.txt
[0.895s] reading manifest file '../build/hello/hello.egg-info/SOURCES.txt'
[0.896s] writing manifest file '../build/hello/hello.egg-info/SOURCES.txt'
[0.897s] running build
[0.898s] running build_py
[0.898s] running install
[0.898s] running install_lib
[0.899s] running install_data
[0.900s] running install_egg_info
[0.901s] removing '/home/ricbolz/ros2_ws/src/install/hello/lib/python3.10/site-packages/hello-0.0.0-py3.10.egg-info' (and everything under it)
[0.907s] Copying ../build/hello/hello.egg-info to /home/ricbolz/ros2_ws/src/install/hello/lib/python3.10/site-packages/hello-0.0.0-py3.10.egg-info
[0.908s] running install_scripts
[0.928s] Installing hello_node script to /home/ricbolz/ros2_ws/src/install/hello/lib/hello
[0.928s] Installing hello_publisher script to /home/ricbolz/ros2_ws/src/install/hello/lib/hello
[0.929s] Installing hello_subscriber script to /home/ricbolz/ros2_ws/src/install/hello/lib/hello
[0.929s] Installing joypad_mouse_controller script to /home/ricbolz/ros2_ws/src/install/hello/lib/hello
[0.930s] Installing lifecycle_node_manager script to /home/ricbolz/ros2_ws/src/install/hello/lib/hello
[0.930s] Installing lightsensor_monitor script to /home/ricbolz/ros2_ws/src/install/hello/lib/hello
[0.931s] Installing line_follower script to /home/ricbolz/ros2_ws/src/install/hello/lib/hello
[0.931s] Installing robot_node script to /home/ricbolz/ros2_ws/src/install/hello/lib/hello
[0.932s] writing list of installed files to '/home/ricbolz/ros2_ws/src/build/hello/install.log'
[0.961s] Invoked command in '/home/ricbolz/ros2_ws/src/hello' returned '0': PYTHONPATH=/home/ricbolz/ros2_ws/src/build/hello/prefix_override:/home/ricbolz/ros2_ws/src/install/hello/lib/python3.10/site-packages:${PYTHONPATH} /usr/bin/python3 setup.py egg_info --egg-base ../build/hello build --build-base /home/ricbolz/ros2_ws/src/build/hello/build install --record /home/ricbolz/ros2_ws/src/build/hello/install.log --single-version-externally-managed
