running egg_info
writing ../build/hello/hello.egg-info/PKG-INFO
writing dependency_links to ../build/hello/hello.egg-info/dependency_links.txt
writing entry points to ../build/hello/hello.egg-info/entry_points.txt
writing requirements to ../build/hello/hello.egg-info/requires.txt
writing top-level names to ../build/hello/hello.egg-info/top_level.txt
reading manifest file '../build/hello/hello.egg-info/SOURCES.txt'
writing manifest file '../build/hello/hello.egg-info/SOURCES.txt'
running build
running build_py
running install
running install_lib
running install_data
copying launch/topic_launch.py -> /home/ubuntu/ros2_ws/src/install/hello/share/hello
running install_egg_info
removing '/home/ubuntu/ros2_ws/src/install/hello/lib/python3.10/site-packages/hello-0.0.0-py3.10.egg-info' (and everything under it)
Copying ../build/hello/hello.egg-info to /home/ubuntu/ros2_ws/src/install/hello/lib/python3.10/site-packages/hello-0.0.0-py3.10.egg-info
running install_scripts
Installing hello_node script to /home/ubuntu/ros2_ws/src/install/hello/lib/hello
Installing hello_publisher script to /home/ubuntu/ros2_ws/src/install/hello/lib/hello
Installing hello_subscriber script to /home/ubuntu/ros2_ws/src/install/hello/lib/hello
Installing joypad_mouse_controller script to /home/ubuntu/ros2_ws/src/install/hello/lib/hello
Installing lifecycle_node_manager script to /home/ubuntu/ros2_ws/src/install/hello/lib/hello
Installing lightsensor_monitor script to /home/ubuntu/ros2_ws/src/install/hello/lib/hello
Installing line_follower script to /home/ubuntu/ros2_ws/src/install/hello/lib/hello
writing list of installed files to '/home/ubuntu/ros2_ws/src/build/hello/install.log'
