[0.684s] Invoking command in '/home/ricbolz/ros2_ws/src/build/hello': PYTHONPATH=/home/ricbolz/ros2_ws/src/build/hello/prefix_override:/home/ricbolz/ros2_ws/src/install/hello/lib/python3.10/site-packages:${PYTHONPATH} /usr/bin/python3 setup.py develop --editable --build-directory /home/ricbolz/ros2_ws/src/build/hello/build --no-deps install_data
[0.939s] running develop
[1.069s] running egg_info
[1.070s] writing hello.egg-info/PKG-INFO
[1.071s] writing dependency_links to hello.egg-info/dependency_links.txt
[1.072s] writing entry points to hello.egg-info/entry_points.txt
[1.073s] writing requirements to hello.egg-info/requires.txt
[1.073s] writing top-level names to hello.egg-info/top_level.txt
[1.075s] reading manifest file 'hello.egg-info/SOURCES.txt'
[1.077s] writing manifest file 'hello.egg-info/SOURCES.txt'
[1.079s] running build_ext
[1.079s] Creating /home/ricbolz/ros2_ws/src/install/hello/lib/python3.10/site-packages/hello.egg-link (link to .)
[1.081s] Installing hello_node script to /home/ricbolz/ros2_ws/src/install/hello/lib/hello
[1.082s] Installing hello_publisher script to /home/ricbolz/ros2_ws/src/install/hello/lib/hello
[1.082s] Installing hello_subscriber script to /home/ricbolz/ros2_ws/src/install/hello/lib/hello
[1.084s] Installing joypad_mouse_controller script to /home/ricbolz/ros2_ws/src/install/hello/lib/hello
[1.084s] Installing lifecycle_node_manager script to /home/ricbolz/ros2_ws/src/install/hello/lib/hello
[1.085s] Installing lightsensor_monitor script to /home/ricbolz/ros2_ws/src/install/hello/lib/hello
[1.086s] Installing line_follower script to /home/ricbolz/ros2_ws/src/install/hello/lib/hello
[1.086s] 
[1.086s] Installed /home/ricbolz/ros2_ws/src/build/hello
[1.087s] running install_data
[1.113s] Invoked command in '/home/ricbolz/ros2_ws/src/build/hello' returned '0': PYTHONPATH=/home/ricbolz/ros2_ws/src/build/hello/prefix_override:/home/ricbolz/ros2_ws/src/install/hello/lib/python3.10/site-packages:${PYTHONPATH} /usr/bin/python3 setup.py develop --editable --build-directory /home/ricbolz/ros2_ws/src/build/hello/build --no-deps install_data
