running develop
Removing /home/ricbolz/ros2_ws/src/install/hello/lib/python3.10/site-packages/hello.egg-link (link to .)
running egg_info
writing ../build/hello/hello.egg-info/PKG-INFO
writing dependency_links to ../build/hello/hello.egg-info/dependency_links.txt
writing entry points to ../build/hello/hello.egg-info/entry_points.txt
writing requirements to ../build/hello/hello.egg-info/requires.txt
writing top-level names to ../build/hello/hello.egg-info/top_level.txt
reading manifest file '../build/hello/hello.egg-info/SOURCES.txt'
writing manifest file '../build/hello/hello.egg-info/SOURCES.txt'
running build
running build_py
running install
running install_lib
copying /home/ricbolz/ros2_ws/src/build/hello/build/lib/hello/__init__.py -> /home/ricbolz/ros2_ws/src/install/hello/lib/python3.10/site-packages/hello
copying /home/ricbolz/ros2_ws/src/build/hello/build/lib/hello/hello_node.py -> /home/ricbolz/ros2_ws/src/install/hello/lib/python3.10/site-packages/hello
copying /home/ricbolz/ros2_ws/src/build/hello/build/lib/hello/line_follower.py -> /home/ricbolz/ros2_ws/src/install/hello/lib/python3.10/site-packages/hello
copying /home/ricbolz/ros2_ws/src/build/hello/build/lib/hello/JoypadMouseController.py -> /home/ricbolz/ros2_ws/src/install/hello/lib/python3.10/site-packages/hello
copying /home/ricbolz/ros2_ws/src/build/hello/build/lib/hello/hello_subscriber.py -> /home/ricbolz/ros2_ws/src/install/hello/lib/python3.10/site-packages/hello
copying /home/ricbolz/ros2_ws/src/build/hello/build/lib/hello/hello_publisher.py -> /home/ricbolz/ros2_ws/src/install/hello/lib/python3.10/site-packages/hello
copying /home/ricbolz/ros2_ws/src/build/hello/build/lib/hello/sound_play.py -> /home/ricbolz/ros2_ws/src/install/hello/lib/python3.10/site-packages/hello
copying /home/ricbolz/ros2_ws/src/build/hello/build/lib/hello/lightsensor_monitor.py -> /home/ricbolz/ros2_ws/src/install/hello/lib/python3.10/site-packages/hello
copying /home/ricbolz/ros2_ws/src/build/hello/build/lib/hello/image_capture.py -> /home/ricbolz/ros2_ws/src/install/hello/lib/python3.10/site-packages/hello
copying /home/ricbolz/ros2_ws/src/build/hello/build/lib/hello/keyboard.py -> /home/ricbolz/ros2_ws/src/install/hello/lib/python3.10/site-packages/hello
copying /home/ricbolz/ros2_ws/src/build/hello/build/lib/hello/key_monitor.py -> /home/ricbolz/ros2_ws/src/install/hello/lib/python3.10/site-packages/hello
copying /home/ricbolz/ros2_ws/src/build/hello/build/lib/hello/image_monitor.py -> /home/ricbolz/ros2_ws/src/install/hello/lib/python3.10/site-packages/hello
copying /home/ricbolz/ros2_ws/src/build/hello/build/lib/hello/lifecycle_node_manager.py -> /home/ricbolz/ros2_ws/src/install/hello/lib/python3.10/site-packages/hello
byte-compiling /home/ricbolz/ros2_ws/src/install/hello/lib/python3.10/site-packages/hello/__init__.py to __init__.cpython-310.pyc
byte-compiling /home/ricbolz/ros2_ws/src/install/hello/lib/python3.10/site-packages/hello/hello_node.py to hello_node.cpython-310.pyc
byte-compiling /home/ricbolz/ros2_ws/src/install/hello/lib/python3.10/site-packages/hello/line_follower.py to line_follower.cpython-310.pyc
byte-compiling /home/ricbolz/ros2_ws/src/install/hello/lib/python3.10/site-packages/hello/JoypadMouseController.py to JoypadMouseController.cpython-310.pyc
byte-compiling /home/ricbolz/ros2_ws/src/install/hello/lib/python3.10/site-packages/hello/hello_subscriber.py to hello_subscriber.cpython-310.pyc
byte-compiling /home/ricbolz/ros2_ws/src/install/hello/lib/python3.10/site-packages/hello/hello_publisher.py to hello_publisher.cpython-310.pyc
byte-compiling /home/ricbolz/ros2_ws/src/install/hello/lib/python3.10/site-packages/hello/sound_play.py to sound_play.cpython-310.pyc
byte-compiling /home/ricbolz/ros2_ws/src/install/hello/lib/python3.10/site-packages/hello/lightsensor_monitor.py to lightsensor_monitor.cpython-310.pyc
byte-compiling /home/ricbolz/ros2_ws/src/install/hello/lib/python3.10/site-packages/hello/image_capture.py to image_capture.cpython-310.pyc
byte-compiling /home/ricbolz/ros2_ws/src/install/hello/lib/python3.10/site-packages/hello/keyboard.py to keyboard.cpython-310.pyc
byte-compiling /home/ricbolz/ros2_ws/src/install/hello/lib/python3.10/site-packages/hello/key_monitor.py to key_monitor.cpython-310.pyc
byte-compiling /home/ricbolz/ros2_ws/src/install/hello/lib/python3.10/site-packages/hello/image_monitor.py to image_monitor.cpython-310.pyc
byte-compiling /home/ricbolz/ros2_ws/src/install/hello/lib/python3.10/site-packages/hello/lifecycle_node_manager.py to lifecycle_node_manager.cpython-310.pyc
running install_data
running install_egg_info
Copying ../build/hello/hello.egg-info to /home/ricbolz/ros2_ws/src/install/hello/lib/python3.10/site-packages/hello-0.0.0-py3.10.egg-info
running install_scripts
Installing hello_node script to /home/ricbolz/ros2_ws/src/install/hello/lib/hello
Installing hello_publisher script to /home/ricbolz/ros2_ws/src/install/hello/lib/hello
Installing hello_subscriber script to /home/ricbolz/ros2_ws/src/install/hello/lib/hello
Installing joypad_mouse_controller script to /home/ricbolz/ros2_ws/src/install/hello/lib/hello
Installing lifecycle_node_manager script to /home/ricbolz/ros2_ws/src/install/hello/lib/hello
Installing lightsensor_monitor script to /home/ricbolz/ros2_ws/src/install/hello/lib/hello
Installing line_follower script to /home/ricbolz/ros2_ws/src/install/hello/lib/hello
writing list of installed files to '/home/ricbolz/ros2_ws/src/build/hello/install.log'
