running develop
running egg_info
creating robot2.egg-info
writing robot2.egg-info/PKG-INFO
writing dependency_links to robot2.egg-info/dependency_links.txt
writing entry points to robot2.egg-info/entry_points.txt
writing requirements to robot2.egg-info/requires.txt
writing top-level names to robot2.egg-info/top_level.txt
writing manifest file 'robot2.egg-info/SOURCES.txt'
reading manifest file 'robot2.egg-info/SOURCES.txt'
writing manifest file 'robot2.egg-info/SOURCES.txt'
running build_ext
Creating /home/ubuntu/ros2_ws/src/install/robot2/lib/python3.10/site-packages/robot2.egg-link (link to .)
Installing robot_node script to /home/ubuntu/ros2_ws/src/install/robot2/lib/robot2

Installed /home/ubuntu/ros2_ws/src/build/robot2
running install_data
creating /home/ubuntu/ros2_ws/src/install/robot2/share/ament_index
creating /home/ubuntu/ros2_ws/src/install/robot2/share/ament_index/resource_index
creating /home/ubuntu/ros2_ws/src/install/robot2/share/ament_index/resource_index/packages
copying resource/robot2 -> /home/ubuntu/ros2_ws/src/install/robot2/share/ament_index/resource_index/packages
copying package.xml -> /home/ubuntu/ros2_ws/src/install/robot2/share/robot2
copying launch/robot_launch.py -> /home/ubuntu/ros2_ws/src/install/robot2/share/robot2
