[0.000000] (-) TimerEvent: {}
[0.001995] (hello) JobQueued: {'identifier': 'hello', 'dependencies': OrderedDict()}
[0.002677] (raspimouse_msgs) JobQueued: {'identifier': 'raspimouse_msgs', 'dependencies': OrderedDict()}
[0.003062] (robot) JobQueued: {'identifier': 'robot', 'dependencies': OrderedDict()}
[0.003416] (robot2) JobQueued: {'identifier': 'robot2', 'dependencies': OrderedDict()}
[0.003532] (raspimouse) JobQueued: {'identifier': 'raspimouse', 'dependencies': OrderedDict([('raspimouse_msgs', '/home/ubuntu/ros2_ws/src/install/raspimouse_msgs')])}
[0.003730] (raspimouse_ros2_examples) JobQueued: {'identifier': 'raspimouse_ros2_examples', 'dependencies': OrderedDict([('raspimouse_msgs', '/home/ubuntu/ros2_ws/src/install/raspimouse_msgs'), ('raspimouse', '/home/ubuntu/ros2_ws/src/install/raspimouse')])}
[0.003896] (raspimouse_msgs) JobStarted: {'identifier': 'raspimouse_msgs'}
[0.099370] (-) TimerEvent: {}
[0.201553] (-) TimerEvent: {}
[0.302978] (-) TimerEvent: {}
[0.405923] (-) TimerEvent: {}
[0.507952] (-) TimerEvent: {}
[0.609456] (-) TimerEvent: {}
[0.712354] (-) TimerEvent: {}
[0.786996] (hello) JobStarted: {'identifier': 'hello'}
[0.812978] (-) TimerEvent: {}
[0.914992] (-) TimerEvent: {}
[1.018020] (-) TimerEvent: {}
[1.123428] (-) TimerEvent: {}
[1.225664] (-) TimerEvent: {}
[1.329052] (-) TimerEvent: {}
[1.432497] (-) TimerEvent: {}
[1.533710] (-) TimerEvent: {}
[1.635753] (-) TimerEvent: {}
[1.737922] (-) TimerEvent: {}
[1.810750] (robot) JobStarted: {'identifier': 'robot'}
[1.838225] (-) TimerEvent: {}
[1.939871] (-) TimerEvent: {}
[2.045361] (-) TimerEvent: {}
[2.146663] (-) TimerEvent: {}
[2.248502] (-) TimerEvent: {}
[2.344655] (robot) JobEnded: {'identifier': 'robot', 'rc': 0}
[2.353075] (-) TimerEvent: {}
[2.354683] (robot2) JobStarted: {'identifier': 'robot2'}
[2.453624] (-) TimerEvent: {}
[2.557415] (-) TimerEvent: {}
[2.681732] (-) TimerEvent: {}
[2.788745] (-) TimerEvent: {}
[2.897247] (-) TimerEvent: {}
[3.001118] (-) TimerEvent: {}
[3.103283] (-) TimerEvent: {}
[3.206033] (-) TimerEvent: {}
[3.310403] (-) TimerEvent: {}
[3.412632] (-) TimerEvent: {}
[3.505823] (raspimouse_msgs) JobEnded: {'identifier': 'raspimouse_msgs', 'rc': 'SIGINT'}
[3.516879] (-) TimerEvent: {}
[3.518778] (hello) JobEnded: {'identifier': 'hello', 'rc': 'SIGINT'}
[3.524015] (robot2) JobEnded: {'identifier': 'robot2', 'rc': 'SIGINT'}
[3.532849] (raspimouse) JobSkipped: {'identifier': 'raspimouse'}
[3.533411] (raspimouse_ros2_examples) JobSkipped: {'identifier': 'raspimouse_ros2_examples'}
[3.533658] (-) EventReactorShutdown: {}
