[4.485s] DEBUG:colcon:Command line arguments: ['/usr/bin/colcon', 'build', '--symlink-install']
[4.485s] DEBUG:colcon:Parsed command line arguments: Namespace(log_base=None, log_level=None, verb_name='build', build_base='build', install_base='install', merge_install=False, symlink_install=True, test_result_base=None, continue_on_error=False, executor='parallel', parallel_workers=4, event_handlers=None, ignore_user_meta=False, metas=['./colcon.meta'], base_paths=['.'], packages_ignore=None, packages_ignore_regex=None, paths=None, packages_up_to=None, packages_up_to_regex=None, packages_above=None, packages_above_and_dependencies=None, packages_above_depth=None, packages_select_by_dep=None, packages_skip_by_dep=None, packages_skip_up_to=None, packages_select_build_failed=False, packages_skip_build_finished=False, packages_select_test_failures=False, packages_skip_test_passed=False, packages_select=None, packages_skip=None, packages_select_regex=None, packages_skip_regex=None, packages_start=None, packages_end=None, allow_overriding=[], cmake_args=None, cmake_target=None, cmake_target_skip_unavailable=False, cmake_clean_cache=False, cmake_clean_first=False, cmake_force_configure=False, ament_cmake_args=None, catkin_cmake_args=None, catkin_skip_building_tests=False, verb_parser=<colcon_defaults.argument_parser.defaults.DefaultArgumentsDecorator object at 0xffff934cfc70>, verb_extension=<colcon_core.verb.build.BuildVerb object at 0xffff934ced10>, main=<bound method BuildVerb.main of <colcon_core.verb.build.BuildVerb object at 0xffff934ced10>>)
[4.694s] Level 1:colcon.colcon_core.package_discovery:discover_packages(colcon_meta) check parameters
[4.694s] Level 1:colcon.colcon_core.package_discovery:discover_packages(recursive) check parameters
[4.695s] Level 1:colcon.colcon_core.package_discovery:discover_packages(ignore) check parameters
[4.695s] Level 1:colcon.colcon_core.package_discovery:discover_packages(path) check parameters
[4.695s] Level 1:colcon.colcon_core.package_discovery:discover_packages(colcon_meta) discover
[4.695s] Level 1:colcon.colcon_core.package_discovery:discover_packages(recursive) discover
[4.695s] INFO:colcon.colcon_core.package_discovery:Crawling recursively for packages in '/home/ubuntu/ros2_ws/src'
[4.696s] Level 1:colcon.colcon_core.package_identification:_identify(.) by extensions ['ignore', 'ignore_ament_install']
[4.696s] Level 1:colcon.colcon_core.package_identification:_identify(.) by extension 'ignore'
[4.696s] Level 1:colcon.colcon_core.package_identification:_identify(.) by extension 'ignore_ament_install'
[4.697s] Level 1:colcon.colcon_core.package_identification:_identify(.) by extensions ['colcon_pkg']
[4.697s] Level 1:colcon.colcon_core.package_identification:_identify(.) by extension 'colcon_pkg'
[4.697s] Level 1:colcon.colcon_core.package_identification:_identify(.) by extensions ['colcon_meta']
[4.697s] Level 1:colcon.colcon_core.package_identification:_identify(.) by extension 'colcon_meta'
[4.697s] Level 1:colcon.colcon_core.package_identification:_identify(.) by extensions ['ros']
[4.697s] Level 1:colcon.colcon_core.package_identification:_identify(.) by extension 'ros'
[4.745s] Level 1:colcon.colcon_core.package_identification:_identify(.) by extensions ['cmake', 'python']
[4.746s] Level 1:colcon.colcon_core.package_identification:_identify(.) by extension 'cmake'
[4.746s] Level 1:colcon.colcon_core.package_identification:_identify(.) by extension 'python'
[4.746s] Level 1:colcon.colcon_core.package_identification:_identify(.) by extensions ['python_setup_py']
[4.746s] Level 1:colcon.colcon_core.package_identification:_identify(.) by extension 'python_setup_py'
[4.747s] Level 1:colcon.colcon_core.package_identification:_identify(build) by extensions ['ignore', 'ignore_ament_install']
[4.747s] Level 1:colcon.colcon_core.package_identification:_identify(build) by extension 'ignore'
[4.748s] Level 1:colcon.colcon_core.package_identification:_identify(build) ignored
[4.748s] Level 1:colcon.colcon_core.package_identification:_identify(hello) by extensions ['ignore', 'ignore_ament_install']
[4.749s] Level 1:colcon.colcon_core.package_identification:_identify(hello) by extension 'ignore'
[4.749s] Level 1:colcon.colcon_core.package_identification:_identify(hello) by extension 'ignore_ament_install'
[4.749s] Level 1:colcon.colcon_core.package_identification:_identify(hello) by extensions ['colcon_pkg']
[4.749s] Level 1:colcon.colcon_core.package_identification:_identify(hello) by extension 'colcon_pkg'
[4.750s] Level 1:colcon.colcon_core.package_identification:_identify(hello) by extensions ['colcon_meta']
[4.750s] Level 1:colcon.colcon_core.package_identification:_identify(hello) by extension 'colcon_meta'
[4.750s] Level 1:colcon.colcon_core.package_identification:_identify(hello) by extensions ['ros']
[4.750s] Level 1:colcon.colcon_core.package_identification:_identify(hello) by extension 'ros'
[4.759s] DEBUG:colcon.colcon_core.package_identification:Package 'hello' with type 'ros.ament_python' and name 'hello'
[4.759s] Level 1:colcon.colcon_core.package_identification:_identify(install) by extensions ['ignore', 'ignore_ament_install']
[4.760s] Level 1:colcon.colcon_core.package_identification:_identify(install) by extension 'ignore'
[4.760s] Level 1:colcon.colcon_core.package_identification:_identify(install) ignored
[4.761s] Level 1:colcon.colcon_core.package_identification:_identify(log) by extensions ['ignore', 'ignore_ament_install']
[4.762s] Level 1:colcon.colcon_core.package_identification:_identify(log) by extension 'ignore'
[4.762s] Level 1:colcon.colcon_core.package_identification:_identify(log) ignored
[4.762s] Level 1:colcon.colcon_core.package_identification:_identify(raspimouse2) by extensions ['ignore', 'ignore_ament_install']
[4.763s] Level 1:colcon.colcon_core.package_identification:_identify(raspimouse2) by extension 'ignore'
[4.763s] Level 1:colcon.colcon_core.package_identification:_identify(raspimouse2) by extension 'ignore_ament_install'
[4.763s] Level 1:colcon.colcon_core.package_identification:_identify(raspimouse2) by extensions ['colcon_pkg']
[4.763s] Level 1:colcon.colcon_core.package_identification:_identify(raspimouse2) by extension 'colcon_pkg'
[4.763s] Level 1:colcon.colcon_core.package_identification:_identify(raspimouse2) by extensions ['colcon_meta']
[4.764s] Level 1:colcon.colcon_core.package_identification:_identify(raspimouse2) by extension 'colcon_meta'
[4.764s] Level 1:colcon.colcon_core.package_identification:_identify(raspimouse2) by extensions ['ros']
[4.764s] Level 1:colcon.colcon_core.package_identification:_identify(raspimouse2) by extension 'ros'
[4.764s] Level 1:colcon.colcon_core.package_identification:_identify(raspimouse2) by extensions ['cmake', 'python']
[4.764s] Level 1:colcon.colcon_core.package_identification:_identify(raspimouse2) by extension 'cmake'
[4.765s] Level 1:colcon.colcon_core.package_identification:_identify(raspimouse2) by extension 'python'
[4.765s] Level 1:colcon.colcon_core.package_identification:_identify(raspimouse2) by extensions ['python_setup_py']
[4.765s] Level 1:colcon.colcon_core.package_identification:_identify(raspimouse2) by extension 'python_setup_py'
[4.765s] Level 1:colcon.colcon_core.package_identification:_identify(raspimouse2/raspimouse) by extensions ['ignore', 'ignore_ament_install']
[4.766s] Level 1:colcon.colcon_core.package_identification:_identify(raspimouse2/raspimouse) by extension 'ignore'
[4.766s] Level 1:colcon.colcon_core.package_identification:_identify(raspimouse2/raspimouse) by extension 'ignore_ament_install'
[4.766s] Level 1:colcon.colcon_core.package_identification:_identify(raspimouse2/raspimouse) by extensions ['colcon_pkg']
[4.766s] Level 1:colcon.colcon_core.package_identification:_identify(raspimouse2/raspimouse) by extension 'colcon_pkg'
[4.767s] Level 1:colcon.colcon_core.package_identification:_identify(raspimouse2/raspimouse) by extensions ['colcon_meta']
[4.767s] Level 1:colcon.colcon_core.package_identification:_identify(raspimouse2/raspimouse) by extension 'colcon_meta'
[4.767s] Level 1:colcon.colcon_core.package_identification:_identify(raspimouse2/raspimouse) by extensions ['ros']
[4.767s] Level 1:colcon.colcon_core.package_identification:_identify(raspimouse2/raspimouse) by extension 'ros'
[4.771s] DEBUG:colcon.colcon_core.package_identification:Package 'raspimouse2/raspimouse' with type 'ros.ament_cmake' and name 'raspimouse'
[4.771s] Level 1:colcon.colcon_core.package_identification:_identify(raspimouse2/raspimouse_msgs) by extensions ['ignore', 'ignore_ament_install']
[4.772s] Level 1:colcon.colcon_core.package_identification:_identify(raspimouse2/raspimouse_msgs) by extension 'ignore'
[4.772s] Level 1:colcon.colcon_core.package_identification:_identify(raspimouse2/raspimouse_msgs) by extension 'ignore_ament_install'
[4.772s] Level 1:colcon.colcon_core.package_identification:_identify(raspimouse2/raspimouse_msgs) by extensions ['colcon_pkg']
[4.772s] Level 1:colcon.colcon_core.package_identification:_identify(raspimouse2/raspimouse_msgs) by extension 'colcon_pkg'
[4.773s] Level 1:colcon.colcon_core.package_identification:_identify(raspimouse2/raspimouse_msgs) by extensions ['colcon_meta']
[4.773s] Level 1:colcon.colcon_core.package_identification:_identify(raspimouse2/raspimouse_msgs) by extension 'colcon_meta'
[4.773s] Level 1:colcon.colcon_core.package_identification:_identify(raspimouse2/raspimouse_msgs) by extensions ['ros']
[4.773s] Level 1:colcon.colcon_core.package_identification:_identify(raspimouse2/raspimouse_msgs) by extension 'ros'
[4.775s] DEBUG:colcon.colcon_core.package_identification:Package 'raspimouse2/raspimouse_msgs' with type 'ros.ament_cmake' and name 'raspimouse_msgs'
[4.776s] Level 1:colcon.colcon_core.package_identification:_identify(raspimouse_ros2_examples) by extensions ['ignore', 'ignore_ament_install']
[4.776s] Level 1:colcon.colcon_core.package_identification:_identify(raspimouse_ros2_examples) by extension 'ignore'
[4.777s] Level 1:colcon.colcon_core.package_identification:_identify(raspimouse_ros2_examples) by extension 'ignore_ament_install'
[4.777s] Level 1:colcon.colcon_core.package_identification:_identify(raspimouse_ros2_examples) by extensions ['colcon_pkg']
[4.777s] Level 1:colcon.colcon_core.package_identification:_identify(raspimouse_ros2_examples) by extension 'colcon_pkg'
[4.777s] Level 1:colcon.colcon_core.package_identification:_identify(raspimouse_ros2_examples) by extensions ['colcon_meta']
[4.777s] Level 1:colcon.colcon_core.package_identification:_identify(raspimouse_ros2_examples) by extension 'colcon_meta'
[4.778s] Level 1:colcon.colcon_core.package_identification:_identify(raspimouse_ros2_examples) by extensions ['ros']
[4.778s] Level 1:colcon.colcon_core.package_identification:_identify(raspimouse_ros2_examples) by extension 'ros'
[4.785s] DEBUG:colcon.colcon_core.package_identification:Package 'raspimouse_ros2_examples' with type 'ros.ament_cmake' and name 'raspimouse_ros2_examples'
[4.786s] Level 1:colcon.colcon_core.package_identification:_identify(robot) by extensions ['ignore', 'ignore_ament_install']
[4.786s] Level 1:colcon.colcon_core.package_identification:_identify(robot) by extension 'ignore'
[4.787s] Level 1:colcon.colcon_core.package_identification:_identify(robot) by extension 'ignore_ament_install'
[4.787s] Level 1:colcon.colcon_core.package_identification:_identify(robot) by extensions ['colcon_pkg']
[4.787s] Level 1:colcon.colcon_core.package_identification:_identify(robot) by extension 'colcon_pkg'
[4.787s] Level 1:colcon.colcon_core.package_identification:_identify(robot) by extensions ['colcon_meta']
[4.787s] Level 1:colcon.colcon_core.package_identification:_identify(robot) by extension 'colcon_meta'
[4.787s] Level 1:colcon.colcon_core.package_identification:_identify(robot) by extensions ['ros']
[4.788s] Level 1:colcon.colcon_core.package_identification:_identify(robot) by extension 'ros'
[4.789s] DEBUG:colcon.colcon_core.package_identification:Package 'robot' with type 'ros.ament_python' and name 'robot'
[4.790s] Level 1:colcon.colcon_core.package_identification:_identify(robot2) by extensions ['ignore', 'ignore_ament_install']
[4.791s] Level 1:colcon.colcon_core.package_identification:_identify(robot2) by extension 'ignore'
[4.791s] Level 1:colcon.colcon_core.package_identification:_identify(robot2) by extension 'ignore_ament_install'
[4.791s] Level 1:colcon.colcon_core.package_identification:_identify(robot2) by extensions ['colcon_pkg']
[4.792s] Level 1:colcon.colcon_core.package_identification:_identify(robot2) by extension 'colcon_pkg'
[4.792s] Level 1:colcon.colcon_core.package_identification:_identify(robot2) by extensions ['colcon_meta']
[4.792s] Level 1:colcon.colcon_core.package_identification:_identify(robot2) by extension 'colcon_meta'
[4.792s] Level 1:colcon.colcon_core.package_identification:_identify(robot2) by extensions ['ros']
[4.793s] Level 1:colcon.colcon_core.package_identification:_identify(robot2) by extension 'ros'
[4.795s] DEBUG:colcon.colcon_core.package_identification:Package 'robot2' with type 'ros.ament_python' and name 'robot2'
[4.795s] Level 1:colcon.colcon_core.package_discovery:discover_packages(recursive) using defaults
[4.795s] Level 1:colcon.colcon_core.package_discovery:discover_packages(ignore) discover
[4.795s] Level 1:colcon.colcon_core.package_discovery:discover_packages(ignore) using defaults
[4.795s] Level 1:colcon.colcon_core.package_discovery:discover_packages(path) discover
[4.796s] Level 1:colcon.colcon_core.package_discovery:discover_packages(path) using defaults
[5.325s] Level 1:colcon.colcon_core.package_discovery:discover_packages(prefix_path) check parameters
[5.326s] Level 1:colcon.colcon_core.package_discovery:discover_packages(prefix_path) discover
[5.589s] DEBUG:colcon.colcon_installed_package_information.package_discovery:Found 5 installed packages in /home/ubuntu/ros2_ws/install
[5.678s] DEBUG:colcon.colcon_installed_package_information.package_discovery:Found 287 installed packages in /opt/ros/humble
[5.688s] Level 1:colcon.colcon_core.package_discovery:discover_packages(prefix_path) using defaults
[6.102s] Level 5:colcon.colcon_core.verb:set package 'hello' build argument 'cmake_args' from command line to 'None'
[6.102s] Level 5:colcon.colcon_core.verb:set package 'hello' build argument 'cmake_target' from command line to 'None'
[6.103s] Level 5:colcon.colcon_core.verb:set package 'hello' build argument 'cmake_target_skip_unavailable' from command line to 'False'
[6.103s] Level 5:colcon.colcon_core.verb:set package 'hello' build argument 'cmake_clean_cache' from command line to 'False'
[6.103s] Level 5:colcon.colcon_core.verb:set package 'hello' build argument 'cmake_clean_first' from command line to 'False'
[6.103s] Level 5:colcon.colcon_core.verb:set package 'hello' build argument 'cmake_force_configure' from command line to 'False'
[6.103s] Level 5:colcon.colcon_core.verb:set package 'hello' build argument 'ament_cmake_args' from command line to 'None'
[6.103s] Level 5:colcon.colcon_core.verb:set package 'hello' build argument 'catkin_cmake_args' from command line to 'None'
[6.103s] Level 5:colcon.colcon_core.verb:set package 'hello' build argument 'catkin_skip_building_tests' from command line to 'False'
[6.103s] DEBUG:colcon.colcon_core.verb:Building package 'hello' with the following arguments: {'ament_cmake_args': None, 'build_base': '/home/ubuntu/ros2_ws/src/build/hello', 'catkin_cmake_args': None, 'catkin_skip_building_tests': False, 'cmake_args': None, 'cmake_clean_cache': False, 'cmake_clean_first': False, 'cmake_force_configure': False, 'cmake_target': None, 'cmake_target_skip_unavailable': False, 'install_base': '/home/ubuntu/ros2_ws/src/install/hello', 'merge_install': False, 'path': '/home/ubuntu/ros2_ws/src/hello', 'symlink_install': True, 'test_result_base': None}
[6.166s] Level 5:colcon.colcon_core.verb:set package 'raspimouse_msgs' build argument 'cmake_args' from command line to 'None'
[6.166s] Level 5:colcon.colcon_core.verb:set package 'raspimouse_msgs' build argument 'cmake_target' from command line to 'None'
[6.166s] Level 5:colcon.colcon_core.verb:set package 'raspimouse_msgs' build argument 'cmake_target_skip_unavailable' from command line to 'False'
[6.166s] Level 5:colcon.colcon_core.verb:set package 'raspimouse_msgs' build argument 'cmake_clean_cache' from command line to 'False'
[6.166s] Level 5:colcon.colcon_core.verb:set package 'raspimouse_msgs' build argument 'cmake_clean_first' from command line to 'False'
[6.167s] Level 5:colcon.colcon_core.verb:set package 'raspimouse_msgs' build argument 'cmake_force_configure' from command line to 'False'
[6.167s] Level 5:colcon.colcon_core.verb:set package 'raspimouse_msgs' build argument 'ament_cmake_args' from command line to 'None'
[6.167s] Level 5:colcon.colcon_core.verb:set package 'raspimouse_msgs' build argument 'catkin_cmake_args' from command line to 'None'
[6.167s] Level 5:colcon.colcon_core.verb:set package 'raspimouse_msgs' build argument 'catkin_skip_building_tests' from command line to 'False'
[6.167s] DEBUG:colcon.colcon_core.verb:Building package 'raspimouse_msgs' with the following arguments: {'ament_cmake_args': None, 'build_base': '/home/ubuntu/ros2_ws/src/build/raspimouse_msgs', 'catkin_cmake_args': None, 'catkin_skip_building_tests': False, 'cmake_args': None, 'cmake_clean_cache': False, 'cmake_clean_first': False, 'cmake_force_configure': False, 'cmake_target': None, 'cmake_target_skip_unavailable': False, 'install_base': '/home/ubuntu/ros2_ws/src/install/raspimouse_msgs', 'merge_install': False, 'path': '/home/ubuntu/ros2_ws/src/raspimouse2/raspimouse_msgs', 'symlink_install': True, 'test_result_base': None}
[6.229s] Level 5:colcon.colcon_core.verb:set package 'robot' build argument 'cmake_args' from command line to 'None'
[6.230s] Level 5:colcon.colcon_core.verb:set package 'robot' build argument 'cmake_target' from command line to 'None'
[6.230s] Level 5:colcon.colcon_core.verb:set package 'robot' build argument 'cmake_target_skip_unavailable' from command line to 'False'
[6.230s] Level 5:colcon.colcon_core.verb:set package 'robot' build argument 'cmake_clean_cache' from command line to 'False'
[6.230s] Level 5:colcon.colcon_core.verb:set package 'robot' build argument 'cmake_clean_first' from command line to 'False'
[6.230s] Level 5:colcon.colcon_core.verb:set package 'robot' build argument 'cmake_force_configure' from command line to 'False'
[6.231s] Level 5:colcon.colcon_core.verb:set package 'robot' build argument 'ament_cmake_args' from command line to 'None'
[6.231s] Level 5:colcon.colcon_core.verb:set package 'robot' build argument 'catkin_cmake_args' from command line to 'None'
[6.231s] Level 5:colcon.colcon_core.verb:set package 'robot' build argument 'catkin_skip_building_tests' from command line to 'False'
[6.231s] DEBUG:colcon.colcon_core.verb:Building package 'robot' with the following arguments: {'ament_cmake_args': None, 'build_base': '/home/ubuntu/ros2_ws/src/build/robot', 'catkin_cmake_args': None, 'catkin_skip_building_tests': False, 'cmake_args': None, 'cmake_clean_cache': False, 'cmake_clean_first': False, 'cmake_force_configure': False, 'cmake_target': None, 'cmake_target_skip_unavailable': False, 'install_base': '/home/ubuntu/ros2_ws/src/install/robot', 'merge_install': False, 'path': '/home/ubuntu/ros2_ws/src/robot', 'symlink_install': True, 'test_result_base': None}
[6.295s] Level 5:colcon.colcon_core.verb:set package 'robot2' build argument 'cmake_args' from command line to 'None'
[6.296s] Level 5:colcon.colcon_core.verb:set package 'robot2' build argument 'cmake_target' from command line to 'None'
[6.296s] Level 5:colcon.colcon_core.verb:set package 'robot2' build argument 'cmake_target_skip_unavailable' from command line to 'False'
[6.296s] Level 5:colcon.colcon_core.verb:set package 'robot2' build argument 'cmake_clean_cache' from command line to 'False'
[6.296s] Level 5:colcon.colcon_core.verb:set package 'robot2' build argument 'cmake_clean_first' from command line to 'False'
[6.296s] Level 5:colcon.colcon_core.verb:set package 'robot2' build argument 'cmake_force_configure' from command line to 'False'
[6.296s] Level 5:colcon.colcon_core.verb:set package 'robot2' build argument 'ament_cmake_args' from command line to 'None'
[6.296s] Level 5:colcon.colcon_core.verb:set package 'robot2' build argument 'catkin_cmake_args' from command line to 'None'
[6.296s] Level 5:colcon.colcon_core.verb:set package 'robot2' build argument 'catkin_skip_building_tests' from command line to 'False'
[6.297s] DEBUG:colcon.colcon_core.verb:Building package 'robot2' with the following arguments: {'ament_cmake_args': None, 'build_base': '/home/ubuntu/ros2_ws/src/build/robot2', 'catkin_cmake_args': None, 'catkin_skip_building_tests': False, 'cmake_args': None, 'cmake_clean_cache': False, 'cmake_clean_first': False, 'cmake_force_configure': False, 'cmake_target': None, 'cmake_target_skip_unavailable': False, 'install_base': '/home/ubuntu/ros2_ws/src/install/robot2', 'merge_install': False, 'path': '/home/ubuntu/ros2_ws/src/robot2', 'symlink_install': True, 'test_result_base': None}
[6.362s] Level 5:colcon.colcon_core.verb:set package 'raspimouse' build argument 'cmake_args' from command line to 'None'
[6.362s] Level 5:colcon.colcon_core.verb:set package 'raspimouse' build argument 'cmake_target' from command line to 'None'
[6.362s] Level 5:colcon.colcon_core.verb:set package 'raspimouse' build argument 'cmake_target_skip_unavailable' from command line to 'False'
[6.362s] Level 5:colcon.colcon_core.verb:set package 'raspimouse' build argument 'cmake_clean_cache' from command line to 'False'
[6.363s] Level 5:colcon.colcon_core.verb:set package 'raspimouse' build argument 'cmake_clean_first' from command line to 'False'
[6.363s] Level 5:colcon.colcon_core.verb:set package 'raspimouse' build argument 'cmake_force_configure' from command line to 'False'
[6.363s] Level 5:colcon.colcon_core.verb:set package 'raspimouse' build argument 'ament_cmake_args' from command line to 'None'
[6.363s] Level 5:colcon.colcon_core.verb:set package 'raspimouse' build argument 'catkin_cmake_args' from command line to 'None'
[6.363s] Level 5:colcon.colcon_core.verb:set package 'raspimouse' build argument 'catkin_skip_building_tests' from command line to 'False'
[6.363s] DEBUG:colcon.colcon_core.verb:Building package 'raspimouse' with the following arguments: {'ament_cmake_args': None, 'build_base': '/home/ubuntu/ros2_ws/src/build/raspimouse', 'catkin_cmake_args': None, 'catkin_skip_building_tests': False, 'cmake_args': None, 'cmake_clean_cache': False, 'cmake_clean_first': False, 'cmake_force_configure': False, 'cmake_target': None, 'cmake_target_skip_unavailable': False, 'install_base': '/home/ubuntu/ros2_ws/src/install/raspimouse', 'merge_install': False, 'path': '/home/ubuntu/ros2_ws/src/raspimouse2/raspimouse', 'symlink_install': True, 'test_result_base': None}
[6.425s] Level 5:colcon.colcon_core.verb:set package 'raspimouse_ros2_examples' build argument 'cmake_args' from command line to 'None'
[6.425s] Level 5:colcon.colcon_core.verb:set package 'raspimouse_ros2_examples' build argument 'cmake_target' from command line to 'None'
[6.426s] Level 5:colcon.colcon_core.verb:set package 'raspimouse_ros2_examples' build argument 'cmake_target_skip_unavailable' from command line to 'False'
[6.426s] Level 5:colcon.colcon_core.verb:set package 'raspimouse_ros2_examples' build argument 'cmake_clean_cache' from command line to 'False'
[6.426s] Level 5:colcon.colcon_core.verb:set package 'raspimouse_ros2_examples' build argument 'cmake_clean_first' from command line to 'False'
[6.426s] Level 5:colcon.colcon_core.verb:set package 'raspimouse_ros2_examples' build argument 'cmake_force_configure' from command line to 'False'
[6.426s] Level 5:colcon.colcon_core.verb:set package 'raspimouse_ros2_examples' build argument 'ament_cmake_args' from command line to 'None'
[6.426s] Level 5:colcon.colcon_core.verb:set package 'raspimouse_ros2_examples' build argument 'catkin_cmake_args' from command line to 'None'
[6.426s] Level 5:colcon.colcon_core.verb:set package 'raspimouse_ros2_examples' build argument 'catkin_skip_building_tests' from command line to 'False'
[6.427s] DEBUG:colcon.colcon_core.verb:Building package 'raspimouse_ros2_examples' with the following arguments: {'ament_cmake_args': None, 'build_base': '/home/ubuntu/ros2_ws/src/build/raspimouse_ros2_examples', 'catkin_cmake_args': None, 'catkin_skip_building_tests': False, 'cmake_args': None, 'cmake_clean_cache': False, 'cmake_clean_first': False, 'cmake_force_configure': False, 'cmake_target': None, 'cmake_target_skip_unavailable': False, 'install_base': '/home/ubuntu/ros2_ws/src/install/raspimouse_ros2_examples', 'merge_install': False, 'path': '/home/ubuntu/ros2_ws/src/raspimouse_ros2_examples', 'symlink_install': True, 'test_result_base': None}
[6.488s] INFO:colcon.colcon_core.executor:Executing jobs using 'parallel' executor
[6.556s] DEBUG:colcon.colcon_parallel_executor.executor.parallel:run_until_complete
[6.557s] INFO:colcon.colcon_ros.task.ament_cmake.build:Building ROS package in '/home/ubuntu/ros2_ws/src/raspimouse2/raspimouse_msgs' with build type 'ament_cmake'
[6.558s] INFO:colcon.colcon_cmake.task.cmake.build:Building CMake package in '/home/ubuntu/ros2_ws/src/raspimouse2/raspimouse_msgs'
[6.705s] INFO:colcon.colcon_core.plugin_system:Skipping extension 'colcon_core.shell.bat': Not used on non-Windows systems
[6.707s] INFO:colcon.colcon_core.shell:Skip shell extension 'powershell' for command environment: Not usable outside of PowerShell
[6.708s] DEBUG:colcon.colcon_core.shell:Skip shell extension 'dsv' for command environment
[7.339s] INFO:colcon.colcon_ros.task.ament_python.build:Building ROS package in '/home/ubuntu/ros2_ws/src/hello' with build type 'ament_python'
[7.341s] Level 1:colcon.colcon_core.shell:create_environment_hook('hello', 'ament_prefix_path')
[7.558s] INFO:colcon.colcon_core.shell:Creating environment hook '/home/ubuntu/ros2_ws/src/install/hello/share/hello/hook/ament_prefix_path.ps1'
[7.564s] INFO:colcon.colcon_core.shell:Creating environment descriptor '/home/ubuntu/ros2_ws/src/install/hello/share/hello/hook/ament_prefix_path.dsv'
[7.571s] INFO:colcon.colcon_core.shell:Creating environment hook '/home/ubuntu/ros2_ws/src/install/hello/share/hello/hook/ament_prefix_path.sh'
[7.791s] INFO:colcon.colcon_core.shell:Skip shell extension 'powershell' for command environment: Not usable outside of PowerShell
[7.792s] DEBUG:colcon.colcon_core.shell:Skip shell extension 'dsv' for command environment
[8.365s] INFO:colcon.colcon_ros.task.ament_python.build:Building ROS package in '/home/ubuntu/ros2_ws/src/robot' with build type 'ament_python'
[8.367s] Level 1:colcon.colcon_core.shell:create_environment_hook('robot', 'ament_prefix_path')
[8.596s] INFO:colcon.colcon_core.shell:Creating environment hook '/home/ubuntu/ros2_ws/src/install/robot/share/robot/hook/ament_prefix_path.ps1'
[8.600s] INFO:colcon.colcon_core.shell:Creating environment descriptor '/home/ubuntu/ros2_ws/src/install/robot/share/robot/hook/ament_prefix_path.dsv'
[8.603s] INFO:colcon.colcon_core.shell:Creating environment hook '/home/ubuntu/ros2_ws/src/install/robot/share/robot/hook/ament_prefix_path.sh'
[8.798s] INFO:colcon.colcon_core.shell:Skip shell extension 'powershell' for command environment: Not usable outside of PowerShell
[8.799s] DEBUG:colcon.colcon_core.shell:Skip shell extension 'dsv' for command environment
[8.899s] DEBUG:colcon.colcon_parallel_executor.executor.parallel:run_until_complete was interrupted
[8.900s] DEBUG:colcon.colcon_parallel_executor.executor.parallel:run_until_complete again
[8.902s] INFO:colcon.colcon_ros.task.ament_python.build:Building ROS package in '/home/ubuntu/ros2_ws/src/robot2' with build type 'ament_python'
[8.903s] Level 1:colcon.colcon_core.shell:create_environment_hook('robot2', 'ament_prefix_path')
[9.245s] INFO:colcon.colcon_core.shell:Creating environment hook '/home/ubuntu/ros2_ws/src/install/robot2/share/robot2/hook/ament_prefix_path.ps1'
[9.249s] INFO:colcon.colcon_core.shell:Creating environment descriptor '/home/ubuntu/ros2_ws/src/install/robot2/share/robot2/hook/ament_prefix_path.dsv'
[9.252s] INFO:colcon.colcon_core.shell:Creating environment hook '/home/ubuntu/ros2_ws/src/install/robot2/share/robot2/hook/ament_prefix_path.sh'
[9.454s] INFO:colcon.colcon_core.shell:Skip shell extension 'powershell' for command environment: Not usable outside of PowerShell
[9.455s] DEBUG:colcon.colcon_core.shell:Skip shell extension 'dsv' for command environment
[10.081s] DEBUG:colcon.colcon_parallel_executor.executor.parallel:run_until_complete finished
[10.082s] DEBUG:colcon.colcon_parallel_executor.executor.parallel:closing loop
[10.083s] DEBUG:colcon.colcon_parallel_executor.executor.parallel:loop closed
[10.084s] DEBUG:colcon.colcon_core.event_reactor:joining thread
[10.394s] INFO:colcon.colcon_core.plugin_system:Skipping extension 'colcon_notification.desktop_notification.terminal_notifier': Not used on non-Darwin systems
[10.395s] INFO:colcon.colcon_core.plugin_system:Skipping extension 'colcon_notification.desktop_notification.win32': Not used on non-Windows systems
[10.395s] INFO:colcon.colcon_notification.desktop_notification:Sending desktop notification using 'notify2'
[10.556s] DEBUG:colcon.colcon_core.event_reactor:joined thread
[10.807s] INFO:colcon.colcon_core.shell:Creating prefix script '/home/ubuntu/ros2_ws/src/install/local_setup.ps1'
[10.816s] INFO:colcon.colcon_core.shell:Creating prefix util module '/home/ubuntu/ros2_ws/src/install/_local_setup_util_ps1.py'
[10.831s] INFO:colcon.colcon_core.shell:Creating prefix chain script '/home/ubuntu/ros2_ws/src/install/setup.ps1'
[10.996s] INFO:colcon.colcon_core.shell:Creating prefix script '/home/ubuntu/ros2_ws/src/install/local_setup.sh'
[10.999s] INFO:colcon.colcon_core.shell:Creating prefix util module '/home/ubuntu/ros2_ws/src/install/_local_setup_util_sh.py'
[11.001s] INFO:colcon.colcon_core.shell:Creating prefix chain script '/home/ubuntu/ros2_ws/src/install/setup.sh'
[11.069s] INFO:colcon.colcon_core.shell:Creating prefix script '/home/ubuntu/ros2_ws/src/install/local_setup.bash'
[11.071s] INFO:colcon.colcon_core.shell:Creating prefix chain script '/home/ubuntu/ros2_ws/src/install/setup.bash'
[11.142s] INFO:colcon.colcon_core.shell:Creating prefix script '/home/ubuntu/ros2_ws/src/install/local_setup.zsh'
[11.145s] INFO:colcon.colcon_core.shell:Creating prefix chain script '/home/ubuntu/ros2_ws/src/install/setup.zsh'
