[4.523s] DEBUG:colcon:Command line arguments: ['/usr/bin/colcon', 'build', '--packages-select', 'hello']
[4.524s] DEBUG:colcon:Parsed command line arguments: Namespace(log_base=None, log_level=None, verb_name='build', build_base='build', install_base='install', merge_install=False, symlink_install=False, test_result_base=None, continue_on_error=False, executor='parallel', parallel_workers=4, event_handlers=None, ignore_user_meta=False, metas=['./colcon.meta'], base_paths=['.'], packages_ignore=None, packages_ignore_regex=None, paths=None, packages_up_to=None, packages_up_to_regex=None, packages_above=None, packages_above_and_dependencies=None, packages_above_depth=None, packages_select_by_dep=None, packages_skip_by_dep=None, packages_skip_up_to=None, packages_select_build_failed=False, packages_skip_build_finished=False, packages_select_test_failures=False, packages_skip_test_passed=False, packages_select=['hello'], packages_skip=None, packages_select_regex=None, packages_skip_regex=None, packages_start=None, packages_end=None, allow_overriding=[], cmake_args=None, cmake_target=None, cmake_target_skip_unavailable=False, cmake_clean_cache=False, cmake_clean_first=False, cmake_force_configure=False, ament_cmake_args=None, catkin_cmake_args=None, catkin_skip_building_tests=False, verb_parser=<colcon_defaults.argument_parser.defaults.DefaultArgumentsDecorator object at 0xffffadf9c310>, verb_extension=<colcon_core.verb.build.BuildVerb object at 0xffffadf9ead0>, main=<bound method BuildVerb.main of <colcon_core.verb.build.BuildVerb object at 0xffffadf9ead0>>)
[4.752s] Level 1:colcon.colcon_core.package_discovery:discover_packages(colcon_meta) check parameters
[4.753s] Level 1:colcon.colcon_core.package_discovery:discover_packages(recursive) check parameters
[4.753s] Level 1:colcon.colcon_core.package_discovery:discover_packages(ignore) check parameters
[4.753s] Level 1:colcon.colcon_core.package_discovery:discover_packages(path) check parameters
[4.753s] Level 1:colcon.colcon_core.package_discovery:discover_packages(colcon_meta) discover
[4.754s] Level 1:colcon.colcon_core.package_discovery:discover_packages(recursive) discover
[4.754s] INFO:colcon.colcon_core.package_discovery:Crawling recursively for packages in '/home/ubuntu/ros2_ws/src'
[4.754s] Level 1:colcon.colcon_core.package_identification:_identify(.) by extensions ['ignore', 'ignore_ament_install']
[4.755s] Level 1:colcon.colcon_core.package_identification:_identify(.) by extension 'ignore'
[4.755s] Level 1:colcon.colcon_core.package_identification:_identify(.) by extension 'ignore_ament_install'
[4.755s] Level 1:colcon.colcon_core.package_identification:_identify(.) by extensions ['colcon_pkg']
[4.755s] Level 1:colcon.colcon_core.package_identification:_identify(.) by extension 'colcon_pkg'
[4.756s] Level 1:colcon.colcon_core.package_identification:_identify(.) by extensions ['colcon_meta']
[4.756s] Level 1:colcon.colcon_core.package_identification:_identify(.) by extension 'colcon_meta'
[4.756s] Level 1:colcon.colcon_core.package_identification:_identify(.) by extensions ['ros']
[4.756s] Level 1:colcon.colcon_core.package_identification:_identify(.) by extension 'ros'
[4.804s] Level 1:colcon.colcon_core.package_identification:_identify(.) by extensions ['cmake', 'python']
[4.804s] Level 1:colcon.colcon_core.package_identification:_identify(.) by extension 'cmake'
[4.804s] Level 1:colcon.colcon_core.package_identification:_identify(.) by extension 'python'
[4.804s] Level 1:colcon.colcon_core.package_identification:_identify(.) by extensions ['python_setup_py']
[4.805s] Level 1:colcon.colcon_core.package_identification:_identify(.) by extension 'python_setup_py'
[4.805s] Level 1:colcon.colcon_core.package_identification:_identify(build) by extensions ['ignore', 'ignore_ament_install']
[4.806s] Level 1:colcon.colcon_core.package_identification:_identify(build) by extension 'ignore'
[4.806s] Level 1:colcon.colcon_core.package_identification:_identify(build) ignored
[4.806s] Level 1:colcon.colcon_core.package_identification:_identify(hello) by extensions ['ignore', 'ignore_ament_install']
[4.807s] Level 1:colcon.colcon_core.package_identification:_identify(hello) by extension 'ignore'
[4.807s] Level 1:colcon.colcon_core.package_identification:_identify(hello) by extension 'ignore_ament_install'
[4.807s] Level 1:colcon.colcon_core.package_identification:_identify(hello) by extensions ['colcon_pkg']
[4.808s] Level 1:colcon.colcon_core.package_identification:_identify(hello) by extension 'colcon_pkg'
[4.808s] Level 1:colcon.colcon_core.package_identification:_identify(hello) by extensions ['colcon_meta']
[4.808s] Level 1:colcon.colcon_core.package_identification:_identify(hello) by extension 'colcon_meta'
[4.808s] Level 1:colcon.colcon_core.package_identification:_identify(hello) by extensions ['ros']
[4.808s] Level 1:colcon.colcon_core.package_identification:_identify(hello) by extension 'ros'
[4.817s] DEBUG:colcon.colcon_core.package_identification:Package 'hello' with type 'ros.ament_python' and name 'hello'
[4.818s] Level 1:colcon.colcon_core.package_identification:_identify(install) by extensions ['ignore', 'ignore_ament_install']
[4.818s] Level 1:colcon.colcon_core.package_identification:_identify(install) by extension 'ignore'
[4.818s] Level 1:colcon.colcon_core.package_identification:_identify(install) ignored
[4.819s] Level 1:colcon.colcon_core.package_identification:_identify(log) by extensions ['ignore', 'ignore_ament_install']
[4.819s] Level 1:colcon.colcon_core.package_identification:_identify(log) by extension 'ignore'
[4.819s] Level 1:colcon.colcon_core.package_identification:_identify(log) ignored
[4.820s] Level 1:colcon.colcon_core.package_identification:_identify(mr_exp_samples) by extensions ['ignore', 'ignore_ament_install']
[4.820s] Level 1:colcon.colcon_core.package_identification:_identify(mr_exp_samples) by extension 'ignore'
[4.821s] Level 1:colcon.colcon_core.package_identification:_identify(mr_exp_samples) by extension 'ignore_ament_install'
[4.821s] Level 1:colcon.colcon_core.package_identification:_identify(mr_exp_samples) by extensions ['colcon_pkg']
[4.821s] Level 1:colcon.colcon_core.package_identification:_identify(mr_exp_samples) by extension 'colcon_pkg'
[4.821s] Level 1:colcon.colcon_core.package_identification:_identify(mr_exp_samples) by extensions ['colcon_meta']
[4.821s] Level 1:colcon.colcon_core.package_identification:_identify(mr_exp_samples) by extension 'colcon_meta'
[4.822s] Level 1:colcon.colcon_core.package_identification:_identify(mr_exp_samples) by extensions ['ros']
[4.822s] Level 1:colcon.colcon_core.package_identification:_identify(mr_exp_samples) by extension 'ros'
[4.823s] DEBUG:colcon.colcon_core.package_identification:Package 'mr_exp_samples' with type 'ros.ament_python' and name 'mr_exp_samples'
[4.824s] Level 1:colcon.colcon_core.package_identification:_identify(raspimouse2) by extensions ['ignore', 'ignore_ament_install']
[4.825s] Level 1:colcon.colcon_core.package_identification:_identify(raspimouse2) by extension 'ignore'
[4.825s] Level 1:colcon.colcon_core.package_identification:_identify(raspimouse2) by extension 'ignore_ament_install'
[4.825s] Level 1:colcon.colcon_core.package_identification:_identify(raspimouse2) by extensions ['colcon_pkg']
[4.825s] Level 1:colcon.colcon_core.package_identification:_identify(raspimouse2) by extension 'colcon_pkg'
[4.826s] Level 1:colcon.colcon_core.package_identification:_identify(raspimouse2) by extensions ['colcon_meta']
[4.826s] Level 1:colcon.colcon_core.package_identification:_identify(raspimouse2) by extension 'colcon_meta'
[4.826s] Level 1:colcon.colcon_core.package_identification:_identify(raspimouse2) by extensions ['ros']
[4.826s] Level 1:colcon.colcon_core.package_identification:_identify(raspimouse2) by extension 'ros'
[4.826s] Level 1:colcon.colcon_core.package_identification:_identify(raspimouse2) by extensions ['cmake', 'python']
[4.826s] Level 1:colcon.colcon_core.package_identification:_identify(raspimouse2) by extension 'cmake'
[4.827s] Level 1:colcon.colcon_core.package_identification:_identify(raspimouse2) by extension 'python'
[4.827s] Level 1:colcon.colcon_core.package_identification:_identify(raspimouse2) by extensions ['python_setup_py']
[4.827s] Level 1:colcon.colcon_core.package_identification:_identify(raspimouse2) by extension 'python_setup_py'
[4.828s] Level 1:colcon.colcon_core.package_identification:_identify(raspimouse2/raspimouse) by extensions ['ignore', 'ignore_ament_install']
[4.828s] Level 1:colcon.colcon_core.package_identification:_identify(raspimouse2/raspimouse) by extension 'ignore'
[4.828s] Level 1:colcon.colcon_core.package_identification:_identify(raspimouse2/raspimouse) by extension 'ignore_ament_install'
[4.829s] Level 1:colcon.colcon_core.package_identification:_identify(raspimouse2/raspimouse) by extensions ['colcon_pkg']
[4.829s] Level 1:colcon.colcon_core.package_identification:_identify(raspimouse2/raspimouse) by extension 'colcon_pkg'
[4.829s] Level 1:colcon.colcon_core.package_identification:_identify(raspimouse2/raspimouse) by extensions ['colcon_meta']
[4.829s] Level 1:colcon.colcon_core.package_identification:_identify(raspimouse2/raspimouse) by extension 'colcon_meta'
[4.829s] Level 1:colcon.colcon_core.package_identification:_identify(raspimouse2/raspimouse) by extensions ['ros']
[4.829s] Level 1:colcon.colcon_core.package_identification:_identify(raspimouse2/raspimouse) by extension 'ros'
[4.833s] DEBUG:colcon.colcon_core.package_identification:Package 'raspimouse2/raspimouse' with type 'ros.ament_cmake' and name 'raspimouse'
[4.833s] Level 1:colcon.colcon_core.package_identification:_identify(raspimouse2/raspimouse_msgs) by extensions ['ignore', 'ignore_ament_install']
[4.834s] Level 1:colcon.colcon_core.package_identification:_identify(raspimouse2/raspimouse_msgs) by extension 'ignore'
[4.834s] Level 1:colcon.colcon_core.package_identification:_identify(raspimouse2/raspimouse_msgs) by extension 'ignore_ament_install'
[4.834s] Level 1:colcon.colcon_core.package_identification:_identify(raspimouse2/raspimouse_msgs) by extensions ['colcon_pkg']
[4.835s] Level 1:colcon.colcon_core.package_identification:_identify(raspimouse2/raspimouse_msgs) by extension 'colcon_pkg'
[4.835s] Level 1:colcon.colcon_core.package_identification:_identify(raspimouse2/raspimouse_msgs) by extensions ['colcon_meta']
[4.835s] Level 1:colcon.colcon_core.package_identification:_identify(raspimouse2/raspimouse_msgs) by extension 'colcon_meta'
[4.835s] Level 1:colcon.colcon_core.package_identification:_identify(raspimouse2/raspimouse_msgs) by extensions ['ros']
[4.835s] Level 1:colcon.colcon_core.package_identification:_identify(raspimouse2/raspimouse_msgs) by extension 'ros'
[4.837s] DEBUG:colcon.colcon_core.package_identification:Package 'raspimouse2/raspimouse_msgs' with type 'ros.ament_cmake' and name 'raspimouse_msgs'
[4.838s] Level 1:colcon.colcon_core.package_identification:_identify(raspimouse_ros2_examples) by extensions ['ignore', 'ignore_ament_install']
[4.839s] Level 1:colcon.colcon_core.package_identification:_identify(raspimouse_ros2_examples) by extension 'ignore'
[4.839s] Level 1:colcon.colcon_core.package_identification:_identify(raspimouse_ros2_examples) by extension 'ignore_ament_install'
[4.839s] Level 1:colcon.colcon_core.package_identification:_identify(raspimouse_ros2_examples) by extensions ['colcon_pkg']
[4.839s] Level 1:colcon.colcon_core.package_identification:_identify(raspimouse_ros2_examples) by extension 'colcon_pkg'
[4.839s] Level 1:colcon.colcon_core.package_identification:_identify(raspimouse_ros2_examples) by extensions ['colcon_meta']
[4.840s] Level 1:colcon.colcon_core.package_identification:_identify(raspimouse_ros2_examples) by extension 'colcon_meta'
[4.840s] Level 1:colcon.colcon_core.package_identification:_identify(raspimouse_ros2_examples) by extensions ['ros']
[4.840s] Level 1:colcon.colcon_core.package_identification:_identify(raspimouse_ros2_examples) by extension 'ros'
[4.847s] DEBUG:colcon.colcon_core.package_identification:Package 'raspimouse_ros2_examples' with type 'ros.ament_cmake' and name 'raspimouse_ros2_examples'
[4.848s] Level 1:colcon.colcon_core.package_identification:_identify(text_to_speech) by extensions ['ignore', 'ignore_ament_install']
[4.848s] Level 1:colcon.colcon_core.package_identification:_identify(text_to_speech) by extension 'ignore'
[4.849s] Level 1:colcon.colcon_core.package_identification:_identify(text_to_speech) by extension 'ignore_ament_install'
[4.849s] Level 1:colcon.colcon_core.package_identification:_identify(text_to_speech) by extensions ['colcon_pkg']
[4.849s] Level 1:colcon.colcon_core.package_identification:_identify(text_to_speech) by extension 'colcon_pkg'
[4.849s] Level 1:colcon.colcon_core.package_identification:_identify(text_to_speech) by extensions ['colcon_meta']
[4.849s] Level 1:colcon.colcon_core.package_identification:_identify(text_to_speech) by extension 'colcon_meta'
[4.850s] Level 1:colcon.colcon_core.package_identification:_identify(text_to_speech) by extensions ['ros']
[4.850s] Level 1:colcon.colcon_core.package_identification:_identify(text_to_speech) by extension 'ros'
[4.850s] Level 1:colcon.colcon_core.package_identification:_identify(text_to_speech) by extensions ['cmake', 'python']
[4.850s] Level 1:colcon.colcon_core.package_identification:_identify(text_to_speech) by extension 'cmake'
[4.850s] Level 1:colcon.colcon_core.package_identification:_identify(text_to_speech) by extension 'python'
[4.851s] Level 1:colcon.colcon_core.package_identification:_identify(text_to_speech) by extensions ['python_setup_py']
[4.851s] Level 1:colcon.colcon_core.package_identification:_identify(text_to_speech) by extension 'python_setup_py'
[4.851s] Level 1:colcon.colcon_core.package_identification:_identify(text_to_speech/text_to_speech) by extensions ['ignore', 'ignore_ament_install']
[4.852s] Level 1:colcon.colcon_core.package_identification:_identify(text_to_speech/text_to_speech) by extension 'ignore'
[4.852s] Level 1:colcon.colcon_core.package_identification:_identify(text_to_speech/text_to_speech) by extension 'ignore_ament_install'
[4.852s] Level 1:colcon.colcon_core.package_identification:_identify(text_to_speech/text_to_speech) by extensions ['colcon_pkg']
[4.852s] Level 1:colcon.colcon_core.package_identification:_identify(text_to_speech/text_to_speech) by extension 'colcon_pkg'
[4.853s] Level 1:colcon.colcon_core.package_identification:_identify(text_to_speech/text_to_speech) by extensions ['colcon_meta']
[4.853s] Level 1:colcon.colcon_core.package_identification:_identify(text_to_speech/text_to_speech) by extension 'colcon_meta'
[4.854s] Level 1:colcon.colcon_core.package_identification:_identify(text_to_speech/text_to_speech) by extensions ['ros']
[4.854s] Level 1:colcon.colcon_core.package_identification:_identify(text_to_speech/text_to_speech) by extension 'ros'
[4.856s] DEBUG:colcon.colcon_core.package_identification:Package 'text_to_speech/text_to_speech' with type 'ros.ament_python' and name 'text_to_speech'
[4.857s] Level 1:colcon.colcon_core.package_identification:_identify(text_to_speech/text_to_speech_msgs) by extensions ['ignore', 'ignore_ament_install']
[4.857s] Level 1:colcon.colcon_core.package_identification:_identify(text_to_speech/text_to_speech_msgs) by extension 'ignore'
[4.858s] Level 1:colcon.colcon_core.package_identification:_identify(text_to_speech/text_to_speech_msgs) by extension 'ignore_ament_install'
[4.858s] Level 1:colcon.colcon_core.package_identification:_identify(text_to_speech/text_to_speech_msgs) by extensions ['colcon_pkg']
[4.858s] Level 1:colcon.colcon_core.package_identification:_identify(text_to_speech/text_to_speech_msgs) by extension 'colcon_pkg'
[4.858s] Level 1:colcon.colcon_core.package_identification:_identify(text_to_speech/text_to_speech_msgs) by extensions ['colcon_meta']
[4.858s] Level 1:colcon.colcon_core.package_identification:_identify(text_to_speech/text_to_speech_msgs) by extension 'colcon_meta'
[4.859s] Level 1:colcon.colcon_core.package_identification:_identify(text_to_speech/text_to_speech_msgs) by extensions ['ros']
[4.859s] Level 1:colcon.colcon_core.package_identification:_identify(text_to_speech/text_to_speech_msgs) by extension 'ros'
[4.861s] DEBUG:colcon.colcon_core.package_identification:Package 'text_to_speech/text_to_speech_msgs' with type 'ros.ament_cmake' and name 'text_to_speech_msgs'
[4.861s] Level 1:colcon.colcon_core.package_discovery:discover_packages(recursive) using defaults
[4.861s] Level 1:colcon.colcon_core.package_discovery:discover_packages(ignore) discover
[4.861s] Level 1:colcon.colcon_core.package_discovery:discover_packages(ignore) using defaults
[4.862s] Level 1:colcon.colcon_core.package_discovery:discover_packages(path) discover
[4.862s] Level 1:colcon.colcon_core.package_discovery:discover_packages(path) using defaults
[5.143s] INFO:colcon.colcon_core.package_selection:Skipping not selected package 'mr_exp_samples' in 'mr_exp_samples'
[5.143s] INFO:colcon.colcon_core.package_selection:Skipping not selected package 'raspimouse_msgs' in 'raspimouse2/raspimouse_msgs'
[5.144s] INFO:colcon.colcon_core.package_selection:Skipping not selected package 'text_to_speech' in 'text_to_speech/text_to_speech'
[5.144s] INFO:colcon.colcon_core.package_selection:Skipping not selected package 'text_to_speech_msgs' in 'text_to_speech/text_to_speech_msgs'
[5.144s] INFO:colcon.colcon_core.package_selection:Skipping not selected package 'raspimouse' in 'raspimouse2/raspimouse'
[5.144s] INFO:colcon.colcon_core.package_selection:Skipping not selected package 'raspimouse_ros2_examples' in 'raspimouse_ros2_examples'
[5.366s] Level 1:colcon.colcon_core.package_discovery:discover_packages(prefix_path) check parameters
[5.367s] Level 1:colcon.colcon_core.package_discovery:discover_packages(prefix_path) discover
[5.617s] DEBUG:colcon.colcon_installed_package_information.package_discovery:Found 6 installed packages in /home/ubuntu/ros2_ws/install
[5.694s] DEBUG:colcon.colcon_installed_package_information.package_discovery:Found 287 installed packages in /opt/ros/humble
[5.702s] Level 1:colcon.colcon_core.package_discovery:discover_packages(prefix_path) using defaults
[6.111s] Level 5:colcon.colcon_core.verb:set package 'hello' build argument 'cmake_args' from command line to 'None'
[6.112s] Level 5:colcon.colcon_core.verb:set package 'hello' build argument 'cmake_target' from command line to 'None'
[6.112s] Level 5:colcon.colcon_core.verb:set package 'hello' build argument 'cmake_target_skip_unavailable' from command line to 'False'
[6.112s] Level 5:colcon.colcon_core.verb:set package 'hello' build argument 'cmake_clean_cache' from command line to 'False'
[6.112s] Level 5:colcon.colcon_core.verb:set package 'hello' build argument 'cmake_clean_first' from command line to 'False'
[6.112s] Level 5:colcon.colcon_core.verb:set package 'hello' build argument 'cmake_force_configure' from command line to 'False'
[6.112s] Level 5:colcon.colcon_core.verb:set package 'hello' build argument 'ament_cmake_args' from command line to 'None'
[6.113s] Level 5:colcon.colcon_core.verb:set package 'hello' build argument 'catkin_cmake_args' from command line to 'None'
[6.113s] Level 5:colcon.colcon_core.verb:set package 'hello' build argument 'catkin_skip_building_tests' from command line to 'False'
[6.113s] DEBUG:colcon.colcon_core.verb:Building package 'hello' with the following arguments: {'ament_cmake_args': None, 'build_base': '/home/ubuntu/ros2_ws/src/build/hello', 'catkin_cmake_args': None, 'catkin_skip_building_tests': False, 'cmake_args': None, 'cmake_clean_cache': False, 'cmake_clean_first': False, 'cmake_force_configure': False, 'cmake_target': None, 'cmake_target_skip_unavailable': False, 'install_base': '/home/ubuntu/ros2_ws/src/install/hello', 'merge_install': False, 'path': '/home/ubuntu/ros2_ws/src/hello', 'symlink_install': False, 'test_result_base': None}
[6.175s] INFO:colcon.colcon_core.executor:Executing jobs using 'parallel' executor
[6.244s] DEBUG:colcon.colcon_parallel_executor.executor.parallel:run_until_complete
[6.245s] INFO:colcon.colcon_ros.task.ament_python.build:Building ROS package in '/home/ubuntu/ros2_ws/src/hello' with build type 'ament_python'
[6.246s] Level 1:colcon.colcon_core.shell:create_environment_hook('hello', 'ament_prefix_path')
[6.377s] INFO:colcon.colcon_core.plugin_system:Skipping extension 'colcon_core.shell.bat': Not used on non-Windows systems
[6.379s] INFO:colcon.colcon_core.shell:Creating environment hook '/home/ubuntu/ros2_ws/src/install/hello/share/hello/hook/ament_prefix_path.ps1'
[6.384s] INFO:colcon.colcon_core.shell:Creating environment descriptor '/home/ubuntu/ros2_ws/src/install/hello/share/hello/hook/ament_prefix_path.dsv'
[6.387s] INFO:colcon.colcon_core.shell:Creating environment hook '/home/ubuntu/ros2_ws/src/install/hello/share/hello/hook/ament_prefix_path.sh'
[6.601s] INFO:colcon.colcon_core.shell:Skip shell extension 'powershell' for command environment: Not usable outside of PowerShell
[6.602s] DEBUG:colcon.colcon_core.shell:Skip shell extension 'dsv' for command environment
[9.946s] INFO:colcon.colcon_core.task.python.build:Building Python package in '/home/ubuntu/ros2_ws/src/hello'
[10.120s] INFO:colcon.colcon_core.shell:Skip shell extension 'powershell' for command environment: Not usable outside of PowerShell
[10.122s] DEBUG:colcon.colcon_core.shell:Skip shell extension 'dsv' for command environment
[14.102s] DEBUG:colcon.colcon_core.event_handler.log_command:Invoking command in '/home/ubuntu/ros2_ws/src/hello': PYTHONPATH=/home/ubuntu/ros2_ws/src/build/hello/prefix_override:/home/ubuntu/ros2_ws/src/install/hello/lib/python3.10/site-packages:${PYTHONPATH} /usr/bin/python3 setup.py egg_info --egg-base ../build/hello build --build-base /home/ubuntu/ros2_ws/src/build/hello/build install --record /home/ubuntu/ros2_ws/src/build/hello/install.log --single-version-externally-managed
[17.591s] DEBUG:colcon.colcon_core.event_handler.log_command:Invoked command in '/home/ubuntu/ros2_ws/src/hello' returned '0': PYTHONPATH=/home/ubuntu/ros2_ws/src/build/hello/prefix_override:/home/ubuntu/ros2_ws/src/install/hello/lib/python3.10/site-packages:${PYTHONPATH} /usr/bin/python3 setup.py egg_info --egg-base ../build/hello build --build-base /home/ubuntu/ros2_ws/src/build/hello/build install --record /home/ubuntu/ros2_ws/src/build/hello/install.log --single-version-externally-managed
[17.782s] Level 1:colcon.colcon_core.environment:checking '/home/ubuntu/ros2_ws/src/install/hello' for CMake module files
[17.787s] Level 1:colcon.colcon_core.environment:checking '/home/ubuntu/ros2_ws/src/install/hello' for CMake config files
[17.793s] Level 1:colcon.colcon_core.environment:checking '/home/ubuntu/ros2_ws/src/install/hello/lib'
[17.796s] Level 1:colcon.colcon_core.environment:checking '/home/ubuntu/ros2_ws/src/install/hello/bin'
[17.798s] Level 1:colcon.colcon_core.environment:checking '/home/ubuntu/ros2_ws/src/install/hello/lib/pkgconfig/hello.pc'
[17.801s] Level 1:colcon.colcon_core.environment:checking '/home/ubuntu/ros2_ws/src/install/hello/lib/python3.10/site-packages'
[17.802s] Level 1:colcon.colcon_core.shell:create_environment_hook('hello', 'pythonpath')
[17.941s] INFO:colcon.colcon_core.shell:Creating environment hook '/home/ubuntu/ros2_ws/src/install/hello/share/hello/hook/pythonpath.ps1'
[17.946s] INFO:colcon.colcon_core.shell:Creating environment descriptor '/home/ubuntu/ros2_ws/src/install/hello/share/hello/hook/pythonpath.dsv'
[17.951s] INFO:colcon.colcon_core.shell:Creating environment hook '/home/ubuntu/ros2_ws/src/install/hello/share/hello/hook/pythonpath.sh'
[17.958s] Level 1:colcon.colcon_core.environment:checking '/home/ubuntu/ros2_ws/src/install/hello/bin'
[17.960s] Level 1:colcon.colcon_core.environment:create_environment_scripts_only(hello)
[18.137s] INFO:colcon.colcon_core.shell:Creating package script '/home/ubuntu/ros2_ws/src/install/hello/share/hello/package.ps1'
[18.143s] INFO:colcon.colcon_core.shell:Creating package descriptor '/home/ubuntu/ros2_ws/src/install/hello/share/hello/package.dsv'
[18.149s] INFO:colcon.colcon_core.shell:Creating package script '/home/ubuntu/ros2_ws/src/install/hello/share/hello/package.sh'
[18.157s] INFO:colcon.colcon_core.shell:Creating package script '/home/ubuntu/ros2_ws/src/install/hello/share/hello/package.bash'
[18.165s] INFO:colcon.colcon_core.shell:Creating package script '/home/ubuntu/ros2_ws/src/install/hello/share/hello/package.zsh'
[18.172s] Level 1:colcon.colcon_core.environment:create_file_with_runtime_dependencies(/home/ubuntu/ros2_ws/src/install/hello/share/colcon-core/packages/hello)
[18.175s] DEBUG:colcon.colcon_parallel_executor.executor.parallel:closing loop
[18.177s] DEBUG:colcon.colcon_parallel_executor.executor.parallel:loop closed
[18.179s] DEBUG:colcon.colcon_parallel_executor.executor.parallel:run_until_complete finished with '0'
[18.180s] DEBUG:colcon.colcon_core.event_reactor:joining thread
[18.451s] INFO:colcon.colcon_core.plugin_system:Skipping extension 'colcon_notification.desktop_notification.terminal_notifier': Not used on non-Darwin systems
[18.452s] INFO:colcon.colcon_core.plugin_system:Skipping extension 'colcon_notification.desktop_notification.win32': Not used on non-Windows systems
[18.453s] INFO:colcon.colcon_notification.desktop_notification:Sending desktop notification using 'notify2'
[18.540s] DEBUG:colcon.colcon_core.event_reactor:joined thread
[18.715s] INFO:colcon.colcon_core.shell:Creating prefix script '/home/ubuntu/ros2_ws/src/install/local_setup.ps1'
[18.719s] INFO:colcon.colcon_core.shell:Creating prefix util module '/home/ubuntu/ros2_ws/src/install/_local_setup_util_ps1.py'
[18.726s] INFO:colcon.colcon_core.shell:Creating prefix chain script '/home/ubuntu/ros2_ws/src/install/setup.ps1'
[18.801s] INFO:colcon.colcon_core.shell:Creating prefix script '/home/ubuntu/ros2_ws/src/install/local_setup.sh'
[18.804s] INFO:colcon.colcon_core.shell:Creating prefix util module '/home/ubuntu/ros2_ws/src/install/_local_setup_util_sh.py'
[18.806s] INFO:colcon.colcon_core.shell:Creating prefix chain script '/home/ubuntu/ros2_ws/src/install/setup.sh'
[18.879s] INFO:colcon.colcon_core.shell:Creating prefix script '/home/ubuntu/ros2_ws/src/install/local_setup.bash'
[18.881s] INFO:colcon.colcon_core.shell:Creating prefix chain script '/home/ubuntu/ros2_ws/src/install/setup.bash'
[18.956s] INFO:colcon.colcon_core.shell:Creating prefix script '/home/ubuntu/ros2_ws/src/install/local_setup.zsh'
[18.959s] INFO:colcon.colcon_core.shell:Creating prefix chain script '/home/ubuntu/ros2_ws/src/install/setup.zsh'
