[9.648s] Invoking command in '/home/ubuntu/ros2_ws/src/hello': PYTHONPATH=/home/ubuntu/ros2_ws/src/build/hello/prefix_override:/home/ubuntu/ros2_ws/src/install/hello/lib/python3.10/site-packages:${PYTHONPATH} /usr/bin/python3 setup.py egg_info --egg-base ../build/hello build --build-base /home/ubuntu/ros2_ws/src/build/hello/build install --record /home/ubuntu/ros2_ws/src/build/hello/install.log --single-version-externally-managed
[12.437s] running egg_info
[12.439s] writing ../build/hello/hello.egg-info/PKG-INFO
[12.446s] writing dependency_links to ../build/hello/hello.egg-info/dependency_links.txt
[12.447s] writing entry points to ../build/hello/hello.egg-info/entry_points.txt
[12.447s] writing requirements to ../build/hello/hello.egg-info/requires.txt
[12.448s] writing top-level names to ../build/hello/hello.egg-info/top_level.txt
[12.453s] reading manifest file '../build/hello/hello.egg-info/SOURCES.txt'
[12.475s] writing manifest file '../build/hello/hello.egg-info/SOURCES.txt'
[12.492s] running build
[12.492s] running build_py
[12.498s] copying hello/lifecycle_node_manager.py -> /home/ubuntu/ros2_ws/src/build/hello/build/lib/hello
[12.499s] copying hello/line_follower_component.py -> /home/ubuntu/ros2_ws/src/build/hello/build/lib/hello
[12.502s] running install
[12.503s] running install_lib
[12.513s] copying /home/ubuntu/ros2_ws/src/build/hello/build/lib/hello/lifecycle_node_manager.py -> /home/ubuntu/ros2_ws/src/install/hello/lib/python3.10/site-packages/hello
[12.515s] copying /home/ubuntu/ros2_ws/src/build/hello/build/lib/hello/line_follower_component.py -> /home/ubuntu/ros2_ws/src/install/hello/lib/python3.10/site-packages/hello
[12.523s] byte-compiling /home/ubuntu/ros2_ws/src/install/hello/lib/python3.10/site-packages/hello/lifecycle_node_manager.py to lifecycle_node_manager.cpython-310.pyc
[12.533s] byte-compiling /home/ubuntu/ros2_ws/src/install/hello/lib/python3.10/site-packages/hello/line_follower_component.py to line_follower_component.cpython-310.pyc
[12.551s] running install_data
[12.560s] copying launch/topic_launch.py -> /home/ubuntu/ros2_ws/src/install/hello/share/hello
[12.562s] copying launch/line_follower_launch.py -> /home/ubuntu/ros2_ws/src/install/hello/share/hello
[12.564s] running install_egg_info
[12.577s] removing '/home/ubuntu/ros2_ws/src/install/hello/lib/python3.10/site-packages/hello-0.0.0-py3.10.egg-info' (and everything under it)
[12.580s] Copying ../build/hello/hello.egg-info to /home/ubuntu/ros2_ws/src/install/hello/lib/python3.10/site-packages/hello-0.0.0-py3.10.egg-info
[13.189s] running install_scripts
[13.439s] Installing hello_node script to /home/ubuntu/ros2_ws/src/install/hello/lib/hello
[13.441s] Installing hello_publisher script to /home/ubuntu/ros2_ws/src/install/hello/lib/hello
[13.443s] Installing hello_subscriber script to /home/ubuntu/ros2_ws/src/install/hello/lib/hello
[13.446s] Installing joypad_mouse_controller script to /home/ubuntu/ros2_ws/src/install/hello/lib/hello
[13.448s] Installing lightsensor_monitor script to /home/ubuntu/ros2_ws/src/install/hello/lib/hello
[13.458s] Installing line_follower script to /home/ubuntu/ros2_ws/src/install/hello/lib/hello
[13.466s] writing list of installed files to '/home/ubuntu/ros2_ws/src/build/hello/install.log'
[13.766s] Invoked command in '/home/ubuntu/ros2_ws/src/hello' returned '0': PYTHONPATH=/home/ubuntu/ros2_ws/src/build/hello/prefix_override:/home/ubuntu/ros2_ws/src/install/hello/lib/python3.10/site-packages:${PYTHONPATH} /usr/bin/python3 setup.py egg_info --egg-base ../build/hello build --build-base /home/ubuntu/ros2_ws/src/build/hello/build install --record /home/ubuntu/ros2_ws/src/build/hello/install.log --single-version-externally-managed
