[8.141s] Invoking command in '/home/ubuntu/ros2_ws/src/hello': PYTHONPATH=/home/ubuntu/ros2_ws/src/build/hello/prefix_override:/home/ubuntu/ros2_ws/src/install/hello/lib/python3.10/site-packages:${PYTHONPATH} /usr/bin/python3 setup.py egg_info --egg-base ../build/hello build --build-base /home/ubuntu/ros2_ws/src/build/hello/build install --record /home/ubuntu/ros2_ws/src/build/hello/install.log --single-version-externally-managed
[10.570s] running egg_info
[10.575s] writing ../build/hello/hello.egg-info/PKG-INFO
[10.577s] writing dependency_links to ../build/hello/hello.egg-info/dependency_links.txt
[10.579s] writing entry points to ../build/hello/hello.egg-info/entry_points.txt
[10.580s] writing requirements to ../build/hello/hello.egg-info/requires.txt
[10.582s] writing top-level names to ../build/hello/hello.egg-info/top_level.txt
[10.597s] reading manifest file '../build/hello/hello.egg-info/SOURCES.txt'
[10.605s] writing manifest file '../build/hello/hello.egg-info/SOURCES.txt'
[10.608s] running build
[10.609s] running build_py
[10.618s] running install
[10.623s] running install_lib
[10.637s] running install_data
[10.643s] copying launch/topic_launch.py -> /home/ubuntu/ros2_ws/src/install/hello/share/hello
[10.645s] running install_egg_info
[10.664s] removing '/home/ubuntu/ros2_ws/src/install/hello/lib/python3.10/site-packages/hello-0.0.0-py3.10.egg-info' (and everything under it)
[10.668s] Copying ../build/hello/hello.egg-info to /home/ubuntu/ros2_ws/src/install/hello/lib/python3.10/site-packages/hello-0.0.0-py3.10.egg-info
[10.677s] running install_scripts
[10.842s] Installing hello_node script to /home/ubuntu/ros2_ws/src/install/hello/lib/hello
[10.845s] Installing hello_publisher script to /home/ubuntu/ros2_ws/src/install/hello/lib/hello
[10.847s] Installing hello_subscriber script to /home/ubuntu/ros2_ws/src/install/hello/lib/hello
[10.851s] Installing joypad_mouse_controller script to /home/ubuntu/ros2_ws/src/install/hello/lib/hello
[10.853s] Installing lifecycle_node_manager script to /home/ubuntu/ros2_ws/src/install/hello/lib/hello
[10.857s] Installing lightsensor_monitor script to /home/ubuntu/ros2_ws/src/install/hello/lib/hello
[10.858s] Installing line_follower script to /home/ubuntu/ros2_ws/src/install/hello/lib/hello
[10.864s] writing list of installed files to '/home/ubuntu/ros2_ws/src/build/hello/install.log'
[11.206s] Invoked command in '/home/ubuntu/ros2_ws/src/hello' returned '0': PYTHONPATH=/home/ubuntu/ros2_ws/src/build/hello/prefix_override:/home/ubuntu/ros2_ws/src/install/hello/lib/python3.10/site-packages:${PYTHONPATH} /usr/bin/python3 setup.py egg_info --egg-base ../build/hello build --build-base /home/ubuntu/ros2_ws/src/build/hello/build install --record /home/ubuntu/ros2_ws/src/build/hello/install.log --single-version-externally-managed
